40811000 : system.cpu : T0 : 0x10296 : @fini : lui : lui a5, 125 : IntAlu : D=0x000000000007d000
40815000 : system.cpu : T0 : 0x1029a : @fini+4 : ld : ld a0, -1768(a5) : MemRead : D=0x0000000000000000 A=0x7c918
40886000 : system.cpu : T0 : 0x1029e : @fini+8 : jal : jal zero, 220600 : IntAlu : D=0x00000000000102a2
79000 : system.cpu : T0 : 0x102a4 : @_start : jal : jal ra, 44 : IntAlu : D=0x00000000000102a8
142000 : system.cpu : T0 : 0x102a8 : @_start+4 : c_mv : c_mv a5, a0 : IntAlu : D=0x0000000000000000
146000 : system.cpu : T0 : 0x102aa : @_start+6 : auipc : auipc a0, 0 : IntAlu : D=0x00000000000102aa
150000 : system.cpu : T0 : 0x102ae : @_start+10 : addi : addi a0, a0, 232 : IntAlu : D=0x0000000000010392
152000 : system.cpu : T0 : 0x102b2 : @_start+14 : c_ldsp : c_ldsp a1, 0(sp) : MemRead : D=0x0000000000000001 A=0x7ffffffffffffed0
221000 : system.cpu : T0 : 0x102b4 : @_start+16 : c_addi4spn : c_addi4spn a2, sp, 8 : IntAlu : D=0x7ffffffffffffed8
225000 : system.cpu : T0 : 0x102b6 : @_start+18 : andi : andi sp, sp, 18446744073709551600 : IntAlu : D=0x7ffffffffffffed0
229000 : system.cpu : T0 : 0x102ba : @_start+22 : auipc : auipc a3, 0 : IntAlu : D=0x00000000000102ba
233000 : system.cpu : T0 : 0x102be : @_start+26 : addi : addi a3, a3, 1504 : IntAlu : D=0x000000000001089a
237000 : system.cpu : T0 : 0x102c2 : @_start+30 : auipc : auipc a4, 0 : IntAlu : D=0x00000000000102c2
241000 : system.cpu : T0 : 0x102c6 : @_start+34 : addi : addi a4, a4, 1640 : IntAlu : D=0x000000000001092a
243000 : system.cpu : T0 : 0x102ca : @_start+38 : c_mv : c_mv a6, sp : IntAlu : D=0x7ffffffffffffed0
245000 : system.cpu : T0 : 0x102cc : @_start+40 : jal : jal zero, 230 : IntAlu : D=0x00000000000102d0
132000 : system.cpu : T0 : 0x102d0 : @_start+44 : auipc : auipc gp, 108 : IntAlu : D=0x000000000007c2d0
30418000 : system.cpu : T0 : 0x102d0 : @_start+44 : auipc : auipc gp, 108 : IntAlu : D=0x000000000007c2d0
138000 : system.cpu : T0 : 0x102d4 : @_start+48 : addi : addi gp, gp, -480 : IntAlu : D=0x000000000007c0f0
30420000 : system.cpu : T0 : 0x102d4 : @_start+48 : addi : addi gp, gp, -480 : IntAlu : D=0x000000000007c0f0
140000 : system.cpu : T0 : 0x102d8 : @_start+52 : c_jr : c_jr ra : IntAlu : 
30422000 : system.cpu : T0 : 0x102d8 : @_start+52 : c_jr : c_jr ra : IntAlu : 
41203000 : system.cpu : T0 : 0x102da : @deregister_tm_clones : lui : lui a0, 124 : IntAlu : D=0x000000000007c000
41207000 : system.cpu : T0 : 0x102de : @deregister_tm_clones+4 : lui : lui a4, 124 : IntAlu : D=0x000000000007c000
41211000 : system.cpu : T0 : 0x102e2 : @deregister_tm_clones+8 : addi : addi a5, a0, -1872 : IntAlu : D=0x000000000007b8b0
41215000 : system.cpu : T0 : 0x102e6 : @deregister_tm_clones+12 : addi : addi a4, a4, -1872 : IntAlu : D=0x000000000007b8b0
41219000 : system.cpu : T0 : 0x102ea : @deregister_tm_clones+16 : beq : beq a4, a5, 22 : IntAlu : 
41221000 : system.cpu : T0 : 0x10300 : @deregister_tm_clones+38 : c_jr : c_jr ra : IntAlu : 
31490000 : system.cpu : T0 : 0x10302 : @register_tm_clones : lui : lui a0, 124 : IntAlu : D=0x000000000007c000
31494000 : system.cpu : T0 : 0x10306 : @register_tm_clones+4 : addi : addi a5, a0, -1872 : IntAlu : D=0x000000000007b8b0
31498000 : system.cpu : T0 : 0x1030a : @register_tm_clones+8 : lui : lui a4, 124 : IntAlu : D=0x000000000007c000
31502000 : system.cpu : T0 : 0x1030e : @register_tm_clones+12 : addi : addi a1, a4, -1872 : IntAlu : D=0x000000000007b8b0
31504000 : system.cpu : T0 : 0x10312 : @register_tm_clones+16 : c_sub : c_sub a1, a5 : IntAlu : D=0x0000000000000000
31506000 : system.cpu : T0 : 0x10314 : @register_tm_clones+18 : c_srai : c_srai a1, 3 : IntAlu : D=0x0000000000000000
31510000 : system.cpu : T0 : 0x10316 : @register_tm_clones+20 : srli : srli a5, a1, 63 : IntAlu : D=0x0000000000000000
31512000 : system.cpu : T0 : 0x1031a : @register_tm_clones+24 : c_add : c_add a1, a5 : IntAlu : D=0x0000000000000000
31514000 : system.cpu : T0 : 0x1031c : @register_tm_clones+26 : c_srai : c_srai a1, 1 : IntAlu : D=0x0000000000000000
31516000 : system.cpu : T0 : 0x1031e : @register_tm_clones+28 : c_beqz : c_beqz a1, 20 : IntAlu : 
31518000 : system.cpu : T0 : 0x10332 : @register_tm_clones+48 : c_jr : c_jr ra : IntAlu : 
41073000 : system.cpu : T0 : 0x10334 : @__do_global_dtors_aux : c_addi : c_addi sp, -16 : IntAlu : D=0x7ffffffffffffd10
41079000 : system.cpu : T0 : 0x10336 : @__do_global_dtors_aux+2 : c_sdsp : c_sdsp s0, 0(sp) : MemWrite : D=0x0000000000079f78 A=0x7ffffffffffffd10
41083000 : system.cpu : T0 : 0x10338 : @__do_global_dtors_aux+4 : lbu : lbu a5, -640(gp) : MemRead : D=0x0000000000000000 A=0x7be70
41087000 : system.cpu : T0 : 0x1033c : @__do_global_dtors_aux+8 : c_sdsp : c_sdsp ra, 8(sp) : MemWrite : D=0x000000000001095e A=0x7ffffffffffffd18
41091000 : system.cpu : T0 : 0x1033e : @__do_global_dtors_aux+10 : c_bnez : c_bnez a5, 34 : IntAlu : 
41144000 : system.cpu : T0 : 0x10340 : @__do_global_dtors_aux+12 : jal : jal ra, -102 : IntAlu : D=0x0000000000010344
41223000 : system.cpu : T0 : 0x10344 : @__do_global_dtors_aux+16 : lui : lui a5, 89 : IntAlu : D=0x0000000000059000
41225000 : system.cpu : T0 : 0x10348 : @__do_global_dtors_aux+20 : addi : addi a5, a5, 1050 : IntAlu : D=0x000000000005941a
41227000 : system.cpu : T0 : 0x1034c : @__do_global_dtors_aux+24 : c_beqz : c_beqz a5, 14 : IntAlu : 
41231000 : system.cpu : T0 : 0x1034e : @__do_global_dtors_aux+26 : lui : lui a0, 117 : IntAlu : D=0x0000000000075000
41235000 : system.cpu : T0 : 0x10352 : @__do_global_dtors_aux+30 : addi : addi a0, a0, -504 : IntAlu : D=0x0000000000074e08
41239000 : system.cpu : T0 : 0x10356 : @__do_global_dtors_aux+34 : jal : jal ra, 299204 : IntAlu : D=0x000000000001035a
41644000 : system.cpu : T0 : 0x1035a : @__do_global_dtors_aux+38 : c_li : c_li a5, 1 : IntAlu : D=0x0000000000000001
41646000 : system.cpu : T0 : 0x1035c : @__do_global_dtors_aux+40 : sb : sb a5, -640(gp) : MemWrite : D=0x0000000000000001 A=0x7be70
41650000 : system.cpu : T0 : 0x10360 : @__do_global_dtors_aux+44 : c_ldsp : c_ldsp ra, 8(sp) : MemRead : D=0x000000000001095e A=0x7ffffffffffffd18
41654000 : system.cpu : T0 : 0x10362 : @__do_global_dtors_aux+46 : c_ldsp : c_ldsp s0, 0(sp) : MemRead : D=0x0000000000079f78 A=0x7ffffffffffffd10
41658000 : system.cpu : T0 : 0x10364 : @__do_global_dtors_aux+48 : c_addi : c_addi sp, 16 : IntAlu : D=0x7ffffffffffffd20
41660000 : system.cpu : T0 : 0x10366 : @__do_global_dtors_aux+50 : c_jr : c_jr ra : IntAlu : 
30566000 : system.cpu : T0 : 0x10368 : @frame_dummy : lui : lui a5, 89 : IntAlu : D=0x0000000000059000
30572000 : system.cpu : T0 : 0x1036c : @frame_dummy+4 : addi : addi a5, a5, 552 : IntAlu : D=0x0000000000059228
30574000 : system.cpu : T0 : 0x10370 : @frame_dummy+8 : c_beqz : c_beqz a5, 30 : IntAlu : 
30578000 : system.cpu : T0 : 0x10372 : @frame_dummy+10 : lui : lui a0, 117 : IntAlu : D=0x0000000000075000
30580000 : system.cpu : T0 : 0x10376 : @frame_dummy+14 : c_addi : c_addi sp, -16 : IntAlu : D=0x7ffffffffffffd40
30582000 : system.cpu : T0 : 0x10378 : @frame_dummy+16 : addi : addi a1, gp, -632 : IntAlu : D=0x000000000007be78
30584000 : system.cpu : T0 : 0x1037c : @frame_dummy+20 : addi : addi a0, a0, -504 : IntAlu : D=0x0000000000074e08
30637000 : system.cpu : T0 : 0x10380 : @frame_dummy+24 : c_sdsp : c_sdsp ra, 8(sp) : MemWrite : D=0x0000000000010912 A=0x7ffffffffffffd48
30643000 : system.cpu : T0 : 0x10382 : @frame_dummy+26 : jal : jal ra, 298662 : IntAlu : D=0x0000000000010386
31221000 : system.cpu : T0 : 0x10386 : @frame_dummy+30 : c_ldsp : c_ldsp ra, 8(sp) : MemRead : D=0x0000000000010912 A=0x7ffffffffffffd48
31225000 : system.cpu : T0 : 0x10388 : @frame_dummy+32 : c_addi : c_addi sp, 16 : IntAlu : D=0x7ffffffffffffd50
31229000 : system.cpu : T0 : 0x1038a : @frame_dummy+34 : jal : jal zero, -136 : IntAlu : D=0x000000000001038e
32394000 : system.cpu : T0 : 0x10392 : @main : c_addi : c_addi sp, -16 : IntAlu : D=0x7ffffffffffffd80
32396000 : system.cpu : T0 : 0x10394 : @main+2 : c_sdsp : c_sdsp ra, 8(sp) : MemWrite : D=0x0000000000010538 A=0x7ffffffffffffd88
32400000 : system.cpu : T0 : 0x10396 : @main+4 : c_sdsp : c_sdsp s0, 0(sp) : MemWrite : D=0x000000000001089a A=0x7ffffffffffffd80
32404000 : system.cpu : T0 : 0x10398 : @main+6 : c_addi4spn : c_addi4spn s0, sp, 16 : IntAlu : D=0x7ffffffffffffd90
32408000 : system.cpu : T0 : 0x1039a : @main+8 : lui : lui a5, 90 : IntAlu : D=0x000000000005a000
32412000 : system.cpu : T0 : 0x1039e : @main+12 : addi : addi a0, a5, 800 : IntAlu : D=0x000000000005a320
32416000 : system.cpu : T0 : 0x103a2 : @main+16 : jal : jal ra, 21198 : IntAlu : D=0x00000000000103a6
40318000 : system.cpu : T0 : 0x103a6 : @main+20 : c_li : c_li a5, 0 : IntAlu : D=0x0000000000000000
40324000 : system.cpu : T0 : 0x103a8 : @main+22 : c_mv : c_mv a0, a5 : IntAlu : D=0x0000000000000000
40326000 : system.cpu : T0 : 0x103aa : @main+24 : c_ldsp : c_ldsp ra, 8(sp) : MemRead : D=0x0000000000010538 A=0x7ffffffffffffd88
40330000 : system.cpu : T0 : 0x103ac : @main+26 : c_ldsp : c_ldsp s0, 0(sp) : MemRead : D=0x000000000001089a A=0x7ffffffffffffd80
40334000 : system.cpu : T0 : 0x103ae : @main+28 : c_addi : c_addi sp, 16 : IntAlu : D=0x7ffffffffffffd90
40336000 : system.cpu : T0 : 0x103b0 : @main+30 : c_jr : c_jr ra : IntAlu : 
298000 : system.cpu : T0 : 0x103b2 : @__libc_start_main : c_addi16sp : c_addi16sp sp, -320 : IntAlu : D=0x7ffffffffffffd90
304000 : system.cpu : T0 : 0x103b4 : @__libc_start_main+2 : lui : lui a7, 0 : IntAlu : D=0x0000000000000000
306000 : system.cpu : T0 : 0x103b8 : @__libc_start_main+6 : c_sdsp : c_sdsp s0, 304(sp) : MemWrite : D=0x0000000000000000 A=0x7ffffffffffffec0
310000 : system.cpu : T0 : 0x103ba : @__libc_start_main+8 : c_sdsp : c_sdsp s1, 296(sp) : MemWrite : D=0x0000000000000000 A=0x7ffffffffffffeb8
365000 : system.cpu : T0 : 0x103bc : @__libc_start_main+10 : c_sdsp : c_sdsp s2, 288(sp) : MemWrite : D=0x0000000000000000 A=0x7ffffffffffffeb0
369000 : system.cpu : T0 : 0x103be : @__libc_start_main+12 : c_sdsp : c_sdsp ra, 312(sp) : MemWrite : D=0x00000000000102a8 A=0x7ffffffffffffec8
424000 : system.cpu : T0 : 0x103c0 : @__libc_start_main+14 : addi : addi t1, a7, 0 : IntAlu : D=0x0000000000000000
430000 : system.cpu : T0 : 0x103c4 : @__libc_start_main+18 : c_sdsp : c_sdsp a0, 24(sp) : MemWrite : D=0x0000000000010392 A=0x7ffffffffffffda8
485000 : system.cpu : T0 : 0x103c6 : @__libc_start_main+20 : c_sdsp : c_sdsp a1, 8(sp) : MemWrite : D=0x0000000000000001 A=0x7ffffffffffffd98
489000 : system.cpu : T0 : 0x103c8 : @__libc_start_main+22 : c_sdsp : c_sdsp a2, 16(sp) : MemWrite : D=0x7ffffffffffffed8 A=0x7ffffffffffffda0
493000 : system.cpu : T0 : 0x103ca : @__libc_start_main+24 : c_mv : c_mv s2, a5 : IntAlu : D=0x0000000000000000
495000 : system.cpu : T0 : 0x103cc : @__libc_start_main+26 : c_mv : c_mv s0, a3 : IntAlu : D=0x000000000001089a
497000 : system.cpu : T0 : 0x103ce : @__libc_start_main+28 : c_mv : c_mv s1, a4 : IntAlu : D=0x000000000001092a
499000 : system.cpu : T0 : 0x103d0 : @__libc_start_main+30 : c_li : c_li a5, 0 : IntAlu : D=0x0000000000000000
503000 : system.cpu : T0 : 0x103d2 : @__libc_start_main+32 : beq : beq t1, zero, 12 : IntAlu : 
505000 : system.cpu : T0 : 0x103de : @__libc_start_main+44 : c_ldsp : c_ldsp a4, 8(sp) : MemRead : D=0x0000000000000001 A=0x7ffffffffffffd98
509000 : system.cpu : T0 : 0x103e0 : @__libc_start_main+46 : addi : addi a0, a4, 1 : IntAlu : D=0x0000000000000002
511000 : system.cpu : T0 : 0x103e4 : @__libc_start_main+50 : c_ldsp : c_ldsp a4, 16(sp) : MemRead : D=0x7ffffffffffffed8 A=0x7ffffffffffffda0
515000 : system.cpu : T0 : 0x103e6 : @__libc_start_main+52 : c_slli : c_slli a0, 3 : IntAlu : D=0x0000000000000010
517000 : system.cpu : T0 : 0x103e8 : @__libc_start_main+54 : c_add : c_add a0, a4 : IntAlu : D=0x7ffffffffffffee8
521000 : system.cpu : T0 : 0x103ea : @__libc_start_main+56 : sw : sw a5, -1576(gp) : MemWrite : D=0x0000000000000000 A=0x7bac8
592000 : system.cpu : T0 : 0x103ee : @__libc_start_main+60 : sd : sd a0, -1192(gp) : MemWrite : D=0x7ffffffffffffee8 A=0x7bc48
649000 : system.cpu : T0 : 0x103f2 : @__libc_start_main+64 : lui : lui a5, 122 : IntAlu : D=0x000000000007a000
653000 : system.cpu : T0 : 0x103f6 : @__libc_start_main+68 : sd : sd a6, -80(a5) : MemWrite : D=0x7ffffffffffffed0 A=0x79fb0
722000 : system.cpu : T0 : 0x103fa : @__libc_start_main+72 : c_addi : c_addi a0, 8 : IntAlu : D=0x7ffffffffffffef0
724000 : system.cpu : T0 : 0x103fc : @__libc_start_main+74 : ld : ld a5, -8(a0) : MemRead : D=0x0000000000000000 A=0x7ffffffffffffee8
779000 : system.cpu : T0 : 0x10400 : @__libc_start_main+78 : c_bnez : c_bnez a5, -6 : IntAlu : 
787000 : system.cpu : T0 : 0x10402 : @__libc_start_main+80 : jal : jal ra, 71926 : IntAlu : D=0x0000000000010406
2609000 : system.cpu : T0 : 0x10406 : @__libc_start_main+84 : lui : lui a5, 125 : IntAlu : D=0x000000000007d000
2613000 : system.cpu : T0 : 0x1040a : @__libc_start_main+88 : ld : ld a4, 208(a5) : MemRead : D=0x0000000000010040 A=0x7d0d0
2619000 : system.cpu : T0 : 0x1040e : @__libc_start_main+92 : beq : beq a4, zero, 352 : IntAlu : 
2623000 : system.cpu : T0 : 0x10412 : @__libc_start_main+96 : lw : lw a5, -1576(gp) : MemRead : D=0x0000000000000000 A=0x7bac8
2629000 : system.cpu : T0 : 0x10416 : @__libc_start_main+100 : beq : beq a5, zero, 294 : IntAlu : 
3300000 : system.cpu : T0 : 0x1041a : @__libc_start_main+104 : jal : jal ra, 1124 : IntAlu : D=0x000000000001041e
5707000 : system.cpu : T0 : 0x1041e : @__libc_start_main+108 : lui : lui a5, 122 : IntAlu : D=0x000000000007a000
5711000 : system.cpu : T0 : 0x10422 : @__libc_start_main+112 : ld : ld a5, -96(a5) : MemRead : D=0x7fffffffffffff78 A=0x79fa0
5717000 : system.cpu : T0 : 0x10426 : @__libc_start_main+116 : lui : lui t3, 122 : IntAlu : D=0x000000000007a000
5721000 : system.cpu : T0 : 0x1042a : @__libc_start_main+120 : addi : addi t3, t3, -112 : IntAlu : D=0x0000000000079f90
5725000 : system.cpu : T0 : 0x1042e : @__libc_start_main+124 : lbu : lbu a4, 1(a5) : MemRead : D=0x0000000000000000 A=0x7fffffffffffff79
5731000 : system.cpu : T0 : 0x10432 : @__libc_start_main+128 : lbu : lbu a0, 0(a5) : MemRead : D=0x0000000000000000 A=0x7fffffffffffff78
5737000 : system.cpu : T0 : 0x10436 : @__libc_start_main+132 : lbu : lbu t6, 2(a5) : MemRead : D=0x0000000000000000 A=0x7fffffffffffff7a
5743000 : system.cpu : T0 : 0x1043a : @__libc_start_main+136 : lbu : lbu a2, 9(a5) : MemRead : D=0x0000000000000077 A=0x7fffffffffffff81
5851000 : system.cpu : T0 : 0x1043e : @__libc_start_main+140 : lbu : lbu t5, 3(a5) : MemRead : D=0x000000000000002f A=0x7fffffffffffff7b
5857000 : system.cpu : T0 : 0x10442 : @__libc_start_main+144 : lbu : lbu a1, 8(a5) : MemRead : D=0x000000000000002f A=0x7fffffffffffff80
5863000 : system.cpu : T0 : 0x10446 : @__libc_start_main+148 : lbu : lbu a3, 10(a5) : MemRead : D=0x000000000000006c A=0x7fffffffffffff82
5869000 : system.cpu : T0 : 0x1044a : @__libc_start_main+152 : lbu : lbu t4, 4(a5) : MemRead : D=0x0000000000000068 A=0x7fffffffffffff7c
5875000 : system.cpu : T0 : 0x1044e : @__libc_start_main+156 : lbu : lbu t1, 11(a5) : MemRead : D=0x0000000000000061 A=0x7fffffffffffff83
5879000 : system.cpu : T0 : 0x10452 : @__libc_start_main+160 : c_slli : c_slli a4, 8 : IntAlu : D=0x0000000000000000
5881000 : system.cpu : T0 : 0x10454 : @__libc_start_main+162 : lbu : lbu a7, 5(a5) : MemRead : D=0x000000000000006f A=0x7fffffffffffff7d
5885000 : system.cpu : T0 : 0x10458 : @__libc_start_main+166 : c_or : c_or a4, a0 : IntAlu : D=0x0000000000000000
5889000 : system.cpu : T0 : 0x1045a : @__libc_start_main+168 : lbu : lbu a6, 12(a5) : MemRead : D=0x0000000000000077 A=0x7fffffffffffff84
5893000 : system.cpu : T0 : 0x1045e : @__libc_start_main+172 : c_slli : c_slli t6, 16 : IntAlu : D=0x0000000000000000
5895000 : system.cpu : T0 : 0x10460 : @__libc_start_main+174 : c_slli : c_slli a2, 8 : IntAlu : D=0x0000000000007700
5899000 : system.cpu : T0 : 0x10462 : @__libc_start_main+176 : lbu : lbu a0, 6(a5) : MemRead : D=0x000000000000006d A=0x7fffffffffffff7e
5903000 : system.cpu : T0 : 0x10466 : @__libc_start_main+180 : c_or : c_or a2, a1 : IntAlu : D=0x000000000000772f
5905000 : system.cpu : T0 : 0x10468 : @__libc_start_main+182 : or : or t6, t6, a4 : IntAlu : D=0x0000000000000000
5907000 : system.cpu : T0 : 0x1046c : @__libc_start_main+186 : lbu : lbu a1, 13(a5) : MemRead : D=0x0000000000000061 A=0x7fffffffffffff85
5911000 : system.cpu : T0 : 0x10470 : @__libc_start_main+190 : c_slli : c_slli t5, 24 : IntAlu : D=0x000000002f000000
5913000 : system.cpu : T0 : 0x10472 : @__libc_start_main+192 : c_slli : c_slli a3, 16 : IntAlu : D=0x00000000006c0000
5915000 : system.cpu : T0 : 0x10474 : @__libc_start_main+194 : lbu : lbu a4, 7(a5) : MemRead : D=0x0000000000000065 A=0x7fffffffffffff7f
5919000 : system.cpu : T0 : 0x10478 : @__libc_start_main+198 : c_or : c_or a3, a2 : IntAlu : D=0x00000000006c772f
5923000 : system.cpu : T0 : 0x1047a : @__libc_start_main+200 : or : or t5, t5, t6 : IntAlu : D=0x000000002f000000
5978000 : system.cpu : T0 : 0x1047e : @__libc_start_main+204 : lbu : lbu a2, 14(a5) : MemRead : D=0x000000000000006e A=0x7fffffffffffff86
5982000 : system.cpu : T0 : 0x10482 : @__libc_start_main+208 : c_slli : c_slli t4, 32 : IntAlu : D=0x0000006800000000
5984000 : system.cpu : T0 : 0x10484 : @__libc_start_main+210 : c_slli : c_slli t1, 24 : IntAlu : D=0x0000000061000000
5988000 : system.cpu : T0 : 0x10486 : @__libc_start_main+212 : or : or t1, t1, a3 : IntAlu : D=0x00000000616c772f
5992000 : system.cpu : T0 : 0x1048a : @__libc_start_main+216 : or : or t4, t4, t5 : IntAlu : D=0x000000682f000000
5996000 : system.cpu : T0 : 0x1048e : @__libc_start_main+220 : lbu : lbu a3, 15(a5) : MemRead : D=0x0000000000000064 A=0x7fffffffffffff87
6000000 : system.cpu : T0 : 0x10492 : @__libc_start_main+224 : c_slli : c_slli a7, 40 : IntAlu : D=0x00006f0000000000
6002000 : system.cpu : T0 : 0x10494 : @__libc_start_main+226 : c_slli : c_slli a6, 32 : IntAlu : D=0x0000007700000000
6006000 : system.cpu : T0 : 0x10496 : @__libc_start_main+228 : slli : slli a5, a0, 48 : IntAlu : D=0x006d000000000000
6010000 : system.cpu : T0 : 0x1049a : @__libc_start_main+232 : or : or a7, a7, t4 : IntAlu : D=0x00006f682f000000
6014000 : system.cpu : T0 : 0x1049e : @__libc_start_main+236 : or : or a6, a6, t1 : IntAlu : D=0x00000077616c772f
6016000 : system.cpu : T0 : 0x104a2 : @__libc_start_main+240 : c_slli : c_slli a1, 40 : IntAlu : D=0x0000610000000000
6018000 : system.cpu : T0 : 0x104a4 : @__libc_start_main+242 : or : or a0, a5, a7 : IntAlu : D=0x006d6f682f000000
6020000 : system.cpu : T0 : 0x104a8 : @__libc_start_main+246 : or : or a1, a1, a6 : IntAlu : D=0x00006177616c772f
6022000 : system.cpu : T0 : 0x104ac : @__libc_start_main+250 : slli : slli a5, a4, 56 : IntAlu : D=0x6500000000000000
6024000 : system.cpu : T0 : 0x104b0 : @__libc_start_main+254 : slli : slli a4, a2, 48 : IntAlu : D=0x006e000000000000
6026000 : system.cpu : T0 : 0x104b4 : @__libc_start_main+258 : or : or a2, a4, a1 : IntAlu : D=0x006e6177616c772f
6028000 : system.cpu : T0 : 0x104b8 : @__libc_start_main+262 : c_or : c_or a5, a0 : IntAlu : D=0x656d6f682f000000
6032000 : system.cpu : T0 : 0x104ba : @__libc_start_main+264 : slli : slli a4, a3, 56 : IntAlu : D=0x6400000000000000
6087000 : system.cpu : T0 : 0x104be : @__libc_start_main+268 : andi : andi a5, a5, 18446744073709551360 : IntAlu : D=0x656d6f682f000000
6093000 : system.cpu : T0 : 0x104c2 : @__libc_start_main+272 : c_or : c_or a4, a2 : IntAlu : D=0x646e6177616c772f
6095000 : system.cpu : T0 : 0x104c4 : @__libc_start_main+274 : sd : sd a5, 0(t3) : MemWrite : D=0x656d6f682f000000 A=0x79f90
6099000 : system.cpu : T0 : 0x104c8 : @__libc_start_main+278 : sd : sd a4, 8(t3) : MemWrite : D=0x646e6177616c772f A=0x79f98
6103000 : system.cpu : T0 : 0x104cc : @__libc_start_main+282 : beq : beq s2, zero, 14 : IntAlu : 
6107000 : system.cpu : T0 : 0x104da : @__libc_start_main+296 : ld : ld a2, -1192(gp) : MemRead : D=0x7ffffffffffffee8 A=0x7bc48
6111000 : system.cpu : T0 : 0x104de : @__libc_start_main+300 : c_ldsp : c_ldsp a1, 16(sp) : MemRead : D=0x7ffffffffffffed8 A=0x7ffffffffffffda0
6115000 : system.cpu : T0 : 0x104e0 : @__libc_start_main+302 : c_ldsp : c_ldsp a0, 8(sp) : MemRead : D=0x0000000000000001 A=0x7ffffffffffffd98
6121000 : system.cpu : T0 : 0x104e2 : @__libc_start_main+304 : jal : jal ra, 74588 : IntAlu : D=0x00000000000104e6
29555000 : system.cpu : T0 : 0x104e6 : @__libc_start_main+308 : c_beqz : c_beqz s1, 12 : IntAlu : 
29561000 : system.cpu : T0 : 0x104e8 : @__libc_start_main+310 : c_li : c_li a2, 0 : IntAlu : D=0x0000000000000000
29563000 : system.cpu : T0 : 0x104ea : @__libc_start_main+312 : c_li : c_li a1, 0 : IntAlu : D=0x0000000000000000
29565000 : system.cpu : T0 : 0x104ec : @__libc_start_main+314 : c_mv : c_mv a0, s1 : IntAlu : D=0x000000000001092a
29569000 : system.cpu : T0 : 0x104ee : @__libc_start_main+316 : jal : jal ra, 18302 : IntAlu : D=0x00000000000104f2
30265000 : system.cpu : T0 : 0x104f2 : @__libc_start_main+320 : lui : lui a5, 122 : IntAlu : D=0x000000000007a000
30269000 : system.cpu : T0 : 0x104f6 : @__libc_start_main+324 : lw : lw a5, -72(a5) : MemRead : D=0x0000000000000000 A=0x79fb8
30275000 : system.cpu : T0 : 0x104fa : @__libc_start_main+328 : bne : bne a5, zero, 258 : IntAlu : 
30277000 : system.cpu : T0 : 0x104fe : @__libc_start_main+332 : c_beqz : c_beqz s0, 12 : IntAlu : 
30279000 : system.cpu : T0 : 0x10500 : @__libc_start_main+334 : ld : ld a2, -1192(gp) : MemRead : D=0x7ffffffffffffee8 A=0x7bc48
30283000 : system.cpu : T0 : 0x10504 : @__libc_start_main+338 : c_ldsp : c_ldsp a1, 16(sp) : MemRead : D=0x7ffffffffffffed8 A=0x7ffffffffffffda0
30287000 : system.cpu : T0 : 0x10506 : @__libc_start_main+340 : c_ldsp : c_ldsp a0, 8(sp) : MemRead : D=0x0000000000000001 A=0x7ffffffffffffd98
30291000 : system.cpu : T0 : 0x10508 : @__libc_start_main+342 : c_jalr : c_jalr s0 : IntAlu : D=0x000000000001050a
31556000 : system.cpu : T0 : 0x1050a : @__libc_start_main+344 : c_li : c_li a1, 0 : IntAlu : D=0x0000000000000000
31558000 : system.cpu : T0 : 0x1050c : @__libc_start_main+346 : c_li : c_li a0, 0 : IntAlu : D=0x0000000000000000
31562000 : system.cpu : T0 : 0x1050e : @__libc_start_main+348 : jal : jal ra, 71544 : IntAlu : D=0x0000000000010512
31756000 : system.cpu : T0 : 0x10512 : @__libc_start_main+352 : c_addi4spn : c_addi4spn a0, sp, 40 : IntAlu : D=0x7ffffffffffffdb8
31758000 : system.cpu : T0 : 0x10514 : @__libc_start_main+354 : jal : jal ra, 15568 : IntAlu : D=0x0000000000010518
32242000 : system.cpu : T0 : 0x10518 : @__libc_start_main+358 : c_bnez : c_bnez a0, 170 : IntAlu : 
32246000 : system.cpu : T0 : 0x1051a : @__libc_start_main+360 : ld : ld a3, -1536(tp) : MemRead : D=0x0000000000000000 A=0x7e100
32303000 : system.cpu : T0 : 0x1051e : @__libc_start_main+364 : ld : ld a4, -1544(tp) : MemRead : D=0x0000000000000000 A=0x7e0f8
32360000 : system.cpu : T0 : 0x10522 : @__libc_start_main+368 : ld : ld a2, -1192(gp) : MemRead : D=0x7ffffffffffffee8 A=0x7bc48
32364000 : system.cpu : T0 : 0x10526 : @__libc_start_main+372 : c_ldsp : c_ldsp a1, 16(sp) : MemRead : D=0x7ffffffffffffed8 A=0x7ffffffffffffda0
32368000 : system.cpu : T0 : 0x10528 : @__libc_start_main+374 : c_ldsp : c_ldsp a0, 8(sp) : MemRead : D=0x0000000000000001 A=0x7ffffffffffffd98
32372000 : system.cpu : T0 : 0x1052a : @__libc_start_main+376 : c_ldsp : c_ldsp a5, 24(sp) : MemRead : D=0x0000000000010392 A=0x7ffffffffffffda8
32376000 : system.cpu : T0 : 0x1052c : @__libc_start_main+378 : c_sdsp : c_sdsp a4, 264(sp) : MemWrite : D=0x0000000000000000 A=0x7ffffffffffffe98
32380000 : system.cpu : T0 : 0x1052e : @__libc_start_main+380 : c_sdsp : c_sdsp a3, 256(sp) : MemWrite : D=0x0000000000000000 A=0x7ffffffffffffe90
32384000 : system.cpu : T0 : 0x10530 : @__libc_start_main+382 : c_addi4spn : c_addi4spn a4, sp, 40 : IntAlu : D=0x7ffffffffffffdb8
32388000 : system.cpu : T0 : 0x10532 : @__libc_start_main+384 : sd : sd a4, -1536(tp) : MemWrite : D=0x7ffffffffffffdb8 A=0x7e100
32392000 : system.cpu : T0 : 0x10536 : @__libc_start_main+388 : c_jalr : c_jalr a5 : IntAlu : D=0x0000000000010538
40338000 : system.cpu : T0 : 0x10538 : @__libc_start_main+390 : jal : jal ra, 17872 : IntAlu : D=0x000000000001053c
2682000 : system.cpu : T0 : 0x1053c : @__libc_start_main+394 : jal : jal ra, 74258 : IntAlu : D=0x0000000000010540
3264000 : system.cpu : T0 : 0x10540 : @__libc_start_main+398 : blt : blt a0, zero, 172 : IntAlu : 
3270000 : system.cpu : T0 : 0x10544 : @__libc_start_main+402 : lui : lui a5, 125 : IntAlu : D=0x000000000007d000
3272000 : system.cpu : T0 : 0x10548 : @__libc_start_main+406 : lw : lw a4, 296(a5) : MemRead : D=0x0000000000000000 A=0x7d128
3276000 : system.cpu : T0 : 0x1054c : @__libc_start_main+410 : addiw : addiw a5, a0, 0 : IntAlu : D=0x0000000000050100
3278000 : system.cpu : T0 : 0x10550 : @__libc_start_main+414 : c_bnez : c_bnez a4, 108 : IntAlu : 
3282000 : system.cpu : T0 : 0x10552 : @__libc_start_main+416 : lui : lui a4, 125 : IntAlu : D=0x000000000007d000
3286000 : system.cpu : T0 : 0x10556 : @__libc_start_main+420 : sw : sw a5, 296(a4) : MemWrite : D=0x0000000000050100 A=0x7d128
3292000 : system.cpu : T0 : 0x1055a : @__libc_start_main+424 : lui : lui a5, 48 : IntAlu : D=0x0000000000030000
3296000 : system.cpu : T0 : 0x1055e : @__libc_start_main+428 : bge : bge a0, a5, -324 : IntAlu : 
3520000 : system.cpu : T0 : 0x106be : @__libc_setup_tls : lui : lui a5, 125 : IntAlu : D=0x000000000007d000
3528000 : system.cpu : T0 : 0x106c2 : @__libc_setup_tls+4 : ld : ld a5, 208(a5) : MemRead : D=0x0000000000010040 A=0x7d0d0
3532000 : system.cpu : T0 : 0x106c6 : @__libc_setup_tls+8 : c_addi16sp : c_addi16sp sp, -96 : IntAlu : D=0x7ffffffffffffd30
3534000 : system.cpu : T0 : 0x106c8 : @__libc_setup_tls+10 : c_sdsp : c_sdsp s6, 32(sp) : MemWrite : D=0x0000000000000000 A=0x7ffffffffffffd50
3538000 : system.cpu : T0 : 0x106ca : @__libc_setup_tls+12 : c_sdsp : c_sdsp ra, 88(sp) : MemWrite : D=0x000000000001041e A=0x7ffffffffffffd88
3542000 : system.cpu : T0 : 0x106cc : @__libc_setup_tls+14 : c_sdsp : c_sdsp s0, 80(sp) : MemWrite : D=0x000000000001089a A=0x7ffffffffffffd80
3546000 : system.cpu : T0 : 0x106ce : @__libc_setup_tls+16 : c_sdsp : c_sdsp s1, 72(sp) : MemWrite : D=0x000000000001092a A=0x7ffffffffffffd78
3550000 : system.cpu : T0 : 0x106d0 : @__libc_setup_tls+18 : c_sdsp : c_sdsp s2, 64(sp) : MemWrite : D=0x0000000000000000 A=0x7ffffffffffffd70
3554000 : system.cpu : T0 : 0x106d2 : @__libc_setup_tls+20 : c_sdsp : c_sdsp s3, 56(sp) : MemWrite : D=0x0000000000000000 A=0x7ffffffffffffd68
3558000 : system.cpu : T0 : 0x106d4 : @__libc_setup_tls+22 : c_sdsp : c_sdsp s4, 48(sp) : MemWrite : D=0x0000000000000000 A=0x7ffffffffffffd60
3562000 : system.cpu : T0 : 0x106d6 : @__libc_setup_tls+24 : c_sdsp : c_sdsp s5, 40(sp) : MemWrite : D=0x0000000000000000 A=0x7ffffffffffffd58
3566000 : system.cpu : T0 : 0x106d8 : @__libc_setup_tls+26 : c_sdsp : c_sdsp s7, 24(sp) : MemWrite : D=0x0000000000000000 A=0x7ffffffffffffd48
3570000 : system.cpu : T0 : 0x106da : @__libc_setup_tls+28 : c_sdsp : c_sdsp s8, 16(sp) : MemWrite : D=0x0000000000000000 A=0x7ffffffffffffd40
3574000 : system.cpu : T0 : 0x106dc : @__libc_setup_tls+30 : c_sdsp : c_sdsp s9, 8(sp) : MemWrite : D=0x0000000000000000 A=0x7ffffffffffffd38
3578000 : system.cpu : T0 : 0x106de : @__libc_setup_tls+32 : c_sdsp : c_sdsp s10, 0(sp) : MemWrite : D=0x0000000000000000 A=0x7ffffffffffffd30
3582000 : system.cpu : T0 : 0x106e0 : @__libc_setup_tls+34 : c_mv : c_mv s6, a1 : IntAlu : D=0x0000000000000010
3584000 : system.cpu : T0 : 0x106e2 : @__libc_setup_tls+36 : c_beqz : c_beqz a5, 50 : IntAlu : 
3586000 : system.cpu : T0 : 0x106e4 : @__libc_setup_tls+38 : lui : lui a4, 125 : IntAlu : D=0x000000000007d000
3588000 : system.cpu : T0 : 0x106e8 : @__libc_setup_tls+42 : ld : ld a3, 264(a4) : MemRead : D=0x0000000000000005 A=0x7d108
3592000 : system.cpu : T0 : 0x106ec : @__libc_setup_tls+46 : slli : slli a4, a3, 3 : IntAlu : D=0x0000000000000028
3594000 : system.cpu : T0 : 0x106f0 : @__libc_setup_tls+50 : c_sub : c_sub a4, a3 : IntAlu : D=0x0000000000000023
3596000 : system.cpu : T0 : 0x106f2 : @__libc_setup_tls+52 : c_slli : c_slli a4, 3 : IntAlu : D=0x0000000000000118
3598000 : system.cpu : T0 : 0x106f4 : @__libc_setup_tls+54 : c_add : c_add a4, a5 : IntAlu : D=0x0000000000010158
3602000 : system.cpu : T0 : 0x106f6 : @__libc_setup_tls+56 : bgeu : bgeu a5, a4, 30 : IntAlu : 
3604000 : system.cpu : T0 : 0x106fa : @__libc_setup_tls+60 : c_lw : c_lw a2, 0(a5) : MemRead : D=0x0000000000000001 A=0x10040
3659000 : system.cpu : T0 : 0x106fc : @__libc_setup_tls+62 : c_li : c_li a3, 7 : IntAlu : D=0x0000000000000007
3714000 : system.cpu : T0 : 0x106fe : @__libc_setup_tls+64 : beq : beq a2, a3, 274 : IntAlu : 
3720000 : system.cpu : T0 : 0x10702 : @__libc_setup_tls+68 : c_li : c_li a2, 7 : IntAlu : D=0x0000000000000007
3722000 : system.cpu : T0 : 0x10704 : @__libc_setup_tls+70 : c_j : c_j 8 : IntAlu : 
3728000 : system.cpu : T0 : 0x10706 : @__libc_setup_tls+72 : c_lw : c_lw a3, 0(a5) : MemRead : D=0x0000000000000001 A=0x10078
3738000 : system.cpu : T0 : 0x10706 : @__libc_setup_tls+72 : c_lw : c_lw a3, 0(a5) : MemRead : D=0x0000000000000004 A=0x100b0
3799000 : system.cpu : T0 : 0x10706 : @__libc_setup_tls+72 : c_lw : c_lw a3, 0(a5) : MemRead : D=0x0000000000000007 A=0x100e8
3732000 : system.cpu : T0 : 0x10708 : @__libc_setup_tls+74 : beq : beq a3, a2, 264 : IntAlu : 
3793000 : system.cpu : T0 : 0x10708 : @__libc_setup_tls+74 : beq : beq a3, a2, 264 : IntAlu : 
3854000 : system.cpu : T0 : 0x10708 : @__libc_setup_tls+74 : beq : beq a3, a2, 264 : IntAlu : 
3724000 : system.cpu : T0 : 0x1070c : @__libc_setup_tls+78 : addi : addi a5, a5, 56 : IntAlu : D=0x0000000000010078
3734000 : system.cpu : T0 : 0x1070c : @__libc_setup_tls+78 : addi : addi a5, a5, 56 : IntAlu : D=0x00000000000100b0
3795000 : system.cpu : T0 : 0x1070c : @__libc_setup_tls+78 : addi : addi a5, a5, 56 : IntAlu : D=0x00000000000100e8
3726000 : system.cpu : T0 : 0x10710 : @__libc_setup_tls+82 : bltu : bltu a5, a4, -10 : IntAlu : 
3736000 : system.cpu : T0 : 0x10710 : @__libc_setup_tls+82 : bltu : bltu a5, a4, -10 : IntAlu : 
3797000 : system.cpu : T0 : 0x10710 : @__libc_setup_tls+82 : bltu : bltu a5, a4, -10 : IntAlu : 
4002000 : system.cpu : T0 : 0x10720 : @__libc_setup_tls+98 : divu : divu s0, a0, s7 : IntDiv : D=0x0000000000000000
4004000 : system.cpu : T0 : 0x10724 : @__libc_setup_tls+102 : ld : ld a0, -1824(gp) : MemRead : D=0x0000000000000800 A=0x7b9d0
4059000 : system.cpu : T0 : 0x10728 : @__libc_setup_tls+106 : addi : addi a0, a0, 1792 : IntAlu : D=0x0000000000000f00
4061000 : system.cpu : T0 : 0x1072c : @__libc_setup_tls+110 : c_add : c_add a0, s9 : IntAlu : D=0x0000000000000f50
4063000 : system.cpu : T0 : 0x1072e : @__libc_setup_tls+112 : c_add : c_add a0, s6 : IntAlu : D=0x0000000000000f60
4065000 : system.cpu : T0 : 0x10730 : @__libc_setup_tls+114 : mul : mul s0, s0, s7 : IntMult : D=0x0000000000000000
4067000 : system.cpu : T0 : 0x10734 : @__libc_setup_tls+118 : c_add : c_add a0, s0 : IntAlu : D=0x0000000000000f60
4071000 : system.cpu : T0 : 0x10736 : @__libc_setup_tls+120 : jal : jal ra, 66714 : IntAlu : D=0x000000000001073a
4421000 : system.cpu : T0 : 0x1073a : @__libc_setup_tls+124 : divu : divu s5, s5, s7 : IntDiv : D=0x000000000000000a
4476000 : system.cpu : T0 : 0x1073e : @__libc_setup_tls+128 : add : add s1, a0, s6 : IntAlu : D=0x000000000007e010
4484000 : system.cpu : T0 : 0x10742 : @__libc_setup_tls+132 : lui : lui a5, 123 : IntAlu : D=0x000000000007b000
4488000 : system.cpu : T0 : 0x10746 : @__libc_setup_tls+136 : ld : ld s10, 1000(a5) : MemRead : D=0x000000000007af28 A=0x7b3e8
4545000 : system.cpu : T0 : 0x1074a : @__libc_setup_tls+140 : sub : sub a0, zero, s6 : IntAlu : D=0xfffffffffffffff0
4549000 : system.cpu : T0 : 0x1074e : @__libc_setup_tls+144 : addi : addi s1, s1, 1791 : IntAlu : D=0x000000000007e70f
4551000 : system.cpu : T0 : 0x10752 : @__libc_setup_tls+148 : c_and : c_and s1, a0 : IntAlu : D=0x000000000007e700
4553000 : system.cpu : T0 : 0x10754 : @__libc_setup_tls+150 : lui : lui a3, 125 : IntAlu : D=0x000000000007d000
4555000 : system.cpu : T0 : 0x10758 : @__libc_setup_tls+154 : add : add a4, s1, s0 : IntAlu : D=0x000000000007e700
4557000 : system.cpu : T0 : 0x1075c : @__libc_setup_tls+158 : addi : addi a5, a3, -1000 : IntAlu : D=0x000000000007cc18
4559000 : system.cpu : T0 : 0x10760 : @__libc_setup_tls+162 : c_sd : c_sd a4, 32(a5) : MemWrite : D=0x000000000007e700 A=0x7cc38
4644000 : system.cpu : T0 : 0x10762 : @__libc_setup_tls+164 : sd : sd s0, 1072(s10) : MemWrite : D=0x0000000000000000 A=0x7b358
4699000 : system.cpu : T0 : 0x10766 : @__libc_setup_tls+168 : c_mv : c_mv a2, s2 : IntAlu : D=0x0000000000000020
4701000 : system.cpu : T0 : 0x10768 : @__libc_setup_tls+170 : c_mv : c_mv a0, a4 : IntAlu : D=0x000000000007e700
4705000 : system.cpu : T0 : 0x1076a : @__libc_setup_tls+172 : addi : addi a6, zero, 62 : IntAlu : D=0x000000000000003e
4709000 : system.cpu : T0 : 0x1076e : @__libc_setup_tls+176 : sd : sd zero, 40(a5) : MemWrite : D=0x0000000000000000 A=0x7cc40
4764000 : system.cpu : T0 : 0x10772 : @__libc_setup_tls+180 : c_mv : c_mv a1, s3 : IntAlu : D=0x0000000000079f50
4766000 : system.cpu : T0 : 0x10774 : @__libc_setup_tls+182 : sd : sd a6, -1000(a3) : MemWrite : D=0x000000000000003e A=0x7cc18
4770000 : system.cpu : T0 : 0x10778 : @__libc_setup_tls+186 : jal : jal ra, 61970 : IntAlu : D=0x000000000001077c
5164000 : system.cpu : T0 : 0x1077c : @__libc_setup_tls+190 : ld : ld a5, -1824(gp) : MemRead : D=0x0000000000000800 A=0x7b9d0
5219000 : system.cpu : T0 : 0x10780 : @__libc_setup_tls+194 : lui : lui a4, 125 : IntAlu : D=0x000000000007d000
5225000 : system.cpu : T0 : 0x10784 : @__libc_setup_tls+198 : addi : addi a4, a4, -984 : IntAlu : D=0x000000000007cc28
5227000 : system.cpu : T0 : 0x10788 : @__libc_setup_tls+202 : sd : sd a4, -16(s1) : MemWrite : D=0x000000000007cc28 A=0x7e6f0
5282000 : system.cpu : T0 : 0x1078c : @__libc_setup_tls+206 : c_addi : c_addi a5, 15 : IntAlu : D=0x000000000000080f
5286000 : system.cpu : T0 : 0x1078e : @__libc_setup_tls+208 : addi : addi a4, gp, -584 : IntAlu : D=0x000000000007bea8
5290000 : system.cpu : T0 : 0x10792 : @__libc_setup_tls+212 : addi : addi a2, zero, 64 : IntAlu : D=0x0000000000000040
5292000 : system.cpu : T0 : 0x10796 : @__libc_setup_tls+216 : c_li : c_li a3, 1 : IntAlu : D=0x0000000000000001
5294000 : system.cpu : T0 : 0x10798 : @__libc_setup_tls+218 : c_sd : c_sd a2, 0(a4) : MemWrite : D=0x0000000000000040 A=0x7bea8
5351000 : system.cpu : T0 : 0x1079a : @__libc_setup_tls+220 : lui : lui a2, 125 : IntAlu : D=0x000000000007d000
5355000 : system.cpu : T0 : 0x1079e : @__libc_setup_tls+224 : sd : sd a3, 1080(s10) : MemWrite : D=0x0000000000000001 A=0x7b360
5361000 : system.cpu : T0 : 0x107a2 : @__libc_setup_tls+228 : sd : sd a3, -1008(a2) : MemWrite : D=0x0000000000000001 A=0x7cc10
5367000 : system.cpu : T0 : 0x107a6 : @__libc_setup_tls+232 : lui : lui a3, 125 : IntAlu : D=0x000000000007d000
5371000 : system.cpu : T0 : 0x107aa : @__libc_setup_tls+236 : sd : sd a4, 24(a3) : MemWrite : D=0x000000000007bea8 A=0x7d018
5428000 : system.cpu : T0 : 0x107ae : @__libc_setup_tls+240 : sd : sd s10, 40(a4) : MemWrite : D=0x000000000007af28 A=0x7bed0
5485000 : system.cpu : T0 : 0x107b2 : @__libc_setup_tls+244 : sd : sd s4, 1056(s10) : MemWrite : D=0x0000000000000008 A=0x7b348
5491000 : system.cpu : T0 : 0x107b6 : @__libc_setup_tls+248 : sd : sd s9, 1048(s10) : MemWrite : D=0x0000000000000050 A=0x7b340
5497000 : system.cpu : T0 : 0x107ba : @__libc_setup_tls+252 : sd : sd s3, 1032(s10) : MemWrite : D=0x0000000000079f50 A=0x7b330
5605000 : system.cpu : T0 : 0x107be : @__libc_setup_tls+256 : sd : sd s2, 1040(s10) : MemWrite : D=0x0000000000000020 A=0x7b338
5609000 : system.cpu : T0 : 0x107c2 : @__libc_setup_tls+260 : c_li : c_li a4, 16 : IntAlu : D=0x0000000000000010
5611000 : system.cpu : T0 : 0x107c4 : @__libc_setup_tls+262 : c_mv : c_mv tp, s1 : IntAlu : D=0x000000000007e700
5615000 : system.cpu : T0 : 0x107c6 : @__libc_setup_tls+264 : mul : mul s7, s5, s7 : IntMult : D=0x0000000000000050
5617000 : system.cpu : T0 : 0x107ca : @__libc_setup_tls+268 : c_add : c_add s0, s7 : IntAlu : D=0x0000000000000050
5619000 : system.cpu : T0 : 0x107cc : @__libc_setup_tls+270 : c_add : c_add a5, s0 : IntAlu : D=0x000000000000085f
5621000 : system.cpu : T0 : 0x107ce : @__libc_setup_tls+272 : c_andi : c_andi a5, 18446744073709551600 : IntAlu : D=0x0000000000000850
5623000 : system.cpu : T0 : 0x107d0 : @__libc_setup_tls+274 : sd : sd a5, -1824(gp) : MemWrite : D=0x0000000000000850 A=0x7b9d0
5627000 : system.cpu : T0 : 0x107d4 : @__libc_setup_tls+278 : lui : lui a5, 125 : IntAlu : D=0x000000000007d000
5629000 : system.cpu : T0 : 0x107d8 : @__libc_setup_tls+282 : sd : sd s0, -1024(a5) : MemWrite : D=0x0000000000000050 A=0x7cc00
5633000 : system.cpu : T0 : 0x107dc : @__libc_setup_tls+286 : bgeu : bgeu s6, a4, 6 : IntAlu : 
5637000 : system.cpu : T0 : 0x107e2 : @__libc_setup_tls+292 : lui : lui a5, 125 : IntAlu : D=0x000000000007d000
5639000 : system.cpu : T0 : 0x107e6 : @__libc_setup_tls+296 : c_ldsp : c_ldsp ra, 88(sp) : MemRead : D=0x000000000001041e A=0x7ffffffffffffd88
5643000 : system.cpu : T0 : 0x107e8 : @__libc_setup_tls+298 : c_ldsp : c_ldsp s0, 80(sp) : MemRead : D=0x000000000001089a A=0x7ffffffffffffd80
5649000 : system.cpu : T0 : 0x107ea : @__libc_setup_tls+300 : sd : sd s6, -1016(a5) : MemWrite : D=0x0000000000000010 A=0x7cc08
5653000 : system.cpu : T0 : 0x107ee : @__libc_setup_tls+304 : c_li : c_li a4, 1 : IntAlu : D=0x0000000000000001
5655000 : system.cpu : T0 : 0x107f0 : @__libc_setup_tls+306 : lui : lui a5, 125 : IntAlu : D=0x000000000007d000
5657000 : system.cpu : T0 : 0x107f4 : @__libc_setup_tls+310 : sd : sd a4, 48(a5) : MemWrite : D=0x0000000000000001 A=0x7d030
5661000 : system.cpu : T0 : 0x107f8 : @__libc_setup_tls+314 : c_ldsp : c_ldsp s1, 72(sp) : MemRead : D=0x000000000001092a A=0x7ffffffffffffd78
5665000 : system.cpu : T0 : 0x107fa : @__libc_setup_tls+316 : c_ldsp : c_ldsp s2, 64(sp) : MemRead : D=0x0000000000000000 A=0x7ffffffffffffd70
5669000 : system.cpu : T0 : 0x107fc : @__libc_setup_tls+318 : c_ldsp : c_ldsp s3, 56(sp) : MemRead : D=0x0000000000000000 A=0x7ffffffffffffd68
5673000 : system.cpu : T0 : 0x107fe : @__libc_setup_tls+320 : c_ldsp : c_ldsp s4, 48(sp) : MemRead : D=0x0000000000000000 A=0x7ffffffffffffd60
5677000 : system.cpu : T0 : 0x10800 : @__libc_setup_tls+322 : c_ldsp : c_ldsp s5, 40(sp) : MemRead : D=0x0000000000000000 A=0x7ffffffffffffd58
5681000 : system.cpu : T0 : 0x10802 : @__libc_setup_tls+324 : c_ldsp : c_ldsp s6, 32(sp) : MemRead : D=0x0000000000000000 A=0x7ffffffffffffd50
5685000 : system.cpu : T0 : 0x10804 : @__libc_setup_tls+326 : c_ldsp : c_ldsp s7, 24(sp) : MemRead : D=0x0000000000000000 A=0x7ffffffffffffd48
5689000 : system.cpu : T0 : 0x10806 : @__libc_setup_tls+328 : c_ldsp : c_ldsp s8, 16(sp) : MemRead : D=0x0000000000000000 A=0x7ffffffffffffd40
5693000 : system.cpu : T0 : 0x10808 : @__libc_setup_tls+330 : c_ldsp : c_ldsp s9, 8(sp) : MemRead : D=0x0000000000000000 A=0x7ffffffffffffd38
5697000 : system.cpu : T0 : 0x1080a : @__libc_setup_tls+332 : c_ldsp : c_ldsp s10, 0(sp) : MemRead : D=0x0000000000000000 A=0x7ffffffffffffd30
5701000 : system.cpu : T0 : 0x1080c : @__libc_setup_tls+334 : c_addi16sp : c_addi16sp sp, 96 : IntAlu : D=0x7ffffffffffffd90
5703000 : system.cpu : T0 : 0x1080e : @__libc_setup_tls+336 : c_jr : c_jr ra : IntAlu : 
3907000 : system.cpu : T0 : 0x10810 : @__libc_setup_tls+338 : ld : ld s7, 48(a5) : MemRead : D=0x0000000000000008 A=0x10118
3976000 : system.cpu : T0 : 0x10814 : @__libc_setup_tls+342 : ld : ld s9, 40(a5) : MemRead : D=0x0000000000000050 A=0x10110
3980000 : system.cpu : T0 : 0x10818 : @__libc_setup_tls+346 : ld : ld s2, 32(a5) : MemRead : D=0x0000000000000020 A=0x10108
3984000 : system.cpu : T0 : 0x1081c : @__libc_setup_tls+350 : ld : ld s3, 16(a5) : MemRead : D=0x0000000000079f50 A=0x100f8
3988000 : system.cpu : T0 : 0x10820 : @__libc_setup_tls+354 : bltu : bltu s6, s7, 20 : IntAlu : 
3990000 : system.cpu : T0 : 0x10824 : @__libc_setup_tls+358 : beq : beq s7, zero, -266 : IntAlu : 
3992000 : system.cpu : T0 : 0x10828 : @__libc_setup_tls+362 : addi : addi s5, s7, -1 : IntAlu : D=0x0000000000000007
3994000 : system.cpu : T0 : 0x1082c : @__libc_setup_tls+366 : c_add : c_add a0, s5 : IntAlu : D=0x0000000000000007
3996000 : system.cpu : T0 : 0x1082e : @__libc_setup_tls+368 : c_mv : c_mv s4, s7 : IntAlu : D=0x0000000000000008
3998000 : system.cpu : T0 : 0x10830 : @__libc_setup_tls+370 : c_add : c_add s5, s9 : IntAlu : D=0x0000000000000057
4000000 : system.cpu : T0 : 0x10832 : @__libc_setup_tls+372 : c_j : c_j -274 : IntAlu : 
3353000 : system.cpu : T0 : 0x1087e : @__pthread_initialize_minimal : c_li : c_li a1, 16 : IntAlu : D=0x0000000000000010
3406000 : system.cpu : T0 : 0x10880 : @__pthread_initialize_minimal+2 : c_li : c_li a0, 0 : IntAlu : D=0x0000000000000000
3414000 : system.cpu : T0 : 0x10882 : @__pthread_initialize_minimal+4 : jal : jal zero, -452 : IntAlu : D=0x0000000000010886
30293000 : system.cpu : T0 : 0x1089a : @__libc_csu_init : c_addi16sp : c_addi16sp sp, -64 : IntAlu : D=0x7ffffffffffffd50
30295000 : system.cpu : T0 : 0x1089c : @__libc_csu_init+2 : c_sdsp : c_sdsp s0, 48(sp) : MemWrite : D=0x000000000001089a A=0x7ffffffffffffd80
30299000 : system.cpu : T0 : 0x1089e : @__libc_csu_init+4 : c_sdsp : c_sdsp s2, 32(sp) : MemWrite : D=0x0000000000000000 A=0x7ffffffffffffd70
30303000 : system.cpu : T0 : 0x108a0 : @__libc_csu_init+6 : lui : lui s0, 122 : IntAlu : D=0x000000000007a000
30305000 : system.cpu : T0 : 0x108a4 : @__libc_csu_init+10 : lui : lui s2, 122 : IntAlu : D=0x000000000007a000
30307000 : system.cpu : T0 : 0x108a8 : @__libc_csu_init+14 : addi : addi a5, s0, -144 : IntAlu : D=0x0000000000079f70
30309000 : system.cpu : T0 : 0x108ac : @__libc_csu_init+18 : addi : addi s2, s2, -136 : IntAlu : D=0x0000000000079f78
30311000 : system.cpu : T0 : 0x108b0 : @__libc_csu_init+22 : sub : sub s2, s2, a5 : IntAlu : D=0x0000000000000008
30313000 : system.cpu : T0 : 0x108b4 : @__libc_csu_init+26 : c_sdsp : c_sdsp s3, 24(sp) : MemWrite : D=0x0000000000000000 A=0x7ffffffffffffd68
30317000 : system.cpu : T0 : 0x108b6 : @__libc_csu_init+28 : c_sdsp : c_sdsp s4, 16(sp) : MemWrite : D=0x0000000000000000 A=0x7ffffffffffffd60
30321000 : system.cpu : T0 : 0x108b8 : @__libc_csu_init+30 : c_sdsp : c_sdsp s5, 8(sp) : MemWrite : D=0x0000000000000000 A=0x7ffffffffffffd58
30325000 : system.cpu : T0 : 0x108ba : @__libc_csu_init+32 : c_sdsp : c_sdsp ra, 56(sp) : MemWrite : D=0x000000000001050a A=0x7ffffffffffffd88
30329000 : system.cpu : T0 : 0x108bc : @__libc_csu_init+34 : c_sdsp : c_sdsp s1, 40(sp) : MemWrite : D=0x000000000001092a A=0x7ffffffffffffd78
30386000 : system.cpu : T0 : 0x108be : @__libc_csu_init+36 : srai : srai s2, s2, 3 : IntAlu : D=0x0000000000000001
30392000 : system.cpu : T0 : 0x108c2 : @__libc_csu_init+40 : c_mv : c_mv s3, a0 : IntAlu : D=0x0000000000000001
30394000 : system.cpu : T0 : 0x108c4 : @__libc_csu_init+42 : c_mv : c_mv s4, a1 : IntAlu : D=0x7ffffffffffffed8
30396000 : system.cpu : T0 : 0x108c6 : @__libc_csu_init+44 : c_mv : c_mv s5, a2 : IntAlu : D=0x7ffffffffffffee8
30398000 : system.cpu : T0 : 0x108c8 : @__libc_csu_init+46 : beq : beq s2, zero, 28 : IntAlu : 
30400000 : system.cpu : T0 : 0x108cc : @__libc_csu_init+50 : addi : addi s0, s0, -144 : IntAlu : D=0x0000000000079f70
30402000 : system.cpu : T0 : 0x108d0 : @__libc_csu_init+54 : c_li : c_li s1, 0 : IntAlu : D=0x0000000000000000
30404000 : system.cpu : T0 : 0x108d2 : @__libc_csu_init+56 : c_ld : c_ld a5, 0(s0) : MemRead : D=0x00000000000102d0 A=0x79f70
30408000 : system.cpu : T0 : 0x108d4 : @__libc_csu_init+58 : c_mv : c_mv a2, s5 : IntAlu : D=0x7ffffffffffffee8
30410000 : system.cpu : T0 : 0x108d6 : @__libc_csu_init+60 : c_mv : c_mv a1, s4 : IntAlu : D=0x7ffffffffffffed8
30412000 : system.cpu : T0 : 0x108d8 : @__libc_csu_init+62 : c_mv : c_mv a0, s3 : IntAlu : D=0x0000000000000001
30414000 : system.cpu : T0 : 0x108da : @__libc_csu_init+64 : c_addi : c_addi s1, 1 : IntAlu : D=0x0000000000000001
30416000 : system.cpu : T0 : 0x108dc : @__libc_csu_init+66 : c_jalr : c_jalr a5 : IntAlu : D=0x00000000000108de
30424000 : system.cpu : T0 : 0x108de : @__libc_csu_init+68 : c_addi : c_addi s0, 8 : IntAlu : D=0x0000000000079f78
30426000 : system.cpu : T0 : 0x108e0 : @__libc_csu_init+70 : bne : bne s2, s1, -14 : IntAlu : 
30428000 : system.cpu : T0 : 0x108e4 : @__libc_csu_init+74 : lui : lui s0, 122 : IntAlu : D=0x000000000007a000
30430000 : system.cpu : T0 : 0x108e8 : @__libc_csu_init+78 : lui : lui s2, 122 : IntAlu : D=0x000000000007a000
30432000 : system.cpu : T0 : 0x108ec : @__libc_csu_init+82 : addi : addi a5, s0, -136 : IntAlu : D=0x0000000000079f78
30434000 : system.cpu : T0 : 0x108f0 : @__libc_csu_init+86 : addi : addi s2, s2, -128 : IntAlu : D=0x0000000000079f80
30436000 : system.cpu : T0 : 0x108f4 : @__libc_csu_init+90 : sub : sub s2, s2, a5 : IntAlu : D=0x0000000000000008
30438000 : system.cpu : T0 : 0x108f8 : @__libc_csu_init+94 : srai : srai s2, s2, 3 : IntAlu : D=0x0000000000000001
30440000 : system.cpu : T0 : 0x108fc : @__libc_csu_init+98 : beq : beq s2, zero, 28 : IntAlu : 
30493000 : system.cpu : T0 : 0x10900 : @__libc_csu_init+102 : addi : addi s0, s0, -136 : IntAlu : D=0x0000000000079f78
30499000 : system.cpu : T0 : 0x10904 : @__libc_csu_init+106 : c_li : c_li s1, 0 : IntAlu : D=0x0000000000000000
30501000 : system.cpu : T0 : 0x10906 : @__libc_csu_init+108 : c_ld : c_ld a5, 0(s0) : MemRead : D=0x0000000000010368 A=0x79f78
30505000 : system.cpu : T0 : 0x10908 : @__libc_csu_init+110 : c_mv : c_mv a2, s5 : IntAlu : D=0x7ffffffffffffee8
30507000 : system.cpu : T0 : 0x1090a : @__libc_csu_init+112 : c_mv : c_mv a1, s4 : IntAlu : D=0x7ffffffffffffed8
30509000 : system.cpu : T0 : 0x1090c : @__libc_csu_init+114 : c_mv : c_mv a0, s3 : IntAlu : D=0x0000000000000001
30511000 : system.cpu : T0 : 0x1090e : @__libc_csu_init+116 : c_addi : c_addi s1, 1 : IntAlu : D=0x0000000000000001
30513000 : system.cpu : T0 : 0x10910 : @__libc_csu_init+118 : c_jalr : c_jalr a5 : IntAlu : D=0x0000000000010912
31520000 : system.cpu : T0 : 0x10912 : @__libc_csu_init+120 : c_addi : c_addi s0, 8 : IntAlu : D=0x0000000000079f80
31522000 : system.cpu : T0 : 0x10914 : @__libc_csu_init+122 : bne : bne s2, s1, -14 : IntAlu : 
31524000 : system.cpu : T0 : 0x10918 : @__libc_csu_init+126 : c_ldsp : c_ldsp ra, 56(sp) : MemRead : D=0x000000000001050a A=0x7ffffffffffffd88
31528000 : system.cpu : T0 : 0x1091a : @__libc_csu_init+128 : c_ldsp : c_ldsp s0, 48(sp) : MemRead : D=0x000000000001089a A=0x7ffffffffffffd80
31532000 : system.cpu : T0 : 0x1091c : @__libc_csu_init+130 : c_ldsp : c_ldsp s1, 40(sp) : MemRead : D=0x000000000001092a A=0x7ffffffffffffd78
31536000 : system.cpu : T0 : 0x1091e : @__libc_csu_init+132 : c_ldsp : c_ldsp s2, 32(sp) : MemRead : D=0x0000000000000000 A=0x7ffffffffffffd70
31540000 : system.cpu : T0 : 0x10920 : @__libc_csu_init+134 : c_ldsp : c_ldsp s3, 24(sp) : MemRead : D=0x0000000000000000 A=0x7ffffffffffffd68
31544000 : system.cpu : T0 : 0x10922 : @__libc_csu_init+136 : c_ldsp : c_ldsp s4, 16(sp) : MemRead : D=0x0000000000000000 A=0x7ffffffffffffd60
31548000 : system.cpu : T0 : 0x10924 : @__libc_csu_init+138 : c_ldsp : c_ldsp s5, 8(sp) : MemRead : D=0x0000000000000000 A=0x7ffffffffffffd58
31552000 : system.cpu : T0 : 0x10926 : @__libc_csu_init+140 : c_addi16sp : c_addi16sp sp, 64 : IntAlu : D=0x7ffffffffffffd90
31554000 : system.cpu : T0 : 0x10928 : @__libc_csu_init+142 : c_jr : c_jr ra : IntAlu : 
40641000 : system.cpu : T0 : 0x1092a : @__libc_csu_fini : c_addi : c_addi sp, -32 : IntAlu : D=0x7ffffffffffffd20
40643000 : system.cpu : T0 : 0x1092c : @__libc_csu_fini+2 : c_sdsp : c_sdsp s0, 16(sp) : MemWrite : D=0x0000000000000003 A=0x7ffffffffffffd30
40649000 : system.cpu : T0 : 0x1092e : @__libc_csu_fini+4 : lui : lui a5, 122 : IntAlu : D=0x000000000007a000
40653000 : system.cpu : T0 : 0x10932 : @__libc_csu_fini+8 : lui : lui s0, 122 : IntAlu : D=0x000000000007a000
40657000 : system.cpu : T0 : 0x10936 : @__libc_csu_fini+12 : addi : addi s0, s0, -128 : IntAlu : D=0x0000000000079f80
40661000 : system.cpu : T0 : 0x1093a : @__libc_csu_fini+16 : addi : addi a5, a5, -112 : IntAlu : D=0x0000000000079f90
40663000 : system.cpu : T0 : 0x1093e : @__libc_csu_fini+20 : c_sub : c_sub a5, s0 : IntAlu : D=0x0000000000000010
40716000 : system.cpu : T0 : 0x10940 : @__libc_csu_fini+22 : c_sdsp : c_sdsp ra, 24(sp) : MemWrite : D=0x0000000000014af4 A=0x7ffffffffffffd38
40720000 : system.cpu : T0 : 0x10942 : @__libc_csu_fini+24 : c_sdsp : c_sdsp s1, 8(sp) : MemWrite : D=0x0000000000000004 A=0x7ffffffffffffd28
40724000 : system.cpu : T0 : 0x10944 : @__libc_csu_fini+26 : c_sdsp : c_sdsp s2, 0(sp) : MemWrite : D=0x0000000000000000 A=0x7ffffffffffffd20
40730000 : system.cpu : T0 : 0x10946 : @__libc_csu_fini+28 : srai : srai a4, a5, 3 : IntAlu : D=0x0000000000000002
40732000 : system.cpu : T0 : 0x1094a : @__libc_csu_fini+32 : c_beqz : c_beqz a4, 24 : IntAlu : 
40734000 : system.cpu : T0 : 0x1094c : @__libc_csu_fini+34 : c_addi : c_addi a5, -8 : IntAlu : D=0x0000000000000008
40738000 : system.cpu : T0 : 0x1094e : @__libc_csu_fini+36 : addi : addi s1, a4, -1 : IntAlu : D=0x0000000000000001
40740000 : system.cpu : T0 : 0x10952 : @__libc_csu_fini+40 : c_add : c_add s0, a5 : IntAlu : D=0x0000000000079f88
40742000 : system.cpu : T0 : 0x10954 : @__libc_csu_fini+42 : c_li : c_li s2, -1 : IntAlu : D=0xffffffffffffffff
40744000 : system.cpu : T0 : 0x10956 : @__libc_csu_fini+44 : c_ld : c_ld a5, 0(s0) : MemRead : D=0x0000000000010296 A=0x79f88
41012000 : system.cpu : T0 : 0x10956 : @__libc_csu_fini+44 : c_ld : c_ld a5, 0(s0) : MemRead : D=0x0000000000010334 A=0x79f80
40748000 : system.cpu : T0 : 0x10958 : @__libc_csu_fini+46 : c_addi : c_addi s1, -1 : IntAlu : D=0x0000000000000000
41016000 : system.cpu : T0 : 0x10958 : @__libc_csu_fini+46 : c_addi : c_addi s1, -1 : IntAlu : D=0xffffffffffffffff
40750000 : system.cpu : T0 : 0x1095a : @__libc_csu_fini+48 : c_addi : c_addi s0, -8 : IntAlu : D=0x0000000000079f80
41018000 : system.cpu : T0 : 0x1095a : @__libc_csu_fini+48 : c_addi : c_addi s0, -8 : IntAlu : D=0x0000000000079f78
40752000 : system.cpu : T0 : 0x1095c : @__libc_csu_fini+50 : c_jalr : c_jalr a5 : IntAlu : D=0x000000000001095e
41020000 : system.cpu : T0 : 0x1095c : @__libc_csu_fini+50 : c_jalr : c_jalr a5 : IntAlu : D=0x000000000001095e
41010000 : system.cpu : T0 : 0x1095e : @__libc_csu_fini+52 : bne : bne s1, s2, -8 : IntAlu : 
41664000 : system.cpu : T0 : 0x1095e : @__libc_csu_fini+52 : bne : bne s1, s2, -8 : IntAlu : 
41666000 : system.cpu : T0 : 0x10962 : @__libc_csu_fini+56 : c_ldsp : c_ldsp ra, 24(sp) : MemRead : D=0x0000000000014af4 A=0x7ffffffffffffd38
41670000 : system.cpu : T0 : 0x10964 : @__libc_csu_fini+58 : c_ldsp : c_ldsp s0, 16(sp) : MemRead : D=0x0000000000000003 A=0x7ffffffffffffd30
41674000 : system.cpu : T0 : 0x10966 : @__libc_csu_fini+60 : c_ldsp : c_ldsp s1, 8(sp) : MemRead : D=0x0000000000000004 A=0x7ffffffffffffd28
41678000 : system.cpu : T0 : 0x10968 : @__libc_csu_fini+62 : c_ldsp : c_ldsp s2, 0(sp) : MemRead : D=0x0000000000000000 A=0x7ffffffffffffd20
41682000 : system.cpu : T0 : 0x1096a : @__libc_csu_fini+64 : c_addi16sp : c_addi16sp sp, 32 : IntAlu : D=0x7ffffffffffffd40
41684000 : system.cpu : T0 : 0x1096c : @__libc_csu_fini+66 : c_jr : c_jr ra : IntAlu : 
31825000 : system.cpu : T0 : 0x141e4 : @_setjmp : c_li : c_li a1, 0 : IntAlu : D=0x0000000000000000
31831000 : system.cpu : T0 : 0x141e6 : @_setjmp+2 : c_j : c_j 6 : IntAlu : 
31833000 : system.cpu : T0 : 0x141ec : @__sigsetjmp : sd : sd ra, 0(a0) : MemWrite : D=0x0000000000010518 A=0x7ffffffffffffdb8
31837000 : system.cpu : T0 : 0x141f0 : @__sigsetjmp+4 : c_sd : c_sd s0, 8(a0) : MemWrite : D=0x000000000001089a A=0x7ffffffffffffdc0
31906000 : system.cpu : T0 : 0x141f2 : @__sigsetjmp+6 : c_sd : c_sd s1, 16(a0) : MemWrite : D=0x000000000001092a A=0x7ffffffffffffdc8
31910000 : system.cpu : T0 : 0x141f4 : @__sigsetjmp+8 : sd : sd s2, 24(a0) : MemWrite : D=0x0000000000000000 A=0x7ffffffffffffdd0
31914000 : system.cpu : T0 : 0x141f8 : @__sigsetjmp+12 : sd : sd s3, 32(a0) : MemWrite : D=0x0000000000000000 A=0x7ffffffffffffdd8
31918000 : system.cpu : T0 : 0x141fc : @__sigsetjmp+16 : sd : sd s4, 40(a0) : MemWrite : D=0x0000000000000000 A=0x7ffffffffffffde0
31973000 : system.cpu : T0 : 0x14200 : @__sigsetjmp+20 : sd : sd s5, 48(a0) : MemWrite : D=0x0000000000000000 A=0x7ffffffffffffde8
31977000 : system.cpu : T0 : 0x14204 : @__sigsetjmp+24 : sd : sd s6, 56(a0) : MemWrite : D=0x0000000000000000 A=0x7ffffffffffffdf0
31981000 : system.cpu : T0 : 0x14208 : @__sigsetjmp+28 : sd : sd s7, 64(a0) : MemWrite : D=0x0000000000000000 A=0x7ffffffffffffdf8
31985000 : system.cpu : T0 : 0x1420c : @__sigsetjmp+32 : sd : sd s8, 72(a0) : MemWrite : D=0x0000000000000000 A=0x7ffffffffffffe00
32040000 : system.cpu : T0 : 0x14210 : @__sigsetjmp+36 : sd : sd s9, 80(a0) : MemWrite : D=0x0000000000000000 A=0x7ffffffffffffe08
32044000 : system.cpu : T0 : 0x14214 : @__sigsetjmp+40 : sd : sd s10, 88(a0) : MemWrite : D=0x0000000000000000 A=0x7ffffffffffffe10
32048000 : system.cpu : T0 : 0x14218 : @__sigsetjmp+44 : sd : sd s11, 96(a0) : MemWrite : D=0x0000000000000000 A=0x7ffffffffffffe18
32052000 : system.cpu : T0 : 0x1421c : @__sigsetjmp+48 : sd : sd sp, 104(a0) : MemWrite : D=0x7ffffffffffffd90 A=0x7ffffffffffffe20
32056000 : system.cpu : T0 : 0x14220 : @__sigsetjmp+52 : c_fsd : c_fsd fs0, 112(a0) : FloatMemWrite : D=0x0000000000000000 A=0x7ffffffffffffe28
32060000 : system.cpu : T0 : 0x14222 : @__sigsetjmp+54 : c_fsd : c_fsd fs1, 120(a0) : FloatMemWrite : D=0x0000000000000000 A=0x7ffffffffffffe30
32064000 : system.cpu : T0 : 0x14224 : @__sigsetjmp+56 : fsd : fsd fs2, 128(a0) : FloatMemWrite : D=0x0000000000000000 A=0x7ffffffffffffe38
32068000 : system.cpu : T0 : 0x14228 : @__sigsetjmp+60 : fsd : fsd fs3, 136(a0) : FloatMemWrite : D=0x0000000000000000 A=0x7ffffffffffffe40
32123000 : system.cpu : T0 : 0x1422c : @__sigsetjmp+64 : fsd : fsd fs4, 144(a0) : FloatMemWrite : D=0x0000000000000000 A=0x7ffffffffffffe48
32127000 : system.cpu : T0 : 0x14230 : @__sigsetjmp+68 : fsd : fsd fs5, 152(a0) : FloatMemWrite : D=0x0000000000000000 A=0x7ffffffffffffe50
32131000 : system.cpu : T0 : 0x14234 : @__sigsetjmp+72 : fsd : fsd fs6, 160(a0) : FloatMemWrite : D=0x0000000000000000 A=0x7ffffffffffffe58
32135000 : system.cpu : T0 : 0x14238 : @__sigsetjmp+76 : fsd : fsd fs7, 168(a0) : FloatMemWrite : D=0x0000000000000000 A=0x7ffffffffffffe60
32139000 : system.cpu : T0 : 0x1423c : @__sigsetjmp+80 : fsd : fsd fs8, 176(a0) : FloatMemWrite : D=0x0000000000000000 A=0x7ffffffffffffe68
32194000 : system.cpu : T0 : 0x14240 : @__sigsetjmp+84 : fsd : fsd fs9, 184(a0) : FloatMemWrite : D=0x0000000000000000 A=0x7ffffffffffffe70
32198000 : system.cpu : T0 : 0x14244 : @__sigsetjmp+88 : fsd : fsd fs10, 192(a0) : FloatMemWrite : D=0x0000000000000000 A=0x7ffffffffffffe78
32202000 : system.cpu : T0 : 0x14248 : @__sigsetjmp+92 : fsd : fsd fs11, 200(a0) : FloatMemWrite : D=0x0000000000000000 A=0x7ffffffffffffe80
32206000 : system.cpu : T0 : 0x1424c : @__sigsetjmp+96 : jal : jal zero, 4 : IntAlu : D=0x0000000000014250
32208000 : system.cpu : T0 : 0x14250 : @__sigjmp_save : c_addi : c_addi sp, -16 : IntAlu : D=0x7ffffffffffffd80
32210000 : system.cpu : T0 : 0x14252 : @__sigjmp_save+2 : c_sdsp : c_sdsp s0, 0(sp) : MemWrite : D=0x000000000001089a A=0x7ffffffffffffd80
32214000 : system.cpu : T0 : 0x14254 : @__sigjmp_save+4 : c_sdsp : c_sdsp ra, 8(sp) : MemWrite : D=0x0000000000010518 A=0x7ffffffffffffd88
32218000 : system.cpu : T0 : 0x14256 : @__sigjmp_save+6 : c_mv : c_mv s0, a0 : IntAlu : D=0x7ffffffffffffdb8
32220000 : system.cpu : T0 : 0x14258 : @__sigjmp_save+8 : c_beqz : c_beqz a1, 18 : IntAlu : 
32224000 : system.cpu : T0 : 0x1426a : @__sigjmp_save+26 : sw : sw a1, 208(s0) : MemWrite : D=0x0000000000000000 A=0x7ffffffffffffe88
32228000 : system.cpu : T0 : 0x1426e : @__sigjmp_save+30 : c_ldsp : c_ldsp ra, 8(sp) : MemRead : D=0x0000000000010518 A=0x7ffffffffffffd88
32232000 : system.cpu : T0 : 0x14270 : @__sigjmp_save+32 : c_ldsp : c_ldsp s0, 0(sp) : MemRead : D=0x000000000001089a A=0x7ffffffffffffd80
32236000 : system.cpu : T0 : 0x14272 : @__sigjmp_save+34 : c_li : c_li a0, 0 : IntAlu : D=0x0000000000000000
32238000 : system.cpu : T0 : 0x14274 : @__sigjmp_save+36 : c_addi : c_addi sp, 16 : IntAlu : D=0x7ffffffffffffd90
32240000 : system.cpu : T0 : 0x14276 : @__sigjmp_save+38 : c_jr : c_jr ra : IntAlu : 
17353000 : system.cpu : T0 : 0x1493e : @getenv : c_addi16sp : c_addi16sp sp, -64 : IntAlu : D=0x7ffffffffffffcd0
18289000 : system.cpu : T0 : 0x1493e : @getenv : c_addi16sp : c_addi16sp sp, -64 : IntAlu : D=0x7ffffffffffffcd0
23146000 : system.cpu : T0 : 0x1493e : @getenv : c_addi16sp : c_addi16sp sp, -64 : IntAlu : D=0x7ffffffffffffcd0
23574000 : system.cpu : T0 : 0x1493e : @getenv : c_addi16sp : c_addi16sp sp, -64 : IntAlu : D=0x7ffffffffffffcd0
23913000 : system.cpu : T0 : 0x1493e : @getenv : c_addi16sp : c_addi16sp sp, -64 : IntAlu : D=0x7ffffffffffffcd0
24199000 : system.cpu : T0 : 0x1493e : @getenv : c_addi16sp : c_addi16sp sp, -64 : IntAlu : D=0x7ffffffffffffcd0
24703000 : system.cpu : T0 : 0x1493e : @getenv : c_addi16sp : c_addi16sp sp, -64 : IntAlu : D=0x7ffffffffffffcd0
17406000 : system.cpu : T0 : 0x14940 : @getenv+2 : c_sdsp : c_sdsp s1, 40(sp) : MemWrite : D=0x000000000007d000 A=0x7ffffffffffffcf8
18291000 : system.cpu : T0 : 0x14940 : @getenv+2 : c_sdsp : c_sdsp s1, 40(sp) : MemWrite : D=0x000000000007d000 A=0x7ffffffffffffcf8
23148000 : system.cpu : T0 : 0x14940 : @getenv+2 : c_sdsp : c_sdsp s1, 40(sp) : MemWrite : D=0x000000000007d000 A=0x7ffffffffffffcf8
23576000 : system.cpu : T0 : 0x14940 : @getenv+2 : c_sdsp : c_sdsp s1, 40(sp) : MemWrite : D=0x000000000007d000 A=0x7ffffffffffffcf8
23915000 : system.cpu : T0 : 0x14940 : @getenv+2 : c_sdsp : c_sdsp s1, 40(sp) : MemWrite : D=0x000000000007d000 A=0x7ffffffffffffcf8
24201000 : system.cpu : T0 : 0x14940 : @getenv+2 : c_sdsp : c_sdsp s1, 40(sp) : MemWrite : D=0x000000000007d000 A=0x7ffffffffffffcf8
24705000 : system.cpu : T0 : 0x14940 : @getenv+2 : c_sdsp : c_sdsp s1, 40(sp) : MemWrite : D=0x000000000007d000 A=0x7ffffffffffffcf8
17410000 : system.cpu : T0 : 0x14942 : @getenv+4 : c_sdsp : c_sdsp s5, 8(sp) : MemWrite : D=0x0000000000000000 A=0x7ffffffffffffcd8
18295000 : system.cpu : T0 : 0x14942 : @getenv+4 : c_sdsp : c_sdsp s5, 8(sp) : MemWrite : D=0x0000000000000000 A=0x7ffffffffffffcd8
23152000 : system.cpu : T0 : 0x14942 : @getenv+4 : c_sdsp : c_sdsp s5, 8(sp) : MemWrite : D=0x0000000000000000 A=0x7ffffffffffffcd8
23580000 : system.cpu : T0 : 0x14942 : @getenv+4 : c_sdsp : c_sdsp s5, 8(sp) : MemWrite : D=0x0000000000000000 A=0x7ffffffffffffcd8
23919000 : system.cpu : T0 : 0x14942 : @getenv+4 : c_sdsp : c_sdsp s5, 8(sp) : MemWrite : D=0x0000000000000000 A=0x7ffffffffffffcd8
24205000 : system.cpu : T0 : 0x14942 : @getenv+4 : c_sdsp : c_sdsp s5, 8(sp) : MemWrite : D=0x0000000000000000 A=0x7ffffffffffffcd8
24709000 : system.cpu : T0 : 0x14942 : @getenv+4 : c_sdsp : c_sdsp s5, 8(sp) : MemWrite : D=0x0000000000000000 A=0x7ffffffffffffcd8
17414000 : system.cpu : T0 : 0x14944 : @getenv+6 : c_sdsp : c_sdsp ra, 56(sp) : MemWrite : D=0x0000000000021fbe A=0x7ffffffffffffd08
18299000 : system.cpu : T0 : 0x14944 : @getenv+6 : c_sdsp : c_sdsp ra, 56(sp) : MemWrite : D=0x00000000000221aa A=0x7ffffffffffffd08
23156000 : system.cpu : T0 : 0x14944 : @getenv+6 : c_sdsp : c_sdsp ra, 56(sp) : MemWrite : D=0x00000000000221ca A=0x7ffffffffffffd08
23584000 : system.cpu : T0 : 0x14944 : @getenv+6 : c_sdsp : c_sdsp ra, 56(sp) : MemWrite : D=0x00000000000221ea A=0x7ffffffffffffd08
23923000 : system.cpu : T0 : 0x14944 : @getenv+6 : c_sdsp : c_sdsp ra, 56(sp) : MemWrite : D=0x000000000002220a A=0x7ffffffffffffd08
24209000 : system.cpu : T0 : 0x14944 : @getenv+6 : c_sdsp : c_sdsp ra, 56(sp) : MemWrite : D=0x000000000002222a A=0x7ffffffffffffd08
24713000 : system.cpu : T0 : 0x14944 : @getenv+6 : c_sdsp : c_sdsp ra, 56(sp) : MemWrite : D=0x0000000000022288 A=0x7ffffffffffffd08
17418000 : system.cpu : T0 : 0x14946 : @getenv+8 : c_sdsp : c_sdsp s0, 48(sp) : MemWrite : D=0x0000000000000001 A=0x7ffffffffffffd00
18303000 : system.cpu : T0 : 0x14946 : @getenv+8 : c_sdsp : c_sdsp s0, 48(sp) : MemWrite : D=0x0000000000000001 A=0x7ffffffffffffd00
23160000 : system.cpu : T0 : 0x14946 : @getenv+8 : c_sdsp : c_sdsp s0, 48(sp) : MemWrite : D=0x0000000000000001 A=0x7ffffffffffffd00
23588000 : system.cpu : T0 : 0x14946 : @getenv+8 : c_sdsp : c_sdsp s0, 48(sp) : MemWrite : D=0x0000000000000001 A=0x7ffffffffffffd00
23927000 : system.cpu : T0 : 0x14946 : @getenv+8 : c_sdsp : c_sdsp s0, 48(sp) : MemWrite : D=0x0000000000000001 A=0x7ffffffffffffd00
24213000 : system.cpu : T0 : 0x14946 : @getenv+8 : c_sdsp : c_sdsp s0, 48(sp) : MemWrite : D=0x0000000000000001 A=0x7ffffffffffffd00
24717000 : system.cpu : T0 : 0x14946 : @getenv+8 : c_sdsp : c_sdsp s0, 48(sp) : MemWrite : D=0x0000000000000001 A=0x7ffffffffffffd00
17422000 : system.cpu : T0 : 0x14948 : @getenv+10 : c_sdsp : c_sdsp s2, 32(sp) : MemWrite : D=0x000000000007d000 A=0x7ffffffffffffcf0
18307000 : system.cpu : T0 : 0x14948 : @getenv+10 : c_sdsp : c_sdsp s2, 32(sp) : MemWrite : D=0x000000000007d000 A=0x7ffffffffffffcf0
23164000 : system.cpu : T0 : 0x14948 : @getenv+10 : c_sdsp : c_sdsp s2, 32(sp) : MemWrite : D=0x000000000007d000 A=0x7ffffffffffffcf0
23592000 : system.cpu : T0 : 0x14948 : @getenv+10 : c_sdsp : c_sdsp s2, 32(sp) : MemWrite : D=0x000000000007d000 A=0x7ffffffffffffcf0
23931000 : system.cpu : T0 : 0x14948 : @getenv+10 : c_sdsp : c_sdsp s2, 32(sp) : MemWrite : D=0x000000000007d000 A=0x7ffffffffffffcf0
24217000 : system.cpu : T0 : 0x14948 : @getenv+10 : c_sdsp : c_sdsp s2, 32(sp) : MemWrite : D=0x000000000007d000 A=0x7ffffffffffffcf0
24721000 : system.cpu : T0 : 0x14948 : @getenv+10 : c_sdsp : c_sdsp s2, 32(sp) : MemWrite : D=0x000000000007d000 A=0x7ffffffffffffcf0
17426000 : system.cpu : T0 : 0x1494a : @getenv+12 : c_sdsp : c_sdsp s3, 24(sp) : MemWrite : D=0x0000000000000000 A=0x7ffffffffffffce8
18311000 : system.cpu : T0 : 0x1494a : @getenv+12 : c_sdsp : c_sdsp s3, 24(sp) : MemWrite : D=0x000000000007d000 A=0x7ffffffffffffce8
23168000 : system.cpu : T0 : 0x1494a : @getenv+12 : c_sdsp : c_sdsp s3, 24(sp) : MemWrite : D=0x000000000007d000 A=0x7ffffffffffffce8
23596000 : system.cpu : T0 : 0x1494a : @getenv+12 : c_sdsp : c_sdsp s3, 24(sp) : MemWrite : D=0x000000000007d000 A=0x7ffffffffffffce8
23935000 : system.cpu : T0 : 0x1494a : @getenv+12 : c_sdsp : c_sdsp s3, 24(sp) : MemWrite : D=0x000000000007d000 A=0x7ffffffffffffce8
24221000 : system.cpu : T0 : 0x1494a : @getenv+12 : c_sdsp : c_sdsp s3, 24(sp) : MemWrite : D=0x000000000007d000 A=0x7ffffffffffffce8
24725000 : system.cpu : T0 : 0x1494a : @getenv+12 : c_sdsp : c_sdsp s3, 24(sp) : MemWrite : D=0x000000000007d000 A=0x7ffffffffffffce8
17430000 : system.cpu : T0 : 0x1494c : @getenv+14 : c_sdsp : c_sdsp s4, 16(sp) : MemWrite : D=0x0000000000000000 A=0x7ffffffffffffce0
18315000 : system.cpu : T0 : 0x1494c : @getenv+14 : c_sdsp : c_sdsp s4, 16(sp) : MemWrite : D=0x0000000000000000 A=0x7ffffffffffffce0
23172000 : system.cpu : T0 : 0x1494c : @getenv+14 : c_sdsp : c_sdsp s4, 16(sp) : MemWrite : D=0x0000000000000000 A=0x7ffffffffffffce0
23600000 : system.cpu : T0 : 0x1494c : @getenv+14 : c_sdsp : c_sdsp s4, 16(sp) : MemWrite : D=0x0000000000000000 A=0x7ffffffffffffce0
23939000 : system.cpu : T0 : 0x1494c : @getenv+14 : c_sdsp : c_sdsp s4, 16(sp) : MemWrite : D=0x0000000000000000 A=0x7ffffffffffffce0
24225000 : system.cpu : T0 : 0x1494c : @getenv+14 : c_sdsp : c_sdsp s4, 16(sp) : MemWrite : D=0x0000000000000000 A=0x7ffffffffffffce0
24729000 : system.cpu : T0 : 0x1494c : @getenv+14 : c_sdsp : c_sdsp s4, 16(sp) : MemWrite : D=0x0000000000000000 A=0x7ffffffffffffce0
17434000 : system.cpu : T0 : 0x1494e : @getenv+16 : c_sdsp : c_sdsp s6, 0(sp) : MemWrite : D=0x0000000000000000 A=0x7ffffffffffffcd0
18319000 : system.cpu : T0 : 0x1494e : @getenv+16 : c_sdsp : c_sdsp s6, 0(sp) : MemWrite : D=0x0000000000000000 A=0x7ffffffffffffcd0
23176000 : system.cpu : T0 : 0x1494e : @getenv+16 : c_sdsp : c_sdsp s6, 0(sp) : MemWrite : D=0x0000000000000000 A=0x7ffffffffffffcd0
23604000 : system.cpu : T0 : 0x1494e : @getenv+16 : c_sdsp : c_sdsp s6, 0(sp) : MemWrite : D=0x0000000000000000 A=0x7ffffffffffffcd0
23943000 : system.cpu : T0 : 0x1494e : @getenv+16 : c_sdsp : c_sdsp s6, 0(sp) : MemWrite : D=0x0000000000000000 A=0x7ffffffffffffcd0
24229000 : system.cpu : T0 : 0x1494e : @getenv+16 : c_sdsp : c_sdsp s6, 0(sp) : MemWrite : D=0x0000000000000000 A=0x7ffffffffffffcd0
24733000 : system.cpu : T0 : 0x1494e : @getenv+16 : c_sdsp : c_sdsp s6, 0(sp) : MemWrite : D=0x0000000000000000 A=0x7ffffffffffffcd0
17438000 : system.cpu : T0 : 0x14950 : @getenv+18 : c_mv : c_mv s5, a0 : IntAlu : D=0x000000000005c530
18323000 : system.cpu : T0 : 0x14950 : @getenv+18 : c_mv : c_mv s5, a0 : IntAlu : D=0x000000000005c628
23180000 : system.cpu : T0 : 0x14950 : @getenv+18 : c_mv : c_mv s5, a0 : IntAlu : D=0x000000000005c638
23608000 : system.cpu : T0 : 0x14950 : @getenv+18 : c_mv : c_mv s5, a0 : IntAlu : D=0x000000000005c648
23947000 : system.cpu : T0 : 0x14950 : @getenv+18 : c_mv : c_mv s5, a0 : IntAlu : D=0x000000000005c658
24233000 : system.cpu : T0 : 0x14950 : @getenv+18 : c_mv : c_mv s5, a0 : IntAlu : D=0x000000000005c668
24737000 : system.cpu : T0 : 0x14950 : @getenv+18 : c_mv : c_mv s5, a0 : IntAlu : D=0x000000000005c6a0
17442000 : system.cpu : T0 : 0x14952 : @getenv+20 : jal : jal ra, 41480 : IntAlu : D=0x0000000000014956
18327000 : system.cpu : T0 : 0x14952 : @getenv+20 : jal : jal ra, 41480 : IntAlu : D=0x0000000000014956
23184000 : system.cpu : T0 : 0x14952 : @getenv+20 : jal : jal ra, 41480 : IntAlu : D=0x0000000000014956
23612000 : system.cpu : T0 : 0x14952 : @getenv+20 : jal : jal ra, 41480 : IntAlu : D=0x0000000000014956
23951000 : system.cpu : T0 : 0x14952 : @getenv+20 : jal : jal ra, 41480 : IntAlu : D=0x0000000000014956
24237000 : system.cpu : T0 : 0x14952 : @getenv+20 : jal : jal ra, 41480 : IntAlu : D=0x0000000000014956
24741000 : system.cpu : T0 : 0x14952 : @getenv+20 : jal : jal ra, 41480 : IntAlu : D=0x0000000000014956
17804000 : system.cpu : T0 : 0x14956 : @getenv+24 : ld : ld s1, -1192(gp) : MemRead : D=0x7ffffffffffffee8 A=0x7bc48
18496000 : system.cpu : T0 : 0x14956 : @getenv+24 : ld : ld s1, -1192(gp) : MemRead : D=0x7ffffffffffffee8 A=0x7bc48
23444000 : system.cpu : T0 : 0x14956 : @getenv+24 : ld : ld s1, -1192(gp) : MemRead : D=0x7ffffffffffffee8 A=0x7bc48
23710000 : system.cpu : T0 : 0x14956 : @getenv+24 : ld : ld s1, -1192(gp) : MemRead : D=0x7ffffffffffffee8 A=0x7bc48
24069000 : system.cpu : T0 : 0x14956 : @getenv+24 : ld : ld s1, -1192(gp) : MemRead : D=0x7ffffffffffffee8 A=0x7bc48
24343000 : system.cpu : T0 : 0x14956 : @getenv+24 : ld : ld s1, -1192(gp) : MemRead : D=0x7ffffffffffffee8 A=0x7bc48
24916000 : system.cpu : T0 : 0x14956 : @getenv+24 : ld : ld s1, -1192(gp) : MemRead : D=0x7ffffffffffffee8 A=0x7bc48
17808000 : system.cpu : T0 : 0x1495a : @getenv+28 : c_beqz : c_beqz s1, 228 : IntAlu : 
18500000 : system.cpu : T0 : 0x1495a : @getenv+28 : c_beqz : c_beqz s1, 228 : IntAlu : 
23448000 : system.cpu : T0 : 0x1495a : @getenv+28 : c_beqz : c_beqz s1, 228 : IntAlu : 
23714000 : system.cpu : T0 : 0x1495a : @getenv+28 : c_beqz : c_beqz s1, 228 : IntAlu : 
24073000 : system.cpu : T0 : 0x1495a : @getenv+28 : c_beqz : c_beqz s1, 228 : IntAlu : 
24347000 : system.cpu : T0 : 0x1495a : @getenv+28 : c_beqz : c_beqz s1, 228 : IntAlu : 
24920000 : system.cpu : T0 : 0x1495a : @getenv+28 : c_beqz : c_beqz s1, 228 : IntAlu : 
17810000 : system.cpu : T0 : 0x1495c : @getenv+30 : lbu : lbu a5, 0(s5) : MemRead : D=0x000000000000004c A=0x5c530
18502000 : system.cpu : T0 : 0x1495c : @getenv+30 : lbu : lbu a5, 0(s5) : MemRead : D=0x000000000000004c A=0x5c628
23450000 : system.cpu : T0 : 0x1495c : @getenv+30 : lbu : lbu a5, 0(s5) : MemRead : D=0x000000000000004c A=0x5c638
23716000 : system.cpu : T0 : 0x1495c : @getenv+30 : lbu : lbu a5, 0(s5) : MemRead : D=0x000000000000004c A=0x5c648
24075000 : system.cpu : T0 : 0x1495c : @getenv+30 : lbu : lbu a5, 0(s5) : MemRead : D=0x000000000000004c A=0x5c658
24349000 : system.cpu : T0 : 0x1495c : @getenv+30 : lbu : lbu a5, 0(s5) : MemRead : D=0x000000000000004c A=0x5c668
24922000 : system.cpu : T0 : 0x1495c : @getenv+30 : lbu : lbu a5, 0(s5) : MemRead : D=0x000000000000004c A=0x5c6a0
17814000 : system.cpu : T0 : 0x14960 : @getenv+34 : c_beqz : c_beqz a5, 222 : IntAlu : 
18506000 : system.cpu : T0 : 0x14960 : @getenv+34 : c_beqz : c_beqz a5, 222 : IntAlu : 
23454000 : system.cpu : T0 : 0x14960 : @getenv+34 : c_beqz : c_beqz a5, 222 : IntAlu : 
23720000 : system.cpu : T0 : 0x14960 : @getenv+34 : c_beqz : c_beqz a5, 222 : IntAlu : 
24079000 : system.cpu : T0 : 0x14960 : @getenv+34 : c_beqz : c_beqz a5, 222 : IntAlu : 
24353000 : system.cpu : T0 : 0x14960 : @getenv+34 : c_beqz : c_beqz a5, 222 : IntAlu : 
24926000 : system.cpu : T0 : 0x14960 : @getenv+34 : c_beqz : c_beqz a5, 222 : IntAlu : 
17818000 : system.cpu : T0 : 0x14962 : @getenv+36 : lbu : lbu a4, 1(s5) : MemRead : D=0x0000000000000044 A=0x5c531
18510000 : system.cpu : T0 : 0x14962 : @getenv+36 : lbu : lbu a4, 1(s5) : MemRead : D=0x0000000000000044 A=0x5c629
23458000 : system.cpu : T0 : 0x14962 : @getenv+36 : lbu : lbu a4, 1(s5) : MemRead : D=0x0000000000000044 A=0x5c639
23724000 : system.cpu : T0 : 0x14962 : @getenv+36 : lbu : lbu a4, 1(s5) : MemRead : D=0x0000000000000044 A=0x5c649
24083000 : system.cpu : T0 : 0x14962 : @getenv+36 : lbu : lbu a4, 1(s5) : MemRead : D=0x0000000000000044 A=0x5c659
24357000 : system.cpu : T0 : 0x14962 : @getenv+36 : lbu : lbu a4, 1(s5) : MemRead : D=0x0000000000000044 A=0x5c669
24930000 : system.cpu : T0 : 0x14962 : @getenv+36 : lbu : lbu a4, 1(s5) : MemRead : D=0x0000000000000044 A=0x5c6a1
17824000 : system.cpu : T0 : 0x14966 : @getenv+40 : slliw : slliw a5, a5, 16 : IntAlu : D=0x00000000004c0000
18516000 : system.cpu : T0 : 0x14966 : @getenv+40 : slliw : slliw a5, a5, 16 : IntAlu : D=0x00000000004c0000
23464000 : system.cpu : T0 : 0x14966 : @getenv+40 : slliw : slliw a5, a5, 16 : IntAlu : D=0x00000000004c0000
23730000 : system.cpu : T0 : 0x14966 : @getenv+40 : slliw : slliw a5, a5, 16 : IntAlu : D=0x00000000004c0000
24089000 : system.cpu : T0 : 0x14966 : @getenv+40 : slliw : slliw a5, a5, 16 : IntAlu : D=0x00000000004c0000
24363000 : system.cpu : T0 : 0x14966 : @getenv+40 : slliw : slliw a5, a5, 16 : IntAlu : D=0x00000000004c0000
24936000 : system.cpu : T0 : 0x14966 : @getenv+40 : slliw : slliw a5, a5, 16 : IntAlu : D=0x00000000004c0000
17828000 : system.cpu : T0 : 0x1496a : @getenv+44 : sraiw : sraiw a5, a5, 16 : IntAlu : D=0x000000000000004c
18520000 : system.cpu : T0 : 0x1496a : @getenv+44 : sraiw : sraiw a5, a5, 16 : IntAlu : D=0x000000000000004c
23468000 : system.cpu : T0 : 0x1496a : @getenv+44 : sraiw : sraiw a5, a5, 16 : IntAlu : D=0x000000000000004c
23734000 : system.cpu : T0 : 0x1496a : @getenv+44 : sraiw : sraiw a5, a5, 16 : IntAlu : D=0x000000000000004c
24093000 : system.cpu : T0 : 0x1496a : @getenv+44 : sraiw : sraiw a5, a5, 16 : IntAlu : D=0x000000000000004c
24367000 : system.cpu : T0 : 0x1496a : @getenv+44 : sraiw : sraiw a5, a5, 16 : IntAlu : D=0x000000000000004c
24940000 : system.cpu : T0 : 0x1496a : @getenv+44 : sraiw : sraiw a5, a5, 16 : IntAlu : D=0x000000000000004c
17830000 : system.cpu : T0 : 0x1496e : @getenv+48 : c_ld : c_ld s0, 0(s1) : MemRead : D=0x0000000000000000 A=0x7ffffffffffffee8
18522000 : system.cpu : T0 : 0x1496e : @getenv+48 : c_ld : c_ld s0, 0(s1) : MemRead : D=0x0000000000000000 A=0x7ffffffffffffee8
23470000 : system.cpu : T0 : 0x1496e : @getenv+48 : c_ld : c_ld s0, 0(s1) : MemRead : D=0x0000000000000000 A=0x7ffffffffffffee8
23736000 : system.cpu : T0 : 0x1496e : @getenv+48 : c_ld : c_ld s0, 0(s1) : MemRead : D=0x0000000000000000 A=0x7ffffffffffffee8
24095000 : system.cpu : T0 : 0x1496e : @getenv+48 : c_ld : c_ld s0, 0(s1) : MemRead : D=0x0000000000000000 A=0x7ffffffffffffee8
24369000 : system.cpu : T0 : 0x1496e : @getenv+48 : c_ld : c_ld s0, 0(s1) : MemRead : D=0x0000000000000000 A=0x7ffffffffffffee8
24942000 : system.cpu : T0 : 0x1496e : @getenv+48 : c_ld : c_ld s0, 0(s1) : MemRead : D=0x0000000000000000 A=0x7ffffffffffffee8
17834000 : system.cpu : T0 : 0x14970 : @getenv+50 : c_bnez : c_bnez a4, 106 : IntAlu : 
18526000 : system.cpu : T0 : 0x14970 : @getenv+50 : c_bnez : c_bnez a4, 106 : IntAlu : 
23474000 : system.cpu : T0 : 0x14970 : @getenv+50 : c_bnez : c_bnez a4, 106 : IntAlu : 
23740000 : system.cpu : T0 : 0x14970 : @getenv+50 : c_bnez : c_bnez a4, 106 : IntAlu : 
24099000 : system.cpu : T0 : 0x14970 : @getenv+50 : c_bnez : c_bnez a4, 106 : IntAlu : 
24373000 : system.cpu : T0 : 0x14970 : @getenv+50 : c_bnez : c_bnez a4, 106 : IntAlu : 
24946000 : system.cpu : T0 : 0x14970 : @getenv+50 : c_bnez : c_bnez a4, 106 : IntAlu : 
17909000 : system.cpu : T0 : 0x149c4 : @getenv+134 : c_mv : c_mv a0, s0 : IntAlu : D=0x0000000000000000
18546000 : system.cpu : T0 : 0x149c4 : @getenv+134 : c_mv : c_mv a0, s0 : IntAlu : D=0x0000000000000000
23494000 : system.cpu : T0 : 0x149c4 : @getenv+134 : c_mv : c_mv a0, s0 : IntAlu : D=0x0000000000000000
23760000 : system.cpu : T0 : 0x149c4 : @getenv+134 : c_mv : c_mv a0, s0 : IntAlu : D=0x0000000000000000
24119000 : system.cpu : T0 : 0x149c4 : @getenv+134 : c_mv : c_mv a0, s0 : IntAlu : D=0x0000000000000000
24393000 : system.cpu : T0 : 0x149c4 : @getenv+134 : c_mv : c_mv a0, s0 : IntAlu : D=0x0000000000000000
24966000 : system.cpu : T0 : 0x149c4 : @getenv+134 : c_mv : c_mv a0, s0 : IntAlu : D=0x0000000000000000
17911000 : system.cpu : T0 : 0x149c6 : @getenv+136 : c_ldsp : c_ldsp ra, 56(sp) : MemRead : D=0x0000000000021fbe A=0x7ffffffffffffd08
18548000 : system.cpu : T0 : 0x149c6 : @getenv+136 : c_ldsp : c_ldsp ra, 56(sp) : MemRead : D=0x00000000000221aa A=0x7ffffffffffffd08
23496000 : system.cpu : T0 : 0x149c6 : @getenv+136 : c_ldsp : c_ldsp ra, 56(sp) : MemRead : D=0x00000000000221ca A=0x7ffffffffffffd08
23762000 : system.cpu : T0 : 0x149c6 : @getenv+136 : c_ldsp : c_ldsp ra, 56(sp) : MemRead : D=0x00000000000221ea A=0x7ffffffffffffd08
24121000 : system.cpu : T0 : 0x149c6 : @getenv+136 : c_ldsp : c_ldsp ra, 56(sp) : MemRead : D=0x000000000002220a A=0x7ffffffffffffd08
24395000 : system.cpu : T0 : 0x149c6 : @getenv+136 : c_ldsp : c_ldsp ra, 56(sp) : MemRead : D=0x000000000002222a A=0x7ffffffffffffd08
24968000 : system.cpu : T0 : 0x149c6 : @getenv+136 : c_ldsp : c_ldsp ra, 56(sp) : MemRead : D=0x0000000000022288 A=0x7ffffffffffffd08
17915000 : system.cpu : T0 : 0x149c8 : @getenv+138 : c_ldsp : c_ldsp s0, 48(sp) : MemRead : D=0x0000000000000001 A=0x7ffffffffffffd00
18552000 : system.cpu : T0 : 0x149c8 : @getenv+138 : c_ldsp : c_ldsp s0, 48(sp) : MemRead : D=0x0000000000000001 A=0x7ffffffffffffd00
23500000 : system.cpu : T0 : 0x149c8 : @getenv+138 : c_ldsp : c_ldsp s0, 48(sp) : MemRead : D=0x0000000000000001 A=0x7ffffffffffffd00
23766000 : system.cpu : T0 : 0x149c8 : @getenv+138 : c_ldsp : c_ldsp s0, 48(sp) : MemRead : D=0x0000000000000001 A=0x7ffffffffffffd00
24125000 : system.cpu : T0 : 0x149c8 : @getenv+138 : c_ldsp : c_ldsp s0, 48(sp) : MemRead : D=0x0000000000000001 A=0x7ffffffffffffd00
24399000 : system.cpu : T0 : 0x149c8 : @getenv+138 : c_ldsp : c_ldsp s0, 48(sp) : MemRead : D=0x0000000000000001 A=0x7ffffffffffffd00
24972000 : system.cpu : T0 : 0x149c8 : @getenv+138 : c_ldsp : c_ldsp s0, 48(sp) : MemRead : D=0x0000000000000001 A=0x7ffffffffffffd00
17919000 : system.cpu : T0 : 0x149ca : @getenv+140 : c_ldsp : c_ldsp s1, 40(sp) : MemRead : D=0x000000000007d000 A=0x7ffffffffffffcf8
18556000 : system.cpu : T0 : 0x149ca : @getenv+140 : c_ldsp : c_ldsp s1, 40(sp) : MemRead : D=0x000000000007d000 A=0x7ffffffffffffcf8
23504000 : system.cpu : T0 : 0x149ca : @getenv+140 : c_ldsp : c_ldsp s1, 40(sp) : MemRead : D=0x000000000007d000 A=0x7ffffffffffffcf8
23770000 : system.cpu : T0 : 0x149ca : @getenv+140 : c_ldsp : c_ldsp s1, 40(sp) : MemRead : D=0x000000000007d000 A=0x7ffffffffffffcf8
24129000 : system.cpu : T0 : 0x149ca : @getenv+140 : c_ldsp : c_ldsp s1, 40(sp) : MemRead : D=0x000000000007d000 A=0x7ffffffffffffcf8
24403000 : system.cpu : T0 : 0x149ca : @getenv+140 : c_ldsp : c_ldsp s1, 40(sp) : MemRead : D=0x000000000007d000 A=0x7ffffffffffffcf8
24976000 : system.cpu : T0 : 0x149ca : @getenv+140 : c_ldsp : c_ldsp s1, 40(sp) : MemRead : D=0x000000000007d000 A=0x7ffffffffffffcf8
17923000 : system.cpu : T0 : 0x149cc : @getenv+142 : c_ldsp : c_ldsp s2, 32(sp) : MemRead : D=0x000000000007d000 A=0x7ffffffffffffcf0
18560000 : system.cpu : T0 : 0x149cc : @getenv+142 : c_ldsp : c_ldsp s2, 32(sp) : MemRead : D=0x000000000007d000 A=0x7ffffffffffffcf0
23508000 : system.cpu : T0 : 0x149cc : @getenv+142 : c_ldsp : c_ldsp s2, 32(sp) : MemRead : D=0x000000000007d000 A=0x7ffffffffffffcf0
23774000 : system.cpu : T0 : 0x149cc : @getenv+142 : c_ldsp : c_ldsp s2, 32(sp) : MemRead : D=0x000000000007d000 A=0x7ffffffffffffcf0
24133000 : system.cpu : T0 : 0x149cc : @getenv+142 : c_ldsp : c_ldsp s2, 32(sp) : MemRead : D=0x000000000007d000 A=0x7ffffffffffffcf0
24407000 : system.cpu : T0 : 0x149cc : @getenv+142 : c_ldsp : c_ldsp s2, 32(sp) : MemRead : D=0x000000000007d000 A=0x7ffffffffffffcf0
24980000 : system.cpu : T0 : 0x149cc : @getenv+142 : c_ldsp : c_ldsp s2, 32(sp) : MemRead : D=0x000000000007d000 A=0x7ffffffffffffcf0
17927000 : system.cpu : T0 : 0x149ce : @getenv+144 : c_ldsp : c_ldsp s3, 24(sp) : MemRead : D=0x0000000000000000 A=0x7ffffffffffffce8
18564000 : system.cpu : T0 : 0x149ce : @getenv+144 : c_ldsp : c_ldsp s3, 24(sp) : MemRead : D=0x000000000007d000 A=0x7ffffffffffffce8
23512000 : system.cpu : T0 : 0x149ce : @getenv+144 : c_ldsp : c_ldsp s3, 24(sp) : MemRead : D=0x000000000007d000 A=0x7ffffffffffffce8
23778000 : system.cpu : T0 : 0x149ce : @getenv+144 : c_ldsp : c_ldsp s3, 24(sp) : MemRead : D=0x000000000007d000 A=0x7ffffffffffffce8
24137000 : system.cpu : T0 : 0x149ce : @getenv+144 : c_ldsp : c_ldsp s3, 24(sp) : MemRead : D=0x000000000007d000 A=0x7ffffffffffffce8
24411000 : system.cpu : T0 : 0x149ce : @getenv+144 : c_ldsp : c_ldsp s3, 24(sp) : MemRead : D=0x000000000007d000 A=0x7ffffffffffffce8
24984000 : system.cpu : T0 : 0x149ce : @getenv+144 : c_ldsp : c_ldsp s3, 24(sp) : MemRead : D=0x000000000007d000 A=0x7ffffffffffffce8
17931000 : system.cpu : T0 : 0x149d0 : @getenv+146 : c_ldsp : c_ldsp s4, 16(sp) : MemRead : D=0x0000000000000000 A=0x7ffffffffffffce0
18568000 : system.cpu : T0 : 0x149d0 : @getenv+146 : c_ldsp : c_ldsp s4, 16(sp) : MemRead : D=0x0000000000000000 A=0x7ffffffffffffce0
23516000 : system.cpu : T0 : 0x149d0 : @getenv+146 : c_ldsp : c_ldsp s4, 16(sp) : MemRead : D=0x0000000000000000 A=0x7ffffffffffffce0
23782000 : system.cpu : T0 : 0x149d0 : @getenv+146 : c_ldsp : c_ldsp s4, 16(sp) : MemRead : D=0x0000000000000000 A=0x7ffffffffffffce0
24141000 : system.cpu : T0 : 0x149d0 : @getenv+146 : c_ldsp : c_ldsp s4, 16(sp) : MemRead : D=0x0000000000000000 A=0x7ffffffffffffce0
24415000 : system.cpu : T0 : 0x149d0 : @getenv+146 : c_ldsp : c_ldsp s4, 16(sp) : MemRead : D=0x0000000000000000 A=0x7ffffffffffffce0
24988000 : system.cpu : T0 : 0x149d0 : @getenv+146 : c_ldsp : c_ldsp s4, 16(sp) : MemRead : D=0x0000000000000000 A=0x7ffffffffffffce0
17935000 : system.cpu : T0 : 0x149d2 : @getenv+148 : c_ldsp : c_ldsp s5, 8(sp) : MemRead : D=0x0000000000000000 A=0x7ffffffffffffcd8
18572000 : system.cpu : T0 : 0x149d2 : @getenv+148 : c_ldsp : c_ldsp s5, 8(sp) : MemRead : D=0x0000000000000000 A=0x7ffffffffffffcd8
23520000 : system.cpu : T0 : 0x149d2 : @getenv+148 : c_ldsp : c_ldsp s5, 8(sp) : MemRead : D=0x0000000000000000 A=0x7ffffffffffffcd8
23786000 : system.cpu : T0 : 0x149d2 : @getenv+148 : c_ldsp : c_ldsp s5, 8(sp) : MemRead : D=0x0000000000000000 A=0x7ffffffffffffcd8
24145000 : system.cpu : T0 : 0x149d2 : @getenv+148 : c_ldsp : c_ldsp s5, 8(sp) : MemRead : D=0x0000000000000000 A=0x7ffffffffffffcd8
24419000 : system.cpu : T0 : 0x149d2 : @getenv+148 : c_ldsp : c_ldsp s5, 8(sp) : MemRead : D=0x0000000000000000 A=0x7ffffffffffffcd8
24992000 : system.cpu : T0 : 0x149d2 : @getenv+148 : c_ldsp : c_ldsp s5, 8(sp) : MemRead : D=0x0000000000000000 A=0x7ffffffffffffcd8
17939000 : system.cpu : T0 : 0x149d4 : @getenv+150 : c_ldsp : c_ldsp s6, 0(sp) : MemRead : D=0x0000000000000000 A=0x7ffffffffffffcd0
18576000 : system.cpu : T0 : 0x149d4 : @getenv+150 : c_ldsp : c_ldsp s6, 0(sp) : MemRead : D=0x0000000000000000 A=0x7ffffffffffffcd0
23524000 : system.cpu : T0 : 0x149d4 : @getenv+150 : c_ldsp : c_ldsp s6, 0(sp) : MemRead : D=0x0000000000000000 A=0x7ffffffffffffcd0
23790000 : system.cpu : T0 : 0x149d4 : @getenv+150 : c_ldsp : c_ldsp s6, 0(sp) : MemRead : D=0x0000000000000000 A=0x7ffffffffffffcd0
24149000 : system.cpu : T0 : 0x149d4 : @getenv+150 : c_ldsp : c_ldsp s6, 0(sp) : MemRead : D=0x0000000000000000 A=0x7ffffffffffffcd0
24423000 : system.cpu : T0 : 0x149d4 : @getenv+150 : c_ldsp : c_ldsp s6, 0(sp) : MemRead : D=0x0000000000000000 A=0x7ffffffffffffcd0
24996000 : system.cpu : T0 : 0x149d4 : @getenv+150 : c_ldsp : c_ldsp s6, 0(sp) : MemRead : D=0x0000000000000000 A=0x7ffffffffffffcd0
17943000 : system.cpu : T0 : 0x149d6 : @getenv+152 : c_addi16sp : c_addi16sp sp, 64 : IntAlu : D=0x7ffffffffffffd10
18580000 : system.cpu : T0 : 0x149d6 : @getenv+152 : c_addi16sp : c_addi16sp sp, 64 : IntAlu : D=0x7ffffffffffffd10
23528000 : system.cpu : T0 : 0x149d6 : @getenv+152 : c_addi16sp : c_addi16sp sp, 64 : IntAlu : D=0x7ffffffffffffd10
23794000 : system.cpu : T0 : 0x149d6 : @getenv+152 : c_addi16sp : c_addi16sp sp, 64 : IntAlu : D=0x7ffffffffffffd10
24153000 : system.cpu : T0 : 0x149d6 : @getenv+152 : c_addi16sp : c_addi16sp sp, 64 : IntAlu : D=0x7ffffffffffffd10
24427000 : system.cpu : T0 : 0x149d6 : @getenv+152 : c_addi16sp : c_addi16sp sp, 64 : IntAlu : D=0x7ffffffffffffd10
25000000 : system.cpu : T0 : 0x149d6 : @getenv+152 : c_addi16sp : c_addi16sp sp, 64 : IntAlu : D=0x7ffffffffffffd10
17945000 : system.cpu : T0 : 0x149d8 : @getenv+154 : c_jr : c_jr ra : IntAlu : 
18582000 : system.cpu : T0 : 0x149d8 : @getenv+154 : c_jr : c_jr ra : IntAlu : 
23530000 : system.cpu : T0 : 0x149d8 : @getenv+154 : c_jr : c_jr ra : IntAlu : 
23796000 : system.cpu : T0 : 0x149d8 : @getenv+154 : c_jr : c_jr ra : IntAlu : 
24155000 : system.cpu : T0 : 0x149d8 : @getenv+154 : c_jr : c_jr ra : IntAlu : 
24429000 : system.cpu : T0 : 0x149d8 : @getenv+154 : c_jr : c_jr ra : IntAlu : 
25002000 : system.cpu : T0 : 0x149d8 : @getenv+154 : c_jr : c_jr ra : IntAlu : 
17887000 : system.cpu : T0 : 0x149da : @getenv+156 : c_slli : c_slli a4, 8 : IntAlu : D=0x0000000000004400
18528000 : system.cpu : T0 : 0x149da : @getenv+156 : c_slli : c_slli a4, 8 : IntAlu : D=0x0000000000004400
23476000 : system.cpu : T0 : 0x149da : @getenv+156 : c_slli : c_slli a4, 8 : IntAlu : D=0x0000000000004400
23742000 : system.cpu : T0 : 0x149da : @getenv+156 : c_slli : c_slli a4, 8 : IntAlu : D=0x0000000000004400
24101000 : system.cpu : T0 : 0x149da : @getenv+156 : c_slli : c_slli a4, 8 : IntAlu : D=0x0000000000004400
24375000 : system.cpu : T0 : 0x149da : @getenv+156 : c_slli : c_slli a4, 8 : IntAlu : D=0x0000000000004400
24948000 : system.cpu : T0 : 0x149da : @getenv+156 : c_slli : c_slli a4, 8 : IntAlu : D=0x0000000000004400
17893000 : system.cpu : T0 : 0x149dc : @getenv+158 : c_or : c_or a5, a4 : IntAlu : D=0x000000000000444c
18530000 : system.cpu : T0 : 0x149dc : @getenv+158 : c_or : c_or a5, a4 : IntAlu : D=0x000000000000444c
23478000 : system.cpu : T0 : 0x149dc : @getenv+158 : c_or : c_or a5, a4 : IntAlu : D=0x000000000000444c
23744000 : system.cpu : T0 : 0x149dc : @getenv+158 : c_or : c_or a5, a4 : IntAlu : D=0x000000000000444c
24103000 : system.cpu : T0 : 0x149dc : @getenv+158 : c_or : c_or a5, a4 : IntAlu : D=0x000000000000444c
24377000 : system.cpu : T0 : 0x149dc : @getenv+158 : c_or : c_or a5, a4 : IntAlu : D=0x000000000000444c
24950000 : system.cpu : T0 : 0x149dc : @getenv+158 : c_or : c_or a5, a4 : IntAlu : D=0x000000000000444c
17897000 : system.cpu : T0 : 0x149de : @getenv+160 : slliw : slliw a5, a5, 16 : IntAlu : D=0x00000000444c0000
18534000 : system.cpu : T0 : 0x149de : @getenv+160 : slliw : slliw a5, a5, 16 : IntAlu : D=0x00000000444c0000
23482000 : system.cpu : T0 : 0x149de : @getenv+160 : slliw : slliw a5, a5, 16 : IntAlu : D=0x00000000444c0000
23748000 : system.cpu : T0 : 0x149de : @getenv+160 : slliw : slliw a5, a5, 16 : IntAlu : D=0x00000000444c0000
24107000 : system.cpu : T0 : 0x149de : @getenv+160 : slliw : slliw a5, a5, 16 : IntAlu : D=0x00000000444c0000
24381000 : system.cpu : T0 : 0x149de : @getenv+160 : slliw : slliw a5, a5, 16 : IntAlu : D=0x00000000444c0000
24954000 : system.cpu : T0 : 0x149de : @getenv+160 : slliw : slliw a5, a5, 16 : IntAlu : D=0x00000000444c0000
17899000 : system.cpu : T0 : 0x149e2 : @getenv+164 : c_mv : c_mv s3, a0 : IntAlu : D=0x0000000000000007
18536000 : system.cpu : T0 : 0x149e2 : @getenv+164 : c_mv : c_mv s3, a0 : IntAlu : D=0x000000000000000f
23484000 : system.cpu : T0 : 0x149e2 : @getenv+164 : c_mv : c_mv s3, a0 : IntAlu : D=0x000000000000000b
23750000 : system.cpu : T0 : 0x149e2 : @getenv+164 : c_mv : c_mv s3, a0 : IntAlu : D=0x000000000000000b
24109000 : system.cpu : T0 : 0x149e2 : @getenv+164 : c_mv : c_mv s3, a0 : IntAlu : D=0x000000000000000f
24383000 : system.cpu : T0 : 0x149e2 : @getenv+164 : c_mv : c_mv s3, a0 : IntAlu : D=0x0000000000000011
24956000 : system.cpu : T0 : 0x149e2 : @getenv+164 : c_mv : c_mv s3, a0 : IntAlu : D=0x0000000000000010
17901000 : system.cpu : T0 : 0x149e4 : @getenv+166 : sraiw : sraiw a5, a5, 16 : IntAlu : D=0x000000000000444c
18538000 : system.cpu : T0 : 0x149e4 : @getenv+166 : sraiw : sraiw a5, a5, 16 : IntAlu : D=0x000000000000444c
23486000 : system.cpu : T0 : 0x149e4 : @getenv+166 : sraiw : sraiw a5, a5, 16 : IntAlu : D=0x000000000000444c
23752000 : system.cpu : T0 : 0x149e4 : @getenv+166 : sraiw : sraiw a5, a5, 16 : IntAlu : D=0x000000000000444c
24111000 : system.cpu : T0 : 0x149e4 : @getenv+166 : sraiw : sraiw a5, a5, 16 : IntAlu : D=0x000000000000444c
24385000 : system.cpu : T0 : 0x149e4 : @getenv+166 : sraiw : sraiw a5, a5, 16 : IntAlu : D=0x000000000000444c
24958000 : system.cpu : T0 : 0x149e4 : @getenv+166 : sraiw : sraiw a5, a5, 16 : IntAlu : D=0x000000000000444c
17903000 : system.cpu : T0 : 0x149e8 : @getenv+170 : addi : addi s4, a0, -2 : IntAlu : D=0x0000000000000005
18540000 : system.cpu : T0 : 0x149e8 : @getenv+170 : addi : addi s4, a0, -2 : IntAlu : D=0x000000000000000d
23488000 : system.cpu : T0 : 0x149e8 : @getenv+170 : addi : addi s4, a0, -2 : IntAlu : D=0x0000000000000009
23754000 : system.cpu : T0 : 0x149e8 : @getenv+170 : addi : addi s4, a0, -2 : IntAlu : D=0x0000000000000009
24113000 : system.cpu : T0 : 0x149e8 : @getenv+170 : addi : addi s4, a0, -2 : IntAlu : D=0x000000000000000d
24387000 : system.cpu : T0 : 0x149e8 : @getenv+170 : addi : addi s4, a0, -2 : IntAlu : D=0x000000000000000f
24960000 : system.cpu : T0 : 0x149e8 : @getenv+170 : addi : addi s4, a0, -2 : IntAlu : D=0x000000000000000e
17905000 : system.cpu : T0 : 0x149ec : @getenv+174 : c_addi : c_addi s5, 2 : IntAlu : D=0x000000000005c532
18542000 : system.cpu : T0 : 0x149ec : @getenv+174 : c_addi : c_addi s5, 2 : IntAlu : D=0x000000000005c62a
23490000 : system.cpu : T0 : 0x149ec : @getenv+174 : c_addi : c_addi s5, 2 : IntAlu : D=0x000000000005c63a
23756000 : system.cpu : T0 : 0x149ec : @getenv+174 : c_addi : c_addi s5, 2 : IntAlu : D=0x000000000005c64a
24115000 : system.cpu : T0 : 0x149ec : @getenv+174 : c_addi : c_addi s5, 2 : IntAlu : D=0x000000000005c65a
24389000 : system.cpu : T0 : 0x149ec : @getenv+174 : c_addi : c_addi s5, 2 : IntAlu : D=0x000000000005c66a
24962000 : system.cpu : T0 : 0x149ec : @getenv+174 : c_addi : c_addi s5, 2 : IntAlu : D=0x000000000005c6a2
17907000 : system.cpu : T0 : 0x149ee : @getenv+176 : c_beqz : c_beqz s0, -42 : IntAlu : 
18544000 : system.cpu : T0 : 0x149ee : @getenv+176 : c_beqz : c_beqz s0, -42 : IntAlu : 
23492000 : system.cpu : T0 : 0x149ee : @getenv+176 : c_beqz : c_beqz s0, -42 : IntAlu : 
23758000 : system.cpu : T0 : 0x149ee : @getenv+176 : c_beqz : c_beqz s0, -42 : IntAlu : 
24117000 : system.cpu : T0 : 0x149ee : @getenv+176 : c_beqz : c_beqz s0, -42 : IntAlu : 
24391000 : system.cpu : T0 : 0x149ee : @getenv+176 : c_beqz : c_beqz s0, -42 : IntAlu : 
24964000 : system.cpu : T0 : 0x149ee : @getenv+176 : c_beqz : c_beqz s0, -42 : IntAlu : 
40421000 : system.cpu : T0 : 0x14a42 : @__run_exit_handlers : c_addi16sp : c_addi16sp sp, -64 : IntAlu : D=0x7ffffffffffffd40
40427000 : system.cpu : T0 : 0x14a44 : @__run_exit_handlers+2 : lui : lui a5, 0 : IntAlu : D=0x0000000000000000
40429000 : system.cpu : T0 : 0x14a48 : @__run_exit_handlers+6 : c_sdsp : c_sdsp s2, 32(sp) : MemWrite : D=0x0000000000000000 A=0x7ffffffffffffd60
40433000 : system.cpu : T0 : 0x14a4a : @__run_exit_handlers+8 : c_sdsp : c_sdsp s4, 16(sp) : MemWrite : D=0x0000000000000000 A=0x7ffffffffffffd50
40437000 : system.cpu : T0 : 0x14a4c : @__run_exit_handlers+10 : c_sdsp : c_sdsp s5, 8(sp) : MemWrite : D=0x0000000000000000 A=0x7ffffffffffffd48
40441000 : system.cpu : T0 : 0x14a4e : @__run_exit_handlers+12 : c_sdsp : c_sdsp ra, 56(sp) : MemWrite : D=0x0000000000014b18 A=0x7ffffffffffffd78
40445000 : system.cpu : T0 : 0x14a50 : @__run_exit_handlers+14 : c_sdsp : c_sdsp s0, 48(sp) : MemWrite : D=0x000000000001089a A=0x7ffffffffffffd70
40449000 : system.cpu : T0 : 0x14a52 : @__run_exit_handlers+16 : c_sdsp : c_sdsp s1, 40(sp) : MemWrite : D=0x000000000001092a A=0x7ffffffffffffd68
40453000 : system.cpu : T0 : 0x14a54 : @__run_exit_handlers+18 : c_sdsp : c_sdsp s3, 24(sp) : MemWrite : D=0x0000000000000000 A=0x7ffffffffffffd58
40457000 : system.cpu : T0 : 0x14a56 : @__run_exit_handlers+20 : c_sdsp : c_sdsp s6, 0(sp) : MemWrite : D=0x0000000000000000 A=0x7ffffffffffffd40
40461000 : system.cpu : T0 : 0x14a58 : @__run_exit_handlers+22 : addi : addi a5, a5, 0 : IntAlu : D=0x0000000000000000
40463000 : system.cpu : T0 : 0x14a5c : @__run_exit_handlers+26 : c_mv : c_mv s2, a0 : IntAlu : D=0x0000000000000000
40465000 : system.cpu : T0 : 0x14a5e : @__run_exit_handlers+28 : c_mv : c_mv s4, a1 : IntAlu : D=0x000000000007b9f0
40467000 : system.cpu : T0 : 0x14a60 : @__run_exit_handlers+30 : c_mv : c_mv s5, a2 : IntAlu : D=0x0000000000000001
40469000 : system.cpu : T0 : 0x14a62 : @__run_exit_handlers+32 : c_beqz : c_beqz a5, 4 : IntAlu : 
40471000 : system.cpu : T0 : 0x14a66 : @__run_exit_handlers+36 : c_li : c_li s0, 3 : IntAlu : D=0x0000000000000003
40473000 : system.cpu : T0 : 0x14a68 : @__run_exit_handlers+38 : c_li : c_li s1, 4 : IntAlu : D=0x0000000000000004
40475000 : system.cpu : T0 : 0x14a6a : @__run_exit_handlers+40 : c_li : c_li s3, 2 : IntAlu : D=0x0000000000000002
40477000 : system.cpu : T0 : 0x14a6c : @__run_exit_handlers+42 : ld : ld s6, 0(s4) : MemRead : D=0x000000000007c380 A=0x7b9f0
40481000 : system.cpu : T0 : 0x14a70 : @__run_exit_handlers+46 : beq : beq s6, zero, 52 : IntAlu : 
40483000 : system.cpu : T0 : 0x14a74 : @__run_exit_handlers+50 : ld : ld a5, 8(s6) : MemRead : D=0x0000000000000001 A=0x7c388
41688000 : system.cpu : T0 : 0x14a74 : @__run_exit_handlers+50 : ld : ld a5, 8(s6) : MemRead : D=0x0000000000000000 A=0x7c388
40487000 : system.cpu : T0 : 0x14a78 : @__run_exit_handlers+54 : slli : slli a4, a5, 5 : IntAlu : D=0x0000000000000020
41692000 : system.cpu : T0 : 0x14a78 : @__run_exit_handlers+54 : slli : slli a4, a5, 5 : IntAlu : D=0x0000000000000000
40489000 : system.cpu : T0 : 0x14a7c : @__run_exit_handlers+58 : c_add : c_add a4, s6 : IntAlu : D=0x000000000007c3a0
41694000 : system.cpu : T0 : 0x14a7c : @__run_exit_handlers+58 : c_add : c_add a4, s6 : IntAlu : D=0x000000000007c380
40491000 : system.cpu : T0 : 0x14a7e : @__run_exit_handlers+60 : c_beqz : c_beqz a5, 28 : IntAlu : 
41696000 : system.cpu : T0 : 0x14a7e : @__run_exit_handlers+60 : c_beqz : c_beqz a5, 28 : IntAlu : 
40544000 : system.cpu : T0 : 0x14a80 : @__run_exit_handlers+62 : c_addi : c_addi a5, -1 : IntAlu : D=0x0000000000000000
40552000 : system.cpu : T0 : 0x14a82 : @__run_exit_handlers+64 : sd : sd a5, 8(s6) : MemWrite : D=0x0000000000000000 A=0x7c388
40558000 : system.cpu : T0 : 0x14a86 : @__run_exit_handlers+68 : ld : ld a3, -16(a4) : MemRead : D=0x0000000000000004 A=0x7c390
40564000 : system.cpu : T0 : 0x14a8a : @__run_exit_handlers+72 : beq : beq a3, s0, 70 : IntAlu : 
40568000 : system.cpu : T0 : 0x14a8e : @__run_exit_handlers+76 : beq : beq a3, s1, 90 : IntAlu : 
41700000 : system.cpu : T0 : 0x14a9a : @__run_exit_handlers+88 : ld : ld a5, 0(s6) : MemRead : D=0x0000000000000000 A=0x7c380
41706000 : system.cpu : T0 : 0x14a9e : @__run_exit_handlers+92 : sd : sd a5, 0(s4) : MemWrite : D=0x0000000000000000 A=0x7b9f0
41710000 : system.cpu : T0 : 0x14aa2 : @__run_exit_handlers+96 : c_bnez : c_bnez a5, 84 : IntAlu : 
41712000 : system.cpu : T0 : 0x14aa4 : @__run_exit_handlers+98 : beq : beq s5, zero, 38 : IntAlu : 
41714000 : system.cpu : T0 : 0x14aa8 : @__run_exit_handlers+102 : lui : lui s0, 117 : IntAlu : D=0x0000000000075000
41716000 : system.cpu : T0 : 0x14aac : @__run_exit_handlers+106 : lui : lui s1, 117 : IntAlu : D=0x0000000000075000
41718000 : system.cpu : T0 : 0x14ab0 : @__run_exit_handlers+110 : addi : addi a5, s0, -568 : IntAlu : D=0x0000000000074dc8
41720000 : system.cpu : T0 : 0x14ab4 : @__run_exit_handlers+114 : addi : addi s1, s1, -560 : IntAlu : D=0x0000000000074dd0
41722000 : system.cpu : T0 : 0x14ab8 : @__run_exit_handlers+118 : bgeu : bgeu a5, s1, 18 : IntAlu : 
41724000 : system.cpu : T0 : 0x14abc : @__run_exit_handlers+122 : addi : addi s0, s0, -568 : IntAlu : D=0x0000000000074dc8
41726000 : system.cpu : T0 : 0x14ac0 : @__run_exit_handlers+126 : c_ld : c_ld a5, 0(s0) : MemRead : D=0x00000000000195a2 A=0x74dc8
41809000 : system.cpu : T0 : 0x14ac2 : @__run_exit_handlers+128 : c_addi : c_addi s0, 8 : IntAlu : D=0x0000000000074dd0
41811000 : system.cpu : T0 : 0x14ac4 : @__run_exit_handlers+130 : c_jalr : c_jalr a5 : IntAlu : D=0x0000000000014ac6
44250000 : system.cpu : T0 : 0x14ac6 : @__run_exit_handlers+132 : bltu : bltu s0, s1, -6 : IntAlu : 
44252000 : system.cpu : T0 : 0x14aca : @__run_exit_handlers+136 : c_mv : c_mv a0, s2 : IntAlu : D=0x0000000000000000
44254000 : system.cpu : T0 : 0x14acc : @__run_exit_handlers+138 : jal : jal ra, 47024 : IntAlu : D=0x0000000000014ad0
40621000 : system.cpu : T0 : 0x14ae8 : @__run_exit_handlers+166 : c_slli : c_slli a5, 5 : IntAlu : D=0x0000000000000000
40627000 : system.cpu : T0 : 0x14aea : @__run_exit_handlers+168 : c_add : c_add a5, s6 : IntAlu : D=0x000000000007c380
40629000 : system.cpu : T0 : 0x14aec : @__run_exit_handlers+170 : c_ld : c_ld a4, 24(a5) : MemRead : D=0x000000000001092a A=0x7c398
40633000 : system.cpu : T0 : 0x14aee : @__run_exit_handlers+172 : c_ld : c_ld a0, 32(a5) : MemRead : D=0x0000000000000000 A=0x7c3a0
40637000 : system.cpu : T0 : 0x14af0 : @__run_exit_handlers+174 : c_mv : c_mv a1, s2 : IntAlu : D=0x0000000000000000
40639000 : system.cpu : T0 : 0x14af2 : @__run_exit_handlers+176 : c_jalr : c_jalr a4 : IntAlu : D=0x0000000000014af4
41686000 : system.cpu : T0 : 0x14af4 : @__run_exit_handlers+178 : c_j : c_j -128 : IntAlu : 
40340000 : system.cpu : T0 : 0x14b08 : @exit : c_addi : c_addi sp, -16 : IntAlu : D=0x7ffffffffffffd80
40342000 : system.cpu : T0 : 0x14b0a : @exit+2 : c_li : c_li a3, 1 : IntAlu : D=0x0000000000000001
40344000 : system.cpu : T0 : 0x14b0c : @exit+4 : c_li : c_li a2, 1 : IntAlu : D=0x0000000000000001
40348000 : system.cpu : T0 : 0x14b0e : @exit+6 : addi : addi a1, gp, -1792 : IntAlu : D=0x000000000007b9f0
40350000 : system.cpu : T0 : 0x14b12 : @exit+10 : c_sdsp : c_sdsp ra, 8(sp) : MemWrite : D=0x000000000001053c A=0x7ffffffffffffd88
40354000 : system.cpu : T0 : 0x14b14 : @exit+12 : jal : jal ra, -210 : IntAlu : D=0x0000000000014b18
29772000 : system.cpu : T0 : 0x14b18 : @__new_exitfn : c_addi : c_addi sp, -32 : IntAlu : D=0x7ffffffffffffd50
29778000 : system.cpu : T0 : 0x14b1a : @__new_exitfn+2 : c_sdsp : c_sdsp s0, 16(sp) : MemWrite : D=0x0000000000000000 A=0x7ffffffffffffd60
29782000 : system.cpu : T0 : 0x14b1c : @__new_exitfn+4 : c_sdsp : c_sdsp s2, 0(sp) : MemWrite : D=0x000000000001092a A=0x7ffffffffffffd50
29786000 : system.cpu : T0 : 0x14b1e : @__new_exitfn+6 : c_sdsp : c_sdsp ra, 24(sp) : MemWrite : D=0x0000000000014c84 A=0x7ffffffffffffd68
29790000 : system.cpu : T0 : 0x14b20 : @__new_exitfn+8 : c_sdsp : c_sdsp s1, 8(sp) : MemWrite : D=0x0000000000000000 A=0x7ffffffffffffd58
29794000 : system.cpu : T0 : 0x14b22 : @__new_exitfn+10 : c_mv : c_mv s2, a0 : IntAlu : D=0x000000000007b9f0
29796000 : system.cpu : T0 : 0x14b24 : @__new_exitfn+12 : c_li : c_li a4, 1 : IntAlu : D=0x0000000000000001
29800000 : system.cpu : T0 : 0x14b26 : @__new_exitfn+14 : addi : addi a2, gp, -1308 : IntAlu : D=0x000000000007bbd4
29804000 : system.cpu : T0 : 0x14b2a : @__new_exitfn+18. : lr_w : lr_w a5, (a2) : MemRead : D=0x0000000000000000 A=0x7bbd4
29857000 : system.cpu : T0 : 0x14b2a : @__new_exitfn+18. : 0x140627af : 0x140627af fence : No_OpClass : 
29861000 : system.cpu : T0 : 0x14b2e : @__new_exitfn+22 : bne : bne a5, zero, 10 : IntAlu : 
29865000 : system.cpu : T0 : 0x14b32 : @__new_exitfn+26. : sc_w : sc_w a3, a4, (a2) : MemWrite : D=0x0000000000000000 A=0x7bbd4
29867000 : system.cpu : T0 : 0x14b32 : @__new_exitfn+26. : 0x1ce626af : 0x1ce626af fence : No_OpClass : 
29869000 : system.cpu : T0 : 0x14b36 : @__new_exitfn+30 : c_bnez : c_bnez a3, -12 : IntAlu : 
29871000 : system.cpu : T0 : 0x14b38 : @__new_exitfn+32 : c_addiw : c_addiw a5, 0 : IntAlu : D=0x0000000000000000
29873000 : system.cpu : T0 : 0x14b3a : @__new_exitfn+34 : c_bnez : c_bnez a5, 206 : IntAlu : 
29875000 : system.cpu : T0 : 0x14b3c : @__new_exitfn+36 : ld : ld s1, 0(s2) : MemRead : D=0x000000000007c380 A=0x7b9f0
29930000 : system.cpu : T0 : 0x14b40 : @__new_exitfn+40 : c_li : c_li a1, 0 : IntAlu : D=0x0000000000000000
29936000 : system.cpu : T0 : 0x14b42 : @__new_exitfn+42 : c_mv : c_mv a0, s1 : IntAlu : D=0x000000000007c380
29938000 : system.cpu : T0 : 0x14b44 : @__new_exitfn+44 : c_beqz : c_beqz s1, 206 : IntAlu : 
29940000 : system.cpu : T0 : 0x14b46 : @__new_exitfn+46 : c_ld : c_ld a5, 8(a0) : MemRead : D=0x0000000000000000 A=0x7c388
30023000 : system.cpu : T0 : 0x14b48 : @__new_exitfn+48 : c_beqz : c_beqz a5, 38 : IntAlu : 
30025000 : system.cpu : T0 : 0x14b6e : @__new_exitfn+86 : c_ld : c_ld a5, 0(a0) : MemRead : D=0x0000000000000000 A=0x7c380
30029000 : system.cpu : T0 : 0x14b70 : @__new_exitfn+88 : sd : sd zero, 8(a0) : MemWrite : D=0x0000000000000000 A=0x7c388
30033000 : system.cpu : T0 : 0x14b74 : @__new_exitfn+92 : c_mv : c_mv a1, a0 : IntAlu : D=0x000000000007c380
30035000 : system.cpu : T0 : 0x14b76 : @__new_exitfn+94 : c_beqz : c_beqz a5, 98 : IntAlu : 
30161000 : system.cpu : T0 : 0x14b92 : @__new_exitfn+122 : lui : lui a3, 125 : IntAlu : D=0x000000000007d000
30165000 : system.cpu : T0 : 0x14b96 : @__new_exitfn+126 : ld : ld a4, 72(a3) : MemRead : D=0x0000000000000000 A=0x7d048
30169000 : system.cpu : T0 : 0x14b9a : @__new_exitfn+130 : c_li : c_li a2, 1 : IntAlu : D=0x0000000000000001
30171000 : system.cpu : T0 : 0x14b9c : @__new_exitfn+132 : c_sd : c_sd a2, 0(a5) : MemWrite : D=0x0000000000000001 A=0x7c390
30175000 : system.cpu : T0 : 0x14b9e : @__new_exitfn+134 : c_addi : c_addi a4, 1 : IntAlu : D=0x0000000000000001
30177000 : system.cpu : T0 : 0x14ba0 : @__new_exitfn+136 : sd : sd a4, 72(a3) : MemWrite : D=0x0000000000000001 A=0x7d048
30181000 : system.cpu : T0 : 0x14ba4 : @__new_exitfn+140 : addi : addi a4, gp, -1308 : IntAlu : D=0x000000000007bbd4
30183000 : system.cpu : T0 : 0x14ba8 : @__new_exitfn+144. : 0x0a07272f : 0x0a07272f fence : No_OpClass : 
30183000 : system.cpu : T0 : 0x14ba8 : @__new_exitfn+144. : amoswap_w[l] : amoswap_w[l] a4, zero, (a4) : MemRead : D=0x0000000000000001 A=0x7bbd4
30187000 : system.cpu : T0 : 0x14bac : @__new_exitfn+148 : c_li : c_li a3, 1 : IntAlu : D=0x0000000000000001
30189000 : system.cpu : T0 : 0x14bae : @__new_exitfn+150 : c_addiw : c_addiw a4, 0 : IntAlu : D=0x0000000000000001
30191000 : system.cpu : T0 : 0x14bb0 : @__new_exitfn+152 : blt : blt a3, a4, 54 : IntAlu : 
30193000 : system.cpu : T0 : 0x14bb4 : @__new_exitfn+156 : c_ldsp : c_ldsp ra, 24(sp) : MemRead : D=0x0000000000014c84 A=0x7ffffffffffffd68
30197000 : system.cpu : T0 : 0x14bb6 : @__new_exitfn+158 : c_ldsp : c_ldsp s0, 16(sp) : MemRead : D=0x0000000000000000 A=0x7ffffffffffffd60
30201000 : system.cpu : T0 : 0x14bb8 : @__new_exitfn+160 : c_ldsp : c_ldsp s1, 8(sp) : MemRead : D=0x0000000000000000 A=0x7ffffffffffffd58
30205000 : system.cpu : T0 : 0x14bba : @__new_exitfn+162 : c_ldsp : c_ldsp s2, 0(sp) : MemRead : D=0x000000000001092a A=0x7ffffffffffffd50
30209000 : system.cpu : T0 : 0x14bbc : @__new_exitfn+164 : c_mv : c_mv a0, a5 : IntAlu : D=0x000000000007c390
30211000 : system.cpu : T0 : 0x14bbe : @__new_exitfn+166 : c_addi16sp : c_addi16sp sp, 32 : IntAlu : D=0x7ffffffffffffd70
30213000 : system.cpu : T0 : 0x14bc0 : @__new_exitfn+168 : c_jr : c_jr ra : IntAlu : 
30088000 : system.cpu : T0 : 0x14bd8 : @__new_exitfn+192 : c_li : c_li a4, 1 : IntAlu : D=0x0000000000000001
30096000 : system.cpu : T0 : 0x14bda : @__new_exitfn+194 : addi : addi a5, a0, 16 : IntAlu : D=0x000000000007c390
30098000 : system.cpu : T0 : 0x14bde : @__new_exitfn+198 : c_sd : c_sd a4, 8(a0) : MemWrite : D=0x0000000000000001 A=0x7c388
30102000 : system.cpu : T0 : 0x14be0 : @__new_exitfn+200 : c_j : c_j -78 : IntAlu : 
29636000 : system.cpu : T0 : 0x14c6c : @__cxa_atexit : c_addi : c_addi sp, -32 : IntAlu : D=0x7ffffffffffffd70
29642000 : system.cpu : T0 : 0x14c6e : @__cxa_atexit+2 : c_sdsp : c_sdsp s2, 0(sp) : MemWrite : D=0x0000000000000000 A=0x7ffffffffffffd70
29646000 : system.cpu : T0 : 0x14c70 : @__cxa_atexit+4 : c_mv : c_mv s2, a0 : IntAlu : D=0x000000000001092a
29650000 : system.cpu : T0 : 0x14c72 : @__cxa_atexit+6 : addi : addi a0, gp, -1792 : IntAlu : D=0x000000000007b9f0
29652000 : system.cpu : T0 : 0x14c76 : @__cxa_atexit+10 : c_sdsp : c_sdsp s0, 16(sp) : MemWrite : D=0x000000000001089a A=0x7ffffffffffffd80
29656000 : system.cpu : T0 : 0x14c78 : @__cxa_atexit+12 : c_sdsp : c_sdsp s1, 8(sp) : MemWrite : D=0x000000000001092a A=0x7ffffffffffffd78
29660000 : system.cpu : T0 : 0x14c7a : @__cxa_atexit+14 : c_sdsp : c_sdsp ra, 24(sp) : MemWrite : D=0x00000000000104f2 A=0x7ffffffffffffd88
29664000 : system.cpu : T0 : 0x14c7c : @__cxa_atexit+16 : c_mv : c_mv s1, a1 : IntAlu : D=0x0000000000000000
29666000 : system.cpu : T0 : 0x14c7e : @__cxa_atexit+18 : c_mv : c_mv s0, a2 : IntAlu : D=0x0000000000000000
29719000 : system.cpu : T0 : 0x14c80 : @__cxa_atexit+20 : jal : jal ra, -360 : IntAlu : D=0x0000000000014c84
30215000 : system.cpu : T0 : 0x14c84 : @__cxa_atexit+24 : c_beqz : c_beqz a0, 32 : IntAlu : 
30219000 : system.cpu : T0 : 0x14c86 : @__cxa_atexit+26 : sd : sd s2, 8(a0) : MemWrite : D=0x000000000001092a A=0x7c398
30223000 : system.cpu : T0 : 0x14c8a : @__cxa_atexit+30 : c_sd : c_sd s1, 16(a0) : MemWrite : D=0x0000000000000000 A=0x7c3a0
30227000 : system.cpu : T0 : 0x14c8c : @__cxa_atexit+32 : c_sd : c_sd s0, 24(a0) : MemWrite : D=0x0000000000000000 A=0x7c3a8
30233000 : system.cpu : T0 : 0x14c8e : @__cxa_atexit+34 : fence : fence iorw, iorw : No_OpClass : 
30235000 : system.cpu : T0 : 0x14c92 : @__cxa_atexit+38 : c_li : c_li a5, 4 : IntAlu : D=0x0000000000000004
30237000 : system.cpu : T0 : 0x14c94 : @__cxa_atexit+40 : c_sd : c_sd a5, 0(a0) : MemWrite : D=0x0000000000000004 A=0x7c390
30241000 : system.cpu : T0 : 0x14c96 : @__cxa_atexit+42 : c_li : c_li a0, 0 : IntAlu : D=0x0000000000000000
30243000 : system.cpu : T0 : 0x14c98 : @__cxa_atexit+44 : c_ldsp : c_ldsp ra, 24(sp) : MemRead : D=0x00000000000104f2 A=0x7ffffffffffffd88
30247000 : system.cpu : T0 : 0x14c9a : @__cxa_atexit+46 : c_ldsp : c_ldsp s0, 16(sp) : MemRead : D=0x000000000001089a A=0x7ffffffffffffd80
30251000 : system.cpu : T0 : 0x14c9c : @__cxa_atexit+48 : c_ldsp : c_ldsp s1, 8(sp) : MemRead : D=0x000000000001092a A=0x7ffffffffffffd78
30255000 : system.cpu : T0 : 0x14c9e : @__cxa_atexit+50 : c_ldsp : c_ldsp s2, 0(sp) : MemRead : D=0x0000000000000000 A=0x7ffffffffffffd70
30259000 : system.cpu : T0 : 0x14ca0 : @__cxa_atexit+52 : c_addi16sp : c_addi16sp sp, 32 : IntAlu : D=0x7ffffffffffffd90
30261000 : system.cpu : T0 : 0x14ca2 : @__cxa_atexit+54 : c_jr : c_jr ra : IntAlu : 
32469000 : system.cpu : T0 : 0x15670 : @_IO_puts : c_addi16sp : c_addi16sp sp, -48 : IntAlu : D=0x7ffffffffffffd50
32475000 : system.cpu : T0 : 0x15672 : @_IO_puts+2 : c_sdsp : c_sdsp s2, 16(sp) : MemWrite : D=0x0000000000000000 A=0x7ffffffffffffd60
32479000 : system.cpu : T0 : 0x15674 : @_IO_puts+4 : c_sdsp : c_sdsp s0, 32(sp) : MemWrite : D=0x7ffffffffffffd90 A=0x7ffffffffffffd70
32483000 : system.cpu : T0 : 0x15676 : @_IO_puts+6 : c_sdsp : c_sdsp s1, 24(sp) : MemWrite : D=0x000000000001092a A=0x7ffffffffffffd68
32487000 : system.cpu : T0 : 0x15678 : @_IO_puts+8 : c_sdsp : c_sdsp s3, 8(sp) : MemWrite : D=0x0000000000000000 A=0x7ffffffffffffd58
32491000 : system.cpu : T0 : 0x1567a : @_IO_puts+10 : c_sdsp : c_sdsp ra, 40(sp) : MemWrite : D=0x00000000000103a6 A=0x7ffffffffffffd78
32495000 : system.cpu : T0 : 0x1567c : @_IO_puts+12 : c_sdsp : c_sdsp s4, 0(sp) : MemWrite : D=0x0000000000000000 A=0x7ffffffffffffd50
32499000 : system.cpu : T0 : 0x1567e : @_IO_puts+14 : c_mv : c_mv s3, a0 : IntAlu : D=0x000000000005a320
32552000 : system.cpu : T0 : 0x15680 : @_IO_puts+16 : jal : jal ra, 38106 : IntAlu : D=0x0000000000015684
32729000 : system.cpu : T0 : 0x15684 : @_IO_puts+20 : ld : ld s1, -1760(gp) : MemRead : D=0x000000000007a218 A=0x7ba10
32733000 : system.cpu : T0 : 0x15688 : @_IO_puts+24 : c_mv : c_mv s0, a0 : IntAlu : D=0x000000000000000c
32735000 : system.cpu : T0 : 0x1568a : @_IO_puts+26 : c_lw : c_lw a5, 0(s1) : MemRead : D=0xfffffffffbad2084 A=0x7a218
32818000 : system.cpu : T0 : 0x1568c : @_IO_puts+28 : slli : slli a4, a5, 48 : IntAlu : D=0x2084000000000000
32820000 : system.cpu : T0 : 0x15690 : @_IO_puts+32 : blt : blt a4, zero, 66 : IntAlu : 
32822000 : system.cpu : T0 : 0x15694 : @_IO_puts+36 : c_ld : c_ld a5, 136(s1) : MemRead : D=0x000000000007c7b0 A=0x7a2a0
32879000 : system.cpu : T0 : 0x15696 : @_IO_puts+38 : addi : addi s4, tp, -1792 : IntAlu : D=0x000000000007e000
32881000 : system.cpu : T0 : 0x1569a : @_IO_puts+42 : c_ld : c_ld a4, 8(a5) : MemRead : D=0x0000000000000000 A=0x7c7b8
32950000 : system.cpu : T0 : 0x1569c : @_IO_puts+44 : beq : beq a4, s4, 212 : IntAlu : 
32952000 : system.cpu : T0 : 0x156a0 : @_IO_puts+48 : c_li : c_li a3, 1 : IntAlu : D=0x0000000000000001
32956000 : system.cpu : T0 : 0x156a2 : @_IO_puts+50. : lr_w : lr_w a4, (a5) : MemRead : D=0x0000000000000000 A=0x7c7b0
32958000 : system.cpu : T0 : 0x156a2 : @_IO_puts+50. : 0x1407a72f : 0x1407a72f fence : No_OpClass : 
32962000 : system.cpu : T0 : 0x156a6 : @_IO_puts+54 : bne : bne a4, zero, 10 : IntAlu : 
32966000 : system.cpu : T0 : 0x156aa : @_IO_puts+58. : sc_w : sc_w a2, a3, (a5) : MemWrite : D=0x0000000000000000 A=0x7c7b0
32968000 : system.cpu : T0 : 0x156aa : @_IO_puts+58. : 0x1cd7a62f : 0x1cd7a62f fence : No_OpClass : 
32970000 : system.cpu : T0 : 0x156ae : @_IO_puts+62 : c_bnez : c_bnez a2, -12 : IntAlu : 
32972000 : system.cpu : T0 : 0x156b0 : @_IO_puts+64 : c_addiw : c_addiw a4, 0 : IntAlu : D=0x0000000000000000
32974000 : system.cpu : T0 : 0x156b2 : @_IO_puts+66 : c_bnez : c_bnez a4, 238 : IntAlu : 
32976000 : system.cpu : T0 : 0x156b4 : @_IO_puts+68 : ld : ld a0, -1760(gp) : MemRead : D=0x000000000007a218 A=0x7ba10
32980000 : system.cpu : T0 : 0x156b8 : @_IO_puts+72 : sd : sd s4, 8(a5) : MemWrite : D=0x000000000007e000 A=0x7c7b8
32984000 : system.cpu : T0 : 0x156bc : @_IO_puts+76 : c_lw : c_lw a4, 4(a5) : MemRead : D=0x0000000000000000 A=0x7c7b4
32988000 : system.cpu : T0 : 0x156be : @_IO_puts+78 : c_addiw : c_addiw a4, 1 : IntAlu : D=0x0000000000000001
33041000 : system.cpu : T0 : 0x156c0 : @_IO_puts+80 : c_sw : c_sw a4, 4(a5) : MemWrite : D=0x0000000000000001 A=0x7c7b4
33047000 : system.cpu : T0 : 0x156c2 : @_IO_puts+82 : lw : lw a5, 192(a0) : MemRead : D=0x0000000000000000 A=0x7a2d8
33102000 : system.cpu : T0 : 0x156c6 : @_IO_puts+86 : c_beqz : c_beqz a5, 20 : IntAlu : 
33104000 : system.cpu : T0 : 0x156da : @_IO_puts+106 : c_li : c_li a5, -1 : IntAlu : D=0xffffffffffffffff
33106000 : system.cpu : T0 : 0x156dc : @_IO_puts+108 : sw : sw a5, 192(a0) : MemWrite : D=0x00000000ffffffff A=0x7a2d8
33110000 : system.cpu : T0 : 0x156e0 : @_IO_puts+112 : ld : ld s4, 216(a0) : MemRead : D=0x00000000000749d8 A=0x7a2f0
33114000 : system.cpu : T0 : 0x156e4 : @_IO_puts+116 : lui : lui a5, 116 : IntAlu : D=0x0000000000074000
33116000 : system.cpu : T0 : 0x156e8 : @_IO_puts+120 : lui : lui a4, 117 : IntAlu : D=0x0000000000075000
33118000 : system.cpu : T0 : 0x156ec : @_IO_puts+124 : addi : addi a5, a5, 2016 : IntAlu : D=0x00000000000747e0
33120000 : system.cpu : T0 : 0x156f0 : @_IO_puts+128 : addi : addi a4, a4, -568 : IntAlu : D=0x0000000000074dc8
33122000 : system.cpu : T0 : 0x156f4 : @_IO_puts+132 : c_sub : c_sub a4, a5 : IntAlu : D=0x00000000000005e8
33126000 : system.cpu : T0 : 0x156f6 : @_IO_puts+134 : sub : sub a5, s4, a5 : IntAlu : D=0x00000000000001f8
33130000 : system.cpu : T0 : 0x156fa : @_IO_puts+138 : bgeu : bgeu a5, a4, 122 : IntAlu : 
33185000 : system.cpu : T0 : 0x156fe : @_IO_puts+142 : ld : ld a5, 56(s4) : MemRead : D=0x0000000000017aa2 A=0x74a10
33268000 : system.cpu : T0 : 0x15702 : @_IO_puts+146 : c_mv : c_mv a2, s0 : IntAlu : D=0x000000000000000c
33270000 : system.cpu : T0 : 0x15704 : @_IO_puts+148 : c_mv : c_mv a1, s3 : IntAlu : D=0x000000000005a320
33272000 : system.cpu : T0 : 0x15706 : @_IO_puts+150 : c_jalr : c_jalr a5 : IntAlu : D=0x0000000000015708
38702000 : system.cpu : T0 : 0x15708 : @_IO_puts+152 : bne : bne s0, a0, -58 : IntAlu : 
38704000 : system.cpu : T0 : 0x1570c : @_IO_puts+156 : ld : ld a0, -1760(gp) : MemRead : D=0x000000000007a218 A=0x7ba10
38708000 : system.cpu : T0 : 0x15710 : @_IO_puts+160 : c_ld : c_ld a5, 40(a0) : MemRead : D=0x000000000007f53c A=0x7a240
38712000 : system.cpu : T0 : 0x15712 : @_IO_puts+162 : c_ld : c_ld a4, 48(a0) : MemRead : D=0x000000000007f530 A=0x7a248
38716000 : system.cpu : T0 : 0x15714 : @_IO_puts+164 : bgeu : bgeu a5, a4, 106 : IntAlu : 
40159000 : system.cpu : T0 : 0x15724 : @_IO_puts+180 : lui : lui a5, 524288 : IntAlu : D=0xffffffff80000000
40161000 : system.cpu : T0 : 0x15728 : @_IO_puts+184 : c_addi : c_addi s0, 1 : IntAlu : D=0x000000000000000d
40165000 : system.cpu : T0 : 0x1572a : @_IO_puts+186 : xori : xori a5, a5, 18446744073709551615 : IntAlu : D=0x000000007fffffff
40169000 : system.cpu : T0 : 0x1572e : @_IO_puts+190 : bltu : bltu a5, s0, 62 : IntAlu : 
40171000 : system.cpu : T0 : 0x15732 : @_IO_puts+194 : c_addiw : c_addiw s0, 0 : IntAlu : D=0x000000000000000d
40173000 : system.cpu : T0 : 0x15734 : @_IO_puts+196 : c_lw : c_lw a5, 0(s1) : MemRead : D=0xfffffffffbad2a84 A=0x7a218
40179000 : system.cpu : T0 : 0x15736 : @_IO_puts+198 : slli : slli a4, a5, 48 : IntAlu : D=0x2a84000000000000
40183000 : system.cpu : T0 : 0x1573a : @_IO_puts+202 : blt : blt a4, zero, 32 : IntAlu : 
40185000 : system.cpu : T0 : 0x1573e : @_IO_puts+206 : c_ld : c_ld a0, 136(s1) : MemRead : D=0x000000000007c7b0 A=0x7a2a0
40189000 : system.cpu : T0 : 0x15740 : @_IO_puts+208 : c_lw : c_lw a5, 4(a0) : MemRead : D=0x0000000000000001 A=0x7c7b4
40195000 : system.cpu : T0 : 0x15742 : @_IO_puts+210 : addiw : addiw a4, a5, -1 : IntAlu : D=0x0000000000000000
40197000 : system.cpu : T0 : 0x15746 : @_IO_puts+214 : c_sw : c_sw a4, 4(a0) : MemWrite : D=0x0000000000000000 A=0x7c7b4
40201000 : system.cpu : T0 : 0x15748 : @_IO_puts+216 : c_bnez : c_bnez a4, 18 : IntAlu : 
40205000 : system.cpu : T0 : 0x1574a : @_IO_puts+218 : sd : sd zero, 8(a0) : MemWrite : D=0x0000000000000000 A=0x7c7b8
40211000 : system.cpu : T0 : 0x1574e : @_IO_puts+222. : 0x0a0527af : 0x0a0527af fence : No_OpClass : 
40211000 : system.cpu : T0 : 0x1574e : @_IO_puts+222. : amoswap_w[l] : amoswap_w[l] a5, zero, (a0) : MemRead : D=0x0000000000000001 A=0x7c7b0
40215000 : system.cpu : T0 : 0x15752 : @_IO_puts+226 : c_li : c_li a4, 1 : IntAlu : D=0x0000000000000001
40217000 : system.cpu : T0 : 0x15754 : @_IO_puts+228 : c_addiw : c_addiw a5, 0 : IntAlu : D=0x0000000000000001
40221000 : system.cpu : T0 : 0x15756 : @_IO_puts+230 : blt : blt a4, a5, 56 : IntAlu : 
40223000 : system.cpu : T0 : 0x1575a : @_IO_puts+234 : c_mv : c_mv a0, s0 : IntAlu : D=0x000000000000000d
40225000 : system.cpu : T0 : 0x1575c : @_IO_puts+236 : c_ldsp : c_ldsp ra, 40(sp) : MemRead : D=0x00000000000103a6 A=0x7ffffffffffffd78
40229000 : system.cpu : T0 : 0x1575e : @_IO_puts+238 : c_ldsp : c_ldsp s0, 32(sp) : MemRead : D=0x7ffffffffffffd90 A=0x7ffffffffffffd70
40233000 : system.cpu : T0 : 0x15760 : @_IO_puts+240 : c_ldsp : c_ldsp s1, 24(sp) : MemRead : D=0x000000000001092a A=0x7ffffffffffffd68
40237000 : system.cpu : T0 : 0x15762 : @_IO_puts+242 : c_ldsp : c_ldsp s2, 16(sp) : MemRead : D=0x0000000000000000 A=0x7ffffffffffffd60
40241000 : system.cpu : T0 : 0x15764 : @_IO_puts+244 : c_ldsp : c_ldsp s3, 8(sp) : MemRead : D=0x0000000000000000 A=0x7ffffffffffffd58
40245000 : system.cpu : T0 : 0x15766 : @_IO_puts+246 : c_ldsp : c_ldsp s4, 0(sp) : MemRead : D=0x0000000000000000 A=0x7ffffffffffffd50
40249000 : system.cpu : T0 : 0x15768 : @_IO_puts+248 : c_addi16sp : c_addi16sp sp, 48 : IntAlu : D=0x7ffffffffffffd80
40251000 : system.cpu : T0 : 0x1576a : @_IO_puts+250 : c_jr : c_jr ra : IntAlu : 
38797000 : system.cpu : T0 : 0x1577e : @_IO_puts+270 : c_li : c_li a1, 10 : IntAlu : D=0x000000000000000a
38850000 : system.cpu : T0 : 0x15780 : @_IO_puts+272 : jal : jal ra, 13064 : IntAlu : D=0x0000000000015784
40153000 : system.cpu : T0 : 0x15784 : @_IO_puts+276 : c_li : c_li a5, -1 : IntAlu : D=0xffffffffffffffff
40157000 : system.cpu : T0 : 0x15786 : @_IO_puts+278 : bne : bne a0, a5, -98 : IntAlu : 
43337000 : system.cpu : T0 : 0x16ba0 : @_IO_new_file_setbuf : c_addi : c_addi sp, -16 : IntAlu : D=0x7ffffffffffffce0
43343000 : system.cpu : T0 : 0x16ba2 : @_IO_new_file_setbuf+2 : c_sdsp : c_sdsp s0, 0(sp) : MemWrite : D=0x000000000007a218 A=0x7ffffffffffffce0
43347000 : system.cpu : T0 : 0x16ba4 : @_IO_new_file_setbuf+4 : c_sdsp : c_sdsp ra, 8(sp) : MemWrite : D=0x0000000000019640 A=0x7ffffffffffffce8
43351000 : system.cpu : T0 : 0x16ba6 : @_IO_new_file_setbuf+6 : c_mv : c_mv s0, a0 : IntAlu : D=0x000000000007a218
43353000 : system.cpu : T0 : 0x16ba8 : @_IO_new_file_setbuf+8 : jal : jal ra, 9164 : IntAlu : D=0x0000000000016bac
43919000 : system.cpu : T0 : 0x16bac : @_IO_new_file_setbuf+12 : c_beqz : c_beqz a0, 18 : IntAlu : 
43921000 : system.cpu : T0 : 0x16bae : @_IO_new_file_setbuf+14 : c_ld : c_ld a5, 56(s0) : MemRead : D=0x000000000007a29b A=0x7a250
43925000 : system.cpu : T0 : 0x16bb0 : @_IO_new_file_setbuf+16 : c_mv : c_mv a0, s0 : IntAlu : D=0x000000000007a218
43927000 : system.cpu : T0 : 0x16bb2 : @_IO_new_file_setbuf+18 : c_sd : c_sd a5, 48(s0) : MemWrite : D=0x000000000007a29b A=0x7a248
43931000 : system.cpu : T0 : 0x16bb4 : @_IO_new_file_setbuf+20 : c_sd : c_sd a5, 40(s0) : MemWrite : D=0x000000000007a29b A=0x7a240
43935000 : system.cpu : T0 : 0x16bb6 : @_IO_new_file_setbuf+22 : c_sd : c_sd a5, 32(s0) : MemWrite : D=0x000000000007a29b A=0x7a238
43939000 : system.cpu : T0 : 0x16bb8 : @_IO_new_file_setbuf+24 : c_sd : c_sd a5, 24(s0) : MemWrite : D=0x000000000007a29b A=0x7a230
43943000 : system.cpu : T0 : 0x16bba : @_IO_new_file_setbuf+26 : c_sd : c_sd a5, 8(s0) : MemWrite : D=0x000000000007a29b A=0x7a220
43947000 : system.cpu : T0 : 0x16bbc : @_IO_new_file_setbuf+28 : c_sd : c_sd a5, 16(s0) : MemWrite : D=0x000000000007a29b A=0x7a228
43951000 : system.cpu : T0 : 0x16bbe : @_IO_new_file_setbuf+30 : c_ldsp : c_ldsp ra, 8(sp) : MemRead : D=0x0000000000019640 A=0x7ffffffffffffce8
44006000 : system.cpu : T0 : 0x16bc0 : @_IO_new_file_setbuf+32 : c_ldsp : c_ldsp s0, 0(sp) : MemRead : D=0x000000000007a218 A=0x7ffffffffffffce0
44010000 : system.cpu : T0 : 0x16bc2 : @_IO_new_file_setbuf+34 : c_addi : c_addi sp, 16 : IntAlu : D=0x7ffffffffffffcf0
44012000 : system.cpu : T0 : 0x16bc4 : @_IO_new_file_setbuf+36 : c_jr : c_jr ra : IntAlu : 
39459000 : system.cpu : T0 : 0x16c1e : @new_do_write : c_addi16sp : c_addi16sp sp, -64 : IntAlu : D=0x7ffffffffffffce0
39465000 : system.cpu : T0 : 0x16c20 : @new_do_write+2 : c_lw : c_lw a4, 0(a0) : MemRead : D=0xfffffffffbad2a84 A=0x7a218
39469000 : system.cpu : T0 : 0x16c22 : @new_do_write+4 : c_sdsp : c_sdsp s3, 24(sp) : MemWrite : D=0x000000000005a320 A=0x7ffffffffffffcf8
39473000 : system.cpu : T0 : 0x16c24 : @new_do_write+6 : ld : ld s3, 216(a0) : MemRead : D=0x00000000000749d8 A=0x7a2f0
39477000 : system.cpu : T0 : 0x16c28 : @new_do_write+10 : c_sdsp : c_sdsp s1, 40(sp) : MemWrite : D=0x000000000000000a A=0x7ffffffffffffd08
39481000 : system.cpu : T0 : 0x16c2a : @new_do_write+12 : c_sdsp : c_sdsp s2, 32(sp) : MemWrite : D=0x0000000000000000 A=0x7ffffffffffffd00
39485000 : system.cpu : T0 : 0x16c2c : @new_do_write+14 : lui : lui s1, 117 : IntAlu : D=0x0000000000075000
39487000 : system.cpu : T0 : 0x16c30 : @new_do_write+18 : lui : lui s2, 116 : IntAlu : D=0x0000000000074000
39489000 : system.cpu : T0 : 0x16c34 : @new_do_write+22 : addi : addi s2, s2, 2016 : IntAlu : D=0x00000000000747e0
39491000 : system.cpu : T0 : 0x16c38 : @new_do_write+26 : c_sdsp : c_sdsp s0, 48(sp) : MemWrite : D=0x000000000000000d A=0x7ffffffffffffd10
39495000 : system.cpu : T0 : 0x16c3a : @new_do_write+28 : c_sdsp : c_sdsp s4, 16(sp) : MemWrite : D=0x00000000000749d8 A=0x7ffffffffffffcf0
39499000 : system.cpu : T0 : 0x16c3c : @new_do_write+30 : c_sdsp : c_sdsp s5, 8(sp) : MemWrite : D=0x0000000000000000 A=0x7ffffffffffffce8
39556000 : system.cpu : T0 : 0x16c3e : @new_do_write+32 : addi : addi s1, s1, -568 : IntAlu : D=0x0000000000074dc8
39562000 : system.cpu : T0 : 0x16c42 : @new_do_write+36 : c_sdsp : c_sdsp ra, 56(sp) : MemWrite : D=0x0000000000017dac A=0x7ffffffffffffd18
39566000 : system.cpu : T0 : 0x16c44 : @new_do_write+38 : slli : slli a3, a4, 51 : IntAlu : D=0x5420000000000000
39568000 : system.cpu : T0 : 0x16c48 : @new_do_write+42 : c_mv : c_mv s0, a0 : IntAlu : D=0x000000000007a218
39570000 : system.cpu : T0 : 0x16c4a : @new_do_write+44 : c_mv : c_mv s4, a1 : IntAlu : D=0x000000000007f530
39572000 : system.cpu : T0 : 0x16c4c : @new_do_write+46 : c_mv : c_mv s5, a2 : IntAlu : D=0x000000000000000d
39576000 : system.cpu : T0 : 0x16c4e : @new_do_write+48 : sub : sub s1, s1, s2 : IntAlu : D=0x00000000000005e8
39580000 : system.cpu : T0 : 0x16c52 : @new_do_write+52 : sub : sub a5, s3, s2 : IntAlu : D=0x00000000000001f8
39584000 : system.cpu : T0 : 0x16c56 : @new_do_write+56 : bge : bge a3, zero, 80 : IntAlu : 
39651000 : system.cpu : T0 : 0x16c5e : @new_do_write+64 : bgeu : bgeu a5, s1, 168 : IntAlu : 
39655000 : system.cpu : T0 : 0x16c62 : @new_do_write+68 : ld : ld a5, 120(s3) : MemRead : D=0x000000000001764c A=0x74a50
39659000 : system.cpu : T0 : 0x16c66 : @new_do_write+72 : c_mv : c_mv a2, s5 : IntAlu : D=0x000000000000000d
39661000 : system.cpu : T0 : 0x16c68 : @new_do_write+74 : c_mv : c_mv a1, s4 : IntAlu : D=0x000000000007f530
39663000 : system.cpu : T0 : 0x16c6a : @new_do_write+76 : c_mv : c_mv a0, s0 : IntAlu : D=0x000000000007a218
39665000 : system.cpu : T0 : 0x16c6c : @new_do_write+78 : c_jalr : c_jalr a5 : IntAlu : D=0x0000000000016c6e
39972000 : system.cpu : T0 : 0x16c6e : @new_do_write+80 : c_mv : c_mv s3, a0 : IntAlu : D=0x000000000000000d
39974000 : system.cpu : T0 : 0x16c70 : @new_do_write+82 : lhu : lhu a0, 128(s0) : MemRead : D=0x0000000000000000 A=0x7a298
39978000 : system.cpu : T0 : 0x16c74 : @new_do_write+86 : c_beqz : c_beqz a0, 6 : IntAlu : 
39980000 : system.cpu : T0 : 0x16c7a : @new_do_write+92 : c_ld : c_ld a5, 56(s0) : MemRead : D=0x000000000007f530 A=0x7a250
39984000 : system.cpu : T0 : 0x16c7c : @new_do_write+94 : lw : lw a4, 192(s0) : MemRead : D=0xffffffffffffffff A=0x7a2d8
39988000 : system.cpu : T0 : 0x16c80 : @new_do_write+98 : c_sd : c_sd a5, 24(s0) : MemWrite : D=0x000000000007f530 A=0x7a230
39992000 : system.cpu : T0 : 0x16c82 : @new_do_write+100 : c_sd : c_sd a5, 8(s0) : MemWrite : D=0x000000000007f530 A=0x7a220
39996000 : system.cpu : T0 : 0x16c84 : @new_do_write+102 : c_sd : c_sd a5, 16(s0) : MemWrite : D=0x000000000007f530 A=0x7a228
40000000 : system.cpu : T0 : 0x16c86 : @new_do_write+104 : c_sd : c_sd a5, 40(s0) : MemWrite : D=0x000000000007f530 A=0x7a240
40004000 : system.cpu : T0 : 0x16c88 : @new_do_write+106 : c_sd : c_sd a5, 32(s0) : MemWrite : D=0x000000000007f530 A=0x7a238
40010000 : system.cpu : T0 : 0x16c8a : @new_do_write+108 : bge : bge zero, a4, 72 : IntAlu : 
40071000 : system.cpu : T0 : 0x16c90 : @new_do_write+114 : c_sd : c_sd a5, 48(s0) : MemWrite : D=0x000000000007f530 A=0x7a248
40075000 : system.cpu : T0 : 0x16c92 : @new_do_write+116 : c_ldsp : c_ldsp ra, 56(sp) : MemRead : D=0x0000000000017dac A=0x7ffffffffffffd18
40079000 : system.cpu : T0 : 0x16c94 : @new_do_write+118 : c_ldsp : c_ldsp s0, 48(sp) : MemRead : D=0x000000000000000d A=0x7ffffffffffffd10
40083000 : system.cpu : T0 : 0x16c96 : @new_do_write+120 : c_mv : c_mv a0, s3 : IntAlu : D=0x000000000000000d
40085000 : system.cpu : T0 : 0x16c98 : @new_do_write+122 : c_ldsp : c_ldsp s1, 40(sp) : MemRead : D=0x000000000000000a A=0x7ffffffffffffd08
40089000 : system.cpu : T0 : 0x16c9a : @new_do_write+124 : c_ldsp : c_ldsp s2, 32(sp) : MemRead : D=0x0000000000000000 A=0x7ffffffffffffd00
40093000 : system.cpu : T0 : 0x16c9c : @new_do_write+126 : c_ldsp : c_ldsp s3, 24(sp) : MemRead : D=0x000000000005a320 A=0x7ffffffffffffcf8
40097000 : system.cpu : T0 : 0x16c9e : @new_do_write+128 : c_ldsp : c_ldsp s4, 16(sp) : MemRead : D=0x00000000000749d8 A=0x7ffffffffffffcf0
40101000 : system.cpu : T0 : 0x16ca0 : @new_do_write+130 : c_ldsp : c_ldsp s5, 8(sp) : MemRead : D=0x0000000000000000 A=0x7ffffffffffffce8
40105000 : system.cpu : T0 : 0x16ca2 : @new_do_write+132 : c_addi16sp : c_addi16sp sp, 64 : IntAlu : D=0x7ffffffffffffd20
40107000 : system.cpu : T0 : 0x16ca4 : @new_do_write+134 : c_jr : c_jr ra : IntAlu : 
39637000 : system.cpu : T0 : 0x16ca6 : @new_do_write+136 : c_ld : c_ld a4, 16(a0) : MemRead : D=0x000000000007f530 A=0x7a228
39641000 : system.cpu : T0 : 0x16ca8 : @new_do_write+138 : c_ld : c_ld a1, 32(a0) : MemRead : D=0x000000000007f530 A=0x7a238
39647000 : system.cpu : T0 : 0x16caa : @new_do_write+140 : beq : beq a4, a1, -76 : IntAlu : 
40063000 : system.cpu : T0 : 0x16cd2 : @new_do_write+180 : c_lw : c_lw a4, 0(s0) : MemRead : D=0xfffffffffbad2a84 A=0x7a218
40067000 : system.cpu : T0 : 0x16cd4 : @new_do_write+182 : andi : andi a4, a4, 514 : IntAlu : D=0x0000000000000200
40069000 : system.cpu : T0 : 0x16cd8 : @new_do_write+186 : c_bnez : c_bnez a4, -72 : IntAlu : 
34291000 : system.cpu : T0 : 0x17642 : @_IO_file_stat : c_mv : c_mv a2, a1 : IntAlu : D=0x7ffffffffffffc30
34297000 : system.cpu : T0 : 0x17644 : @_IO_file_stat+2 : c_lw : c_lw a1, 112(a0) : MemRead : D=0x0000000000000001 A=0x7a288
34301000 : system.cpu : T0 : 0x17646 : @_IO_file_stat+4 : c_li : c_li a0, 0 : IntAlu : D=0x0000000000000000
34303000 : system.cpu : T0 : 0x17648 : @_IO_file_stat+6 : jal : jal zero, 36568 : IntAlu : D=0x000000000001764c
39667000 : system.cpu : T0 : 0x1764c : @_IO_new_file_write : c_addi16sp : c_addi16sp sp, -48 : IntAlu : D=0x7ffffffffffffcb0
39669000 : system.cpu : T0 : 0x1764e : @_IO_new_file_write+2 : c_sdsp : c_sdsp s2, 16(sp) : MemWrite : D=0x00000000000747e0 A=0x7ffffffffffffcc0
39673000 : system.cpu : T0 : 0x17650 : @_IO_new_file_write+4 : c_sdsp : c_sdsp ra, 40(sp) : MemWrite : D=0x0000000000016c6e A=0x7ffffffffffffcd8
39677000 : system.cpu : T0 : 0x17652 : @_IO_new_file_write+6 : c_sdsp : c_sdsp s0, 32(sp) : MemWrite : D=0x000000000007a218 A=0x7ffffffffffffcd0
39681000 : system.cpu : T0 : 0x17654 : @_IO_new_file_write+8 : c_sdsp : c_sdsp s1, 24(sp) : MemWrite : D=0x00000000000005e8 A=0x7ffffffffffffcc8
39685000 : system.cpu : T0 : 0x17656 : @_IO_new_file_write+10 : c_sdsp : c_sdsp s3, 8(sp) : MemWrite : D=0x00000000000749d8 A=0x7ffffffffffffcb8
39689000 : system.cpu : T0 : 0x17658 : @_IO_new_file_write+12 : c_mv : c_mv s2, a0 : IntAlu : D=0x000000000007a218
39693000 : system.cpu : T0 : 0x1765a : @_IO_new_file_write+14 : bge : bge zero, a2, 118 : IntAlu : 
39695000 : system.cpu : T0 : 0x1765e : @_IO_new_file_write+18 : c_mv : c_mv s3, a2 : IntAlu : D=0x000000000000000d
39697000 : system.cpu : T0 : 0x17660 : @_IO_new_file_write+20 : c_mv : c_mv s1, a1 : IntAlu : D=0x000000000007f530
39699000 : system.cpu : T0 : 0x17662 : @_IO_new_file_write+22 : c_mv : c_mv s0, a2 : IntAlu : D=0x000000000000000d
39701000 : system.cpu : T0 : 0x17664 : @_IO_new_file_write+24 : lw : lw a5, 116(s2) : MemRead : D=0x0000000000000000 A=0x7a28c
39705000 : system.cpu : T0 : 0x17668 : @_IO_new_file_write+28 : c_mv : c_mv a2, s0 : IntAlu : D=0x000000000000000d
39707000 : system.cpu : T0 : 0x1766a : @_IO_new_file_write+30 : c_mv : c_mv a1, s1 : IntAlu : D=0x000000000007f530
39709000 : system.cpu : T0 : 0x1766c : @_IO_new_file_write+32 : c_andi : c_andi a5, 2 : IntAlu : D=0x0000000000000000
39713000 : system.cpu : T0 : 0x1766e : @_IO_new_file_write+34 : lw : lw a0, 112(s2) : MemRead : D=0x0000000000000001 A=0x7a288
39717000 : system.cpu : T0 : 0x17672 : @_IO_new_file_write+38 : c_bnez : c_bnez a5, 52 : IntAlu : 
39719000 : system.cpu : T0 : 0x17674 : @_IO_new_file_write+40 : jal : jal ra, 36896 : IntAlu : D=0x0000000000017678
39865000 : system.cpu : T0 : 0x17678 : @_IO_new_file_write+44 : c_mv : c_mv a5, a0 : IntAlu : D=0x000000000000000d
39869000 : system.cpu : T0 : 0x1767a : @_IO_new_file_write+46 : blt : blt a5, zero, 68 : IntAlu : 
39871000 : system.cpu : T0 : 0x1767e : @_IO_new_file_write+50 : c_sub : c_sub s0, a5 : IntAlu : D=0x0000000000000000
39924000 : system.cpu : T0 : 0x17680 : @_IO_new_file_write+52 : c_add : c_add s1, a5 : IntAlu : D=0x000000000007f53d
39932000 : system.cpu : T0 : 0x17682 : @_IO_new_file_write+54 : blt : blt zero, s0, -30 : IntAlu : 
39936000 : system.cpu : T0 : 0x17686 : @_IO_new_file_write+58 : sub : sub a0, s3, s0 : IntAlu : D=0x000000000000000d
39940000 : system.cpu : T0 : 0x1768a : @_IO_new_file_write+62 : ld : ld a5, 144(s2) : MemRead : D=0xffffffffffffffff A=0x7a2a8
39946000 : system.cpu : T0 : 0x1768e : @_IO_new_file_write+66 : blt : blt a5, zero, 10 : IntAlu : 
39948000 : system.cpu : T0 : 0x17698 : @_IO_new_file_write+76 : c_ldsp : c_ldsp ra, 40(sp) : MemRead : D=0x0000000000016c6e A=0x7ffffffffffffcd8
39952000 : system.cpu : T0 : 0x1769a : @_IO_new_file_write+78 : c_ldsp : c_ldsp s0, 32(sp) : MemRead : D=0x000000000007a218 A=0x7ffffffffffffcd0
39956000 : system.cpu : T0 : 0x1769c : @_IO_new_file_write+80 : c_ldsp : c_ldsp s1, 24(sp) : MemRead : D=0x00000000000005e8 A=0x7ffffffffffffcc8
39960000 : system.cpu : T0 : 0x1769e : @_IO_new_file_write+82 : c_ldsp : c_ldsp s2, 16(sp) : MemRead : D=0x00000000000747e0 A=0x7ffffffffffffcc0
39964000 : system.cpu : T0 : 0x176a0 : @_IO_new_file_write+84 : c_ldsp : c_ldsp s3, 8(sp) : MemRead : D=0x00000000000749d8 A=0x7ffffffffffffcb8
39968000 : system.cpu : T0 : 0x176a2 : @_IO_new_file_write+86 : c_addi16sp : c_addi16sp sp, 48 : IntAlu : D=0x7ffffffffffffce0
39970000 : system.cpu : T0 : 0x176a4 : @_IO_new_file_write+88 : c_jr : c_jr ra : IntAlu : 
33339000 : system.cpu : T0 : 0x17aa2 : @_IO_file_xsputn : c_addi16sp : c_addi16sp sp, -64 : IntAlu : D=0x7ffffffffffffd10
33345000 : system.cpu : T0 : 0x17aa4 : @_IO_file_xsputn+2 : c_sdsp : c_sdsp s4, 16(sp) : MemWrite : D=0x00000000000749d8 A=0x7ffffffffffffd20
33349000 : system.cpu : T0 : 0x17aa6 : @_IO_file_xsputn+4 : c_sdsp : c_sdsp ra, 56(sp) : MemWrite : D=0x0000000000015708 A=0x7ffffffffffffd48
33353000 : system.cpu : T0 : 0x17aa8 : @_IO_file_xsputn+6 : c_sdsp : c_sdsp s0, 48(sp) : MemWrite : D=0x000000000000000c A=0x7ffffffffffffd40
33357000 : system.cpu : T0 : 0x17aaa : @_IO_file_xsputn+8 : c_sdsp : c_sdsp s1, 40(sp) : MemWrite : D=0x000000000007a218 A=0x7ffffffffffffd38
33361000 : system.cpu : T0 : 0x17aac : @_IO_file_xsputn+10 : c_sdsp : c_sdsp s2, 32(sp) : MemWrite : D=0x0000000000000000 A=0x7ffffffffffffd30
33365000 : system.cpu : T0 : 0x17aae : @_IO_file_xsputn+12 : c_sdsp : c_sdsp s3, 24(sp) : MemWrite : D=0x000000000005a320 A=0x7ffffffffffffd28
33369000 : system.cpu : T0 : 0x17ab0 : @_IO_file_xsputn+14 : c_sdsp : c_sdsp s5, 8(sp) : MemWrite : D=0x0000000000000000 A=0x7ffffffffffffd18
33373000 : system.cpu : T0 : 0x17ab2 : @_IO_file_xsputn+16 : c_li : c_li s4, 0 : IntAlu : D=0x0000000000000000
33375000 : system.cpu : T0 : 0x17ab4 : @_IO_file_xsputn+18 : c_beqz : c_beqz a2, 116 : IntAlu : 
33377000 : system.cpu : T0 : 0x17ab6 : @_IO_file_xsputn+20 : c_lw : c_lw a4, 0(a0) : MemRead : D=0xfffffffffbad2084 A=0x7a218
33381000 : system.cpu : T0 : 0x17ab8 : @_IO_file_xsputn+22 : c_lui : c_lui a5, 1 : IntAlu : D=0x0000000000001000
33385000 : system.cpu : T0 : 0x17aba : @_IO_file_xsputn+24 : addi : addi a5, a5, -1536 : IntAlu : D=0x0000000000000a00
33387000 : system.cpu : T0 : 0x17abe : @_IO_file_xsputn+28 : c_and : c_and a4, a5 : IntAlu : D=0x0000000000000000
33440000 : system.cpu : T0 : 0x17ac0 : @_IO_file_xsputn+30 : c_mv : c_mv s0, a0 : IntAlu : D=0x000000000007a218
33446000 : system.cpu : T0 : 0x17ac2 : @_IO_file_xsputn+32 : c_mv : c_mv s1, a2 : IntAlu : D=0x000000000000000c
33448000 : system.cpu : T0 : 0x17ac4 : @_IO_file_xsputn+34 : c_mv : c_mv s3, a1 : IntAlu : D=0x000000000005a320
33450000 : system.cpu : T0 : 0x17ac6 : @_IO_file_xsputn+36 : c_ld : c_ld a0, 40(a0) : MemRead : D=0x0000000000000000 A=0x7a240
33505000 : system.cpu : T0 : 0x17ac8 : @_IO_file_xsputn+38 : beq : beq a4, a5, 158 : IntAlu : 
33507000 : system.cpu : T0 : 0x17acc : @_IO_file_xsputn+42 : c_ld : c_ld a5, 48(s0) : MemRead : D=0x0000000000000000 A=0x7a248
33513000 : system.cpu : T0 : 0x17ace : @_IO_file_xsputn+44 : sub : sub a4, a5, a0 : IntAlu : D=0x0000000000000000
33517000 : system.cpu : T0 : 0x17ad2 : @_IO_file_xsputn+48 : bltu : bltu a0, a5, 106 : IntAlu : 
33519000 : system.cpu : T0 : 0x17ad6 : @_IO_file_xsputn+52 : c_mv : c_mv s2, s1 : IntAlu : D=0x000000000000000c
33521000 : system.cpu : T0 : 0x17ad8 : @_IO_file_xsputn+54 : ld : ld s4, 216(s0) : MemRead : D=0x00000000000749d8 A=0x7a2f0
33525000 : system.cpu : T0 : 0x17adc : @_IO_file_xsputn+58 : lui : lui a5, 116 : IntAlu : D=0x0000000000074000
33527000 : system.cpu : T0 : 0x17ae0 : @_IO_file_xsputn+62 : lui : lui a4, 117 : IntAlu : D=0x0000000000075000
33529000 : system.cpu : T0 : 0x17ae4 : @_IO_file_xsputn+66 : addi : addi a5, a5, 2016 : IntAlu : D=0x00000000000747e0
33531000 : system.cpu : T0 : 0x17ae8 : @_IO_file_xsputn+70 : addi : addi a4, a4, -568 : IntAlu : D=0x0000000000074dc8
33533000 : system.cpu : T0 : 0x17aec : @_IO_file_xsputn+74 : c_sub : c_sub a4, a5 : IntAlu : D=0x00000000000005e8
33537000 : system.cpu : T0 : 0x17aee : @_IO_file_xsputn+76 : sub : sub a5, s4, a5 : IntAlu : D=0x00000000000001f8
33541000 : system.cpu : T0 : 0x17af2 : @_IO_file_xsputn+80 : bgeu : bgeu a5, a4, 236 : IntAlu : 
33545000 : system.cpu : T0 : 0x17af6 : @_IO_file_xsputn+84 : ld : ld a5, 24(s4) : MemRead : D=0x00000000000182ae A=0x749f0
33600000 : system.cpu : T0 : 0x17afa : @_IO_file_xsputn+88 : c_li : c_li a1, -1 : IntAlu : D=0xffffffffffffffff
33602000 : system.cpu : T0 : 0x17afc : @_IO_file_xsputn+90 : c_mv : c_mv a0, s0 : IntAlu : D=0x000000000007a218
33604000 : system.cpu : T0 : 0x17afe : @_IO_file_xsputn+92 : c_jalr : c_jalr a5 : IntAlu : D=0x0000000000017b00
36334000 : system.cpu : T0 : 0x17b00 : @_IO_file_xsputn+94 : c_li : c_li a5, -1 : IntAlu : D=0xffffffffffffffff
36342000 : system.cpu : T0 : 0x17b02 : @_IO_file_xsputn+96 : beq : beq a0, a5, 162 : IntAlu : 
36344000 : system.cpu : T0 : 0x17b06 : @_IO_file_xsputn+100 : c_ld : c_ld a5, 64(s0) : MemRead : D=0x0000000000081530 A=0x7a258
36348000 : system.cpu : T0 : 0x17b08 : @_IO_file_xsputn+102 : c_ld : c_ld a3, 56(s0) : MemRead : D=0x000000000007f530 A=0x7a250
36354000 : system.cpu : T0 : 0x17b0a : @_IO_file_xsputn+104 : addi : addi a4, zero, 127 : IntAlu : D=0x000000000000007f
36356000 : system.cpu : T0 : 0x17b0e : @_IO_file_xsputn+108 : c_mv : c_mv s5, s2 : IntAlu : D=0x000000000000000c
36358000 : system.cpu : T0 : 0x17b10 : @_IO_file_xsputn+110 : c_sub : c_sub a5, a3 : IntAlu : D=0x0000000000002000
36362000 : system.cpu : T0 : 0x17b12 : @_IO_file_xsputn+112 : bgeu : bgeu a4, a5, 12 : IntAlu : 
36366000 : system.cpu : T0 : 0x17b16 : @_IO_file_xsputn+116 : remu : remu a5, s2, a5 : IntDiv : D=0x000000000000000c
36370000 : system.cpu : T0 : 0x17b1a : @_IO_file_xsputn+120 : sub : sub s5, s2, a5 : IntAlu : D=0x0000000000000000
36374000 : system.cpu : T0 : 0x17b1e : @_IO_file_xsputn+124 : bne : bne s5, zero, 146 : IntAlu : 
36376000 : system.cpu : T0 : 0x17b22 : @_IO_file_xsputn+128 : c_mv : c_mv s4, s1 : IntAlu : D=0x000000000000000c
36378000 : system.cpu : T0 : 0x17b24 : @_IO_file_xsputn+130 : bne : bne s2, zero, 164 : IntAlu : 
38668000 : system.cpu : T0 : 0x17b28 : @_IO_file_xsputn+134 : c_ldsp : c_ldsp ra, 56(sp) : MemRead : D=0x0000000000015708 A=0x7ffffffffffffd48
38672000 : system.cpu : T0 : 0x17b2a : @_IO_file_xsputn+136 : c_ldsp : c_ldsp s0, 48(sp) : MemRead : D=0x000000000000000c A=0x7ffffffffffffd40
38676000 : system.cpu : T0 : 0x17b2c : @_IO_file_xsputn+138 : c_mv : c_mv a0, s4 : IntAlu : D=0x000000000000000c
38678000 : system.cpu : T0 : 0x17b2e : @_IO_file_xsputn+140 : c_ldsp : c_ldsp s1, 40(sp) : MemRead : D=0x000000000007a218 A=0x7ffffffffffffd38
38682000 : system.cpu : T0 : 0x17b30 : @_IO_file_xsputn+142 : c_ldsp : c_ldsp s2, 32(sp) : MemRead : D=0x0000000000000000 A=0x7ffffffffffffd30
38686000 : system.cpu : T0 : 0x17b32 : @_IO_file_xsputn+144 : c_ldsp : c_ldsp s3, 24(sp) : MemRead : D=0x000000000005a320 A=0x7ffffffffffffd28
38690000 : system.cpu : T0 : 0x17b34 : @_IO_file_xsputn+146 : c_ldsp : c_ldsp s4, 16(sp) : MemRead : D=0x00000000000749d8 A=0x7ffffffffffffd20
38694000 : system.cpu : T0 : 0x17b36 : @_IO_file_xsputn+148 : c_ldsp : c_ldsp s5, 8(sp) : MemRead : D=0x0000000000000000 A=0x7ffffffffffffd18
38698000 : system.cpu : T0 : 0x17b38 : @_IO_file_xsputn+150 : c_addi16sp : c_addi16sp sp, 64 : IntAlu : D=0x7ffffffffffffd50
38700000 : system.cpu : T0 : 0x17b3a : @_IO_file_xsputn+152 : c_jr : c_jr ra : IntAlu : 
36431000 : system.cpu : T0 : 0x17bc8 : @_IO_file_xsputn+294 : c_mv : c_mv a2, s2 : IntAlu : D=0x000000000000000c
36439000 : system.cpu : T0 : 0x17bca : @_IO_file_xsputn+296 : add : add a1, s3, s5 : IntAlu : D=0x000000000005a320
36441000 : system.cpu : T0 : 0x17bce : @_IO_file_xsputn+300 : c_mv : c_mv a0, s0 : IntAlu : D=0x000000000007a218
36443000 : system.cpu : T0 : 0x17bd0 : @_IO_file_xsputn+302 : jal : jal ra, 4568 : IntAlu : D=0x0000000000017bd4
38662000 : system.cpu : T0 : 0x17bd4 : @_IO_file_xsputn+306 : sub : sub a0, s2, a0 : IntAlu : D=0x0000000000000000
38664000 : system.cpu : T0 : 0x17bd8 : @_IO_file_xsputn+310 : sub : sub s4, s1, a0 : IntAlu : D=0x000000000000000c
38666000 : system.cpu : T0 : 0x17bdc : @_IO_file_xsputn+314 : c_j : c_j -180 : IntAlu : 
36273000 : system.cpu : T0 : 0x17d9a : @_IO_do_write : c_bnez : c_bnez a2, 6 : IntAlu : 
39378000 : system.cpu : T0 : 0x17d9a : @_IO_do_write : c_bnez : c_bnez a2, 6 : IntAlu : 
36279000 : system.cpu : T0 : 0x17d9c : @_IO_do_write+2 : c_li : c_li a0, 0 : IntAlu : D=0x0000000000000000
36281000 : system.cpu : T0 : 0x17d9e : @_IO_do_write+4 : c_jr : c_jr ra : IntAlu : 
39380000 : system.cpu : T0 : 0x17da0 : @_IO_do_write+6 : c_addi : c_addi sp, -16 : IntAlu : D=0x7ffffffffffffd20
39382000 : system.cpu : T0 : 0x17da2 : @_IO_do_write+8 : c_sdsp : c_sdsp s0, 0(sp) : MemWrite : D=0x000000000007a218 A=0x7ffffffffffffd20
39386000 : system.cpu : T0 : 0x17da4 : @_IO_do_write+10 : c_sdsp : c_sdsp ra, 8(sp) : MemWrite : D=0x000000000001836e A=0x7ffffffffffffd28
39390000 : system.cpu : T0 : 0x17da6 : @_IO_do_write+12 : c_mv : c_mv s0, a2 : IntAlu : D=0x000000000000000d
39392000 : system.cpu : T0 : 0x17da8 : @_IO_do_write+14 : jal : jal ra, -4490 : IntAlu : D=0x0000000000017dac
40109000 : system.cpu : T0 : 0x17dac : @_IO_do_write+18 : sub : sub a0, s0, a0 : IntAlu : D=0x0000000000000000
40111000 : system.cpu : T0 : 0x17db0 : @_IO_do_write+22 : c_ldsp : c_ldsp ra, 8(sp) : MemRead : D=0x000000000001836e A=0x7ffffffffffffd28
40115000 : system.cpu : T0 : 0x17db2 : @_IO_do_write+24 : c_ldsp : c_ldsp s0, 0(sp) : MemRead : D=0x000000000007a218 A=0x7ffffffffffffd20
40119000 : system.cpu : T0 : 0x17db4 : @_IO_do_write+26 : sltu : sltu a0, zero, a0 : IntAlu : D=0x0000000000000000
40121000 : system.cpu : T0 : 0x17db8 : @_IO_do_write+30 : subw : subw a0, zero, a0 : IntAlu : D=0x0000000000000000
40123000 : system.cpu : T0 : 0x17dbc : @_IO_do_write+34 : c_addi : c_addi sp, 16 : IntAlu : D=0x7ffffffffffffd30
40125000 : system.cpu : T0 : 0x17dbe : @_IO_do_write+36 : c_jr : c_jr ra : IntAlu : 
33671000 : system.cpu : T0 : 0x182ae : @_IO_new_file_overflow : c_lw : c_lw a5, 0(a0) : MemRead : D=0xfffffffffbad2084 A=0x7a218
36708000 : system.cpu : T0 : 0x182ae : @_IO_new_file_overflow : c_lw : c_lw a5, 0(a0) : MemRead : D=0xfffffffffbad2a84 A=0x7a218
36915000 : system.cpu : T0 : 0x182ae : @_IO_new_file_overflow : c_lw : c_lw a5, 0(a0) : MemRead : D=0xfffffffffbad2a84 A=0x7a218
37067000 : system.cpu : T0 : 0x182ae : @_IO_new_file_overflow : c_lw : c_lw a5, 0(a0) : MemRead : D=0xfffffffffbad2a84 A=0x7a218
37219000 : system.cpu : T0 : 0x182ae : @_IO_new_file_overflow : c_lw : c_lw a5, 0(a0) : MemRead : D=0xfffffffffbad2a84 A=0x7a218
37371000 : system.cpu : T0 : 0x182ae : @_IO_new_file_overflow : c_lw : c_lw a5, 0(a0) : MemRead : D=0xfffffffffbad2a84 A=0x7a218
37523000 : system.cpu : T0 : 0x182ae : @_IO_new_file_overflow : c_lw : c_lw a5, 0(a0) : MemRead : D=0xfffffffffbad2a84 A=0x7a218
37675000 : system.cpu : T0 : 0x182ae : @_IO_new_file_overflow : c_lw : c_lw a5, 0(a0) : MemRead : D=0xfffffffffbad2a84 A=0x7a218
37827000 : system.cpu : T0 : 0x182ae : @_IO_new_file_overflow : c_lw : c_lw a5, 0(a0) : MemRead : D=0xfffffffffbad2a84 A=0x7a218
37979000 : system.cpu : T0 : 0x182ae : @_IO_new_file_overflow : c_lw : c_lw a5, 0(a0) : MemRead : D=0xfffffffffbad2a84 A=0x7a218
38131000 : system.cpu : T0 : 0x182ae : @_IO_new_file_overflow : c_lw : c_lw a5, 0(a0) : MemRead : D=0xfffffffffbad2a84 A=0x7a218
38283000 : system.cpu : T0 : 0x182ae : @_IO_new_file_overflow : c_lw : c_lw a5, 0(a0) : MemRead : D=0xfffffffffbad2a84 A=0x7a218
38435000 : system.cpu : T0 : 0x182ae : @_IO_new_file_overflow : c_lw : c_lw a5, 0(a0) : MemRead : D=0xfffffffffbad2a84 A=0x7a218
39272000 : system.cpu : T0 : 0x182ae : @_IO_new_file_overflow : c_lw : c_lw a5, 0(a0) : MemRead : D=0xfffffffffbad2a84 A=0x7a218
33675000 : system.cpu : T0 : 0x182b0 : @_IO_new_file_overflow+2 : andi : andi a4, a5, 8 : IntAlu : D=0x0000000000000000
36712000 : system.cpu : T0 : 0x182b0 : @_IO_new_file_overflow+2 : andi : andi a4, a5, 8 : IntAlu : D=0x0000000000000000
36919000 : system.cpu : T0 : 0x182b0 : @_IO_new_file_overflow+2 : andi : andi a4, a5, 8 : IntAlu : D=0x0000000000000000
37071000 : system.cpu : T0 : 0x182b0 : @_IO_new_file_overflow+2 : andi : andi a4, a5, 8 : IntAlu : D=0x0000000000000000
37223000 : system.cpu : T0 : 0x182b0 : @_IO_new_file_overflow+2 : andi : andi a4, a5, 8 : IntAlu : D=0x0000000000000000
37375000 : system.cpu : T0 : 0x182b0 : @_IO_new_file_overflow+2 : andi : andi a4, a5, 8 : IntAlu : D=0x0000000000000000
37527000 : system.cpu : T0 : 0x182b0 : @_IO_new_file_overflow+2 : andi : andi a4, a5, 8 : IntAlu : D=0x0000000000000000
37679000 : system.cpu : T0 : 0x182b0 : @_IO_new_file_overflow+2 : andi : andi a4, a5, 8 : IntAlu : D=0x0000000000000000
37831000 : system.cpu : T0 : 0x182b0 : @_IO_new_file_overflow+2 : andi : andi a4, a5, 8 : IntAlu : D=0x0000000000000000
37983000 : system.cpu : T0 : 0x182b0 : @_IO_new_file_overflow+2 : andi : andi a4, a5, 8 : IntAlu : D=0x0000000000000000
38135000 : system.cpu : T0 : 0x182b0 : @_IO_new_file_overflow+2 : andi : andi a4, a5, 8 : IntAlu : D=0x0000000000000000
38287000 : system.cpu : T0 : 0x182b0 : @_IO_new_file_overflow+2 : andi : andi a4, a5, 8 : IntAlu : D=0x0000000000000000
38439000 : system.cpu : T0 : 0x182b0 : @_IO_new_file_overflow+2 : andi : andi a4, a5, 8 : IntAlu : D=0x0000000000000000
39276000 : system.cpu : T0 : 0x182b0 : @_IO_new_file_overflow+2 : andi : andi a4, a5, 8 : IntAlu : D=0x0000000000000000
33677000 : system.cpu : T0 : 0x182b4 : @_IO_new_file_overflow+6 : bne : bne a4, zero, 322 : IntAlu : 
36714000 : system.cpu : T0 : 0x182b4 : @_IO_new_file_overflow+6 : bne : bne a4, zero, 322 : IntAlu : 
36921000 : system.cpu : T0 : 0x182b4 : @_IO_new_file_overflow+6 : bne : bne a4, zero, 322 : IntAlu : 
37073000 : system.cpu : T0 : 0x182b4 : @_IO_new_file_overflow+6 : bne : bne a4, zero, 322 : IntAlu : 
37225000 : system.cpu : T0 : 0x182b4 : @_IO_new_file_overflow+6 : bne : bne a4, zero, 322 : IntAlu : 
37377000 : system.cpu : T0 : 0x182b4 : @_IO_new_file_overflow+6 : bne : bne a4, zero, 322 : IntAlu : 
37529000 : system.cpu : T0 : 0x182b4 : @_IO_new_file_overflow+6 : bne : bne a4, zero, 322 : IntAlu : 
37681000 : system.cpu : T0 : 0x182b4 : @_IO_new_file_overflow+6 : bne : bne a4, zero, 322 : IntAlu : 
37833000 : system.cpu : T0 : 0x182b4 : @_IO_new_file_overflow+6 : bne : bne a4, zero, 322 : IntAlu : 
37985000 : system.cpu : T0 : 0x182b4 : @_IO_new_file_overflow+6 : bne : bne a4, zero, 322 : IntAlu : 
38137000 : system.cpu : T0 : 0x182b4 : @_IO_new_file_overflow+6 : bne : bne a4, zero, 322 : IntAlu : 
38289000 : system.cpu : T0 : 0x182b4 : @_IO_new_file_overflow+6 : bne : bne a4, zero, 322 : IntAlu : 
38441000 : system.cpu : T0 : 0x182b4 : @_IO_new_file_overflow+6 : bne : bne a4, zero, 322 : IntAlu : 
39278000 : system.cpu : T0 : 0x182b4 : @_IO_new_file_overflow+6 : bne : bne a4, zero, 322 : IntAlu : 
33679000 : system.cpu : T0 : 0x182b8 : @_IO_new_file_overflow+10 : c_addi : c_addi sp, -32 : IntAlu : D=0x7ffffffffffffcf0
36716000 : system.cpu : T0 : 0x182b8 : @_IO_new_file_overflow+10 : c_addi : c_addi sp, -32 : IntAlu : D=0x7ffffffffffffca0
36923000 : system.cpu : T0 : 0x182b8 : @_IO_new_file_overflow+10 : c_addi : c_addi sp, -32 : IntAlu : D=0x7ffffffffffffca0
37075000 : system.cpu : T0 : 0x182b8 : @_IO_new_file_overflow+10 : c_addi : c_addi sp, -32 : IntAlu : D=0x7ffffffffffffca0
37227000 : system.cpu : T0 : 0x182b8 : @_IO_new_file_overflow+10 : c_addi : c_addi sp, -32 : IntAlu : D=0x7ffffffffffffca0
37379000 : system.cpu : T0 : 0x182b8 : @_IO_new_file_overflow+10 : c_addi : c_addi sp, -32 : IntAlu : D=0x7ffffffffffffca0
37531000 : system.cpu : T0 : 0x182b8 : @_IO_new_file_overflow+10 : c_addi : c_addi sp, -32 : IntAlu : D=0x7ffffffffffffca0
37683000 : system.cpu : T0 : 0x182b8 : @_IO_new_file_overflow+10 : c_addi : c_addi sp, -32 : IntAlu : D=0x7ffffffffffffca0
37835000 : system.cpu : T0 : 0x182b8 : @_IO_new_file_overflow+10 : c_addi : c_addi sp, -32 : IntAlu : D=0x7ffffffffffffca0
37987000 : system.cpu : T0 : 0x182b8 : @_IO_new_file_overflow+10 : c_addi : c_addi sp, -32 : IntAlu : D=0x7ffffffffffffca0
38139000 : system.cpu : T0 : 0x182b8 : @_IO_new_file_overflow+10 : c_addi : c_addi sp, -32 : IntAlu : D=0x7ffffffffffffca0
38291000 : system.cpu : T0 : 0x182b8 : @_IO_new_file_overflow+10 : c_addi : c_addi sp, -32 : IntAlu : D=0x7ffffffffffffca0
38443000 : system.cpu : T0 : 0x182b8 : @_IO_new_file_overflow+10 : c_addi : c_addi sp, -32 : IntAlu : D=0x7ffffffffffffca0
39280000 : system.cpu : T0 : 0x182b8 : @_IO_new_file_overflow+10 : c_addi : c_addi sp, -32 : IntAlu : D=0x7ffffffffffffd30
33681000 : system.cpu : T0 : 0x182ba : @_IO_new_file_overflow+12 : c_sdsp : c_sdsp s0, 16(sp) : MemWrite : D=0x000000000007a218 A=0x7ffffffffffffd00
36718000 : system.cpu : T0 : 0x182ba : @_IO_new_file_overflow+12 : c_sdsp : c_sdsp s0, 16(sp) : MemWrite : D=0x000000000005a321 A=0x7ffffffffffffcb0
36925000 : system.cpu : T0 : 0x182ba : @_IO_new_file_overflow+12 : c_sdsp : c_sdsp s0, 16(sp) : MemWrite : D=0x000000000005a322 A=0x7ffffffffffffcb0
37077000 : system.cpu : T0 : 0x182ba : @_IO_new_file_overflow+12 : c_sdsp : c_sdsp s0, 16(sp) : MemWrite : D=0x000000000005a323 A=0x7ffffffffffffcb0
37229000 : system.cpu : T0 : 0x182ba : @_IO_new_file_overflow+12 : c_sdsp : c_sdsp s0, 16(sp) : MemWrite : D=0x000000000005a324 A=0x7ffffffffffffcb0
37381000 : system.cpu : T0 : 0x182ba : @_IO_new_file_overflow+12 : c_sdsp : c_sdsp s0, 16(sp) : MemWrite : D=0x000000000005a325 A=0x7ffffffffffffcb0
37533000 : system.cpu : T0 : 0x182ba : @_IO_new_file_overflow+12 : c_sdsp : c_sdsp s0, 16(sp) : MemWrite : D=0x000000000005a326 A=0x7ffffffffffffcb0
37685000 : system.cpu : T0 : 0x182ba : @_IO_new_file_overflow+12 : c_sdsp : c_sdsp s0, 16(sp) : MemWrite : D=0x000000000005a327 A=0x7ffffffffffffcb0
37837000 : system.cpu : T0 : 0x182ba : @_IO_new_file_overflow+12 : c_sdsp : c_sdsp s0, 16(sp) : MemWrite : D=0x000000000005a328 A=0x7ffffffffffffcb0
37989000 : system.cpu : T0 : 0x182ba : @_IO_new_file_overflow+12 : c_sdsp : c_sdsp s0, 16(sp) : MemWrite : D=0x000000000005a329 A=0x7ffffffffffffcb0
38141000 : system.cpu : T0 : 0x182ba : @_IO_new_file_overflow+12 : c_sdsp : c_sdsp s0, 16(sp) : MemWrite : D=0x000000000005a32a A=0x7ffffffffffffcb0
38293000 : system.cpu : T0 : 0x182ba : @_IO_new_file_overflow+12 : c_sdsp : c_sdsp s0, 16(sp) : MemWrite : D=0x000000000005a32b A=0x7ffffffffffffcb0
38445000 : system.cpu : T0 : 0x182ba : @_IO_new_file_overflow+12 : c_sdsp : c_sdsp s0, 16(sp) : MemWrite : D=0x000000000005a32c A=0x7ffffffffffffcb0
39282000 : system.cpu : T0 : 0x182ba : @_IO_new_file_overflow+12 : c_sdsp : c_sdsp s0, 16(sp) : MemWrite : D=0x000000000000000c A=0x7ffffffffffffd40
33685000 : system.cpu : T0 : 0x182bc : @_IO_new_file_overflow+14 : c_sdsp : c_sdsp s1, 8(sp) : MemWrite : D=0x000000000000000c A=0x7ffffffffffffcf8
36722000 : system.cpu : T0 : 0x182bc : @_IO_new_file_overflow+14 : c_sdsp : c_sdsp s1, 8(sp) : MemWrite : D=0x000000000000000c A=0x7ffffffffffffca8
36929000 : system.cpu : T0 : 0x182bc : @_IO_new_file_overflow+14 : c_sdsp : c_sdsp s1, 8(sp) : MemWrite : D=0x000000000000000b A=0x7ffffffffffffca8
37081000 : system.cpu : T0 : 0x182bc : @_IO_new_file_overflow+14 : c_sdsp : c_sdsp s1, 8(sp) : MemWrite : D=0x000000000000000a A=0x7ffffffffffffca8
37233000 : system.cpu : T0 : 0x182bc : @_IO_new_file_overflow+14 : c_sdsp : c_sdsp s1, 8(sp) : MemWrite : D=0x0000000000000009 A=0x7ffffffffffffca8
37385000 : system.cpu : T0 : 0x182bc : @_IO_new_file_overflow+14 : c_sdsp : c_sdsp s1, 8(sp) : MemWrite : D=0x0000000000000008 A=0x7ffffffffffffca8
37537000 : system.cpu : T0 : 0x182bc : @_IO_new_file_overflow+14 : c_sdsp : c_sdsp s1, 8(sp) : MemWrite : D=0x0000000000000007 A=0x7ffffffffffffca8
37689000 : system.cpu : T0 : 0x182bc : @_IO_new_file_overflow+14 : c_sdsp : c_sdsp s1, 8(sp) : MemWrite : D=0x0000000000000006 A=0x7ffffffffffffca8
37841000 : system.cpu : T0 : 0x182bc : @_IO_new_file_overflow+14 : c_sdsp : c_sdsp s1, 8(sp) : MemWrite : D=0x0000000000000005 A=0x7ffffffffffffca8
37993000 : system.cpu : T0 : 0x182bc : @_IO_new_file_overflow+14 : c_sdsp : c_sdsp s1, 8(sp) : MemWrite : D=0x0000000000000004 A=0x7ffffffffffffca8
38145000 : system.cpu : T0 : 0x182bc : @_IO_new_file_overflow+14 : c_sdsp : c_sdsp s1, 8(sp) : MemWrite : D=0x0000000000000003 A=0x7ffffffffffffca8
38297000 : system.cpu : T0 : 0x182bc : @_IO_new_file_overflow+14 : c_sdsp : c_sdsp s1, 8(sp) : MemWrite : D=0x0000000000000002 A=0x7ffffffffffffca8
38449000 : system.cpu : T0 : 0x182bc : @_IO_new_file_overflow+14 : c_sdsp : c_sdsp s1, 8(sp) : MemWrite : D=0x0000000000000001 A=0x7ffffffffffffca8
39286000 : system.cpu : T0 : 0x182bc : @_IO_new_file_overflow+14 : c_sdsp : c_sdsp s1, 8(sp) : MemWrite : D=0x000000000007a218 A=0x7ffffffffffffd38
33689000 : system.cpu : T0 : 0x182be : @_IO_new_file_overflow+16 : c_sdsp : c_sdsp ra, 24(sp) : MemWrite : D=0x0000000000017b00 A=0x7ffffffffffffd08
36726000 : system.cpu : T0 : 0x182be : @_IO_new_file_overflow+16 : c_sdsp : c_sdsp ra, 24(sp) : MemWrite : D=0x0000000000018e1e A=0x7ffffffffffffcb8
36933000 : system.cpu : T0 : 0x182be : @_IO_new_file_overflow+16 : c_sdsp : c_sdsp ra, 24(sp) : MemWrite : D=0x0000000000018e1e A=0x7ffffffffffffcb8
37085000 : system.cpu : T0 : 0x182be : @_IO_new_file_overflow+16 : c_sdsp : c_sdsp ra, 24(sp) : MemWrite : D=0x0000000000018e1e A=0x7ffffffffffffcb8
37237000 : system.cpu : T0 : 0x182be : @_IO_new_file_overflow+16 : c_sdsp : c_sdsp ra, 24(sp) : MemWrite : D=0x0000000000018e1e A=0x7ffffffffffffcb8
37389000 : system.cpu : T0 : 0x182be : @_IO_new_file_overflow+16 : c_sdsp : c_sdsp ra, 24(sp) : MemWrite : D=0x0000000000018e1e A=0x7ffffffffffffcb8
37541000 : system.cpu : T0 : 0x182be : @_IO_new_file_overflow+16 : c_sdsp : c_sdsp ra, 24(sp) : MemWrite : D=0x0000000000018e1e A=0x7ffffffffffffcb8
37693000 : system.cpu : T0 : 0x182be : @_IO_new_file_overflow+16 : c_sdsp : c_sdsp ra, 24(sp) : MemWrite : D=0x0000000000018e1e A=0x7ffffffffffffcb8
37845000 : system.cpu : T0 : 0x182be : @_IO_new_file_overflow+16 : c_sdsp : c_sdsp ra, 24(sp) : MemWrite : D=0x0000000000018e1e A=0x7ffffffffffffcb8
37997000 : system.cpu : T0 : 0x182be : @_IO_new_file_overflow+16 : c_sdsp : c_sdsp ra, 24(sp) : MemWrite : D=0x0000000000018e1e A=0x7ffffffffffffcb8
38149000 : system.cpu : T0 : 0x182be : @_IO_new_file_overflow+16 : c_sdsp : c_sdsp ra, 24(sp) : MemWrite : D=0x0000000000018e1e A=0x7ffffffffffffcb8
38301000 : system.cpu : T0 : 0x182be : @_IO_new_file_overflow+16 : c_sdsp : c_sdsp ra, 24(sp) : MemWrite : D=0x0000000000018e1e A=0x7ffffffffffffcb8
38453000 : system.cpu : T0 : 0x182be : @_IO_new_file_overflow+16 : c_sdsp : c_sdsp ra, 24(sp) : MemWrite : D=0x0000000000018e1e A=0x7ffffffffffffcb8
39290000 : system.cpu : T0 : 0x182be : @_IO_new_file_overflow+16 : c_sdsp : c_sdsp ra, 24(sp) : MemWrite : D=0x0000000000015784 A=0x7ffffffffffffd48
33744000 : system.cpu : T0 : 0x182c0 : @_IO_new_file_overflow+18 : c_sdsp : c_sdsp s2, 0(sp) : MemWrite : D=0x000000000000000c A=0x7ffffffffffffcf0
36730000 : system.cpu : T0 : 0x182c0 : @_IO_new_file_overflow+18 : c_sdsp : c_sdsp s2, 0(sp) : MemWrite : D=0x000000000007a218 A=0x7ffffffffffffca0
36937000 : system.cpu : T0 : 0x182c0 : @_IO_new_file_overflow+18 : c_sdsp : c_sdsp s2, 0(sp) : MemWrite : D=0x000000000007a218 A=0x7ffffffffffffca0
37089000 : system.cpu : T0 : 0x182c0 : @_IO_new_file_overflow+18 : c_sdsp : c_sdsp s2, 0(sp) : MemWrite : D=0x000000000007a218 A=0x7ffffffffffffca0
37241000 : system.cpu : T0 : 0x182c0 : @_IO_new_file_overflow+18 : c_sdsp : c_sdsp s2, 0(sp) : MemWrite : D=0x000000000007a218 A=0x7ffffffffffffca0
37393000 : system.cpu : T0 : 0x182c0 : @_IO_new_file_overflow+18 : c_sdsp : c_sdsp s2, 0(sp) : MemWrite : D=0x000000000007a218 A=0x7ffffffffffffca0
37545000 : system.cpu : T0 : 0x182c0 : @_IO_new_file_overflow+18 : c_sdsp : c_sdsp s2, 0(sp) : MemWrite : D=0x000000000007a218 A=0x7ffffffffffffca0
37697000 : system.cpu : T0 : 0x182c0 : @_IO_new_file_overflow+18 : c_sdsp : c_sdsp s2, 0(sp) : MemWrite : D=0x000000000007a218 A=0x7ffffffffffffca0
37849000 : system.cpu : T0 : 0x182c0 : @_IO_new_file_overflow+18 : c_sdsp : c_sdsp s2, 0(sp) : MemWrite : D=0x000000000007a218 A=0x7ffffffffffffca0
38001000 : system.cpu : T0 : 0x182c0 : @_IO_new_file_overflow+18 : c_sdsp : c_sdsp s2, 0(sp) : MemWrite : D=0x000000000007a218 A=0x7ffffffffffffca0
38153000 : system.cpu : T0 : 0x182c0 : @_IO_new_file_overflow+18 : c_sdsp : c_sdsp s2, 0(sp) : MemWrite : D=0x000000000007a218 A=0x7ffffffffffffca0
38305000 : system.cpu : T0 : 0x182c0 : @_IO_new_file_overflow+18 : c_sdsp : c_sdsp s2, 0(sp) : MemWrite : D=0x000000000007a218 A=0x7ffffffffffffca0
38457000 : system.cpu : T0 : 0x182c0 : @_IO_new_file_overflow+18 : c_sdsp : c_sdsp s2, 0(sp) : MemWrite : D=0x000000000007a218 A=0x7ffffffffffffca0
39294000 : system.cpu : T0 : 0x182c0 : @_IO_new_file_overflow+18 : c_sdsp : c_sdsp s2, 0(sp) : MemWrite : D=0x0000000000000000 A=0x7ffffffffffffd30
33750000 : system.cpu : T0 : 0x182c2 : @_IO_new_file_overflow+20 : slli : slli a3, a5, 52 : IntAlu : D=0x0840000000000000
36736000 : system.cpu : T0 : 0x182c2 : @_IO_new_file_overflow+20 : slli : slli a3, a5, 52 : IntAlu : D=0xa840000000000000
36943000 : system.cpu : T0 : 0x182c2 : @_IO_new_file_overflow+20 : slli : slli a3, a5, 52 : IntAlu : D=0xa840000000000000
37095000 : system.cpu : T0 : 0x182c2 : @_IO_new_file_overflow+20 : slli : slli a3, a5, 52 : IntAlu : D=0xa840000000000000
37247000 : system.cpu : T0 : 0x182c2 : @_IO_new_file_overflow+20 : slli : slli a3, a5, 52 : IntAlu : D=0xa840000000000000
37399000 : system.cpu : T0 : 0x182c2 : @_IO_new_file_overflow+20 : slli : slli a3, a5, 52 : IntAlu : D=0xa840000000000000
37551000 : system.cpu : T0 : 0x182c2 : @_IO_new_file_overflow+20 : slli : slli a3, a5, 52 : IntAlu : D=0xa840000000000000
37703000 : system.cpu : T0 : 0x182c2 : @_IO_new_file_overflow+20 : slli : slli a3, a5, 52 : IntAlu : D=0xa840000000000000
37855000 : system.cpu : T0 : 0x182c2 : @_IO_new_file_overflow+20 : slli : slli a3, a5, 52 : IntAlu : D=0xa840000000000000
38007000 : system.cpu : T0 : 0x182c2 : @_IO_new_file_overflow+20 : slli : slli a3, a5, 52 : IntAlu : D=0xa840000000000000
38159000 : system.cpu : T0 : 0x182c2 : @_IO_new_file_overflow+20 : slli : slli a3, a5, 52 : IntAlu : D=0xa840000000000000
38311000 : system.cpu : T0 : 0x182c2 : @_IO_new_file_overflow+20 : slli : slli a3, a5, 52 : IntAlu : D=0xa840000000000000
38463000 : system.cpu : T0 : 0x182c2 : @_IO_new_file_overflow+20 : slli : slli a3, a5, 52 : IntAlu : D=0xa840000000000000
39300000 : system.cpu : T0 : 0x182c2 : @_IO_new_file_overflow+20 : slli : slli a3, a5, 52 : IntAlu : D=0xa840000000000000
33752000 : system.cpu : T0 : 0x182c6 : @_IO_new_file_overflow+24 : c_mv : c_mv s1, a1 : IntAlu : D=0xffffffffffffffff
36738000 : system.cpu : T0 : 0x182c6 : @_IO_new_file_overflow+24 : c_mv : c_mv s1, a1 : IntAlu : D=0x0000000000000048
36945000 : system.cpu : T0 : 0x182c6 : @_IO_new_file_overflow+24 : c_mv : c_mv s1, a1 : IntAlu : D=0x0000000000000065
37097000 : system.cpu : T0 : 0x182c6 : @_IO_new_file_overflow+24 : c_mv : c_mv s1, a1 : IntAlu : D=0x000000000000006c
37249000 : system.cpu : T0 : 0x182c6 : @_IO_new_file_overflow+24 : c_mv : c_mv s1, a1 : IntAlu : D=0x000000000000006c
37401000 : system.cpu : T0 : 0x182c6 : @_IO_new_file_overflow+24 : c_mv : c_mv s1, a1 : IntAlu : D=0x000000000000006f
37553000 : system.cpu : T0 : 0x182c6 : @_IO_new_file_overflow+24 : c_mv : c_mv s1, a1 : IntAlu : D=0x0000000000000020
37705000 : system.cpu : T0 : 0x182c6 : @_IO_new_file_overflow+24 : c_mv : c_mv s1, a1 : IntAlu : D=0x0000000000000077
37857000 : system.cpu : T0 : 0x182c6 : @_IO_new_file_overflow+24 : c_mv : c_mv s1, a1 : IntAlu : D=0x000000000000006f
38009000 : system.cpu : T0 : 0x182c6 : @_IO_new_file_overflow+24 : c_mv : c_mv s1, a1 : IntAlu : D=0x0000000000000072
38161000 : system.cpu : T0 : 0x182c6 : @_IO_new_file_overflow+24 : c_mv : c_mv s1, a1 : IntAlu : D=0x000000000000006c
38313000 : system.cpu : T0 : 0x182c6 : @_IO_new_file_overflow+24 : c_mv : c_mv s1, a1 : IntAlu : D=0x0000000000000064
38465000 : system.cpu : T0 : 0x182c6 : @_IO_new_file_overflow+24 : c_mv : c_mv s1, a1 : IntAlu : D=0x0000000000000021
39302000 : system.cpu : T0 : 0x182c6 : @_IO_new_file_overflow+24 : c_mv : c_mv s1, a1 : IntAlu : D=0x000000000000000a
33754000 : system.cpu : T0 : 0x182c8 : @_IO_new_file_overflow+26 : c_mv : c_mv s0, a0 : IntAlu : D=0x000000000007a218
36740000 : system.cpu : T0 : 0x182c8 : @_IO_new_file_overflow+26 : c_mv : c_mv s0, a0 : IntAlu : D=0x000000000007a218
36947000 : system.cpu : T0 : 0x182c8 : @_IO_new_file_overflow+26 : c_mv : c_mv s0, a0 : IntAlu : D=0x000000000007a218
37099000 : system.cpu : T0 : 0x182c8 : @_IO_new_file_overflow+26 : c_mv : c_mv s0, a0 : IntAlu : D=0x000000000007a218
37251000 : system.cpu : T0 : 0x182c8 : @_IO_new_file_overflow+26 : c_mv : c_mv s0, a0 : IntAlu : D=0x000000000007a218
37403000 : system.cpu : T0 : 0x182c8 : @_IO_new_file_overflow+26 : c_mv : c_mv s0, a0 : IntAlu : D=0x000000000007a218
37555000 : system.cpu : T0 : 0x182c8 : @_IO_new_file_overflow+26 : c_mv : c_mv s0, a0 : IntAlu : D=0x000000000007a218
37707000 : system.cpu : T0 : 0x182c8 : @_IO_new_file_overflow+26 : c_mv : c_mv s0, a0 : IntAlu : D=0x000000000007a218
37859000 : system.cpu : T0 : 0x182c8 : @_IO_new_file_overflow+26 : c_mv : c_mv s0, a0 : IntAlu : D=0x000000000007a218
38011000 : system.cpu : T0 : 0x182c8 : @_IO_new_file_overflow+26 : c_mv : c_mv s0, a0 : IntAlu : D=0x000000000007a218
38163000 : system.cpu : T0 : 0x182c8 : @_IO_new_file_overflow+26 : c_mv : c_mv s0, a0 : IntAlu : D=0x000000000007a218
38315000 : system.cpu : T0 : 0x182c8 : @_IO_new_file_overflow+26 : c_mv : c_mv s0, a0 : IntAlu : D=0x000000000007a218
38467000 : system.cpu : T0 : 0x182c8 : @_IO_new_file_overflow+26 : c_mv : c_mv s0, a0 : IntAlu : D=0x000000000007a218
39304000 : system.cpu : T0 : 0x182c8 : @_IO_new_file_overflow+26 : c_mv : c_mv s0, a0 : IntAlu : D=0x000000000007a218
33756000 : system.cpu : T0 : 0x182ca : @_IO_new_file_overflow+28 : c_ld : c_ld a4, 32(a0) : MemRead : D=0x0000000000000000 A=0x7a238
36742000 : system.cpu : T0 : 0x182ca : @_IO_new_file_overflow+28 : c_ld : c_ld a4, 32(a0) : MemRead : D=0x000000000007f530 A=0x7a238
36949000 : system.cpu : T0 : 0x182ca : @_IO_new_file_overflow+28 : c_ld : c_ld a4, 32(a0) : MemRead : D=0x000000000007f530 A=0x7a238
37101000 : system.cpu : T0 : 0x182ca : @_IO_new_file_overflow+28 : c_ld : c_ld a4, 32(a0) : MemRead : D=0x000000000007f530 A=0x7a238
37253000 : system.cpu : T0 : 0x182ca : @_IO_new_file_overflow+28 : c_ld : c_ld a4, 32(a0) : MemRead : D=0x000000000007f530 A=0x7a238
37405000 : system.cpu : T0 : 0x182ca : @_IO_new_file_overflow+28 : c_ld : c_ld a4, 32(a0) : MemRead : D=0x000000000007f530 A=0x7a238
37557000 : system.cpu : T0 : 0x182ca : @_IO_new_file_overflow+28 : c_ld : c_ld a4, 32(a0) : MemRead : D=0x000000000007f530 A=0x7a238
37709000 : system.cpu : T0 : 0x182ca : @_IO_new_file_overflow+28 : c_ld : c_ld a4, 32(a0) : MemRead : D=0x000000000007f530 A=0x7a238
37861000 : system.cpu : T0 : 0x182ca : @_IO_new_file_overflow+28 : c_ld : c_ld a4, 32(a0) : MemRead : D=0x000000000007f530 A=0x7a238
38013000 : system.cpu : T0 : 0x182ca : @_IO_new_file_overflow+28 : c_ld : c_ld a4, 32(a0) : MemRead : D=0x000000000007f530 A=0x7a238
38165000 : system.cpu : T0 : 0x182ca : @_IO_new_file_overflow+28 : c_ld : c_ld a4, 32(a0) : MemRead : D=0x000000000007f530 A=0x7a238
38317000 : system.cpu : T0 : 0x182ca : @_IO_new_file_overflow+28 : c_ld : c_ld a4, 32(a0) : MemRead : D=0x000000000007f530 A=0x7a238
38469000 : system.cpu : T0 : 0x182ca : @_IO_new_file_overflow+28 : c_ld : c_ld a4, 32(a0) : MemRead : D=0x000000000007f530 A=0x7a238
39306000 : system.cpu : T0 : 0x182ca : @_IO_new_file_overflow+28 : c_ld : c_ld a4, 32(a0) : MemRead : D=0x000000000007f530 A=0x7a238
33760000 : system.cpu : T0 : 0x182cc : @_IO_new_file_overflow+30 : blt : blt a3, zero, 86 : IntAlu : 
36746000 : system.cpu : T0 : 0x182cc : @_IO_new_file_overflow+30 : blt : blt a3, zero, 86 : IntAlu : 
36953000 : system.cpu : T0 : 0x182cc : @_IO_new_file_overflow+30 : blt : blt a3, zero, 86 : IntAlu : 
37105000 : system.cpu : T0 : 0x182cc : @_IO_new_file_overflow+30 : blt : blt a3, zero, 86 : IntAlu : 
37257000 : system.cpu : T0 : 0x182cc : @_IO_new_file_overflow+30 : blt : blt a3, zero, 86 : IntAlu : 
37409000 : system.cpu : T0 : 0x182cc : @_IO_new_file_overflow+30 : blt : blt a3, zero, 86 : IntAlu : 
37561000 : system.cpu : T0 : 0x182cc : @_IO_new_file_overflow+30 : blt : blt a3, zero, 86 : IntAlu : 
37713000 : system.cpu : T0 : 0x182cc : @_IO_new_file_overflow+30 : blt : blt a3, zero, 86 : IntAlu : 
37865000 : system.cpu : T0 : 0x182cc : @_IO_new_file_overflow+30 : blt : blt a3, zero, 86 : IntAlu : 
38017000 : system.cpu : T0 : 0x182cc : @_IO_new_file_overflow+30 : blt : blt a3, zero, 86 : IntAlu : 
38169000 : system.cpu : T0 : 0x182cc : @_IO_new_file_overflow+30 : blt : blt a3, zero, 86 : IntAlu : 
38321000 : system.cpu : T0 : 0x182cc : @_IO_new_file_overflow+30 : blt : blt a3, zero, 86 : IntAlu : 
38473000 : system.cpu : T0 : 0x182cc : @_IO_new_file_overflow+30 : blt : blt a3, zero, 86 : IntAlu : 
39310000 : system.cpu : T0 : 0x182cc : @_IO_new_file_overflow+30 : blt : blt a3, zero, 86 : IntAlu : 
33762000 : system.cpu : T0 : 0x182d0 : @_IO_new_file_overflow+34 : c_beqz : c_beqz a4, 232 : IntAlu : 
36067000 : system.cpu : T0 : 0x182d4 : @_IO_new_file_overflow+38 : andi : andi a4, a5, 256 : IntAlu : D=0x0000000000000000
36069000 : system.cpu : T0 : 0x182d8 : @_IO_new_file_overflow+42 : bne : bne a4, zero, 242 : IntAlu : 
36071000 : system.cpu : T0 : 0x182dc : @_IO_new_file_overflow+46 : c_ld : c_ld a3, 64(s0) : MemRead : D=0x0000000000081530 A=0x7a258
36077000 : system.cpu : T0 : 0x182de : @_IO_new_file_overflow+48 : beq : beq a3, a2, 210 : IntAlu : 
36079000 : system.cpu : T0 : 0x182e2 : @_IO_new_file_overflow+52 : c_ld : c_ld a1, 16(s0) : MemRead : D=0x000000000007f530 A=0x7a228
36083000 : system.cpu : T0 : 0x182e4 : @_IO_new_file_overflow+54 : c_lui : c_lui a4, 1 : IntAlu : D=0x0000000000001000
36087000 : system.cpu : T0 : 0x182e6 : @_IO_new_file_overflow+56 : addi : addi a4, a4, -2048 : IntAlu : D=0x0000000000000800
36091000 : system.cpu : T0 : 0x182ea : @_IO_new_file_overflow+60 : lw : lw a0, 192(s0) : MemRead : D=0xffffffffffffffff A=0x7a2d8
36095000 : system.cpu : T0 : 0x182ee : @_IO_new_file_overflow+64 : c_or : c_or a4, a5 : IntAlu : D=0xfffffffffbad2a84
36097000 : system.cpu : T0 : 0x182f0 : @_IO_new_file_overflow+66 : c_sd : c_sd a2, 40(s0) : MemWrite : D=0x000000000007f530 A=0x7a240
36101000 : system.cpu : T0 : 0x182f2 : @_IO_new_file_overflow+68 : c_sd : c_sd a2, 32(s0) : MemWrite : D=0x000000000007f530 A=0x7a238
36105000 : system.cpu : T0 : 0x182f4 : @_IO_new_file_overflow+70 : c_sd : c_sd a3, 48(s0) : MemWrite : D=0x0000000000081530 A=0x7a248
36109000 : system.cpu : T0 : 0x182f6 : @_IO_new_file_overflow+72 : c_sd : c_sd a1, 8(s0) : MemWrite : D=0x000000000007f530 A=0x7a220
36113000 : system.cpu : T0 : 0x182f8 : @_IO_new_file_overflow+74 : c_sd : c_sd a1, 24(s0) : MemWrite : D=0x000000000007f530 A=0x7a230
36117000 : system.cpu : T0 : 0x182fa : @_IO_new_file_overflow+76 : c_sw : c_sw a4, 0(s0) : MemWrite : D=0x00000000fbad2a84 A=0x7a218
36121000 : system.cpu : T0 : 0x182fc : @_IO_new_file_overflow+78 : blt : blt zero, a0, 42 : IntAlu : 
36174000 : system.cpu : T0 : 0x18300 : @_IO_new_file_overflow+82 : andi : andi a5, a5, 514 : IntAlu : D=0x0000000000000200
36180000 : system.cpu : T0 : 0x18304 : @_IO_new_file_overflow+86 : c_beqz : c_beqz a5, 34 : IntAlu : 
36182000 : system.cpu : T0 : 0x18306 : @_IO_new_file_overflow+88 : c_sd : c_sd a2, 48(s0) : MemWrite : D=0x000000000007f530 A=0x7a248
36186000 : system.cpu : T0 : 0x18308 : @_IO_new_file_overflow+90 : c_li : c_li a5, -1 : IntAlu : D=0xffffffffffffffff
36190000 : system.cpu : T0 : 0x1830a : @_IO_new_file_overflow+92 : bne : bne s1, a5, 34 : IntAlu : 
36192000 : system.cpu : T0 : 0x1830e : @_IO_new_file_overflow+96 : c_ld : c_ld a1, 32(s0) : MemRead : D=0x000000000007f530 A=0x7a238
36196000 : system.cpu : T0 : 0x18310 : @_IO_new_file_overflow+98 : c_mv : c_mv a0, s0 : IntAlu : D=0x000000000007a218
36198000 : system.cpu : T0 : 0x18312 : @_IO_new_file_overflow+100 : c_ldsp : c_ldsp s0, 16(sp) : MemRead : D=0x000000000007a218 A=0x7ffffffffffffd00
36202000 : system.cpu : T0 : 0x18314 : @_IO_new_file_overflow+102 : c_ldsp : c_ldsp ra, 24(sp) : MemRead : D=0x0000000000017b00 A=0x7ffffffffffffd08
36206000 : system.cpu : T0 : 0x18316 : @_IO_new_file_overflow+104 : c_ldsp : c_ldsp s1, 8(sp) : MemRead : D=0x000000000000000c A=0x7ffffffffffffcf8
36210000 : system.cpu : T0 : 0x18318 : @_IO_new_file_overflow+106 : c_ldsp : c_ldsp s2, 0(sp) : MemRead : D=0x000000000000000c A=0x7ffffffffffffcf0
36214000 : system.cpu : T0 : 0x1831a : @_IO_new_file_overflow+108 : c_sub : c_sub a2, a1 : IntAlu : D=0x0000000000000000
36216000 : system.cpu : T0 : 0x1831c : @_IO_new_file_overflow+110 : c_addi16sp : c_addi16sp sp, 32 : IntAlu : D=0x7ffffffffffffd10
36220000 : system.cpu : T0 : 0x1831e : @_IO_new_file_overflow+112 : jal : jal zero, -1412 : IntAlu : D=0x0000000000018322
36748000 : system.cpu : T0 : 0x18322 : @_IO_new_file_overflow+116 : c_beqz : c_beqz a4, 150 : IntAlu : 
36955000 : system.cpu : T0 : 0x18322 : @_IO_new_file_overflow+116 : c_beqz : c_beqz a4, 150 : IntAlu : 
37107000 : system.cpu : T0 : 0x18322 : @_IO_new_file_overflow+116 : c_beqz : c_beqz a4, 150 : IntAlu : 
37259000 : system.cpu : T0 : 0x18322 : @_IO_new_file_overflow+116 : c_beqz : c_beqz a4, 150 : IntAlu : 
37411000 : system.cpu : T0 : 0x18322 : @_IO_new_file_overflow+116 : c_beqz : c_beqz a4, 150 : IntAlu : 
37563000 : system.cpu : T0 : 0x18322 : @_IO_new_file_overflow+116 : c_beqz : c_beqz a4, 150 : IntAlu : 
37715000 : system.cpu : T0 : 0x18322 : @_IO_new_file_overflow+116 : c_beqz : c_beqz a4, 150 : IntAlu : 
37867000 : system.cpu : T0 : 0x18322 : @_IO_new_file_overflow+116 : c_beqz : c_beqz a4, 150 : IntAlu : 
38019000 : system.cpu : T0 : 0x18322 : @_IO_new_file_overflow+116 : c_beqz : c_beqz a4, 150 : IntAlu : 
38171000 : system.cpu : T0 : 0x18322 : @_IO_new_file_overflow+116 : c_beqz : c_beqz a4, 150 : IntAlu : 
38323000 : system.cpu : T0 : 0x18322 : @_IO_new_file_overflow+116 : c_beqz : c_beqz a4, 150 : IntAlu : 
38475000 : system.cpu : T0 : 0x18322 : @_IO_new_file_overflow+116 : c_beqz : c_beqz a4, 150 : IntAlu : 
39312000 : system.cpu : T0 : 0x18322 : @_IO_new_file_overflow+116 : c_beqz : c_beqz a4, 150 : IntAlu : 
36750000 : system.cpu : T0 : 0x18324 : @_IO_new_file_overflow+118 : c_ld : c_ld a2, 40(a0) : MemRead : D=0x000000000007f530 A=0x7a240
36957000 : system.cpu : T0 : 0x18324 : @_IO_new_file_overflow+118 : c_ld : c_ld a2, 40(a0) : MemRead : D=0x000000000007f531 A=0x7a240
37109000 : system.cpu : T0 : 0x18324 : @_IO_new_file_overflow+118 : c_ld : c_ld a2, 40(a0) : MemRead : D=0x000000000007f532 A=0x7a240
37261000 : system.cpu : T0 : 0x18324 : @_IO_new_file_overflow+118 : c_ld : c_ld a2, 40(a0) : MemRead : D=0x000000000007f533 A=0x7a240
37413000 : system.cpu : T0 : 0x18324 : @_IO_new_file_overflow+118 : c_ld : c_ld a2, 40(a0) : MemRead : D=0x000000000007f534 A=0x7a240
37565000 : system.cpu : T0 : 0x18324 : @_IO_new_file_overflow+118 : c_ld : c_ld a2, 40(a0) : MemRead : D=0x000000000007f535 A=0x7a240
37717000 : system.cpu : T0 : 0x18324 : @_IO_new_file_overflow+118 : c_ld : c_ld a2, 40(a0) : MemRead : D=0x000000000007f536 A=0x7a240
37869000 : system.cpu : T0 : 0x18324 : @_IO_new_file_overflow+118 : c_ld : c_ld a2, 40(a0) : MemRead : D=0x000000000007f537 A=0x7a240
38021000 : system.cpu : T0 : 0x18324 : @_IO_new_file_overflow+118 : c_ld : c_ld a2, 40(a0) : MemRead : D=0x000000000007f538 A=0x7a240
38173000 : system.cpu : T0 : 0x18324 : @_IO_new_file_overflow+118 : c_ld : c_ld a2, 40(a0) : MemRead : D=0x000000000007f539 A=0x7a240
38325000 : system.cpu : T0 : 0x18324 : @_IO_new_file_overflow+118 : c_ld : c_ld a2, 40(a0) : MemRead : D=0x000000000007f53a A=0x7a240
38477000 : system.cpu : T0 : 0x18324 : @_IO_new_file_overflow+118 : c_ld : c_ld a2, 40(a0) : MemRead : D=0x000000000007f53b A=0x7a240
39314000 : system.cpu : T0 : 0x18324 : @_IO_new_file_overflow+118 : c_ld : c_ld a2, 40(a0) : MemRead : D=0x000000000007f53c A=0x7a240
36754000 : system.cpu : T0 : 0x18326 : @_IO_new_file_overflow+120 : c_li : c_li a5, -1 : IntAlu : D=0xffffffffffffffff
36961000 : system.cpu : T0 : 0x18326 : @_IO_new_file_overflow+120 : c_li : c_li a5, -1 : IntAlu : D=0xffffffffffffffff
37113000 : system.cpu : T0 : 0x18326 : @_IO_new_file_overflow+120 : c_li : c_li a5, -1 : IntAlu : D=0xffffffffffffffff
37265000 : system.cpu : T0 : 0x18326 : @_IO_new_file_overflow+120 : c_li : c_li a5, -1 : IntAlu : D=0xffffffffffffffff
37417000 : system.cpu : T0 : 0x18326 : @_IO_new_file_overflow+120 : c_li : c_li a5, -1 : IntAlu : D=0xffffffffffffffff
37569000 : system.cpu : T0 : 0x18326 : @_IO_new_file_overflow+120 : c_li : c_li a5, -1 : IntAlu : D=0xffffffffffffffff
37721000 : system.cpu : T0 : 0x18326 : @_IO_new_file_overflow+120 : c_li : c_li a5, -1 : IntAlu : D=0xffffffffffffffff
37873000 : system.cpu : T0 : 0x18326 : @_IO_new_file_overflow+120 : c_li : c_li a5, -1 : IntAlu : D=0xffffffffffffffff
38025000 : system.cpu : T0 : 0x18326 : @_IO_new_file_overflow+120 : c_li : c_li a5, -1 : IntAlu : D=0xffffffffffffffff
38177000 : system.cpu : T0 : 0x18326 : @_IO_new_file_overflow+120 : c_li : c_li a5, -1 : IntAlu : D=0xffffffffffffffff
38329000 : system.cpu : T0 : 0x18326 : @_IO_new_file_overflow+120 : c_li : c_li a5, -1 : IntAlu : D=0xffffffffffffffff
38481000 : system.cpu : T0 : 0x18326 : @_IO_new_file_overflow+120 : c_li : c_li a5, -1 : IntAlu : D=0xffffffffffffffff
39318000 : system.cpu : T0 : 0x18326 : @_IO_new_file_overflow+120 : c_li : c_li a5, -1 : IntAlu : D=0xffffffffffffffff
36756000 : system.cpu : T0 : 0x18328 : @_IO_new_file_overflow+122 : beq : beq s1, a5, -26 : IntAlu : 
36963000 : system.cpu : T0 : 0x18328 : @_IO_new_file_overflow+122 : beq : beq s1, a5, -26 : IntAlu : 
37115000 : system.cpu : T0 : 0x18328 : @_IO_new_file_overflow+122 : beq : beq s1, a5, -26 : IntAlu : 
37267000 : system.cpu : T0 : 0x18328 : @_IO_new_file_overflow+122 : beq : beq s1, a5, -26 : IntAlu : 
37419000 : system.cpu : T0 : 0x18328 : @_IO_new_file_overflow+122 : beq : beq s1, a5, -26 : IntAlu : 
37571000 : system.cpu : T0 : 0x18328 : @_IO_new_file_overflow+122 : beq : beq s1, a5, -26 : IntAlu : 
37723000 : system.cpu : T0 : 0x18328 : @_IO_new_file_overflow+122 : beq : beq s1, a5, -26 : IntAlu : 
37875000 : system.cpu : T0 : 0x18328 : @_IO_new_file_overflow+122 : beq : beq s1, a5, -26 : IntAlu : 
38027000 : system.cpu : T0 : 0x18328 : @_IO_new_file_overflow+122 : beq : beq s1, a5, -26 : IntAlu : 
38179000 : system.cpu : T0 : 0x18328 : @_IO_new_file_overflow+122 : beq : beq s1, a5, -26 : IntAlu : 
38331000 : system.cpu : T0 : 0x18328 : @_IO_new_file_overflow+122 : beq : beq s1, a5, -26 : IntAlu : 
38483000 : system.cpu : T0 : 0x18328 : @_IO_new_file_overflow+122 : beq : beq s1, a5, -26 : IntAlu : 
39320000 : system.cpu : T0 : 0x18328 : @_IO_new_file_overflow+122 : beq : beq s1, a5, -26 : IntAlu : 
36758000 : system.cpu : T0 : 0x1832c : @_IO_new_file_overflow+126 : c_ld : c_ld a5, 64(s0) : MemRead : D=0x0000000000081530 A=0x7a258
36965000 : system.cpu : T0 : 0x1832c : @_IO_new_file_overflow+126 : c_ld : c_ld a5, 64(s0) : MemRead : D=0x0000000000081530 A=0x7a258
37117000 : system.cpu : T0 : 0x1832c : @_IO_new_file_overflow+126 : c_ld : c_ld a5, 64(s0) : MemRead : D=0x0000000000081530 A=0x7a258
37269000 : system.cpu : T0 : 0x1832c : @_IO_new_file_overflow+126 : c_ld : c_ld a5, 64(s0) : MemRead : D=0x0000000000081530 A=0x7a258
37421000 : system.cpu : T0 : 0x1832c : @_IO_new_file_overflow+126 : c_ld : c_ld a5, 64(s0) : MemRead : D=0x0000000000081530 A=0x7a258
37573000 : system.cpu : T0 : 0x1832c : @_IO_new_file_overflow+126 : c_ld : c_ld a5, 64(s0) : MemRead : D=0x0000000000081530 A=0x7a258
37725000 : system.cpu : T0 : 0x1832c : @_IO_new_file_overflow+126 : c_ld : c_ld a5, 64(s0) : MemRead : D=0x0000000000081530 A=0x7a258
37877000 : system.cpu : T0 : 0x1832c : @_IO_new_file_overflow+126 : c_ld : c_ld a5, 64(s0) : MemRead : D=0x0000000000081530 A=0x7a258
38029000 : system.cpu : T0 : 0x1832c : @_IO_new_file_overflow+126 : c_ld : c_ld a5, 64(s0) : MemRead : D=0x0000000000081530 A=0x7a258
38181000 : system.cpu : T0 : 0x1832c : @_IO_new_file_overflow+126 : c_ld : c_ld a5, 64(s0) : MemRead : D=0x0000000000081530 A=0x7a258
38333000 : system.cpu : T0 : 0x1832c : @_IO_new_file_overflow+126 : c_ld : c_ld a5, 64(s0) : MemRead : D=0x0000000000081530 A=0x7a258
38485000 : system.cpu : T0 : 0x1832c : @_IO_new_file_overflow+126 : c_ld : c_ld a5, 64(s0) : MemRead : D=0x0000000000081530 A=0x7a258
39322000 : system.cpu : T0 : 0x1832c : @_IO_new_file_overflow+126 : c_ld : c_ld a5, 64(s0) : MemRead : D=0x0000000000081530 A=0x7a258
36764000 : system.cpu : T0 : 0x1832e : @_IO_new_file_overflow+128 : beq : beq a5, a2, 74 : IntAlu : 
36971000 : system.cpu : T0 : 0x1832e : @_IO_new_file_overflow+128 : beq : beq a5, a2, 74 : IntAlu : 
37123000 : system.cpu : T0 : 0x1832e : @_IO_new_file_overflow+128 : beq : beq a5, a2, 74 : IntAlu : 
37275000 : system.cpu : T0 : 0x1832e : @_IO_new_file_overflow+128 : beq : beq a5, a2, 74 : IntAlu : 
37427000 : system.cpu : T0 : 0x1832e : @_IO_new_file_overflow+128 : beq : beq a5, a2, 74 : IntAlu : 
37579000 : system.cpu : T0 : 0x1832e : @_IO_new_file_overflow+128 : beq : beq a5, a2, 74 : IntAlu : 
37731000 : system.cpu : T0 : 0x1832e : @_IO_new_file_overflow+128 : beq : beq a5, a2, 74 : IntAlu : 
37883000 : system.cpu : T0 : 0x1832e : @_IO_new_file_overflow+128 : beq : beq a5, a2, 74 : IntAlu : 
38035000 : system.cpu : T0 : 0x1832e : @_IO_new_file_overflow+128 : beq : beq a5, a2, 74 : IntAlu : 
38187000 : system.cpu : T0 : 0x1832e : @_IO_new_file_overflow+128 : beq : beq a5, a2, 74 : IntAlu : 
38339000 : system.cpu : T0 : 0x1832e : @_IO_new_file_overflow+128 : beq : beq a5, a2, 74 : IntAlu : 
38491000 : system.cpu : T0 : 0x1832e : @_IO_new_file_overflow+128 : beq : beq a5, a2, 74 : IntAlu : 
39328000 : system.cpu : T0 : 0x1832e : @_IO_new_file_overflow+128 : beq : beq a5, a2, 74 : IntAlu : 
36768000 : system.cpu : T0 : 0x18332 : @_IO_new_file_overflow+132 : addi : addi a5, a2, 1 : IntAlu : D=0x000000000007f531
36975000 : system.cpu : T0 : 0x18332 : @_IO_new_file_overflow+132 : addi : addi a5, a2, 1 : IntAlu : D=0x000000000007f532
37127000 : system.cpu : T0 : 0x18332 : @_IO_new_file_overflow+132 : addi : addi a5, a2, 1 : IntAlu : D=0x000000000007f533
37279000 : system.cpu : T0 : 0x18332 : @_IO_new_file_overflow+132 : addi : addi a5, a2, 1 : IntAlu : D=0x000000000007f534
37431000 : system.cpu : T0 : 0x18332 : @_IO_new_file_overflow+132 : addi : addi a5, a2, 1 : IntAlu : D=0x000000000007f535
37583000 : system.cpu : T0 : 0x18332 : @_IO_new_file_overflow+132 : addi : addi a5, a2, 1 : IntAlu : D=0x000000000007f536
37735000 : system.cpu : T0 : 0x18332 : @_IO_new_file_overflow+132 : addi : addi a5, a2, 1 : IntAlu : D=0x000000000007f537
37887000 : system.cpu : T0 : 0x18332 : @_IO_new_file_overflow+132 : addi : addi a5, a2, 1 : IntAlu : D=0x000000000007f538
38039000 : system.cpu : T0 : 0x18332 : @_IO_new_file_overflow+132 : addi : addi a5, a2, 1 : IntAlu : D=0x000000000007f539
38191000 : system.cpu : T0 : 0x18332 : @_IO_new_file_overflow+132 : addi : addi a5, a2, 1 : IntAlu : D=0x000000000007f53a
38343000 : system.cpu : T0 : 0x18332 : @_IO_new_file_overflow+132 : addi : addi a5, a2, 1 : IntAlu : D=0x000000000007f53b
38495000 : system.cpu : T0 : 0x18332 : @_IO_new_file_overflow+132 : addi : addi a5, a2, 1 : IntAlu : D=0x000000000007f53c
39332000 : system.cpu : T0 : 0x18332 : @_IO_new_file_overflow+132 : addi : addi a5, a2, 1 : IntAlu : D=0x000000000007f53d
36770000 : system.cpu : T0 : 0x18336 : @_IO_new_file_overflow+136 : c_sd : c_sd a5, 40(s0) : MemWrite : D=0x000000000007f531 A=0x7a240
36977000 : system.cpu : T0 : 0x18336 : @_IO_new_file_overflow+136 : c_sd : c_sd a5, 40(s0) : MemWrite : D=0x000000000007f532 A=0x7a240
37129000 : system.cpu : T0 : 0x18336 : @_IO_new_file_overflow+136 : c_sd : c_sd a5, 40(s0) : MemWrite : D=0x000000000007f533 A=0x7a240
37281000 : system.cpu : T0 : 0x18336 : @_IO_new_file_overflow+136 : c_sd : c_sd a5, 40(s0) : MemWrite : D=0x000000000007f534 A=0x7a240
37433000 : system.cpu : T0 : 0x18336 : @_IO_new_file_overflow+136 : c_sd : c_sd a5, 40(s0) : MemWrite : D=0x000000000007f535 A=0x7a240
37585000 : system.cpu : T0 : 0x18336 : @_IO_new_file_overflow+136 : c_sd : c_sd a5, 40(s0) : MemWrite : D=0x000000000007f536 A=0x7a240
37737000 : system.cpu : T0 : 0x18336 : @_IO_new_file_overflow+136 : c_sd : c_sd a5, 40(s0) : MemWrite : D=0x000000000007f537 A=0x7a240
37889000 : system.cpu : T0 : 0x18336 : @_IO_new_file_overflow+136 : c_sd : c_sd a5, 40(s0) : MemWrite : D=0x000000000007f538 A=0x7a240
38041000 : system.cpu : T0 : 0x18336 : @_IO_new_file_overflow+136 : c_sd : c_sd a5, 40(s0) : MemWrite : D=0x000000000007f539 A=0x7a240
38193000 : system.cpu : T0 : 0x18336 : @_IO_new_file_overflow+136 : c_sd : c_sd a5, 40(s0) : MemWrite : D=0x000000000007f53a A=0x7a240
38345000 : system.cpu : T0 : 0x18336 : @_IO_new_file_overflow+136 : c_sd : c_sd a5, 40(s0) : MemWrite : D=0x000000000007f53b A=0x7a240
38497000 : system.cpu : T0 : 0x18336 : @_IO_new_file_overflow+136 : c_sd : c_sd a5, 40(s0) : MemWrite : D=0x000000000007f53c A=0x7a240
39334000 : system.cpu : T0 : 0x18336 : @_IO_new_file_overflow+136 : c_sd : c_sd a5, 40(s0) : MemWrite : D=0x000000000007f53d A=0x7a240
36774000 : system.cpu : T0 : 0x18338 : @_IO_new_file_overflow+138 : sb : sb s1, 0(a2) : MemWrite : D=0x0000000000000048 A=0x7f530
36981000 : system.cpu : T0 : 0x18338 : @_IO_new_file_overflow+138 : sb : sb s1, 0(a2) : MemWrite : D=0x0000000000000065 A=0x7f531
37133000 : system.cpu : T0 : 0x18338 : @_IO_new_file_overflow+138 : sb : sb s1, 0(a2) : MemWrite : D=0x000000000000006c A=0x7f532
37285000 : system.cpu : T0 : 0x18338 : @_IO_new_file_overflow+138 : sb : sb s1, 0(a2) : MemWrite : D=0x000000000000006c A=0x7f533
37437000 : system.cpu : T0 : 0x18338 : @_IO_new_file_overflow+138 : sb : sb s1, 0(a2) : MemWrite : D=0x000000000000006f A=0x7f534
37589000 : system.cpu : T0 : 0x18338 : @_IO_new_file_overflow+138 : sb : sb s1, 0(a2) : MemWrite : D=0x0000000000000020 A=0x7f535
37741000 : system.cpu : T0 : 0x18338 : @_IO_new_file_overflow+138 : sb : sb s1, 0(a2) : MemWrite : D=0x0000000000000077 A=0x7f536
37893000 : system.cpu : T0 : 0x18338 : @_IO_new_file_overflow+138 : sb : sb s1, 0(a2) : MemWrite : D=0x000000000000006f A=0x7f537
38045000 : system.cpu : T0 : 0x18338 : @_IO_new_file_overflow+138 : sb : sb s1, 0(a2) : MemWrite : D=0x0000000000000072 A=0x7f538
38197000 : system.cpu : T0 : 0x18338 : @_IO_new_file_overflow+138 : sb : sb s1, 0(a2) : MemWrite : D=0x000000000000006c A=0x7f539
38349000 : system.cpu : T0 : 0x18338 : @_IO_new_file_overflow+138 : sb : sb s1, 0(a2) : MemWrite : D=0x0000000000000064 A=0x7f53a
38501000 : system.cpu : T0 : 0x18338 : @_IO_new_file_overflow+138 : sb : sb s1, 0(a2) : MemWrite : D=0x0000000000000021 A=0x7f53b
39338000 : system.cpu : T0 : 0x18338 : @_IO_new_file_overflow+138 : sb : sb s1, 0(a2) : MemWrite : D=0x000000000000000a A=0x7f53c
36778000 : system.cpu : T0 : 0x1833c : @_IO_new_file_overflow+142 : c_lw : c_lw a5, 0(s0) : MemRead : D=0xfffffffffbad2a84 A=0x7a218
36985000 : system.cpu : T0 : 0x1833c : @_IO_new_file_overflow+142 : c_lw : c_lw a5, 0(s0) : MemRead : D=0xfffffffffbad2a84 A=0x7a218
37137000 : system.cpu : T0 : 0x1833c : @_IO_new_file_overflow+142 : c_lw : c_lw a5, 0(s0) : MemRead : D=0xfffffffffbad2a84 A=0x7a218
37289000 : system.cpu : T0 : 0x1833c : @_IO_new_file_overflow+142 : c_lw : c_lw a5, 0(s0) : MemRead : D=0xfffffffffbad2a84 A=0x7a218
37441000 : system.cpu : T0 : 0x1833c : @_IO_new_file_overflow+142 : c_lw : c_lw a5, 0(s0) : MemRead : D=0xfffffffffbad2a84 A=0x7a218
37593000 : system.cpu : T0 : 0x1833c : @_IO_new_file_overflow+142 : c_lw : c_lw a5, 0(s0) : MemRead : D=0xfffffffffbad2a84 A=0x7a218
37745000 : system.cpu : T0 : 0x1833c : @_IO_new_file_overflow+142 : c_lw : c_lw a5, 0(s0) : MemRead : D=0xfffffffffbad2a84 A=0x7a218
37897000 : system.cpu : T0 : 0x1833c : @_IO_new_file_overflow+142 : c_lw : c_lw a5, 0(s0) : MemRead : D=0xfffffffffbad2a84 A=0x7a218
38049000 : system.cpu : T0 : 0x1833c : @_IO_new_file_overflow+142 : c_lw : c_lw a5, 0(s0) : MemRead : D=0xfffffffffbad2a84 A=0x7a218
38201000 : system.cpu : T0 : 0x1833c : @_IO_new_file_overflow+142 : c_lw : c_lw a5, 0(s0) : MemRead : D=0xfffffffffbad2a84 A=0x7a218
38353000 : system.cpu : T0 : 0x1833c : @_IO_new_file_overflow+142 : c_lw : c_lw a5, 0(s0) : MemRead : D=0xfffffffffbad2a84 A=0x7a218
38505000 : system.cpu : T0 : 0x1833c : @_IO_new_file_overflow+142 : c_lw : c_lw a5, 0(s0) : MemRead : D=0xfffffffffbad2a84 A=0x7a218
39342000 : system.cpu : T0 : 0x1833c : @_IO_new_file_overflow+142 : c_lw : c_lw a5, 0(s0) : MemRead : D=0xfffffffffbad2a84 A=0x7a218
36835000 : system.cpu : T0 : 0x1833e : @_IO_new_file_overflow+144 : andi : andi a4, a5, 2 : IntAlu : D=0x0000000000000000
36991000 : system.cpu : T0 : 0x1833e : @_IO_new_file_overflow+144 : andi : andi a4, a5, 2 : IntAlu : D=0x0000000000000000
37143000 : system.cpu : T0 : 0x1833e : @_IO_new_file_overflow+144 : andi : andi a4, a5, 2 : IntAlu : D=0x0000000000000000
37295000 : system.cpu : T0 : 0x1833e : @_IO_new_file_overflow+144 : andi : andi a4, a5, 2 : IntAlu : D=0x0000000000000000
37447000 : system.cpu : T0 : 0x1833e : @_IO_new_file_overflow+144 : andi : andi a4, a5, 2 : IntAlu : D=0x0000000000000000
37599000 : system.cpu : T0 : 0x1833e : @_IO_new_file_overflow+144 : andi : andi a4, a5, 2 : IntAlu : D=0x0000000000000000
37751000 : system.cpu : T0 : 0x1833e : @_IO_new_file_overflow+144 : andi : andi a4, a5, 2 : IntAlu : D=0x0000000000000000
37903000 : system.cpu : T0 : 0x1833e : @_IO_new_file_overflow+144 : andi : andi a4, a5, 2 : IntAlu : D=0x0000000000000000
38055000 : system.cpu : T0 : 0x1833e : @_IO_new_file_overflow+144 : andi : andi a4, a5, 2 : IntAlu : D=0x0000000000000000
38207000 : system.cpu : T0 : 0x1833e : @_IO_new_file_overflow+144 : andi : andi a4, a5, 2 : IntAlu : D=0x0000000000000000
38359000 : system.cpu : T0 : 0x1833e : @_IO_new_file_overflow+144 : andi : andi a4, a5, 2 : IntAlu : D=0x0000000000000000
38511000 : system.cpu : T0 : 0x1833e : @_IO_new_file_overflow+144 : andi : andi a4, a5, 2 : IntAlu : D=0x0000000000000000
39348000 : system.cpu : T0 : 0x1833e : @_IO_new_file_overflow+144 : andi : andi a4, a5, 2 : IntAlu : D=0x0000000000000000
36841000 : system.cpu : T0 : 0x18342 : @_IO_new_file_overflow+148 : c_bnez : c_bnez a4, 30 : IntAlu : 
36993000 : system.cpu : T0 : 0x18342 : @_IO_new_file_overflow+148 : c_bnez : c_bnez a4, 30 : IntAlu : 
37145000 : system.cpu : T0 : 0x18342 : @_IO_new_file_overflow+148 : c_bnez : c_bnez a4, 30 : IntAlu : 
37297000 : system.cpu : T0 : 0x18342 : @_IO_new_file_overflow+148 : c_bnez : c_bnez a4, 30 : IntAlu : 
37449000 : system.cpu : T0 : 0x18342 : @_IO_new_file_overflow+148 : c_bnez : c_bnez a4, 30 : IntAlu : 
37601000 : system.cpu : T0 : 0x18342 : @_IO_new_file_overflow+148 : c_bnez : c_bnez a4, 30 : IntAlu : 
37753000 : system.cpu : T0 : 0x18342 : @_IO_new_file_overflow+148 : c_bnez : c_bnez a4, 30 : IntAlu : 
37905000 : system.cpu : T0 : 0x18342 : @_IO_new_file_overflow+148 : c_bnez : c_bnez a4, 30 : IntAlu : 
38057000 : system.cpu : T0 : 0x18342 : @_IO_new_file_overflow+148 : c_bnez : c_bnez a4, 30 : IntAlu : 
38209000 : system.cpu : T0 : 0x18342 : @_IO_new_file_overflow+148 : c_bnez : c_bnez a4, 30 : IntAlu : 
38361000 : system.cpu : T0 : 0x18342 : @_IO_new_file_overflow+148 : c_bnez : c_bnez a4, 30 : IntAlu : 
38513000 : system.cpu : T0 : 0x18342 : @_IO_new_file_overflow+148 : c_bnez : c_bnez a4, 30 : IntAlu : 
39350000 : system.cpu : T0 : 0x18342 : @_IO_new_file_overflow+148 : c_bnez : c_bnez a4, 30 : IntAlu : 
36843000 : system.cpu : T0 : 0x18344 : @_IO_new_file_overflow+150 : andi : andi a5, a5, 512 : IntAlu : D=0x0000000000000200
36995000 : system.cpu : T0 : 0x18344 : @_IO_new_file_overflow+150 : andi : andi a5, a5, 512 : IntAlu : D=0x0000000000000200
37147000 : system.cpu : T0 : 0x18344 : @_IO_new_file_overflow+150 : andi : andi a5, a5, 512 : IntAlu : D=0x0000000000000200
37299000 : system.cpu : T0 : 0x18344 : @_IO_new_file_overflow+150 : andi : andi a5, a5, 512 : IntAlu : D=0x0000000000000200
37451000 : system.cpu : T0 : 0x18344 : @_IO_new_file_overflow+150 : andi : andi a5, a5, 512 : IntAlu : D=0x0000000000000200
37603000 : system.cpu : T0 : 0x18344 : @_IO_new_file_overflow+150 : andi : andi a5, a5, 512 : IntAlu : D=0x0000000000000200
37755000 : system.cpu : T0 : 0x18344 : @_IO_new_file_overflow+150 : andi : andi a5, a5, 512 : IntAlu : D=0x0000000000000200
37907000 : system.cpu : T0 : 0x18344 : @_IO_new_file_overflow+150 : andi : andi a5, a5, 512 : IntAlu : D=0x0000000000000200
38059000 : system.cpu : T0 : 0x18344 : @_IO_new_file_overflow+150 : andi : andi a5, a5, 512 : IntAlu : D=0x0000000000000200
38211000 : system.cpu : T0 : 0x18344 : @_IO_new_file_overflow+150 : andi : andi a5, a5, 512 : IntAlu : D=0x0000000000000200
38363000 : system.cpu : T0 : 0x18344 : @_IO_new_file_overflow+150 : andi : andi a5, a5, 512 : IntAlu : D=0x0000000000000200
38515000 : system.cpu : T0 : 0x18344 : @_IO_new_file_overflow+150 : andi : andi a5, a5, 512 : IntAlu : D=0x0000000000000200
39352000 : system.cpu : T0 : 0x18344 : @_IO_new_file_overflow+150 : andi : andi a5, a5, 512 : IntAlu : D=0x0000000000000200
36845000 : system.cpu : T0 : 0x18348 : @_IO_new_file_overflow+154 : c_beqz : c_beqz a5, 8 : IntAlu : 
36997000 : system.cpu : T0 : 0x18348 : @_IO_new_file_overflow+154 : c_beqz : c_beqz a5, 8 : IntAlu : 
37149000 : system.cpu : T0 : 0x18348 : @_IO_new_file_overflow+154 : c_beqz : c_beqz a5, 8 : IntAlu : 
37301000 : system.cpu : T0 : 0x18348 : @_IO_new_file_overflow+154 : c_beqz : c_beqz a5, 8 : IntAlu : 
37453000 : system.cpu : T0 : 0x18348 : @_IO_new_file_overflow+154 : c_beqz : c_beqz a5, 8 : IntAlu : 
37605000 : system.cpu : T0 : 0x18348 : @_IO_new_file_overflow+154 : c_beqz : c_beqz a5, 8 : IntAlu : 
37757000 : system.cpu : T0 : 0x18348 : @_IO_new_file_overflow+154 : c_beqz : c_beqz a5, 8 : IntAlu : 
37909000 : system.cpu : T0 : 0x18348 : @_IO_new_file_overflow+154 : c_beqz : c_beqz a5, 8 : IntAlu : 
38061000 : system.cpu : T0 : 0x18348 : @_IO_new_file_overflow+154 : c_beqz : c_beqz a5, 8 : IntAlu : 
38213000 : system.cpu : T0 : 0x18348 : @_IO_new_file_overflow+154 : c_beqz : c_beqz a5, 8 : IntAlu : 
38365000 : system.cpu : T0 : 0x18348 : @_IO_new_file_overflow+154 : c_beqz : c_beqz a5, 8 : IntAlu : 
38517000 : system.cpu : T0 : 0x18348 : @_IO_new_file_overflow+154 : c_beqz : c_beqz a5, 8 : IntAlu : 
39354000 : system.cpu : T0 : 0x18348 : @_IO_new_file_overflow+154 : c_beqz : c_beqz a5, 8 : IntAlu : 
36847000 : system.cpu : T0 : 0x1834a : @_IO_new_file_overflow+156 : c_li : c_li a5, 10 : IntAlu : D=0x000000000000000a
36999000 : system.cpu : T0 : 0x1834a : @_IO_new_file_overflow+156 : c_li : c_li a5, 10 : IntAlu : D=0x000000000000000a
37151000 : system.cpu : T0 : 0x1834a : @_IO_new_file_overflow+156 : c_li : c_li a5, 10 : IntAlu : D=0x000000000000000a
37303000 : system.cpu : T0 : 0x1834a : @_IO_new_file_overflow+156 : c_li : c_li a5, 10 : IntAlu : D=0x000000000000000a
37455000 : system.cpu : T0 : 0x1834a : @_IO_new_file_overflow+156 : c_li : c_li a5, 10 : IntAlu : D=0x000000000000000a
37607000 : system.cpu : T0 : 0x1834a : @_IO_new_file_overflow+156 : c_li : c_li a5, 10 : IntAlu : D=0x000000000000000a
37759000 : system.cpu : T0 : 0x1834a : @_IO_new_file_overflow+156 : c_li : c_li a5, 10 : IntAlu : D=0x000000000000000a
37911000 : system.cpu : T0 : 0x1834a : @_IO_new_file_overflow+156 : c_li : c_li a5, 10 : IntAlu : D=0x000000000000000a
38063000 : system.cpu : T0 : 0x1834a : @_IO_new_file_overflow+156 : c_li : c_li a5, 10 : IntAlu : D=0x000000000000000a
38215000 : system.cpu : T0 : 0x1834a : @_IO_new_file_overflow+156 : c_li : c_li a5, 10 : IntAlu : D=0x000000000000000a
38367000 : system.cpu : T0 : 0x1834a : @_IO_new_file_overflow+156 : c_li : c_li a5, 10 : IntAlu : D=0x000000000000000a
38519000 : system.cpu : T0 : 0x1834a : @_IO_new_file_overflow+156 : c_li : c_li a5, 10 : IntAlu : D=0x000000000000000a
39356000 : system.cpu : T0 : 0x1834a : @_IO_new_file_overflow+156 : c_li : c_li a5, 10 : IntAlu : D=0x000000000000000a
36849000 : system.cpu : T0 : 0x1834c : @_IO_new_file_overflow+158 : beq : beq s1, a5, 20 : IntAlu : 
37001000 : system.cpu : T0 : 0x1834c : @_IO_new_file_overflow+158 : beq : beq s1, a5, 20 : IntAlu : 
37153000 : system.cpu : T0 : 0x1834c : @_IO_new_file_overflow+158 : beq : beq s1, a5, 20 : IntAlu : 
37305000 : system.cpu : T0 : 0x1834c : @_IO_new_file_overflow+158 : beq : beq s1, a5, 20 : IntAlu : 
37457000 : system.cpu : T0 : 0x1834c : @_IO_new_file_overflow+158 : beq : beq s1, a5, 20 : IntAlu : 
37609000 : system.cpu : T0 : 0x1834c : @_IO_new_file_overflow+158 : beq : beq s1, a5, 20 : IntAlu : 
37761000 : system.cpu : T0 : 0x1834c : @_IO_new_file_overflow+158 : beq : beq s1, a5, 20 : IntAlu : 
37913000 : system.cpu : T0 : 0x1834c : @_IO_new_file_overflow+158 : beq : beq s1, a5, 20 : IntAlu : 
38065000 : system.cpu : T0 : 0x1834c : @_IO_new_file_overflow+158 : beq : beq s1, a5, 20 : IntAlu : 
38217000 : system.cpu : T0 : 0x1834c : @_IO_new_file_overflow+158 : beq : beq s1, a5, 20 : IntAlu : 
38369000 : system.cpu : T0 : 0x1834c : @_IO_new_file_overflow+158 : beq : beq s1, a5, 20 : IntAlu : 
38521000 : system.cpu : T0 : 0x1834c : @_IO_new_file_overflow+158 : beq : beq s1, a5, 20 : IntAlu : 
39358000 : system.cpu : T0 : 0x1834c : @_IO_new_file_overflow+158 : beq : beq s1, a5, 20 : IntAlu : 
36851000 : system.cpu : T0 : 0x18350 : @_IO_new_file_overflow+162 : andi : andi a0, s1, 255 : IntAlu : D=0x0000000000000048
37003000 : system.cpu : T0 : 0x18350 : @_IO_new_file_overflow+162 : andi : andi a0, s1, 255 : IntAlu : D=0x0000000000000065
37155000 : system.cpu : T0 : 0x18350 : @_IO_new_file_overflow+162 : andi : andi a0, s1, 255 : IntAlu : D=0x000000000000006c
37307000 : system.cpu : T0 : 0x18350 : @_IO_new_file_overflow+162 : andi : andi a0, s1, 255 : IntAlu : D=0x000000000000006c
37459000 : system.cpu : T0 : 0x18350 : @_IO_new_file_overflow+162 : andi : andi a0, s1, 255 : IntAlu : D=0x000000000000006f
37611000 : system.cpu : T0 : 0x18350 : @_IO_new_file_overflow+162 : andi : andi a0, s1, 255 : IntAlu : D=0x0000000000000020
37763000 : system.cpu : T0 : 0x18350 : @_IO_new_file_overflow+162 : andi : andi a0, s1, 255 : IntAlu : D=0x0000000000000077
37915000 : system.cpu : T0 : 0x18350 : @_IO_new_file_overflow+162 : andi : andi a0, s1, 255 : IntAlu : D=0x000000000000006f
38067000 : system.cpu : T0 : 0x18350 : @_IO_new_file_overflow+162 : andi : andi a0, s1, 255 : IntAlu : D=0x0000000000000072
38219000 : system.cpu : T0 : 0x18350 : @_IO_new_file_overflow+162 : andi : andi a0, s1, 255 : IntAlu : D=0x000000000000006c
38371000 : system.cpu : T0 : 0x18350 : @_IO_new_file_overflow+162 : andi : andi a0, s1, 255 : IntAlu : D=0x0000000000000064
38523000 : system.cpu : T0 : 0x18350 : @_IO_new_file_overflow+162 : andi : andi a0, s1, 255 : IntAlu : D=0x0000000000000021
40131000 : system.cpu : T0 : 0x18350 : @_IO_new_file_overflow+162 : andi : andi a0, s1, 255 : IntAlu : D=0x000000000000000a
36853000 : system.cpu : T0 : 0x18354 : @_IO_new_file_overflow+166 : c_ldsp : c_ldsp ra, 24(sp) : MemRead : D=0x0000000000018e1e A=0x7ffffffffffffcb8
37005000 : system.cpu : T0 : 0x18354 : @_IO_new_file_overflow+166 : c_ldsp : c_ldsp ra, 24(sp) : MemRead : D=0x0000000000018e1e A=0x7ffffffffffffcb8
37157000 : system.cpu : T0 : 0x18354 : @_IO_new_file_overflow+166 : c_ldsp : c_ldsp ra, 24(sp) : MemRead : D=0x0000000000018e1e A=0x7ffffffffffffcb8
37309000 : system.cpu : T0 : 0x18354 : @_IO_new_file_overflow+166 : c_ldsp : c_ldsp ra, 24(sp) : MemRead : D=0x0000000000018e1e A=0x7ffffffffffffcb8
37461000 : system.cpu : T0 : 0x18354 : @_IO_new_file_overflow+166 : c_ldsp : c_ldsp ra, 24(sp) : MemRead : D=0x0000000000018e1e A=0x7ffffffffffffcb8
37613000 : system.cpu : T0 : 0x18354 : @_IO_new_file_overflow+166 : c_ldsp : c_ldsp ra, 24(sp) : MemRead : D=0x0000000000018e1e A=0x7ffffffffffffcb8
37765000 : system.cpu : T0 : 0x18354 : @_IO_new_file_overflow+166 : c_ldsp : c_ldsp ra, 24(sp) : MemRead : D=0x0000000000018e1e A=0x7ffffffffffffcb8
37917000 : system.cpu : T0 : 0x18354 : @_IO_new_file_overflow+166 : c_ldsp : c_ldsp ra, 24(sp) : MemRead : D=0x0000000000018e1e A=0x7ffffffffffffcb8
38069000 : system.cpu : T0 : 0x18354 : @_IO_new_file_overflow+166 : c_ldsp : c_ldsp ra, 24(sp) : MemRead : D=0x0000000000018e1e A=0x7ffffffffffffcb8
38221000 : system.cpu : T0 : 0x18354 : @_IO_new_file_overflow+166 : c_ldsp : c_ldsp ra, 24(sp) : MemRead : D=0x0000000000018e1e A=0x7ffffffffffffcb8
38373000 : system.cpu : T0 : 0x18354 : @_IO_new_file_overflow+166 : c_ldsp : c_ldsp ra, 24(sp) : MemRead : D=0x0000000000018e1e A=0x7ffffffffffffcb8
38525000 : system.cpu : T0 : 0x18354 : @_IO_new_file_overflow+166 : c_ldsp : c_ldsp ra, 24(sp) : MemRead : D=0x0000000000018e1e A=0x7ffffffffffffcb8
40133000 : system.cpu : T0 : 0x18354 : @_IO_new_file_overflow+166 : c_ldsp : c_ldsp ra, 24(sp) : MemRead : D=0x0000000000015784 A=0x7ffffffffffffd48
36857000 : system.cpu : T0 : 0x18356 : @_IO_new_file_overflow+168 : c_ldsp : c_ldsp s0, 16(sp) : MemRead : D=0x000000000005a321 A=0x7ffffffffffffcb0
37009000 : system.cpu : T0 : 0x18356 : @_IO_new_file_overflow+168 : c_ldsp : c_ldsp s0, 16(sp) : MemRead : D=0x000000000005a322 A=0x7ffffffffffffcb0
37161000 : system.cpu : T0 : 0x18356 : @_IO_new_file_overflow+168 : c_ldsp : c_ldsp s0, 16(sp) : MemRead : D=0x000000000005a323 A=0x7ffffffffffffcb0
37313000 : system.cpu : T0 : 0x18356 : @_IO_new_file_overflow+168 : c_ldsp : c_ldsp s0, 16(sp) : MemRead : D=0x000000000005a324 A=0x7ffffffffffffcb0
37465000 : system.cpu : T0 : 0x18356 : @_IO_new_file_overflow+168 : c_ldsp : c_ldsp s0, 16(sp) : MemRead : D=0x000000000005a325 A=0x7ffffffffffffcb0
37617000 : system.cpu : T0 : 0x18356 : @_IO_new_file_overflow+168 : c_ldsp : c_ldsp s0, 16(sp) : MemRead : D=0x000000000005a326 A=0x7ffffffffffffcb0
37769000 : system.cpu : T0 : 0x18356 : @_IO_new_file_overflow+168 : c_ldsp : c_ldsp s0, 16(sp) : MemRead : D=0x000000000005a327 A=0x7ffffffffffffcb0
37921000 : system.cpu : T0 : 0x18356 : @_IO_new_file_overflow+168 : c_ldsp : c_ldsp s0, 16(sp) : MemRead : D=0x000000000005a328 A=0x7ffffffffffffcb0
38073000 : system.cpu : T0 : 0x18356 : @_IO_new_file_overflow+168 : c_ldsp : c_ldsp s0, 16(sp) : MemRead : D=0x000000000005a329 A=0x7ffffffffffffcb0
38225000 : system.cpu : T0 : 0x18356 : @_IO_new_file_overflow+168 : c_ldsp : c_ldsp s0, 16(sp) : MemRead : D=0x000000000005a32a A=0x7ffffffffffffcb0
38377000 : system.cpu : T0 : 0x18356 : @_IO_new_file_overflow+168 : c_ldsp : c_ldsp s0, 16(sp) : MemRead : D=0x000000000005a32b A=0x7ffffffffffffcb0
38529000 : system.cpu : T0 : 0x18356 : @_IO_new_file_overflow+168 : c_ldsp : c_ldsp s0, 16(sp) : MemRead : D=0x000000000005a32c A=0x7ffffffffffffcb0
40137000 : system.cpu : T0 : 0x18356 : @_IO_new_file_overflow+168 : c_ldsp : c_ldsp s0, 16(sp) : MemRead : D=0x000000000000000c A=0x7ffffffffffffd40
36861000 : system.cpu : T0 : 0x18358 : @_IO_new_file_overflow+170 : c_ldsp : c_ldsp s1, 8(sp) : MemRead : D=0x000000000000000c A=0x7ffffffffffffca8
37013000 : system.cpu : T0 : 0x18358 : @_IO_new_file_overflow+170 : c_ldsp : c_ldsp s1, 8(sp) : MemRead : D=0x000000000000000b A=0x7ffffffffffffca8
37165000 : system.cpu : T0 : 0x18358 : @_IO_new_file_overflow+170 : c_ldsp : c_ldsp s1, 8(sp) : MemRead : D=0x000000000000000a A=0x7ffffffffffffca8
37317000 : system.cpu : T0 : 0x18358 : @_IO_new_file_overflow+170 : c_ldsp : c_ldsp s1, 8(sp) : MemRead : D=0x0000000000000009 A=0x7ffffffffffffca8
37469000 : system.cpu : T0 : 0x18358 : @_IO_new_file_overflow+170 : c_ldsp : c_ldsp s1, 8(sp) : MemRead : D=0x0000000000000008 A=0x7ffffffffffffca8
37621000 : system.cpu : T0 : 0x18358 : @_IO_new_file_overflow+170 : c_ldsp : c_ldsp s1, 8(sp) : MemRead : D=0x0000000000000007 A=0x7ffffffffffffca8
37773000 : system.cpu : T0 : 0x18358 : @_IO_new_file_overflow+170 : c_ldsp : c_ldsp s1, 8(sp) : MemRead : D=0x0000000000000006 A=0x7ffffffffffffca8
37925000 : system.cpu : T0 : 0x18358 : @_IO_new_file_overflow+170 : c_ldsp : c_ldsp s1, 8(sp) : MemRead : D=0x0000000000000005 A=0x7ffffffffffffca8
38077000 : system.cpu : T0 : 0x18358 : @_IO_new_file_overflow+170 : c_ldsp : c_ldsp s1, 8(sp) : MemRead : D=0x0000000000000004 A=0x7ffffffffffffca8
38229000 : system.cpu : T0 : 0x18358 : @_IO_new_file_overflow+170 : c_ldsp : c_ldsp s1, 8(sp) : MemRead : D=0x0000000000000003 A=0x7ffffffffffffca8
38381000 : system.cpu : T0 : 0x18358 : @_IO_new_file_overflow+170 : c_ldsp : c_ldsp s1, 8(sp) : MemRead : D=0x0000000000000002 A=0x7ffffffffffffca8
38533000 : system.cpu : T0 : 0x18358 : @_IO_new_file_overflow+170 : c_ldsp : c_ldsp s1, 8(sp) : MemRead : D=0x0000000000000001 A=0x7ffffffffffffca8
40141000 : system.cpu : T0 : 0x18358 : @_IO_new_file_overflow+170 : c_ldsp : c_ldsp s1, 8(sp) : MemRead : D=0x000000000007a218 A=0x7ffffffffffffd38
36865000 : system.cpu : T0 : 0x1835a : @_IO_new_file_overflow+172 : c_ldsp : c_ldsp s2, 0(sp) : MemRead : D=0x000000000007a218 A=0x7ffffffffffffca0
37017000 : system.cpu : T0 : 0x1835a : @_IO_new_file_overflow+172 : c_ldsp : c_ldsp s2, 0(sp) : MemRead : D=0x000000000007a218 A=0x7ffffffffffffca0
37169000 : system.cpu : T0 : 0x1835a : @_IO_new_file_overflow+172 : c_ldsp : c_ldsp s2, 0(sp) : MemRead : D=0x000000000007a218 A=0x7ffffffffffffca0
37321000 : system.cpu : T0 : 0x1835a : @_IO_new_file_overflow+172 : c_ldsp : c_ldsp s2, 0(sp) : MemRead : D=0x000000000007a218 A=0x7ffffffffffffca0
37473000 : system.cpu : T0 : 0x1835a : @_IO_new_file_overflow+172 : c_ldsp : c_ldsp s2, 0(sp) : MemRead : D=0x000000000007a218 A=0x7ffffffffffffca0
37625000 : system.cpu : T0 : 0x1835a : @_IO_new_file_overflow+172 : c_ldsp : c_ldsp s2, 0(sp) : MemRead : D=0x000000000007a218 A=0x7ffffffffffffca0
37777000 : system.cpu : T0 : 0x1835a : @_IO_new_file_overflow+172 : c_ldsp : c_ldsp s2, 0(sp) : MemRead : D=0x000000000007a218 A=0x7ffffffffffffca0
37929000 : system.cpu : T0 : 0x1835a : @_IO_new_file_overflow+172 : c_ldsp : c_ldsp s2, 0(sp) : MemRead : D=0x000000000007a218 A=0x7ffffffffffffca0
38081000 : system.cpu : T0 : 0x1835a : @_IO_new_file_overflow+172 : c_ldsp : c_ldsp s2, 0(sp) : MemRead : D=0x000000000007a218 A=0x7ffffffffffffca0
38233000 : system.cpu : T0 : 0x1835a : @_IO_new_file_overflow+172 : c_ldsp : c_ldsp s2, 0(sp) : MemRead : D=0x000000000007a218 A=0x7ffffffffffffca0
38385000 : system.cpu : T0 : 0x1835a : @_IO_new_file_overflow+172 : c_ldsp : c_ldsp s2, 0(sp) : MemRead : D=0x000000000007a218 A=0x7ffffffffffffca0
38537000 : system.cpu : T0 : 0x1835a : @_IO_new_file_overflow+172 : c_ldsp : c_ldsp s2, 0(sp) : MemRead : D=0x000000000007a218 A=0x7ffffffffffffca0
40145000 : system.cpu : T0 : 0x1835a : @_IO_new_file_overflow+172 : c_ldsp : c_ldsp s2, 0(sp) : MemRead : D=0x0000000000000000 A=0x7ffffffffffffd30
36869000 : system.cpu : T0 : 0x1835c : @_IO_new_file_overflow+174 : c_addi16sp : c_addi16sp sp, 32 : IntAlu : D=0x7ffffffffffffcc0
37021000 : system.cpu : T0 : 0x1835c : @_IO_new_file_overflow+174 : c_addi16sp : c_addi16sp sp, 32 : IntAlu : D=0x7ffffffffffffcc0
37173000 : system.cpu : T0 : 0x1835c : @_IO_new_file_overflow+174 : c_addi16sp : c_addi16sp sp, 32 : IntAlu : D=0x7ffffffffffffcc0
37325000 : system.cpu : T0 : 0x1835c : @_IO_new_file_overflow+174 : c_addi16sp : c_addi16sp sp, 32 : IntAlu : D=0x7ffffffffffffcc0
37477000 : system.cpu : T0 : 0x1835c : @_IO_new_file_overflow+174 : c_addi16sp : c_addi16sp sp, 32 : IntAlu : D=0x7ffffffffffffcc0
37629000 : system.cpu : T0 : 0x1835c : @_IO_new_file_overflow+174 : c_addi16sp : c_addi16sp sp, 32 : IntAlu : D=0x7ffffffffffffcc0
37781000 : system.cpu : T0 : 0x1835c : @_IO_new_file_overflow+174 : c_addi16sp : c_addi16sp sp, 32 : IntAlu : D=0x7ffffffffffffcc0
37933000 : system.cpu : T0 : 0x1835c : @_IO_new_file_overflow+174 : c_addi16sp : c_addi16sp sp, 32 : IntAlu : D=0x7ffffffffffffcc0
38085000 : system.cpu : T0 : 0x1835c : @_IO_new_file_overflow+174 : c_addi16sp : c_addi16sp sp, 32 : IntAlu : D=0x7ffffffffffffcc0
38237000 : system.cpu : T0 : 0x1835c : @_IO_new_file_overflow+174 : c_addi16sp : c_addi16sp sp, 32 : IntAlu : D=0x7ffffffffffffcc0
38389000 : system.cpu : T0 : 0x1835c : @_IO_new_file_overflow+174 : c_addi16sp : c_addi16sp sp, 32 : IntAlu : D=0x7ffffffffffffcc0
38541000 : system.cpu : T0 : 0x1835c : @_IO_new_file_overflow+174 : c_addi16sp : c_addi16sp sp, 32 : IntAlu : D=0x7ffffffffffffcc0
40149000 : system.cpu : T0 : 0x1835c : @_IO_new_file_overflow+174 : c_addi16sp : c_addi16sp sp, 32 : IntAlu : D=0x7ffffffffffffd50
36871000 : system.cpu : T0 : 0x1835e : @_IO_new_file_overflow+176 : c_jr : c_jr ra : IntAlu : 
37023000 : system.cpu : T0 : 0x1835e : @_IO_new_file_overflow+176 : c_jr : c_jr ra : IntAlu : 
37175000 : system.cpu : T0 : 0x1835e : @_IO_new_file_overflow+176 : c_jr : c_jr ra : IntAlu : 
37327000 : system.cpu : T0 : 0x1835e : @_IO_new_file_overflow+176 : c_jr : c_jr ra : IntAlu : 
37479000 : system.cpu : T0 : 0x1835e : @_IO_new_file_overflow+176 : c_jr : c_jr ra : IntAlu : 
37631000 : system.cpu : T0 : 0x1835e : @_IO_new_file_overflow+176 : c_jr : c_jr ra : IntAlu : 
37783000 : system.cpu : T0 : 0x1835e : @_IO_new_file_overflow+176 : c_jr : c_jr ra : IntAlu : 
37935000 : system.cpu : T0 : 0x1835e : @_IO_new_file_overflow+176 : c_jr : c_jr ra : IntAlu : 
38087000 : system.cpu : T0 : 0x1835e : @_IO_new_file_overflow+176 : c_jr : c_jr ra : IntAlu : 
38239000 : system.cpu : T0 : 0x1835e : @_IO_new_file_overflow+176 : c_jr : c_jr ra : IntAlu : 
38391000 : system.cpu : T0 : 0x1835e : @_IO_new_file_overflow+176 : c_jr : c_jr ra : IntAlu : 
38543000 : system.cpu : T0 : 0x1835e : @_IO_new_file_overflow+176 : c_jr : c_jr ra : IntAlu : 
40151000 : system.cpu : T0 : 0x1835e : @_IO_new_file_overflow+176 : c_jr : c_jr ra : IntAlu : 
39360000 : system.cpu : T0 : 0x18360 : @_IO_new_file_overflow+178 : c_ld : c_ld a5, 32(s0) : MemRead : D=0x000000000007f530 A=0x7a238
39364000 : system.cpu : T0 : 0x18362 : @_IO_new_file_overflow+180 : c_ld : c_ld a2, 40(s0) : MemRead : D=0x000000000007f53d A=0x7a240
39368000 : system.cpu : T0 : 0x18364 : @_IO_new_file_overflow+182 : c_mv : c_mv a0, s0 : IntAlu : D=0x000000000007a218
39370000 : system.cpu : T0 : 0x18366 : @_IO_new_file_overflow+184 : c_mv : c_mv a1, a5 : IntAlu : D=0x000000000007f530
39372000 : system.cpu : T0 : 0x18368 : @_IO_new_file_overflow+186 : c_sub : c_sub a2, a5 : IntAlu : D=0x000000000000000d
39376000 : system.cpu : T0 : 0x1836a : @_IO_new_file_overflow+188 : jal : jal ra, -1488 : IntAlu : D=0x000000000001836e
40127000 : system.cpu : T0 : 0x1836e : @_IO_new_file_overflow+192 : c_li : c_li a5, -1 : IntAlu : D=0xffffffffffffffff
40129000 : system.cpu : T0 : 0x18370 : @_IO_new_file_overflow+194 : bne : bne a0, a5, -32 : IntAlu : 
33815000 : system.cpu : T0 : 0x183b8 : @_IO_new_file_overflow+266 : c_mv : c_mv a0, s0 : IntAlu : D=0x000000000007a218
33823000 : system.cpu : T0 : 0x183ba : @_IO_new_file_overflow+268 : jal : jal ra, 2320 : IntAlu : D=0x00000000000183be
35994000 : system.cpu : T0 : 0x183be : @_IO_new_file_overflow+272 : c_ld : c_ld a2, 56(s0) : MemRead : D=0x000000000007f530 A=0x7a250
36049000 : system.cpu : T0 : 0x183c0 : @_IO_new_file_overflow+274 : c_lw : c_lw a5, 0(s0) : MemRead : D=0xfffffffffbad2284 A=0x7a218
36053000 : system.cpu : T0 : 0x183c2 : @_IO_new_file_overflow+276 : c_sd : c_sd a2, 24(s0) : MemWrite : D=0x000000000007f530 A=0x7a230
36057000 : system.cpu : T0 : 0x183c4 : @_IO_new_file_overflow+278 : c_sd : c_sd a2, 8(s0) : MemWrite : D=0x000000000007f530 A=0x7a220
36061000 : system.cpu : T0 : 0x183c6 : @_IO_new_file_overflow+280 : c_sd : c_sd a2, 16(s0) : MemWrite : D=0x000000000007f530 A=0x7a228
36065000 : system.cpu : T0 : 0x183c8 : @_IO_new_file_overflow+282 : c_j : c_j -244 : IntAlu : 
43580000 : system.cpu : T0 : 0x18406 : @_IO_new_file_sync : c_ld : c_ld a2, 40(a0) : MemRead : D=0x000000000007f530 A=0x7a240
43584000 : system.cpu : T0 : 0x18408 : @_IO_new_file_sync+2 : c_ld : c_ld a1, 32(a0) : MemRead : D=0x000000000007f530 A=0x7a238
43588000 : system.cpu : T0 : 0x1840a : @_IO_new_file_sync+4 : c_addi16sp : c_addi16sp sp, -48 : IntAlu : D=0x7ffffffffffffc80
43590000 : system.cpu : T0 : 0x1840c : @_IO_new_file_sync+6 : c_sdsp : c_sdsp s0, 32(sp) : MemWrite : D=0x000000000007a218 A=0x7ffffffffffffca0
43594000 : system.cpu : T0 : 0x1840e : @_IO_new_file_sync+8 : c_sdsp : c_sdsp ra, 40(sp) : MemWrite : D=0x0000000000018fa8 A=0x7ffffffffffffca8
43598000 : system.cpu : T0 : 0x18410 : @_IO_new_file_sync+10 : c_sdsp : c_sdsp s1, 24(sp) : MemWrite : D=0x00000000000749d8 A=0x7ffffffffffffc98
43602000 : system.cpu : T0 : 0x18412 : @_IO_new_file_sync+12 : c_mv : c_mv s0, a0 : IntAlu : D=0x000000000007a218
43604000 : system.cpu : T0 : 0x18414 : @_IO_new_file_sync+14 : bgeu : bgeu a1, a2, 34 : IntAlu : 
43606000 : system.cpu : T0 : 0x18436 : @_IO_new_file_sync+48 : c_ld : c_ld a1, 8(s0) : MemRead : D=0x000000000007f530 A=0x7a220
43610000 : system.cpu : T0 : 0x18438 : @_IO_new_file_sync+50 : c_ld : c_ld a5, 16(s0) : MemRead : D=0x000000000007f530 A=0x7a228
43614000 : system.cpu : T0 : 0x1843a : @_IO_new_file_sync+52 : c_sub : c_sub a1, a5 : IntAlu : D=0x0000000000000000
43616000 : system.cpu : T0 : 0x1843c : @_IO_new_file_sync+54 : c_beqz : c_beqz a1, 48 : IntAlu : 
43669000 : system.cpu : T0 : 0x1846c : @_IO_new_file_sync+102 : c_li : c_li a5, -1 : IntAlu : D=0xffffffffffffffff
43675000 : system.cpu : T0 : 0x1846e : @_IO_new_file_sync+104 : c_sd : c_sd a5, 144(s0) : MemWrite : D=0xffffffffffffffff A=0x7a2a8
43679000 : system.cpu : T0 : 0x18470 : @_IO_new_file_sync+106 : c_li : c_li a0, 0 : IntAlu : D=0x0000000000000000
43681000 : system.cpu : T0 : 0x18472 : @_IO_new_file_sync+108 : c_ldsp : c_ldsp ra, 40(sp) : MemRead : D=0x0000000000018fa8 A=0x7ffffffffffffca8
43685000 : system.cpu : T0 : 0x18474 : @_IO_new_file_sync+110 : c_ldsp : c_ldsp s0, 32(sp) : MemRead : D=0x000000000007a218 A=0x7ffffffffffffca0
43689000 : system.cpu : T0 : 0x18476 : @_IO_new_file_sync+112 : c_ldsp : c_ldsp s1, 24(sp) : MemRead : D=0x00000000000749d8 A=0x7ffffffffffffc98
43693000 : system.cpu : T0 : 0x18478 : @_IO_new_file_sync+114 : c_addi16sp : c_addi16sp sp, 48 : IntAlu : D=0x7ffffffffffffcb0
43695000 : system.cpu : T0 : 0x1847a : @_IO_new_file_sync+116 : c_jr : c_jr ra : IntAlu : 
38903000 : system.cpu : T0 : 0x18a88 : @__overflow : lw : lw a5, 192(a0) : MemRead : D=0xffffffffffffffff A=0x7a2d8
38907000 : system.cpu : T0 : 0x18a8c : @__overflow+4 : c_addi : c_addi sp, -32 : IntAlu : D=0x7ffffffffffffd30
38909000 : system.cpu : T0 : 0x18a8e : @__overflow+6 : c_sdsp : c_sdsp ra, 24(sp) : MemWrite : D=0x0000000000015784 A=0x7ffffffffffffd48
38913000 : system.cpu : T0 : 0x18a90 : @__overflow+8 : c_sdsp : c_sdsp s0, 16(sp) : MemWrite : D=0x000000000000000c A=0x7ffffffffffffd40
38917000 : system.cpu : T0 : 0x18a92 : @__overflow+10 : c_bnez : c_bnez a5, 8 : IntAlu : 
38919000 : system.cpu : T0 : 0x18a9a : @__overflow+18 : c_ld : c_ld s0, 216(a0) : MemRead : D=0x00000000000749d8 A=0x7a2f0
38923000 : system.cpu : T0 : 0x18a9c : @__overflow+20 : lui : lui a5, 116 : IntAlu : D=0x0000000000074000
38925000 : system.cpu : T0 : 0x18aa0 : @__overflow+24 : lui : lui a4, 117 : IntAlu : D=0x0000000000075000
38927000 : system.cpu : T0 : 0x18aa4 : @__overflow+28 : addi : addi a5, a5, 2016 : IntAlu : D=0x00000000000747e0
38929000 : system.cpu : T0 : 0x18aa8 : @__overflow+32 : addi : addi a4, a4, -568 : IntAlu : D=0x0000000000074dc8
38931000 : system.cpu : T0 : 0x18aac : @__overflow+36 : c_sub : c_sub a4, a5 : IntAlu : D=0x00000000000005e8
38935000 : system.cpu : T0 : 0x18aae : @__overflow+38 : sub : sub a5, s0, a5 : IntAlu : D=0x00000000000001f8
38939000 : system.cpu : T0 : 0x18ab2 : @__overflow+42 : bgeu : bgeu a5, a4, 16 : IntAlu : 
38943000 : system.cpu : T0 : 0x18ab6 : @__overflow+46 : ld : ld t1, 24(s0) : MemRead : D=0x00000000000182ae A=0x749f0
38947000 : system.cpu : T0 : 0x18aba : @__overflow+50 : c_ldsp : c_ldsp s0, 16(sp) : MemRead : D=0x000000000000000c A=0x7ffffffffffffd40
38951000 : system.cpu : T0 : 0x18abc : @__overflow+52 : c_ldsp : c_ldsp ra, 24(sp) : MemRead : D=0x0000000000015784 A=0x7ffffffffffffd48
38955000 : system.cpu : T0 : 0x18abe : @__overflow+54 : c_addi16sp : c_addi16sp sp, 32 : IntAlu : D=0x7ffffffffffffd50
39270000 : system.cpu : T0 : 0x18ac0 : @__overflow+56 : c_jr : c_jr t1 : IntAlu : 
35796000 : system.cpu : T0 : 0x18c7e : @_IO_setb : c_addi16sp : c_addi16sp sp, -48 : IntAlu : D=0x7ffffffffffffc00
35849000 : system.cpu : T0 : 0x18c80 : @_IO_setb+2 : c_sdsp : c_sdsp s0, 32(sp) : MemWrite : D=0x000000000007a218 A=0x7ffffffffffffc20
35853000 : system.cpu : T0 : 0x18c82 : @_IO_setb+4 : c_mv : c_mv s0, a0 : IntAlu : D=0x000000000007a218
35855000 : system.cpu : T0 : 0x18c84 : @_IO_setb+6 : c_ld : c_ld a0, 56(a0) : MemRead : D=0x0000000000000000 A=0x7a250
35859000 : system.cpu : T0 : 0x18c86 : @_IO_setb+8 : c_sdsp : c_sdsp ra, 40(sp) : MemWrite : D=0x000000000003837a A=0x7ffffffffffffc28
35863000 : system.cpu : T0 : 0x18c88 : @_IO_setb+10 : c_lw : c_lw a5, 0(s0) : MemRead : D=0xfffffffffbad2284 A=0x7a218
35867000 : system.cpu : T0 : 0x18c8a : @_IO_setb+12 : c_beqz : c_beqz a0, 8 : IntAlu : 
35869000 : system.cpu : T0 : 0x18c92 : @_IO_setb+20 : c_sd : c_sd a1, 56(s0) : MemWrite : D=0x000000000007f530 A=0x7a250
35873000 : system.cpu : T0 : 0x18c94 : @_IO_setb+22 : c_sd : c_sd a2, 64(s0) : MemWrite : D=0x0000000000081530 A=0x7a258
35877000 : system.cpu : T0 : 0x18c96 : @_IO_setb+24 : c_bnez : c_bnez a3, 40 : IntAlu : 
35879000 : system.cpu : T0 : 0x18cbe : @_IO_setb+64 : c_andi : c_andi a5, 18446744073709551614 : IntAlu : D=0xfffffffffbad2284
35881000 : system.cpu : T0 : 0x18cc0 : @_IO_setb+66 : c_sw : c_sw a5, 0(s0) : MemWrite : D=0x00000000fbad2284 A=0x7a218
35885000 : system.cpu : T0 : 0x18cc2 : @_IO_setb+68 : c_ldsp : c_ldsp ra, 40(sp) : MemRead : D=0x000000000003837a A=0x7ffffffffffffc28
35889000 : system.cpu : T0 : 0x18cc4 : @_IO_setb+70 : c_ldsp : c_ldsp s0, 32(sp) : MemRead : D=0x000000000007a218 A=0x7ffffffffffffc20
35893000 : system.cpu : T0 : 0x18cc6 : @_IO_setb+72 : c_addi16sp : c_addi16sp sp, 48 : IntAlu : D=0x7ffffffffffffc30
35895000 : system.cpu : T0 : 0x18cc8 : @_IO_setb+74 : c_jr : c_jr ra : IntAlu : 
33876000 : system.cpu : T0 : 0x18cca : @_IO_doallocbuf : c_ld : c_ld a5, 56(a0) : MemRead : D=0x0000000000000000 A=0x7a250
33880000 : system.cpu : T0 : 0x18ccc : @_IO_doallocbuf+2 : c_beqz : c_beqz a5, 4 : IntAlu : 
33882000 : system.cpu : T0 : 0x18cd0 : @_IO_doallocbuf+6 : c_lw : c_lw a5, 0(a0) : MemRead : D=0xfffffffffbad2084 A=0x7a218
33886000 : system.cpu : T0 : 0x18cd2 : @_IO_doallocbuf+8 : c_addi : c_addi sp, -32 : IntAlu : D=0x7ffffffffffffcd0
33888000 : system.cpu : T0 : 0x18cd4 : @_IO_doallocbuf+10 : c_sdsp : c_sdsp s0, 16(sp) : MemWrite : D=0x000000000007a218 A=0x7ffffffffffffce0
33892000 : system.cpu : T0 : 0x18cd6 : @_IO_doallocbuf+12 : c_sdsp : c_sdsp ra, 24(sp) : MemWrite : D=0x00000000000183be A=0x7ffffffffffffce8
33896000 : system.cpu : T0 : 0x18cd8 : @_IO_doallocbuf+14 : c_sdsp : c_sdsp s1, 8(sp) : MemWrite : D=0xffffffffffffffff A=0x7ffffffffffffcd8
33900000 : system.cpu : T0 : 0x18cda : @_IO_doallocbuf+16 : c_sdsp : c_sdsp s2, 0(sp) : MemWrite : D=0x000000000000000c A=0x7ffffffffffffcd0
33904000 : system.cpu : T0 : 0x18cdc : @_IO_doallocbuf+18 : andi : andi a4, a5, 2 : IntAlu : D=0x0000000000000000
33906000 : system.cpu : T0 : 0x18ce0 : @_IO_doallocbuf+22 : c_mv : c_mv s0, a0 : IntAlu : D=0x000000000007a218
33908000 : system.cpu : T0 : 0x18ce2 : @_IO_doallocbuf+24 : c_beqz : c_beqz a4, 42 : IntAlu : 
35923000 : system.cpu : T0 : 0x18d00 : @_IO_doallocbuf+54 : c_ldsp : c_ldsp ra, 24(sp) : MemRead : D=0x00000000000183be A=0x7ffffffffffffce8
35927000 : system.cpu : T0 : 0x18d02 : @_IO_doallocbuf+56 : c_ldsp : c_ldsp s0, 16(sp) : MemRead : D=0x000000000007a218 A=0x7ffffffffffffce0
35931000 : system.cpu : T0 : 0x18d04 : @_IO_doallocbuf+58 : c_ldsp : c_ldsp s1, 8(sp) : MemRead : D=0xffffffffffffffff A=0x7ffffffffffffcd8
35935000 : system.cpu : T0 : 0x18d06 : @_IO_doallocbuf+60 : c_ldsp : c_ldsp s2, 0(sp) : MemRead : D=0x000000000000000c A=0x7ffffffffffffcd0
35939000 : system.cpu : T0 : 0x18d08 : @_IO_doallocbuf+62 : c_addi16sp : c_addi16sp sp, 32 : IntAlu : D=0x7ffffffffffffcf0
35941000 : system.cpu : T0 : 0x18d0a : @_IO_doallocbuf+64 : c_jr : c_jr ra : IntAlu : 
33961000 : system.cpu : T0 : 0x18d0c : @_IO_doallocbuf+66 : c_ld : c_ld s1, 216(s0) : MemRead : D=0x00000000000749d8 A=0x7a2f0
33967000 : system.cpu : T0 : 0x18d0e : @_IO_doallocbuf+68 : lui : lui a5, 116 : IntAlu : D=0x0000000000074000
33971000 : system.cpu : T0 : 0x18d12 : @_IO_doallocbuf+72 : lui : lui a4, 117 : IntAlu : D=0x0000000000075000
33975000 : system.cpu : T0 : 0x18d16 : @_IO_doallocbuf+76 : addi : addi a5, a5, 2016 : IntAlu : D=0x00000000000747e0
33979000 : system.cpu : T0 : 0x18d1a : @_IO_doallocbuf+80 : addi : addi a4, a4, -568 : IntAlu : D=0x0000000000074dc8
33981000 : system.cpu : T0 : 0x18d1e : @_IO_doallocbuf+84 : c_sub : c_sub a4, a5 : IntAlu : D=0x00000000000005e8
33983000 : system.cpu : T0 : 0x18d20 : @_IO_doallocbuf+86 : sub : sub a5, s1, a5 : IntAlu : D=0x00000000000001f8
33985000 : system.cpu : T0 : 0x18d24 : @_IO_doallocbuf+90 : bgeu : bgeu a5, a4, 44 : IntAlu : 
33987000 : system.cpu : T0 : 0x18d28 : @_IO_doallocbuf+94 : c_ld : c_ld a5, 104(s1) : MemRead : D=0x0000000000038310 A=0x74a40
34042000 : system.cpu : T0 : 0x18d2a : @_IO_doallocbuf+96 : c_mv : c_mv a0, s0 : IntAlu : D=0x000000000007a218
34044000 : system.cpu : T0 : 0x18d2c : @_IO_doallocbuf+98 : c_jalr : c_jalr a5 : IntAlu : D=0x0000000000018d2e
35919000 : system.cpu : T0 : 0x18d2e : @_IO_doallocbuf+100 : c_li : c_li a5, -1 : IntAlu : D=0xffffffffffffffff
35921000 : system.cpu : T0 : 0x18d30 : @_IO_doallocbuf+102 : bne : bne a0, a5, -48 : IntAlu : 
36496000 : system.cpu : T0 : 0x18da8 : @_IO_default_xsputn : c_beqz : c_beqz a2, 212 : IntAlu : 
36502000 : system.cpu : T0 : 0x18daa : @_IO_default_xsputn+2 : c_addi16sp : c_addi16sp sp, -80 : IntAlu : D=0x7ffffffffffffcc0
36504000 : system.cpu : T0 : 0x18dac : @_IO_default_xsputn+4 : c_sdsp : c_sdsp s3, 40(sp) : MemWrite : D=0x000000000005a320 A=0x7ffffffffffffce8
36508000 : system.cpu : T0 : 0x18dae : @_IO_default_xsputn+6 : c_sdsp : c_sdsp s4, 32(sp) : MemWrite : D=0x000000000000000c A=0x7ffffffffffffce0
36512000 : system.cpu : T0 : 0x18db0 : @_IO_default_xsputn+8 : lui : lui s3, 117 : IntAlu : D=0x0000000000075000
36514000 : system.cpu : T0 : 0x18db4 : @_IO_default_xsputn+12 : lui : lui s4, 116 : IntAlu : D=0x0000000000074000
36516000 : system.cpu : T0 : 0x18db8 : @_IO_default_xsputn+16 : addi : addi s4, s4, 2016 : IntAlu : D=0x00000000000747e0
36518000 : system.cpu : T0 : 0x18dbc : @_IO_default_xsputn+20 : addi : addi s3, s3, -568 : IntAlu : D=0x0000000000074dc8
36571000 : system.cpu : T0 : 0x18dc0 : @_IO_default_xsputn+24 : c_sdsp : c_sdsp s0, 64(sp) : MemWrite : D=0x000000000007a218 A=0x7ffffffffffffd00
36575000 : system.cpu : T0 : 0x18dc2 : @_IO_default_xsputn+26 : c_sdsp : c_sdsp s1, 56(sp) : MemWrite : D=0x000000000000000c A=0x7ffffffffffffcf8
36579000 : system.cpu : T0 : 0x18dc4 : @_IO_default_xsputn+28 : c_sdsp : c_sdsp s2, 48(sp) : MemWrite : D=0x000000000000000c A=0x7ffffffffffffcf0
36583000 : system.cpu : T0 : 0x18dc6 : @_IO_default_xsputn+30 : c_sdsp : c_sdsp s5, 24(sp) : MemWrite : D=0x0000000000000000 A=0x7ffffffffffffcd8
36587000 : system.cpu : T0 : 0x18dc8 : @_IO_default_xsputn+32 : c_sdsp : c_sdsp s6, 16(sp) : MemWrite : D=0x0000000000000000 A=0x7ffffffffffffcd0
36591000 : system.cpu : T0 : 0x18dca : @_IO_default_xsputn+34 : c_sdsp : c_sdsp s7, 8(sp) : MemWrite : D=0x0000000000000000 A=0x7ffffffffffffcc8
36595000 : system.cpu : T0 : 0x18dcc : @_IO_default_xsputn+36 : c_sdsp : c_sdsp ra, 72(sp) : MemWrite : D=0x0000000000017bd4 A=0x7ffffffffffffd08
36599000 : system.cpu : T0 : 0x18dce : @_IO_default_xsputn+38 : c_sdsp : c_sdsp s8, 0(sp) : MemWrite : D=0x0000000000000000 A=0x7ffffffffffffcc0
36603000 : system.cpu : T0 : 0x18dd0 : @_IO_default_xsputn+40 : c_mv : c_mv s5, a2 : IntAlu : D=0x000000000000000c
36605000 : system.cpu : T0 : 0x18dd2 : @_IO_default_xsputn+42 : c_mv : c_mv s2, a0 : IntAlu : D=0x000000000007a218
36607000 : system.cpu : T0 : 0x18dd4 : @_IO_default_xsputn+44 : c_mv : c_mv s0, a1 : IntAlu : D=0x000000000005a320
36609000 : system.cpu : T0 : 0x18dd6 : @_IO_default_xsputn+46 : c_mv : c_mv s1, a2 : IntAlu : D=0x000000000000000c
36611000 : system.cpu : T0 : 0x18dd8 : @_IO_default_xsputn+48 : c_li : c_li s7, 20 : IntAlu : D=0x0000000000000014
36615000 : system.cpu : T0 : 0x18dda : @_IO_default_xsputn+50 : sub : sub s3, s3, s4 : IntAlu : D=0x00000000000005e8
36617000 : system.cpu : T0 : 0x18dde : @_IO_default_xsputn+54 : c_li : c_li s6, -1 : IntAlu : D=0xffffffffffffffff
36619000 : system.cpu : T0 : 0x18de0 : @_IO_default_xsputn+56 : ld : ld a0, 40(s2) : MemRead : D=0x000000000007f530 A=0x7a240
36881000 : system.cpu : T0 : 0x18de0 : @_IO_default_xsputn+56 : ld : ld a0, 40(s2) : MemRead : D=0x000000000007f531 A=0x7a240
37033000 : system.cpu : T0 : 0x18de0 : @_IO_default_xsputn+56 : ld : ld a0, 40(s2) : MemRead : D=0x000000000007f532 A=0x7a240
37185000 : system.cpu : T0 : 0x18de0 : @_IO_default_xsputn+56 : ld : ld a0, 40(s2) : MemRead : D=0x000000000007f533 A=0x7a240
37337000 : system.cpu : T0 : 0x18de0 : @_IO_default_xsputn+56 : ld : ld a0, 40(s2) : MemRead : D=0x000000000007f534 A=0x7a240
37489000 : system.cpu : T0 : 0x18de0 : @_IO_default_xsputn+56 : ld : ld a0, 40(s2) : MemRead : D=0x000000000007f535 A=0x7a240
37641000 : system.cpu : T0 : 0x18de0 : @_IO_default_xsputn+56 : ld : ld a0, 40(s2) : MemRead : D=0x000000000007f536 A=0x7a240
37793000 : system.cpu : T0 : 0x18de0 : @_IO_default_xsputn+56 : ld : ld a0, 40(s2) : MemRead : D=0x000000000007f537 A=0x7a240
37945000 : system.cpu : T0 : 0x18de0 : @_IO_default_xsputn+56 : ld : ld a0, 40(s2) : MemRead : D=0x000000000007f538 A=0x7a240
38097000 : system.cpu : T0 : 0x18de0 : @_IO_default_xsputn+56 : ld : ld a0, 40(s2) : MemRead : D=0x000000000007f539 A=0x7a240
38249000 : system.cpu : T0 : 0x18de0 : @_IO_default_xsputn+56 : ld : ld a0, 40(s2) : MemRead : D=0x000000000007f53a A=0x7a240
38401000 : system.cpu : T0 : 0x18de0 : @_IO_default_xsputn+56 : ld : ld a0, 40(s2) : MemRead : D=0x000000000007f53b A=0x7a240
38553000 : system.cpu : T0 : 0x18de0 : @_IO_default_xsputn+56 : ld : ld a0, 40(s2) : MemRead : D=0x000000000007f53c A=0x7a240
36623000 : system.cpu : T0 : 0x18de4 : @_IO_default_xsputn+60 : ld : ld a5, 48(s2) : MemRead : D=0x000000000007f530 A=0x7a248
36885000 : system.cpu : T0 : 0x18de4 : @_IO_default_xsputn+60 : ld : ld a5, 48(s2) : MemRead : D=0x000000000007f530 A=0x7a248
37037000 : system.cpu : T0 : 0x18de4 : @_IO_default_xsputn+60 : ld : ld a5, 48(s2) : MemRead : D=0x000000000007f530 A=0x7a248
37189000 : system.cpu : T0 : 0x18de4 : @_IO_default_xsputn+60 : ld : ld a5, 48(s2) : MemRead : D=0x000000000007f530 A=0x7a248
37341000 : system.cpu : T0 : 0x18de4 : @_IO_default_xsputn+60 : ld : ld a5, 48(s2) : MemRead : D=0x000000000007f530 A=0x7a248
37493000 : system.cpu : T0 : 0x18de4 : @_IO_default_xsputn+60 : ld : ld a5, 48(s2) : MemRead : D=0x000000000007f530 A=0x7a248
37645000 : system.cpu : T0 : 0x18de4 : @_IO_default_xsputn+60 : ld : ld a5, 48(s2) : MemRead : D=0x000000000007f530 A=0x7a248
37797000 : system.cpu : T0 : 0x18de4 : @_IO_default_xsputn+60 : ld : ld a5, 48(s2) : MemRead : D=0x000000000007f530 A=0x7a248
37949000 : system.cpu : T0 : 0x18de4 : @_IO_default_xsputn+60 : ld : ld a5, 48(s2) : MemRead : D=0x000000000007f530 A=0x7a248
38101000 : system.cpu : T0 : 0x18de4 : @_IO_default_xsputn+60 : ld : ld a5, 48(s2) : MemRead : D=0x000000000007f530 A=0x7a248
38253000 : system.cpu : T0 : 0x18de4 : @_IO_default_xsputn+60 : ld : ld a5, 48(s2) : MemRead : D=0x000000000007f530 A=0x7a248
38405000 : system.cpu : T0 : 0x18de4 : @_IO_default_xsputn+60 : ld : ld a5, 48(s2) : MemRead : D=0x000000000007f530 A=0x7a248
38557000 : system.cpu : T0 : 0x18de4 : @_IO_default_xsputn+60 : ld : ld a5, 48(s2) : MemRead : D=0x000000000007f530 A=0x7a248
36627000 : system.cpu : T0 : 0x18de8 : @_IO_default_xsputn+64 : bgeu : bgeu a0, a5, 26 : IntAlu : 
36889000 : system.cpu : T0 : 0x18de8 : @_IO_default_xsputn+64 : bgeu : bgeu a0, a5, 26 : IntAlu : 
37041000 : system.cpu : T0 : 0x18de8 : @_IO_default_xsputn+64 : bgeu : bgeu a0, a5, 26 : IntAlu : 
37193000 : system.cpu : T0 : 0x18de8 : @_IO_default_xsputn+64 : bgeu : bgeu a0, a5, 26 : IntAlu : 
37345000 : system.cpu : T0 : 0x18de8 : @_IO_default_xsputn+64 : bgeu : bgeu a0, a5, 26 : IntAlu : 
37497000 : system.cpu : T0 : 0x18de8 : @_IO_default_xsputn+64 : bgeu : bgeu a0, a5, 26 : IntAlu : 
37649000 : system.cpu : T0 : 0x18de8 : @_IO_default_xsputn+64 : bgeu : bgeu a0, a5, 26 : IntAlu : 
37801000 : system.cpu : T0 : 0x18de8 : @_IO_default_xsputn+64 : bgeu : bgeu a0, a5, 26 : IntAlu : 
37953000 : system.cpu : T0 : 0x18de8 : @_IO_default_xsputn+64 : bgeu : bgeu a0, a5, 26 : IntAlu : 
38105000 : system.cpu : T0 : 0x18de8 : @_IO_default_xsputn+64 : bgeu : bgeu a0, a5, 26 : IntAlu : 
38257000 : system.cpu : T0 : 0x18de8 : @_IO_default_xsputn+64 : bgeu : bgeu a0, a5, 26 : IntAlu : 
38409000 : system.cpu : T0 : 0x18de8 : @_IO_default_xsputn+64 : bgeu : bgeu a0, a5, 26 : IntAlu : 
38561000 : system.cpu : T0 : 0x18de8 : @_IO_default_xsputn+64 : bgeu : bgeu a0, a5, 26 : IntAlu : 
36680000 : system.cpu : T0 : 0x18e02 : @_IO_default_xsputn+90 : c_beqz : c_beqz s1, 62 : IntAlu : 
36891000 : system.cpu : T0 : 0x18e02 : @_IO_default_xsputn+90 : c_beqz : c_beqz s1, 62 : IntAlu : 
37043000 : system.cpu : T0 : 0x18e02 : @_IO_default_xsputn+90 : c_beqz : c_beqz s1, 62 : IntAlu : 
37195000 : system.cpu : T0 : 0x18e02 : @_IO_default_xsputn+90 : c_beqz : c_beqz s1, 62 : IntAlu : 
37347000 : system.cpu : T0 : 0x18e02 : @_IO_default_xsputn+90 : c_beqz : c_beqz s1, 62 : IntAlu : 
37499000 : system.cpu : T0 : 0x18e02 : @_IO_default_xsputn+90 : c_beqz : c_beqz s1, 62 : IntAlu : 
37651000 : system.cpu : T0 : 0x18e02 : @_IO_default_xsputn+90 : c_beqz : c_beqz s1, 62 : IntAlu : 
37803000 : system.cpu : T0 : 0x18e02 : @_IO_default_xsputn+90 : c_beqz : c_beqz s1, 62 : IntAlu : 
37955000 : system.cpu : T0 : 0x18e02 : @_IO_default_xsputn+90 : c_beqz : c_beqz s1, 62 : IntAlu : 
38107000 : system.cpu : T0 : 0x18e02 : @_IO_default_xsputn+90 : c_beqz : c_beqz s1, 62 : IntAlu : 
38259000 : system.cpu : T0 : 0x18e02 : @_IO_default_xsputn+90 : c_beqz : c_beqz s1, 62 : IntAlu : 
38411000 : system.cpu : T0 : 0x18e02 : @_IO_default_xsputn+90 : c_beqz : c_beqz s1, 62 : IntAlu : 
38563000 : system.cpu : T0 : 0x18e02 : @_IO_default_xsputn+90 : c_beqz : c_beqz s1, 62 : IntAlu : 
36686000 : system.cpu : T0 : 0x18e04 : @_IO_default_xsputn+92 : ld : ld s8, 216(s2) : MemRead : D=0x00000000000749d8 A=0x7a2f0
36893000 : system.cpu : T0 : 0x18e04 : @_IO_default_xsputn+92 : ld : ld s8, 216(s2) : MemRead : D=0x00000000000749d8 A=0x7a2f0
37045000 : system.cpu : T0 : 0x18e04 : @_IO_default_xsputn+92 : ld : ld s8, 216(s2) : MemRead : D=0x00000000000749d8 A=0x7a2f0
37197000 : system.cpu : T0 : 0x18e04 : @_IO_default_xsputn+92 : ld : ld s8, 216(s2) : MemRead : D=0x00000000000749d8 A=0x7a2f0
37349000 : system.cpu : T0 : 0x18e04 : @_IO_default_xsputn+92 : ld : ld s8, 216(s2) : MemRead : D=0x00000000000749d8 A=0x7a2f0
37501000 : system.cpu : T0 : 0x18e04 : @_IO_default_xsputn+92 : ld : ld s8, 216(s2) : MemRead : D=0x00000000000749d8 A=0x7a2f0
37653000 : system.cpu : T0 : 0x18e04 : @_IO_default_xsputn+92 : ld : ld s8, 216(s2) : MemRead : D=0x00000000000749d8 A=0x7a2f0
37805000 : system.cpu : T0 : 0x18e04 : @_IO_default_xsputn+92 : ld : ld s8, 216(s2) : MemRead : D=0x00000000000749d8 A=0x7a2f0
37957000 : system.cpu : T0 : 0x18e04 : @_IO_default_xsputn+92 : ld : ld s8, 216(s2) : MemRead : D=0x00000000000749d8 A=0x7a2f0
38109000 : system.cpu : T0 : 0x18e04 : @_IO_default_xsputn+92 : ld : ld s8, 216(s2) : MemRead : D=0x00000000000749d8 A=0x7a2f0
38261000 : system.cpu : T0 : 0x18e04 : @_IO_default_xsputn+92 : ld : ld s8, 216(s2) : MemRead : D=0x00000000000749d8 A=0x7a2f0
38413000 : system.cpu : T0 : 0x18e04 : @_IO_default_xsputn+92 : ld : ld s8, 216(s2) : MemRead : D=0x00000000000749d8 A=0x7a2f0
36690000 : system.cpu : T0 : 0x18e08 : @_IO_default_xsputn+96 : sub : sub a5, s8, s4 : IntAlu : D=0x00000000000001f8
36897000 : system.cpu : T0 : 0x18e08 : @_IO_default_xsputn+96 : sub : sub a5, s8, s4 : IntAlu : D=0x00000000000001f8
37049000 : system.cpu : T0 : 0x18e08 : @_IO_default_xsputn+96 : sub : sub a5, s8, s4 : IntAlu : D=0x00000000000001f8
37201000 : system.cpu : T0 : 0x18e08 : @_IO_default_xsputn+96 : sub : sub a5, s8, s4 : IntAlu : D=0x00000000000001f8
37353000 : system.cpu : T0 : 0x18e08 : @_IO_default_xsputn+96 : sub : sub a5, s8, s4 : IntAlu : D=0x00000000000001f8
37505000 : system.cpu : T0 : 0x18e08 : @_IO_default_xsputn+96 : sub : sub a5, s8, s4 : IntAlu : D=0x00000000000001f8
37657000 : system.cpu : T0 : 0x18e08 : @_IO_default_xsputn+96 : sub : sub a5, s8, s4 : IntAlu : D=0x00000000000001f8
37809000 : system.cpu : T0 : 0x18e08 : @_IO_default_xsputn+96 : sub : sub a5, s8, s4 : IntAlu : D=0x00000000000001f8
37961000 : system.cpu : T0 : 0x18e08 : @_IO_default_xsputn+96 : sub : sub a5, s8, s4 : IntAlu : D=0x00000000000001f8
38113000 : system.cpu : T0 : 0x18e08 : @_IO_default_xsputn+96 : sub : sub a5, s8, s4 : IntAlu : D=0x00000000000001f8
38265000 : system.cpu : T0 : 0x18e08 : @_IO_default_xsputn+96 : sub : sub a5, s8, s4 : IntAlu : D=0x00000000000001f8
38417000 : system.cpu : T0 : 0x18e08 : @_IO_default_xsputn+96 : sub : sub a5, s8, s4 : IntAlu : D=0x00000000000001f8
36692000 : system.cpu : T0 : 0x18e0c : @_IO_default_xsputn+100 : bgeu : bgeu a5, s3, 116 : IntAlu : 
36899000 : system.cpu : T0 : 0x18e0c : @_IO_default_xsputn+100 : bgeu : bgeu a5, s3, 116 : IntAlu : 
37051000 : system.cpu : T0 : 0x18e0c : @_IO_default_xsputn+100 : bgeu : bgeu a5, s3, 116 : IntAlu : 
37203000 : system.cpu : T0 : 0x18e0c : @_IO_default_xsputn+100 : bgeu : bgeu a5, s3, 116 : IntAlu : 
37355000 : system.cpu : T0 : 0x18e0c : @_IO_default_xsputn+100 : bgeu : bgeu a5, s3, 116 : IntAlu : 
37507000 : system.cpu : T0 : 0x18e0c : @_IO_default_xsputn+100 : bgeu : bgeu a5, s3, 116 : IntAlu : 
37659000 : system.cpu : T0 : 0x18e0c : @_IO_default_xsputn+100 : bgeu : bgeu a5, s3, 116 : IntAlu : 
37811000 : system.cpu : T0 : 0x18e0c : @_IO_default_xsputn+100 : bgeu : bgeu a5, s3, 116 : IntAlu : 
37963000 : system.cpu : T0 : 0x18e0c : @_IO_default_xsputn+100 : bgeu : bgeu a5, s3, 116 : IntAlu : 
38115000 : system.cpu : T0 : 0x18e0c : @_IO_default_xsputn+100 : bgeu : bgeu a5, s3, 116 : IntAlu : 
38267000 : system.cpu : T0 : 0x18e0c : @_IO_default_xsputn+100 : bgeu : bgeu a5, s3, 116 : IntAlu : 
38419000 : system.cpu : T0 : 0x18e0c : @_IO_default_xsputn+100 : bgeu : bgeu a5, s3, 116 : IntAlu : 
36694000 : system.cpu : T0 : 0x18e10 : @_IO_default_xsputn+104 : lbu : lbu a1, 0(s0) : MemRead : D=0x0000000000000048 A=0x5a320
36901000 : system.cpu : T0 : 0x18e10 : @_IO_default_xsputn+104 : lbu : lbu a1, 0(s0) : MemRead : D=0x0000000000000065 A=0x5a321
37053000 : system.cpu : T0 : 0x18e10 : @_IO_default_xsputn+104 : lbu : lbu a1, 0(s0) : MemRead : D=0x000000000000006c A=0x5a322
37205000 : system.cpu : T0 : 0x18e10 : @_IO_default_xsputn+104 : lbu : lbu a1, 0(s0) : MemRead : D=0x000000000000006c A=0x5a323
37357000 : system.cpu : T0 : 0x18e10 : @_IO_default_xsputn+104 : lbu : lbu a1, 0(s0) : MemRead : D=0x000000000000006f A=0x5a324
37509000 : system.cpu : T0 : 0x18e10 : @_IO_default_xsputn+104 : lbu : lbu a1, 0(s0) : MemRead : D=0x0000000000000020 A=0x5a325
37661000 : system.cpu : T0 : 0x18e10 : @_IO_default_xsputn+104 : lbu : lbu a1, 0(s0) : MemRead : D=0x0000000000000077 A=0x5a326
37813000 : system.cpu : T0 : 0x18e10 : @_IO_default_xsputn+104 : lbu : lbu a1, 0(s0) : MemRead : D=0x000000000000006f A=0x5a327
37965000 : system.cpu : T0 : 0x18e10 : @_IO_default_xsputn+104 : lbu : lbu a1, 0(s0) : MemRead : D=0x0000000000000072 A=0x5a328
38117000 : system.cpu : T0 : 0x18e10 : @_IO_default_xsputn+104 : lbu : lbu a1, 0(s0) : MemRead : D=0x000000000000006c A=0x5a329
38269000 : system.cpu : T0 : 0x18e10 : @_IO_default_xsputn+104 : lbu : lbu a1, 0(s0) : MemRead : D=0x0000000000000064 A=0x5a32a
38421000 : system.cpu : T0 : 0x18e10 : @_IO_default_xsputn+104 : lbu : lbu a1, 0(s0) : MemRead : D=0x0000000000000021 A=0x5a32b
36698000 : system.cpu : T0 : 0x18e14 : @_IO_default_xsputn+108 : ld : ld a5, 24(s8) : MemRead : D=0x00000000000182ae A=0x749f0
36905000 : system.cpu : T0 : 0x18e14 : @_IO_default_xsputn+108 : ld : ld a5, 24(s8) : MemRead : D=0x00000000000182ae A=0x749f0
37057000 : system.cpu : T0 : 0x18e14 : @_IO_default_xsputn+108 : ld : ld a5, 24(s8) : MemRead : D=0x00000000000182ae A=0x749f0
37209000 : system.cpu : T0 : 0x18e14 : @_IO_default_xsputn+108 : ld : ld a5, 24(s8) : MemRead : D=0x00000000000182ae A=0x749f0
37361000 : system.cpu : T0 : 0x18e14 : @_IO_default_xsputn+108 : ld : ld a5, 24(s8) : MemRead : D=0x00000000000182ae A=0x749f0
37513000 : system.cpu : T0 : 0x18e14 : @_IO_default_xsputn+108 : ld : ld a5, 24(s8) : MemRead : D=0x00000000000182ae A=0x749f0
37665000 : system.cpu : T0 : 0x18e14 : @_IO_default_xsputn+108 : ld : ld a5, 24(s8) : MemRead : D=0x00000000000182ae A=0x749f0
37817000 : system.cpu : T0 : 0x18e14 : @_IO_default_xsputn+108 : ld : ld a5, 24(s8) : MemRead : D=0x00000000000182ae A=0x749f0
37969000 : system.cpu : T0 : 0x18e14 : @_IO_default_xsputn+108 : ld : ld a5, 24(s8) : MemRead : D=0x00000000000182ae A=0x749f0
38121000 : system.cpu : T0 : 0x18e14 : @_IO_default_xsputn+108 : ld : ld a5, 24(s8) : MemRead : D=0x00000000000182ae A=0x749f0
38273000 : system.cpu : T0 : 0x18e14 : @_IO_default_xsputn+108 : ld : ld a5, 24(s8) : MemRead : D=0x00000000000182ae A=0x749f0
38425000 : system.cpu : T0 : 0x18e14 : @_IO_default_xsputn+108 : ld : ld a5, 24(s8) : MemRead : D=0x00000000000182ae A=0x749f0
36702000 : system.cpu : T0 : 0x18e18 : @_IO_default_xsputn+112 : c_mv : c_mv a0, s2 : IntAlu : D=0x000000000007a218
36909000 : system.cpu : T0 : 0x18e18 : @_IO_default_xsputn+112 : c_mv : c_mv a0, s2 : IntAlu : D=0x000000000007a218
37061000 : system.cpu : T0 : 0x18e18 : @_IO_default_xsputn+112 : c_mv : c_mv a0, s2 : IntAlu : D=0x000000000007a218
37213000 : system.cpu : T0 : 0x18e18 : @_IO_default_xsputn+112 : c_mv : c_mv a0, s2 : IntAlu : D=0x000000000007a218
37365000 : system.cpu : T0 : 0x18e18 : @_IO_default_xsputn+112 : c_mv : c_mv a0, s2 : IntAlu : D=0x000000000007a218
37517000 : system.cpu : T0 : 0x18e18 : @_IO_default_xsputn+112 : c_mv : c_mv a0, s2 : IntAlu : D=0x000000000007a218
37669000 : system.cpu : T0 : 0x18e18 : @_IO_default_xsputn+112 : c_mv : c_mv a0, s2 : IntAlu : D=0x000000000007a218
37821000 : system.cpu : T0 : 0x18e18 : @_IO_default_xsputn+112 : c_mv : c_mv a0, s2 : IntAlu : D=0x000000000007a218
37973000 : system.cpu : T0 : 0x18e18 : @_IO_default_xsputn+112 : c_mv : c_mv a0, s2 : IntAlu : D=0x000000000007a218
38125000 : system.cpu : T0 : 0x18e18 : @_IO_default_xsputn+112 : c_mv : c_mv a0, s2 : IntAlu : D=0x000000000007a218
38277000 : system.cpu : T0 : 0x18e18 : @_IO_default_xsputn+112 : c_mv : c_mv a0, s2 : IntAlu : D=0x000000000007a218
38429000 : system.cpu : T0 : 0x18e18 : @_IO_default_xsputn+112 : c_mv : c_mv a0, s2 : IntAlu : D=0x000000000007a218
36704000 : system.cpu : T0 : 0x18e1a : @_IO_default_xsputn+114 : c_addi : c_addi s0, 1 : IntAlu : D=0x000000000005a321
36911000 : system.cpu : T0 : 0x18e1a : @_IO_default_xsputn+114 : c_addi : c_addi s0, 1 : IntAlu : D=0x000000000005a322
37063000 : system.cpu : T0 : 0x18e1a : @_IO_default_xsputn+114 : c_addi : c_addi s0, 1 : IntAlu : D=0x000000000005a323
37215000 : system.cpu : T0 : 0x18e1a : @_IO_default_xsputn+114 : c_addi : c_addi s0, 1 : IntAlu : D=0x000000000005a324
37367000 : system.cpu : T0 : 0x18e1a : @_IO_default_xsputn+114 : c_addi : c_addi s0, 1 : IntAlu : D=0x000000000005a325
37519000 : system.cpu : T0 : 0x18e1a : @_IO_default_xsputn+114 : c_addi : c_addi s0, 1 : IntAlu : D=0x000000000005a326
37671000 : system.cpu : T0 : 0x18e1a : @_IO_default_xsputn+114 : c_addi : c_addi s0, 1 : IntAlu : D=0x000000000005a327
37823000 : system.cpu : T0 : 0x18e1a : @_IO_default_xsputn+114 : c_addi : c_addi s0, 1 : IntAlu : D=0x000000000005a328
37975000 : system.cpu : T0 : 0x18e1a : @_IO_default_xsputn+114 : c_addi : c_addi s0, 1 : IntAlu : D=0x000000000005a329
38127000 : system.cpu : T0 : 0x18e1a : @_IO_default_xsputn+114 : c_addi : c_addi s0, 1 : IntAlu : D=0x000000000005a32a
38279000 : system.cpu : T0 : 0x18e1a : @_IO_default_xsputn+114 : c_addi : c_addi s0, 1 : IntAlu : D=0x000000000005a32b
38431000 : system.cpu : T0 : 0x18e1a : @_IO_default_xsputn+114 : c_addi : c_addi s0, 1 : IntAlu : D=0x000000000005a32c
36706000 : system.cpu : T0 : 0x18e1c : @_IO_default_xsputn+116 : c_jalr : c_jalr a5 : IntAlu : D=0x0000000000018e1e
36913000 : system.cpu : T0 : 0x18e1c : @_IO_default_xsputn+116 : c_jalr : c_jalr a5 : IntAlu : D=0x0000000000018e1e
37065000 : system.cpu : T0 : 0x18e1c : @_IO_default_xsputn+116 : c_jalr : c_jalr a5 : IntAlu : D=0x0000000000018e1e
37217000 : system.cpu : T0 : 0x18e1c : @_IO_default_xsputn+116 : c_jalr : c_jalr a5 : IntAlu : D=0x0000000000018e1e
37369000 : system.cpu : T0 : 0x18e1c : @_IO_default_xsputn+116 : c_jalr : c_jalr a5 : IntAlu : D=0x0000000000018e1e
37521000 : system.cpu : T0 : 0x18e1c : @_IO_default_xsputn+116 : c_jalr : c_jalr a5 : IntAlu : D=0x0000000000018e1e
37673000 : system.cpu : T0 : 0x18e1c : @_IO_default_xsputn+116 : c_jalr : c_jalr a5 : IntAlu : D=0x0000000000018e1e
37825000 : system.cpu : T0 : 0x18e1c : @_IO_default_xsputn+116 : c_jalr : c_jalr a5 : IntAlu : D=0x0000000000018e1e
37977000 : system.cpu : T0 : 0x18e1c : @_IO_default_xsputn+116 : c_jalr : c_jalr a5 : IntAlu : D=0x0000000000018e1e
38129000 : system.cpu : T0 : 0x18e1c : @_IO_default_xsputn+116 : c_jalr : c_jalr a5 : IntAlu : D=0x0000000000018e1e
38281000 : system.cpu : T0 : 0x18e1c : @_IO_default_xsputn+116 : c_jalr : c_jalr a5 : IntAlu : D=0x0000000000018e1e
38433000 : system.cpu : T0 : 0x18e1c : @_IO_default_xsputn+116 : c_jalr : c_jalr a5 : IntAlu : D=0x0000000000018e1e
36875000 : system.cpu : T0 : 0x18e1e : @_IO_default_xsputn+118 : beq : beq a0, s6, 30 : IntAlu : 
37027000 : system.cpu : T0 : 0x18e1e : @_IO_default_xsputn+118 : beq : beq a0, s6, 30 : IntAlu : 
37179000 : system.cpu : T0 : 0x18e1e : @_IO_default_xsputn+118 : beq : beq a0, s6, 30 : IntAlu : 
37331000 : system.cpu : T0 : 0x18e1e : @_IO_default_xsputn+118 : beq : beq a0, s6, 30 : IntAlu : 
37483000 : system.cpu : T0 : 0x18e1e : @_IO_default_xsputn+118 : beq : beq a0, s6, 30 : IntAlu : 
37635000 : system.cpu : T0 : 0x18e1e : @_IO_default_xsputn+118 : beq : beq a0, s6, 30 : IntAlu : 
37787000 : system.cpu : T0 : 0x18e1e : @_IO_default_xsputn+118 : beq : beq a0, s6, 30 : IntAlu : 
37939000 : system.cpu : T0 : 0x18e1e : @_IO_default_xsputn+118 : beq : beq a0, s6, 30 : IntAlu : 
38091000 : system.cpu : T0 : 0x18e1e : @_IO_default_xsputn+118 : beq : beq a0, s6, 30 : IntAlu : 
38243000 : system.cpu : T0 : 0x18e1e : @_IO_default_xsputn+118 : beq : beq a0, s6, 30 : IntAlu : 
38395000 : system.cpu : T0 : 0x18e1e : @_IO_default_xsputn+118 : beq : beq a0, s6, 30 : IntAlu : 
38547000 : system.cpu : T0 : 0x18e1e : @_IO_default_xsputn+118 : beq : beq a0, s6, 30 : IntAlu : 
36877000 : system.cpu : T0 : 0x18e22 : @_IO_default_xsputn+122 : c_addi : c_addi s1, -1 : IntAlu : D=0x000000000000000b
37029000 : system.cpu : T0 : 0x18e22 : @_IO_default_xsputn+122 : c_addi : c_addi s1, -1 : IntAlu : D=0x000000000000000a
37181000 : system.cpu : T0 : 0x18e22 : @_IO_default_xsputn+122 : c_addi : c_addi s1, -1 : IntAlu : D=0x0000000000000009
37333000 : system.cpu : T0 : 0x18e22 : @_IO_default_xsputn+122 : c_addi : c_addi s1, -1 : IntAlu : D=0x0000000000000008
37485000 : system.cpu : T0 : 0x18e22 : @_IO_default_xsputn+122 : c_addi : c_addi s1, -1 : IntAlu : D=0x0000000000000007
37637000 : system.cpu : T0 : 0x18e22 : @_IO_default_xsputn+122 : c_addi : c_addi s1, -1 : IntAlu : D=0x0000000000000006
37789000 : system.cpu : T0 : 0x18e22 : @_IO_default_xsputn+122 : c_addi : c_addi s1, -1 : IntAlu : D=0x0000000000000005
37941000 : system.cpu : T0 : 0x18e22 : @_IO_default_xsputn+122 : c_addi : c_addi s1, -1 : IntAlu : D=0x0000000000000004
38093000 : system.cpu : T0 : 0x18e22 : @_IO_default_xsputn+122 : c_addi : c_addi s1, -1 : IntAlu : D=0x0000000000000003
38245000 : system.cpu : T0 : 0x18e22 : @_IO_default_xsputn+122 : c_addi : c_addi s1, -1 : IntAlu : D=0x0000000000000002
38397000 : system.cpu : T0 : 0x18e22 : @_IO_default_xsputn+122 : c_addi : c_addi s1, -1 : IntAlu : D=0x0000000000000001
38549000 : system.cpu : T0 : 0x18e22 : @_IO_default_xsputn+122 : c_addi : c_addi s1, -1 : IntAlu : D=0x0000000000000000
36879000 : system.cpu : T0 : 0x18e24 : @_IO_default_xsputn+124 : c_j : c_j -68 : IntAlu : 
37031000 : system.cpu : T0 : 0x18e24 : @_IO_default_xsputn+124 : c_j : c_j -68 : IntAlu : 
37183000 : system.cpu : T0 : 0x18e24 : @_IO_default_xsputn+124 : c_j : c_j -68 : IntAlu : 
37335000 : system.cpu : T0 : 0x18e24 : @_IO_default_xsputn+124 : c_j : c_j -68 : IntAlu : 
37487000 : system.cpu : T0 : 0x18e24 : @_IO_default_xsputn+124 : c_j : c_j -68 : IntAlu : 
37639000 : system.cpu : T0 : 0x18e24 : @_IO_default_xsputn+124 : c_j : c_j -68 : IntAlu : 
37791000 : system.cpu : T0 : 0x18e24 : @_IO_default_xsputn+124 : c_j : c_j -68 : IntAlu : 
37943000 : system.cpu : T0 : 0x18e24 : @_IO_default_xsputn+124 : c_j : c_j -68 : IntAlu : 
38095000 : system.cpu : T0 : 0x18e24 : @_IO_default_xsputn+124 : c_j : c_j -68 : IntAlu : 
38247000 : system.cpu : T0 : 0x18e24 : @_IO_default_xsputn+124 : c_j : c_j -68 : IntAlu : 
38399000 : system.cpu : T0 : 0x18e24 : @_IO_default_xsputn+124 : c_j : c_j -68 : IntAlu : 
38551000 : system.cpu : T0 : 0x18e24 : @_IO_default_xsputn+124 : c_j : c_j -68 : IntAlu : 
38616000 : system.cpu : T0 : 0x18e40 : @_IO_default_xsputn+152 : c_ldsp : c_ldsp ra, 72(sp) : MemRead : D=0x0000000000017bd4 A=0x7ffffffffffffd08
38620000 : system.cpu : T0 : 0x18e42 : @_IO_default_xsputn+154 : c_ldsp : c_ldsp s0, 64(sp) : MemRead : D=0x000000000007a218 A=0x7ffffffffffffd00
38624000 : system.cpu : T0 : 0x18e44 : @_IO_default_xsputn+156 : c_mv : c_mv a0, s5 : IntAlu : D=0x000000000000000c
38626000 : system.cpu : T0 : 0x18e46 : @_IO_default_xsputn+158 : c_ldsp : c_ldsp s1, 56(sp) : MemRead : D=0x000000000000000c A=0x7ffffffffffffcf8
38630000 : system.cpu : T0 : 0x18e48 : @_IO_default_xsputn+160 : c_ldsp : c_ldsp s2, 48(sp) : MemRead : D=0x000000000000000c A=0x7ffffffffffffcf0
38634000 : system.cpu : T0 : 0x18e4a : @_IO_default_xsputn+162 : c_ldsp : c_ldsp s3, 40(sp) : MemRead : D=0x000000000005a320 A=0x7ffffffffffffce8
38638000 : system.cpu : T0 : 0x18e4c : @_IO_default_xsputn+164 : c_ldsp : c_ldsp s4, 32(sp) : MemRead : D=0x000000000000000c A=0x7ffffffffffffce0
38642000 : system.cpu : T0 : 0x18e4e : @_IO_default_xsputn+166 : c_ldsp : c_ldsp s5, 24(sp) : MemRead : D=0x0000000000000000 A=0x7ffffffffffffcd8
38646000 : system.cpu : T0 : 0x18e50 : @_IO_default_xsputn+168 : c_ldsp : c_ldsp s6, 16(sp) : MemRead : D=0x0000000000000000 A=0x7ffffffffffffcd0
38650000 : system.cpu : T0 : 0x18e52 : @_IO_default_xsputn+170 : c_ldsp : c_ldsp s7, 8(sp) : MemRead : D=0x0000000000000000 A=0x7ffffffffffffcc8
38654000 : system.cpu : T0 : 0x18e54 : @_IO_default_xsputn+172 : c_ldsp : c_ldsp s8, 0(sp) : MemRead : D=0x0000000000000000 A=0x7ffffffffffffcc0
38658000 : system.cpu : T0 : 0x18e56 : @_IO_default_xsputn+174 : c_addi16sp : c_addi16sp sp, 80 : IntAlu : D=0x7ffffffffffffd10
38660000 : system.cpu : T0 : 0x18e58 : @_IO_default_xsputn+176 : c_jr : c_jr ra : IntAlu : 
43406000 : system.cpu : T0 : 0x18f74 : @_IO_default_setbuf : c_addi16sp : c_addi16sp sp, -48 : IntAlu : D=0x7ffffffffffffcb0
43412000 : system.cpu : T0 : 0x18f76 : @_IO_default_setbuf+2 : c_sdsp : c_sdsp s1, 24(sp) : MemWrite : D=0x0000000000000000 A=0x7ffffffffffffcc8
43416000 : system.cpu : T0 : 0x18f78 : @_IO_default_setbuf+4 : c_ld : c_ld s1, 216(a0) : MemRead : D=0x00000000000749d8 A=0x7a2f0
43422000 : system.cpu : T0 : 0x18f7a : @_IO_default_setbuf+6 : lui : lui a5, 116 : IntAlu : D=0x0000000000074000
43477000 : system.cpu : T0 : 0x18f7e : @_IO_default_setbuf+10 : lui : lui a4, 117 : IntAlu : D=0x0000000000075000
43485000 : system.cpu : T0 : 0x18f82 : @_IO_default_setbuf+14 : addi : addi a5, a5, 2016 : IntAlu : D=0x00000000000747e0
43489000 : system.cpu : T0 : 0x18f86 : @_IO_default_setbuf+18 : addi : addi a4, a4, -568 : IntAlu : D=0x0000000000074dc8
43491000 : system.cpu : T0 : 0x18f8a : @_IO_default_setbuf+22 : c_sdsp : c_sdsp s0, 32(sp) : MemWrite : D=0x000000000007a218 A=0x7ffffffffffffcd0
43495000 : system.cpu : T0 : 0x18f8c : @_IO_default_setbuf+24 : c_sdsp : c_sdsp s2, 16(sp) : MemWrite : D=0x0000000000000001 A=0x7ffffffffffffcc0
43499000 : system.cpu : T0 : 0x18f8e : @_IO_default_setbuf+26 : c_sdsp : c_sdsp s3, 8(sp) : MemWrite : D=0x00000000000005e8 A=0x7ffffffffffffcb8
43503000 : system.cpu : T0 : 0x18f90 : @_IO_default_setbuf+28 : c_sub : c_sub a4, a5 : IntAlu : D=0x00000000000005e8
43505000 : system.cpu : T0 : 0x18f92 : @_IO_default_setbuf+30 : c_sdsp : c_sdsp ra, 40(sp) : MemWrite : D=0x0000000000016bac A=0x7ffffffffffffcd8
43509000 : system.cpu : T0 : 0x18f94 : @_IO_default_setbuf+32 : sub : sub a5, s1, a5 : IntAlu : D=0x00000000000001f8
43511000 : system.cpu : T0 : 0x18f98 : @_IO_default_setbuf+36 : c_mv : c_mv s0, a0 : IntAlu : D=0x000000000007a218
43513000 : system.cpu : T0 : 0x18f9a : @_IO_default_setbuf+38 : c_mv : c_mv s3, a1 : IntAlu : D=0x0000000000000000
43515000 : system.cpu : T0 : 0x18f9c : @_IO_default_setbuf+40 : c_mv : c_mv s2, a2 : IntAlu : D=0x0000000000000000
43519000 : system.cpu : T0 : 0x18f9e : @_IO_default_setbuf+42 : bgeu : bgeu a5, a4, 146 : IntAlu : 
43521000 : system.cpu : T0 : 0x18fa2 : @_IO_default_setbuf+46 : c_ld : c_ld a5, 96(s1) : MemRead : D=0x0000000000018406 A=0x74a38
43525000 : system.cpu : T0 : 0x18fa4 : @_IO_default_setbuf+48 : c_mv : c_mv a0, s0 : IntAlu : D=0x000000000007a218
43527000 : system.cpu : T0 : 0x18fa6 : @_IO_default_setbuf+50 : c_jalr : c_jalr a5 : IntAlu : D=0x0000000000018fa8
43697000 : system.cpu : T0 : 0x18fa8 : @_IO_default_setbuf+52 : c_li : c_li a5, -1 : IntAlu : D=0xffffffffffffffff
43701000 : system.cpu : T0 : 0x18faa : @_IO_default_setbuf+54 : beq : beq a0, a5, 140 : IntAlu : 
43703000 : system.cpu : T0 : 0x18fae : @_IO_default_setbuf+58 : c_lw : c_lw a5, 0(s0) : MemRead : D=0xfffffffffbad2a85 A=0x7a218
43707000 : system.cpu : T0 : 0x18fb0 : @_IO_default_setbuf+60 : c_ld : c_ld a0, 56(s0) : MemRead : D=0x000000000007f530 A=0x7a250
43713000 : system.cpu : T0 : 0x18fb2 : @_IO_default_setbuf+62 : beq : beq s3, zero, 38 : IntAlu : 
43766000 : system.cpu : T0 : 0x18fd8 : @_IO_default_setbuf+100 : ori : ori a4, a5, 2 : IntAlu : D=0xfffffffffbad2a87
43772000 : system.cpu : T0 : 0x18fdc : @_IO_default_setbuf+104 : c_sw : c_sw a4, 0(s0) : MemWrite : D=0x00000000fbad2a87 A=0x7a218
43778000 : system.cpu : T0 : 0x18fde : @_IO_default_setbuf+106 : addi : addi s2, s0, 131 : IntAlu : D=0x000000000007a29b
43782000 : system.cpu : T0 : 0x18fe2 : @_IO_default_setbuf+110 : addi : addi s1, s0, 132 : IntAlu : D=0x000000000007a29c
43784000 : system.cpu : T0 : 0x18fe6 : @_IO_default_setbuf+114 : c_beqz : c_beqz a0, 6 : IntAlu : 
43786000 : system.cpu : T0 : 0x18fe8 : @_IO_default_setbuf+116 : c_andi : c_andi a5, 1 : IntAlu : D=0x0000000000000001
43788000 : system.cpu : T0 : 0x18fea : @_IO_default_setbuf+118 : c_beqz : c_beqz a5, 54 : IntAlu : 
43790000 : system.cpu : T0 : 0x18fec : @_IO_default_setbuf+120 : ori : ori a4, a4, 1 : IntAlu : D=0xfffffffffbad2a87
43792000 : system.cpu : T0 : 0x18ff0 : @_IO_default_setbuf+124 : sd : sd s2, 56(s0) : MemWrite : D=0x000000000007a29b A=0x7a250
43796000 : system.cpu : T0 : 0x18ff4 : @_IO_default_setbuf+128 : c_sd : c_sd s1, 64(s0) : MemWrite : D=0x000000000007a29c A=0x7a258
43800000 : system.cpu : T0 : 0x18ff6 : @_IO_default_setbuf+130 : c_sw : c_sw a4, 0(s0) : MemWrite : D=0x00000000fbad2a87 A=0x7a218
43804000 : system.cpu : T0 : 0x18ff8 : @_IO_default_setbuf+132 : sd : sd zero, 48(s0) : MemWrite : D=0x0000000000000000 A=0x7a248
43808000 : system.cpu : T0 : 0x18ffc : @_IO_default_setbuf+136 : sd : sd zero, 40(s0) : MemWrite : D=0x0000000000000000 A=0x7a240
43877000 : system.cpu : T0 : 0x19000 : @_IO_default_setbuf+140 : sd : sd zero, 32(s0) : MemWrite : D=0x0000000000000000 A=0x7a238
43881000 : system.cpu : T0 : 0x19004 : @_IO_default_setbuf+144 : sd : sd zero, 16(s0) : MemWrite : D=0x0000000000000000 A=0x7a228
43885000 : system.cpu : T0 : 0x19008 : @_IO_default_setbuf+148 : sd : sd zero, 8(s0) : MemWrite : D=0x0000000000000000 A=0x7a220
43889000 : system.cpu : T0 : 0x1900c : @_IO_default_setbuf+152 : sd : sd zero, 24(s0) : MemWrite : D=0x0000000000000000 A=0x7a230
43893000 : system.cpu : T0 : 0x19010 : @_IO_default_setbuf+156 : c_mv : c_mv a0, s0 : IntAlu : D=0x000000000007a218
43895000 : system.cpu : T0 : 0x19012 : @_IO_default_setbuf+158 : c_ldsp : c_ldsp ra, 40(sp) : MemRead : D=0x0000000000016bac A=0x7ffffffffffffcd8
43899000 : system.cpu : T0 : 0x19014 : @_IO_default_setbuf+160 : c_ldsp : c_ldsp s0, 32(sp) : MemRead : D=0x000000000007a218 A=0x7ffffffffffffcd0
43903000 : system.cpu : T0 : 0x19016 : @_IO_default_setbuf+162 : c_ldsp : c_ldsp s1, 24(sp) : MemRead : D=0x0000000000000000 A=0x7ffffffffffffcc8
43907000 : system.cpu : T0 : 0x19018 : @_IO_default_setbuf+164 : c_ldsp : c_ldsp s2, 16(sp) : MemRead : D=0x0000000000000001 A=0x7ffffffffffffcc0
43911000 : system.cpu : T0 : 0x1901a : @_IO_default_setbuf+166 : c_ldsp : c_ldsp s3, 8(sp) : MemRead : D=0x00000000000005e8 A=0x7ffffffffffffcb8
43915000 : system.cpu : T0 : 0x1901c : @_IO_default_setbuf+168 : c_addi16sp : c_addi16sp sp, 48 : IntAlu : D=0x7ffffffffffffce0
43917000 : system.cpu : T0 : 0x1901e : @_IO_default_setbuf+170 : c_jr : c_jr ra : IntAlu : 
41995000 : system.cpu : T0 : 0x19390 : @_IO_flush_all_lockp : c_addi16sp : c_addi16sp sp, -144 : IntAlu : D=0x7ffffffffffffc60
42001000 : system.cpu : T0 : 0x19392 : @_IO_flush_all_lockp+2 : c_sdsp : c_sdsp s1, 120(sp) : MemWrite : D=0x0000000000074dd0 A=0x7ffffffffffffcd8
42005000 : system.cpu : T0 : 0x19394 : @_IO_flush_all_lockp+4 : c_sdsp : c_sdsp ra, 136(sp) : MemWrite : D=0x00000000000195be A=0x7ffffffffffffce8
42009000 : system.cpu : T0 : 0x19396 : @_IO_flush_all_lockp+6 : c_sdsp : c_sdsp s0, 128(sp) : MemWrite : D=0x0000000000074dd0 A=0x7ffffffffffffce0
42013000 : system.cpu : T0 : 0x19398 : @_IO_flush_all_lockp+8 : c_sdsp : c_sdsp s2, 112(sp) : MemWrite : D=0x0000000000000000 A=0x7ffffffffffffcd0
42017000 : system.cpu : T0 : 0x1939a : @_IO_flush_all_lockp+10 : c_sdsp : c_sdsp s3, 104(sp) : MemWrite : D=0x0000000000000002 A=0x7ffffffffffffcc8
42021000 : system.cpu : T0 : 0x1939c : @_IO_flush_all_lockp+12 : c_sdsp : c_sdsp s4, 96(sp) : MemWrite : D=0x000000000007b9f0 A=0x7ffffffffffffcc0
42025000 : system.cpu : T0 : 0x1939e : @_IO_flush_all_lockp+14 : c_sdsp : c_sdsp s5, 88(sp) : MemWrite : D=0x0000000000000001 A=0x7ffffffffffffcb8
42029000 : system.cpu : T0 : 0x193a0 : @_IO_flush_all_lockp+16 : c_sdsp : c_sdsp s6, 80(sp) : MemWrite : D=0x000000000007c380 A=0x7ffffffffffffcb0
42033000 : system.cpu : T0 : 0x193a2 : @_IO_flush_all_lockp+18 : c_sdsp : c_sdsp s7, 72(sp) : MemWrite : D=0x0000000000000000 A=0x7ffffffffffffca8
42037000 : system.cpu : T0 : 0x193a4 : @_IO_flush_all_lockp+20 : c_sdsp : c_sdsp s8, 64(sp) : MemWrite : D=0x0000000000000000 A=0x7ffffffffffffca0
42041000 : system.cpu : T0 : 0x193a6 : @_IO_flush_all_lockp+22 : c_sdsp : c_sdsp s9, 56(sp) : MemWrite : D=0x0000000000000000 A=0x7ffffffffffffc98
42045000 : system.cpu : T0 : 0x193a8 : @_IO_flush_all_lockp+24 : c_sdsp : c_sdsp s10, 48(sp) : MemWrite : D=0x0000000000000000 A=0x7ffffffffffffc90
42049000 : system.cpu : T0 : 0x193aa : @_IO_flush_all_lockp+26 : c_sdsp : c_sdsp s11, 40(sp) : MemWrite : D=0x0000000000000000 A=0x7ffffffffffffc88
42053000 : system.cpu : T0 : 0x193ac : @_IO_flush_all_lockp+28 : c_mv : c_mv s1, a0 : IntAlu : D=0x0000000000000000
42057000 : system.cpu : T0 : 0x193ae : @_IO_flush_all_lockp+30 : beq : beq a0, zero, 340 : IntAlu : 
42187000 : system.cpu : T0 : 0x19416 : @_IO_flush_all_lockp+134 : lui : lui s5, 116 : IntAlu : D=0x0000000000074000
42191000 : system.cpu : T0 : 0x1941a : @_IO_flush_all_lockp+138 : lui : lui s4, 117 : IntAlu : D=0x0000000000075000
42195000 : system.cpu : T0 : 0x1941e : @_IO_flush_all_lockp+142 : addi : addi s5, s5, 2016 : IntAlu : D=0x00000000000747e0
42199000 : system.cpu : T0 : 0x19422 : @_IO_flush_all_lockp+146 : addi : addi s4, s4, -568 : IntAlu : D=0x0000000000074dc8
42201000 : system.cpu : T0 : 0x19426 : @_IO_flush_all_lockp+150 : c_li : c_li s7, 0 : IntAlu : D=0x0000000000000000
42203000 : system.cpu : T0 : 0x19428 : @_IO_flush_all_lockp+152 : c_lui : c_lui s6, 8 : IntAlu : D=0x0000000000008000
42207000 : system.cpu : T0 : 0x1942a : @_IO_flush_all_lockp+154 : sub : sub s4, s4, s5 : IntAlu : D=0x00000000000005e8
42211000 : system.cpu : T0 : 0x1942e : @_IO_flush_all_lockp+158 : sd : sd s0, -1288(gp) : MemWrite : D=0x000000000007a000 A=0x7bbe8
42581000 : system.cpu : T0 : 0x1942e : @_IO_flush_all_lockp+158 : sd : sd s0, -1288(gp) : MemWrite : D=0x000000000007a218 A=0x7bbe8
42627000 : system.cpu : T0 : 0x1942e : @_IO_flush_all_lockp+158 : sd : sd s0, -1288(gp) : MemWrite : D=0x000000000007a430 A=0x7bbe8
42215000 : system.cpu : T0 : 0x19432 : @_IO_flush_all_lockp+162 : c_beqz : c_beqz s1, 54 : IntAlu : 
42585000 : system.cpu : T0 : 0x19432 : @_IO_flush_all_lockp+162 : c_beqz : c_beqz s1, 54 : IntAlu : 
42631000 : system.cpu : T0 : 0x19432 : @_IO_flush_all_lockp+162 : c_beqz : c_beqz s1, 54 : IntAlu : 
42268000 : system.cpu : T0 : 0x19468 : @_IO_flush_all_lockp+216 : lw : lw a5, 192(s0) : MemRead : D=0x0000000000000000 A=0x7a0c0
42587000 : system.cpu : T0 : 0x19468 : @_IO_flush_all_lockp+216 : lw : lw a5, 192(s0) : MemRead : D=0xffffffffffffffff A=0x7a2d8
42633000 : system.cpu : T0 : 0x19468 : @_IO_flush_all_lockp+216 : lw : lw a5, 192(s0) : MemRead : D=0x0000000000000000 A=0x7a4f0
42337000 : system.cpu : T0 : 0x1946c : @_IO_flush_all_lockp+220 : bge : bge zero, a5, 172 : IntAlu : 
42591000 : system.cpu : T0 : 0x1946c : @_IO_flush_all_lockp+220 : bge : bge zero, a5, 172 : IntAlu : 
42688000 : system.cpu : T0 : 0x1946c : @_IO_flush_all_lockp+220 : bge : bge zero, a5, 172 : IntAlu : 
42451000 : system.cpu : T0 : 0x19496 : @_IO_flush_all_lockp+262 : c_beqz : c_beqz s1, 38 : IntAlu : 
42603000 : system.cpu : T0 : 0x19496 : @_IO_flush_all_lockp+262 : c_beqz : c_beqz s1, 38 : IntAlu : 
42751000 : system.cpu : T0 : 0x19496 : @_IO_flush_all_lockp+262 : c_beqz : c_beqz s1, 38 : IntAlu : 
42457000 : system.cpu : T0 : 0x194bc : @_IO_flush_all_lockp+300 : lw : lw a5, -1280(gp) : MemRead : D=0x0000000000000000 A=0x7bbf0
42605000 : system.cpu : T0 : 0x194bc : @_IO_flush_all_lockp+300 : lw : lw a5, -1280(gp) : MemRead : D=0x0000000000000000 A=0x7bbf0
42753000 : system.cpu : T0 : 0x194bc : @_IO_flush_all_lockp+300 : lw : lw a5, -1280(gp) : MemRead : D=0x0000000000000000 A=0x7bbf0
42512000 : system.cpu : T0 : 0x194c0 : @_IO_flush_all_lockp+304 : sd : sd zero, -1288(gp) : MemWrite : D=0x0000000000000000 A=0x7bbe8
42609000 : system.cpu : T0 : 0x194c0 : @_IO_flush_all_lockp+304 : sd : sd zero, -1288(gp) : MemWrite : D=0x0000000000000000 A=0x7bbe8
42757000 : system.cpu : T0 : 0x194c0 : @_IO_flush_all_lockp+304 : sd : sd zero, -1288(gp) : MemWrite : D=0x0000000000000000 A=0x7bbe8
42516000 : system.cpu : T0 : 0x194c4 : @_IO_flush_all_lockp+308 : beq : beq a5, s2, 110 : IntAlu : 
42613000 : system.cpu : T0 : 0x194c4 : @_IO_flush_all_lockp+308 : beq : beq a5, s2, 110 : IntAlu : 
42761000 : system.cpu : T0 : 0x194c4 : @_IO_flush_all_lockp+308 : beq : beq a5, s2, 110 : IntAlu : 
42575000 : system.cpu : T0 : 0x194cc : @_IO_flush_all_lockp+316 : c_mv : c_mv s2, a5 : IntAlu : D=0x0000000000000000
42621000 : system.cpu : T0 : 0x194cc : @_IO_flush_all_lockp+316 : c_mv : c_mv s2, a5 : IntAlu : D=0x0000000000000000
42820000 : system.cpu : T0 : 0x194cc : @_IO_flush_all_lockp+316 : c_mv : c_mv s2, a5 : IntAlu : D=0x0000000000000000
42577000 : system.cpu : T0 : 0x194ce : @_IO_flush_all_lockp+318 : c_bnez : c_bnez s0, -160 : IntAlu : 
42623000 : system.cpu : T0 : 0x194ce : @_IO_flush_all_lockp+318 : c_bnez : c_bnez s0, -160 : IntAlu : 
42822000 : system.cpu : T0 : 0x194ce : @_IO_flush_all_lockp+318 : c_bnez : c_bnez s0, -160 : IntAlu : 
42824000 : system.cpu : T0 : 0x194d0 : @_IO_flush_all_lockp+320 : c_bnez : c_bnez s1, 102 : IntAlu : 
42828000 : system.cpu : T0 : 0x194d2 : @_IO_flush_all_lockp+322 : beq : beq s8, zero, 16 : IntAlu : 
42830000 : system.cpu : T0 : 0x194e2 : @_IO_flush_all_lockp+338 : c_ldsp : c_ldsp ra, 136(sp) : MemRead : D=0x00000000000195be A=0x7ffffffffffffce8
42834000 : system.cpu : T0 : 0x194e4 : @_IO_flush_all_lockp+340 : c_ldsp : c_ldsp s0, 128(sp) : MemRead : D=0x0000000000074dd0 A=0x7ffffffffffffce0
42838000 : system.cpu : T0 : 0x194e6 : @_IO_flush_all_lockp+342 : c_mv : c_mv a0, s7 : IntAlu : D=0x0000000000000000
42840000 : system.cpu : T0 : 0x194e8 : @_IO_flush_all_lockp+344 : c_ldsp : c_ldsp s1, 120(sp) : MemRead : D=0x0000000000074dd0 A=0x7ffffffffffffcd8
42844000 : system.cpu : T0 : 0x194ea : @_IO_flush_all_lockp+346 : c_ldsp : c_ldsp s2, 112(sp) : MemRead : D=0x0000000000000000 A=0x7ffffffffffffcd0
42848000 : system.cpu : T0 : 0x194ec : @_IO_flush_all_lockp+348 : c_ldsp : c_ldsp s3, 104(sp) : MemRead : D=0x0000000000000002 A=0x7ffffffffffffcc8
42852000 : system.cpu : T0 : 0x194ee : @_IO_flush_all_lockp+350 : c_ldsp : c_ldsp s4, 96(sp) : MemRead : D=0x000000000007b9f0 A=0x7ffffffffffffcc0
42856000 : system.cpu : T0 : 0x194f0 : @_IO_flush_all_lockp+352 : c_ldsp : c_ldsp s5, 88(sp) : MemRead : D=0x0000000000000001 A=0x7ffffffffffffcb8
42860000 : system.cpu : T0 : 0x194f2 : @_IO_flush_all_lockp+354 : c_ldsp : c_ldsp s6, 80(sp) : MemRead : D=0x000000000007c380 A=0x7ffffffffffffcb0
42864000 : system.cpu : T0 : 0x194f4 : @_IO_flush_all_lockp+356 : c_ldsp : c_ldsp s7, 72(sp) : MemRead : D=0x0000000000000000 A=0x7ffffffffffffca8
42868000 : system.cpu : T0 : 0x194f6 : @_IO_flush_all_lockp+358 : c_ldsp : c_ldsp s8, 64(sp) : MemRead : D=0x0000000000000000 A=0x7ffffffffffffca0
42872000 : system.cpu : T0 : 0x194f8 : @_IO_flush_all_lockp+360 : c_ldsp : c_ldsp s9, 56(sp) : MemRead : D=0x0000000000000000 A=0x7ffffffffffffc98
42876000 : system.cpu : T0 : 0x194fa : @_IO_flush_all_lockp+362 : c_ldsp : c_ldsp s10, 48(sp) : MemRead : D=0x0000000000000000 A=0x7ffffffffffffc90
42880000 : system.cpu : T0 : 0x194fc : @_IO_flush_all_lockp+364 : c_ldsp : c_ldsp s11, 40(sp) : MemRead : D=0x0000000000000000 A=0x7ffffffffffffc88
42884000 : system.cpu : T0 : 0x194fe : @_IO_flush_all_lockp+366 : c_addi16sp : c_addi16sp sp, 144 : IntAlu : D=0x7ffffffffffffcf0
42886000 : system.cpu : T0 : 0x19500 : @_IO_flush_all_lockp+368 : c_jr : c_jr ra : IntAlu : 
42116000 : system.cpu : T0 : 0x19502 : @_IO_flush_all_lockp+370 : ld : ld s0, -1776(gp) : MemRead : D=0x000000000007a000 A=0x7ba00
42122000 : system.cpu : T0 : 0x19506 : @_IO_flush_all_lockp+374 : lw : lw s2, -1280(gp) : MemRead : D=0x0000000000000000 A=0x7bbf0
42126000 : system.cpu : T0 : 0x1950a : @_IO_flush_all_lockp+378 : c_li : c_li s8, 0 : IntAlu : D=0x0000000000000000
42128000 : system.cpu : T0 : 0x1950c : @_IO_flush_all_lockp+380 : bne : bne s0, zero, -246 : IntAlu : 
42339000 : system.cpu : T0 : 0x19518 : @_IO_flush_all_lockp+392 : c_ld : c_ld a3, 40(s0) : MemRead : D=0x0000000000000000 A=0x7a028
42593000 : system.cpu : T0 : 0x19518 : @_IO_flush_all_lockp+392 : c_ld : c_ld a3, 40(s0) : MemRead : D=0x000000000007f530 A=0x7a240
42690000 : system.cpu : T0 : 0x19518 : @_IO_flush_all_lockp+392 : c_ld : c_ld a3, 40(s0) : MemRead : D=0x0000000000000000 A=0x7a458
42394000 : system.cpu : T0 : 0x1951a : @_IO_flush_all_lockp+394 : c_ld : c_ld a5, 32(s0) : MemRead : D=0x0000000000000000 A=0x7a020
42597000 : system.cpu : T0 : 0x1951a : @_IO_flush_all_lockp+394 : c_ld : c_ld a5, 32(s0) : MemRead : D=0x000000000007f530 A=0x7a238
42745000 : system.cpu : T0 : 0x1951a : @_IO_flush_all_lockp+394 : c_ld : c_ld a5, 32(s0) : MemRead : D=0x0000000000000000 A=0x7a450
42398000 : system.cpu : T0 : 0x1951c : @_IO_flush_all_lockp+396 : bgeu : bgeu a5, a3, -134 : IntAlu : 
42601000 : system.cpu : T0 : 0x1951c : @_IO_flush_all_lockp+396 : bgeu : bgeu a5, a3, -134 : IntAlu : 
42749000 : system.cpu : T0 : 0x1951c : @_IO_flush_all_lockp+396 : bgeu : bgeu a5, a3, -134 : IntAlu : 
42518000 : system.cpu : T0 : 0x19532 : @_IO_flush_all_lockp+418 : c_ld : c_ld s0, 104(s0) : MemRead : D=0x000000000007a218 A=0x7a068
42615000 : system.cpu : T0 : 0x19532 : @_IO_flush_all_lockp+418 : c_ld : c_ld s0, 104(s0) : MemRead : D=0x000000000007a430 A=0x7a280
42763000 : system.cpu : T0 : 0x19532 : @_IO_flush_all_lockp+418 : c_ld : c_ld s0, 104(s0) : MemRead : D=0x0000000000000000 A=0x7a498
42573000 : system.cpu : T0 : 0x19534 : @_IO_flush_all_lockp+420 : c_j : c_j -104 : IntAlu : 
42619000 : system.cpu : T0 : 0x19534 : @_IO_flush_all_lockp+420 : c_j : c_j -104 : IntAlu : 
42818000 : system.cpu : T0 : 0x19534 : @_IO_flush_all_lockp+420 : c_j : c_j -104 : IntAlu : 
41892000 : system.cpu : T0 : 0x195a2 : @_IO_cleanup : c_addi16sp : c_addi16sp sp, -80 : IntAlu : D=0x7ffffffffffffcf0
41898000 : system.cpu : T0 : 0x195a4 : @_IO_cleanup+2 : c_li : c_li a0, 0 : IntAlu : D=0x0000000000000000
41900000 : system.cpu : T0 : 0x195a6 : @_IO_cleanup+4 : c_sdsp : c_sdsp s0, 64(sp) : MemWrite : D=0x0000000000074dd0 A=0x7ffffffffffffd30
41904000 : system.cpu : T0 : 0x195a8 : @_IO_cleanup+6 : c_sdsp : c_sdsp s5, 24(sp) : MemWrite : D=0x0000000000000001 A=0x7ffffffffffffd08
41908000 : system.cpu : T0 : 0x195aa : @_IO_cleanup+8 : c_sdsp : c_sdsp ra, 72(sp) : MemWrite : D=0x0000000000014ac6 A=0x7ffffffffffffd38
41912000 : system.cpu : T0 : 0x195ac : @_IO_cleanup+10 : c_sdsp : c_sdsp s1, 56(sp) : MemWrite : D=0x0000000000074dd0 A=0x7ffffffffffffd28
41916000 : system.cpu : T0 : 0x195ae : @_IO_cleanup+12 : c_sdsp : c_sdsp s2, 48(sp) : MemWrite : D=0x0000000000000000 A=0x7ffffffffffffd20
41920000 : system.cpu : T0 : 0x195b0 : @_IO_cleanup+14 : c_sdsp : c_sdsp s3, 40(sp) : MemWrite : D=0x0000000000000002 A=0x7ffffffffffffd18
41924000 : system.cpu : T0 : 0x195b2 : @_IO_cleanup+16 : c_sdsp : c_sdsp s4, 32(sp) : MemWrite : D=0x000000000007b9f0 A=0x7ffffffffffffd10
41928000 : system.cpu : T0 : 0x195b4 : @_IO_cleanup+18 : c_sdsp : c_sdsp s6, 16(sp) : MemWrite : D=0x000000000007c380 A=0x7ffffffffffffd00
41932000 : system.cpu : T0 : 0x195b6 : @_IO_cleanup+20 : c_sdsp : c_sdsp s7, 8(sp) : MemWrite : D=0x0000000000000000 A=0x7ffffffffffffcf8
41936000 : system.cpu : T0 : 0x195b8 : @_IO_cleanup+22 : c_sdsp : c_sdsp s8, 0(sp) : MemWrite : D=0x0000000000000000 A=0x7ffffffffffffcf0
41942000 : system.cpu : T0 : 0x195ba : @_IO_cleanup+24 : jal : jal ra, -554 : IntAlu : D=0x00000000000195be
42941000 : system.cpu : T0 : 0x195be : @_IO_cleanup+28 : ld : ld s0, -1776(gp) : MemRead : D=0x000000000007a000 A=0x7ba00
42945000 : system.cpu : T0 : 0x195c2 : @_IO_cleanup+32 : c_mv : c_mv s5, a0 : IntAlu : D=0x0000000000000000
42947000 : system.cpu : T0 : 0x195c4 : @_IO_cleanup+34 : c_beqz : c_beqz s0, 198 : IntAlu : 
42951000 : system.cpu : T0 : 0x195c6 : @_IO_cleanup+36 : lui : lui s4, 116 : IntAlu : D=0x0000000000074000
42955000 : system.cpu : T0 : 0x195ca : @_IO_cleanup+40 : lui : lui s3, 117 : IntAlu : D=0x0000000000075000
42959000 : system.cpu : T0 : 0x195ce : @_IO_cleanup+44 : addi : addi s4, s4, 2016 : IntAlu : D=0x00000000000747e0
42963000 : system.cpu : T0 : 0x195d2 : @_IO_cleanup+48 : addi : addi s3, s3, -568 : IntAlu : D=0x0000000000074dc8
42965000 : system.cpu : T0 : 0x195d6 : @_IO_cleanup+52 : c_li : c_li s2, 1 : IntAlu : D=0x0000000000000001
42967000 : system.cpu : T0 : 0x195d8 : @_IO_cleanup+54 : sub : sub s3, s3, s4 : IntAlu : D=0x00000000000005e8
42969000 : system.cpu : T0 : 0x195dc : @_IO_cleanup+58 : c_j : c_j 12 : IntAlu : 
42981000 : system.cpu : T0 : 0x195de : @_IO_cleanup+60 : c_li : c_li a5, -1 : IntAlu : D=0xffffffffffffffff
44109000 : system.cpu : T0 : 0x195de : @_IO_cleanup+60 : c_li : c_li a5, -1 : IntAlu : D=0xffffffffffffffff
44190000 : system.cpu : T0 : 0x195de : @_IO_cleanup+60 : c_li : c_li a5, -1 : IntAlu : D=0xffffffffffffffff
42983000 : system.cpu : T0 : 0x195e0 : @_IO_cleanup+62 : sw : sw a5, 192(s0) : MemWrite : D=0x00000000ffffffff A=0x7a0c0
44111000 : system.cpu : T0 : 0x195e0 : @_IO_cleanup+62 : sw : sw a5, 192(s0) : MemWrite : D=0x00000000ffffffff A=0x7a2d8
44192000 : system.cpu : T0 : 0x195e0 : @_IO_cleanup+62 : sw : sw a5, 192(s0) : MemWrite : D=0x00000000ffffffff A=0x7a4f0
42987000 : system.cpu : T0 : 0x195e4 : @_IO_cleanup+66 : c_ld : c_ld s0, 104(s0) : MemRead : D=0x000000000007a218 A=0x7a068
44115000 : system.cpu : T0 : 0x195e4 : @_IO_cleanup+66 : c_ld : c_ld s0, 104(s0) : MemRead : D=0x000000000007a430 A=0x7a280
44196000 : system.cpu : T0 : 0x195e4 : @_IO_cleanup+66 : c_ld : c_ld s0, 104(s0) : MemRead : D=0x0000000000000000 A=0x7a498
42991000 : system.cpu : T0 : 0x195e6 : @_IO_cleanup+68 : c_beqz : c_beqz s0, 164 : IntAlu : 
44119000 : system.cpu : T0 : 0x195e6 : @_IO_cleanup+68 : c_beqz : c_beqz s0, 164 : IntAlu : 
44200000 : system.cpu : T0 : 0x195e6 : @_IO_cleanup+68 : c_beqz : c_beqz s0, 164 : IntAlu : 
42971000 : system.cpu : T0 : 0x195e8 : @_IO_cleanup+70 : c_lw : c_lw s1, 0(s0) : MemRead : D=0xfffffffffbad2086 A=0x7a000
42993000 : system.cpu : T0 : 0x195e8 : @_IO_cleanup+70 : c_lw : c_lw s1, 0(s0) : MemRead : D=0xfffffffffbad2a84 A=0x7a218
44121000 : system.cpu : T0 : 0x195e8 : @_IO_cleanup+70 : c_lw : c_lw s1, 0(s0) : MemRead : D=0xfffffffffbad2088 A=0x7a430
42975000 : system.cpu : T0 : 0x195ea : @_IO_cleanup+72 : c_andi : c_andi s1, 2 : IntAlu : D=0x0000000000000002
42997000 : system.cpu : T0 : 0x195ea : @_IO_cleanup+72 : c_andi : c_andi s1, 2 : IntAlu : D=0x0000000000000000
44176000 : system.cpu : T0 : 0x195ea : @_IO_cleanup+72 : c_andi : c_andi s1, 2 : IntAlu : D=0x0000000000000000
42977000 : system.cpu : T0 : 0x195ec : @_IO_cleanup+74 : c_addiw : c_addiw s1, 0 : IntAlu : D=0x0000000000000002
42999000 : system.cpu : T0 : 0x195ec : @_IO_cleanup+74 : c_addiw : c_addiw s1, 0 : IntAlu : D=0x0000000000000000
44178000 : system.cpu : T0 : 0x195ec : @_IO_cleanup+74 : c_addiw : c_addiw s1, 0 : IntAlu : D=0x0000000000000000
42979000 : system.cpu : T0 : 0x195ee : @_IO_cleanup+76 : c_bnez : c_bnez s1, -16 : IntAlu : 
43001000 : system.cpu : T0 : 0x195ee : @_IO_cleanup+76 : c_bnez : c_bnez s1, -16 : IntAlu : 
44180000 : system.cpu : T0 : 0x195ee : @_IO_cleanup+76 : c_bnez : c_bnez s1, -16 : IntAlu : 
43003000 : system.cpu : T0 : 0x195f0 : @_IO_cleanup+78 : lw : lw a5, 192(s0) : MemRead : D=0xffffffffffffffff A=0x7a2d8
44182000 : system.cpu : T0 : 0x195f0 : @_IO_cleanup+78 : lw : lw a5, 192(s0) : MemRead : D=0x0000000000000000 A=0x7a4f0
43007000 : system.cpu : T0 : 0x195f4 : @_IO_cleanup+82 : c_li : c_li s8, 1 : IntAlu : D=0x0000000000000001
44186000 : system.cpu : T0 : 0x195f4 : @_IO_cleanup+82 : c_li : c_li s8, 1 : IntAlu : D=0x0000000000000001
43009000 : system.cpu : T0 : 0x195f6 : @_IO_cleanup+84 : c_beqz : c_beqz a5, -24 : IntAlu : 
44188000 : system.cpu : T0 : 0x195f6 : @_IO_cleanup+84 : c_beqz : c_beqz a5, -24 : IntAlu : 
43011000 : system.cpu : T0 : 0x195f8 : @_IO_cleanup+86 : c_ld : c_ld a5, 136(s0) : MemRead : D=0x000000000007c7b0 A=0x7a2a0
43017000 : system.cpu : T0 : 0x195fa : @_IO_cleanup+88 : addi : addi a3, tp, -1792 : IntAlu : D=0x000000000007e000
43019000 : system.cpu : T0 : 0x195fe : @_IO_cleanup+92 : c_beqz : c_beqz a5, 36 : IntAlu : 
43072000 : system.cpu : T0 : 0x19600 : @_IO_cleanup+94 : c_ld : c_ld a4, 8(a5) : MemRead : D=0x0000000000000000 A=0x7c7b8
43078000 : system.cpu : T0 : 0x19602 : @_IO_cleanup+96 : beq : beq a3, a4, 202 : IntAlu : 
43082000 : system.cpu : T0 : 0x19606 : @_IO_cleanup+100. : lr_w : lr_w a4, (a5) : MemRead : D=0x0000000000000000 A=0x7c7b0
43084000 : system.cpu : T0 : 0x19606 : @_IO_cleanup+100. : 0x1407a72f : 0x1407a72f fence : No_OpClass : 
43088000 : system.cpu : T0 : 0x1960a : @_IO_cleanup+104 : bne : bne a4, zero, 10 : IntAlu : 
43092000 : system.cpu : T0 : 0x1960e : @_IO_cleanup+108. : sc_w : sc_w a2, s2, (a5) : MemWrite : D=0x0000000000000000 A=0x7c7b0
43094000 : system.cpu : T0 : 0x1960e : @_IO_cleanup+108. : 0x1d27a62f : 0x1d27a62f fence : No_OpClass : 
43096000 : system.cpu : T0 : 0x19612 : @_IO_cleanup+112 : c_bnez : c_bnez a2, -12 : IntAlu : 
43098000 : system.cpu : T0 : 0x19614 : @_IO_cleanup+114 : c_addiw : c_addiw a4, 0 : IntAlu : D=0x0000000000000000
43100000 : system.cpu : T0 : 0x19616 : @_IO_cleanup+116 : c_beqz : c_beqz a4, 190 : IntAlu : 
43167000 : system.cpu : T0 : 0x19622 : @_IO_cleanup+128 : lbu : lbu a5, -1296(gp) : MemRead : D=0x0000000000000000 A=0x7bbe0
43171000 : system.cpu : T0 : 0x19626 : @_IO_cleanup+132 : c_beqz : c_beqz a5, 130 : IntAlu : 
43266000 : system.cpu : T0 : 0x19628 : @_IO_cleanup+134 : ld : ld s8, 216(s0) : MemRead : D=0x00000000000749d8 A=0x7a2f0
43270000 : system.cpu : T0 : 0x1962c : @_IO_cleanup+138 : sub : sub a5, s8, s4 : IntAlu : D=0x00000000000001f8
43272000 : system.cpu : T0 : 0x19630 : @_IO_cleanup+142 : bgeu : bgeu a5, s3, 150 : IntAlu : 
43274000 : system.cpu : T0 : 0x19634 : @_IO_cleanup+146 : ld : ld a5, 88(s8) : MemRead : D=0x0000000000016ba0 A=0x74a30
43278000 : system.cpu : T0 : 0x19638 : @_IO_cleanup+150 : c_li : c_li a2, 0 : IntAlu : D=0x0000000000000000
43280000 : system.cpu : T0 : 0x1963a : @_IO_cleanup+152 : c_li : c_li a1, 0 : IntAlu : D=0x0000000000000000
43282000 : system.cpu : T0 : 0x1963c : @_IO_cleanup+154 : c_mv : c_mv a0, s0 : IntAlu : D=0x000000000007a218
43284000 : system.cpu : T0 : 0x1963e : @_IO_cleanup+156 : c_jalr : c_jalr a5 : IntAlu : D=0x0000000000019640
44065000 : system.cpu : T0 : 0x19640 : @_IO_cleanup+158 : lw : lw a5, 192(s0) : MemRead : D=0xffffffffffffffff A=0x7a2d8
44069000 : system.cpu : T0 : 0x19644 : @_IO_cleanup+162 : bge : bge zero, a5, 16 : IntAlu : 
44071000 : system.cpu : T0 : 0x19654 : @_IO_cleanup+178 : c_li : c_li a5, 2 : IntAlu : D=0x0000000000000002
44075000 : system.cpu : T0 : 0x19656 : @_IO_cleanup+180 : beq : beq s1, a5, -120 : IntAlu : 
44077000 : system.cpu : T0 : 0x1965a : @_IO_cleanup+184 : c_ld : c_ld a0, 136(s0) : MemRead : D=0x000000000007c7b0 A=0x7a2a0
44081000 : system.cpu : T0 : 0x1965c : @_IO_cleanup+186 : c_beqz : c_beqz a0, -126 : IntAlu : 
44083000 : system.cpu : T0 : 0x1965e : @_IO_cleanup+188 : c_lw : c_lw a5, 4(a0) : MemRead : D=0x0000000000000001 A=0x7c7b4
44087000 : system.cpu : T0 : 0x19660 : @_IO_cleanup+190 : addiw : addiw a4, a5, -1 : IntAlu : D=0x0000000000000000
44089000 : system.cpu : T0 : 0x19664 : @_IO_cleanup+194 : c_sw : c_sw a4, 4(a0) : MemWrite : D=0x0000000000000000 A=0x7c7b4
44093000 : system.cpu : T0 : 0x19666 : @_IO_cleanup+196 : c_bnez : c_bnez a4, -136 : IntAlu : 
44095000 : system.cpu : T0 : 0x19668 : @_IO_cleanup+198 : sd : sd zero, 8(a0) : MemWrite : D=0x0000000000000000 A=0x7c7b8
44099000 : system.cpu : T0 : 0x1966c : @_IO_cleanup+202. : 0x0a0527af : 0x0a0527af fence : No_OpClass : 
44099000 : system.cpu : T0 : 0x1966c : @_IO_cleanup+202. : amoswap_w[l] : amoswap_w[l] a5, zero, (a0) : MemRead : D=0x0000000000000001 A=0x7c7b0
44103000 : system.cpu : T0 : 0x19670 : @_IO_cleanup+206 : c_li : c_li a4, 1 : IntAlu : D=0x0000000000000001
44105000 : system.cpu : T0 : 0x19672 : @_IO_cleanup+208 : c_addiw : c_addiw a5, 0 : IntAlu : D=0x0000000000000001
44107000 : system.cpu : T0 : 0x19674 : @_IO_cleanup+210 : bge : bge a4, a5, -150 : IntAlu : 
44202000 : system.cpu : T0 : 0x1968a : @_IO_cleanup+232 : c_ldsp : c_ldsp ra, 72(sp) : MemRead : D=0x0000000000014ac6 A=0x7ffffffffffffd38
44206000 : system.cpu : T0 : 0x1968c : @_IO_cleanup+234 : c_ldsp : c_ldsp s0, 64(sp) : MemRead : D=0x0000000000074dd0 A=0x7ffffffffffffd30
44210000 : system.cpu : T0 : 0x1968e : @_IO_cleanup+236 : c_mv : c_mv a0, s5 : IntAlu : D=0x0000000000000000
44212000 : system.cpu : T0 : 0x19690 : @_IO_cleanup+238 : c_ldsp : c_ldsp s1, 56(sp) : MemRead : D=0x0000000000074dd0 A=0x7ffffffffffffd28
44216000 : system.cpu : T0 : 0x19692 : @_IO_cleanup+240 : c_ldsp : c_ldsp s2, 48(sp) : MemRead : D=0x0000000000000000 A=0x7ffffffffffffd20
44220000 : system.cpu : T0 : 0x19694 : @_IO_cleanup+242 : c_ldsp : c_ldsp s3, 40(sp) : MemRead : D=0x0000000000000002 A=0x7ffffffffffffd18
44224000 : system.cpu : T0 : 0x19696 : @_IO_cleanup+244 : c_ldsp : c_ldsp s4, 32(sp) : MemRead : D=0x000000000007b9f0 A=0x7ffffffffffffd10
44228000 : system.cpu : T0 : 0x19698 : @_IO_cleanup+246 : c_ldsp : c_ldsp s5, 24(sp) : MemRead : D=0x0000000000000001 A=0x7ffffffffffffd08
44232000 : system.cpu : T0 : 0x1969a : @_IO_cleanup+248 : c_ldsp : c_ldsp s6, 16(sp) : MemRead : D=0x000000000007c380 A=0x7ffffffffffffd00
44236000 : system.cpu : T0 : 0x1969c : @_IO_cleanup+250 : c_ldsp : c_ldsp s7, 8(sp) : MemRead : D=0x0000000000000000 A=0x7ffffffffffffcf8
44240000 : system.cpu : T0 : 0x1969e : @_IO_cleanup+252 : c_ldsp : c_ldsp s8, 0(sp) : MemRead : D=0x0000000000000000 A=0x7ffffffffffffcf0
44244000 : system.cpu : T0 : 0x196a0 : @_IO_cleanup+254 : c_addi16sp : c_addi16sp sp, 80 : IntAlu : D=0x7ffffffffffffd40
44246000 : system.cpu : T0 : 0x196a2 : @_IO_cleanup+256 : c_jr : c_jr ra : IntAlu : 
43224000 : system.cpu : T0 : 0x196a8 : @_IO_cleanup+262 : c_lw : c_lw a5, 0(s0) : MemRead : D=0xfffffffffbad2a84 A=0x7a218
43230000 : system.cpu : T0 : 0x196aa : @_IO_cleanup+264 : andi : andi a4, a5, 1 : IntAlu : D=0x0000000000000000
43232000 : system.cpu : T0 : 0x196ae : @_IO_cleanup+268 : c_bnez : c_bnez a4, -134 : IntAlu : 
43234000 : system.cpu : T0 : 0x196b0 : @_IO_cleanup+270 : ld : ld a3, -1304(gp) : MemRead : D=0x0000000000000000 A=0x7bbd8
43238000 : system.cpu : T0 : 0x196b4 : @_IO_cleanup+274 : c_ld : c_ld a4, 56(s0) : MemRead : D=0x000000000007f530 A=0x7a250
43244000 : system.cpu : T0 : 0x196b6 : @_IO_cleanup+276 : ori : ori a5, a5, 1 : IntAlu : D=0xfffffffffbad2a85
43246000 : system.cpu : T0 : 0x196ba : @_IO_cleanup+280 : c_sw : c_sw a5, 0(s0) : MemWrite : D=0x00000000fbad2a85 A=0x7a218
43250000 : system.cpu : T0 : 0x196bc : @_IO_cleanup+282 : c_sd : c_sd a3, 168(s0) : MemWrite : D=0x0000000000000000 A=0x7a2c0
43256000 : system.cpu : T0 : 0x196be : @_IO_cleanup+284 : sd : sd s0, -1304(gp) : MemWrite : D=0x000000000007a218 A=0x7bbd8
43260000 : system.cpu : T0 : 0x196c2 : @_IO_cleanup+288 : c_sd : c_sd a4, 176(s0) : MemWrite : D=0x000000000007f530 A=0x7a2c8
43264000 : system.cpu : T0 : 0x196c4 : @_IO_cleanup+290 : c_j : c_j -156 : IntAlu : 
43153000 : system.cpu : T0 : 0x196d4 : @_IO_cleanup+306 : c_sd : c_sd a3, 8(a5) : MemWrite : D=0x000000000007e000 A=0x7c7b8
43159000 : system.cpu : T0 : 0x196d6 : @_IO_cleanup+308 : sw : sw s2, 4(a5) : MemWrite : D=0x0000000000000001 A=0x7c7b4
43163000 : system.cpu : T0 : 0x196da : @_IO_cleanup+312 : c_j : c_j -184 : IntAlu : 
9499000 : system.cpu : T0 : 0x1a0a0 : @malloc_init_state : c_lui : c_lui a4, 1 : IntAlu : D=0x0000000000001000
9507000 : system.cpu : T0 : 0x1a0a2 : @malloc_init_state+2 : addi : addi a3, a0, 88 : IntAlu : D=0x000000000007a6f0
9511000 : system.cpu : T0 : 0x1a0a6 : @malloc_init_state+6 : addi : addi a4, a4, -1976 : IntAlu : D=0x0000000000000848
9513000 : system.cpu : T0 : 0x1a0aa : @malloc_init_state+10 : c_mv : c_mv a5, a3 : IntAlu : D=0x000000000007a6f0
9515000 : system.cpu : T0 : 0x1a0ac : @malloc_init_state+12 : c_add : c_add a4, a0 : IntAlu : D=0x000000000007aee0
9517000 : system.cpu : T0 : 0x1a0ae : @malloc_init_state+14 : c_sd : c_sd a5, 24(a5) : MemWrite : D=0x000000000007a6f0 A=0x7a708
9608000 : system.cpu : T0 : 0x1a0ae : @malloc_init_state+14 : c_sd : c_sd a5, 24(a5) : MemWrite : D=0x000000000007a700 A=0x7a718
9620000 : system.cpu : T0 : 0x1a0ae : @malloc_init_state+14 : c_sd : c_sd a5, 24(a5) : MemWrite : D=0x000000000007a710 A=0x7a728
9632000 : system.cpu : T0 : 0x1a0ae : @malloc_init_state+14 : c_sd : c_sd a5, 24(a5) : MemWrite : D=0x000000000007a720 A=0x7a738
9644000 : system.cpu : T0 : 0x1a0ae : @malloc_init_state+14 : c_sd : c_sd a5, 24(a5) : MemWrite : D=0x000000000007a730 A=0x7a748
9656000 : system.cpu : T0 : 0x1a0ae : @malloc_init_state+14 : c_sd : c_sd a5, 24(a5) : MemWrite : D=0x000000000007a740 A=0x7a758
9668000 : system.cpu : T0 : 0x1a0ae : @malloc_init_state+14 : c_sd : c_sd a5, 24(a5) : MemWrite : D=0x000000000007a750 A=0x7a768
9680000 : system.cpu : T0 : 0x1a0ae : @malloc_init_state+14 : c_sd : c_sd a5, 24(a5) : MemWrite : D=0x000000000007a760 A=0x7a778
9692000 : system.cpu : T0 : 0x1a0ae : @malloc_init_state+14 : c_sd : c_sd a5, 24(a5) : MemWrite : D=0x000000000007a770 A=0x7a788
9755000 : system.cpu : T0 : 0x1a0ae : @malloc_init_state+14 : c_sd : c_sd a5, 24(a5) : MemWrite : D=0x000000000007a780 A=0x7a798
9767000 : system.cpu : T0 : 0x1a0ae : @malloc_init_state+14 : c_sd : c_sd a5, 24(a5) : MemWrite : D=0x000000000007a790 A=0x7a7a8
9779000 : system.cpu : T0 : 0x1a0ae : @malloc_init_state+14 : c_sd : c_sd a5, 24(a5) : MemWrite : D=0x000000000007a7a0 A=0x7a7b8
9791000 : system.cpu : T0 : 0x1a0ae : @malloc_init_state+14 : c_sd : c_sd a5, 24(a5) : MemWrite : D=0x000000000007a7b0 A=0x7a7c8
9854000 : system.cpu : T0 : 0x1a0ae : @malloc_init_state+14 : c_sd : c_sd a5, 24(a5) : MemWrite : D=0x000000000007a7c0 A=0x7a7d8
9866000 : system.cpu : T0 : 0x1a0ae : @malloc_init_state+14 : c_sd : c_sd a5, 24(a5) : MemWrite : D=0x000000000007a7d0 A=0x7a7e8
9878000 : system.cpu : T0 : 0x1a0ae : @malloc_init_state+14 : c_sd : c_sd a5, 24(a5) : MemWrite : D=0x000000000007a7e0 A=0x7a7f8
9890000 : system.cpu : T0 : 0x1a0ae : @malloc_init_state+14 : c_sd : c_sd a5, 24(a5) : MemWrite : D=0x000000000007a7f0 A=0x7a808
9953000 : system.cpu : T0 : 0x1a0ae : @malloc_init_state+14 : c_sd : c_sd a5, 24(a5) : MemWrite : D=0x000000000007a800 A=0x7a818
9965000 : system.cpu : T0 : 0x1a0ae : @malloc_init_state+14 : c_sd : c_sd a5, 24(a5) : MemWrite : D=0x000000000007a810 A=0x7a828
9977000 : system.cpu : T0 : 0x1a0ae : @malloc_init_state+14 : c_sd : c_sd a5, 24(a5) : MemWrite : D=0x000000000007a820 A=0x7a838
9989000 : system.cpu : T0 : 0x1a0ae : @malloc_init_state+14 : c_sd : c_sd a5, 24(a5) : MemWrite : D=0x000000000007a830 A=0x7a848
10052000 : system.cpu : T0 : 0x1a0ae : @malloc_init_state+14 : c_sd : c_sd a5, 24(a5) : MemWrite : D=0x000000000007a840 A=0x7a858
10064000 : system.cpu : T0 : 0x1a0ae : @malloc_init_state+14 : c_sd : c_sd a5, 24(a5) : MemWrite : D=0x000000000007a850 A=0x7a868
10076000 : system.cpu : T0 : 0x1a0ae : @malloc_init_state+14 : c_sd : c_sd a5, 24(a5) : MemWrite : D=0x000000000007a860 A=0x7a878
10088000 : system.cpu : T0 : 0x1a0ae : @malloc_init_state+14 : c_sd : c_sd a5, 24(a5) : MemWrite : D=0x000000000007a870 A=0x7a888
10151000 : system.cpu : T0 : 0x1a0ae : @malloc_init_state+14 : c_sd : c_sd a5, 24(a5) : MemWrite : D=0x000000000007a880 A=0x7a898
10163000 : system.cpu : T0 : 0x1a0ae : @malloc_init_state+14 : c_sd : c_sd a5, 24(a5) : MemWrite : D=0x000000000007a890 A=0x7a8a8
10175000 : system.cpu : T0 : 0x1a0ae : @malloc_init_state+14 : c_sd : c_sd a5, 24(a5) : MemWrite : D=0x000000000007a8a0 A=0x7a8b8
10187000 : system.cpu : T0 : 0x1a0ae : @malloc_init_state+14 : c_sd : c_sd a5, 24(a5) : MemWrite : D=0x000000000007a8b0 A=0x7a8c8
10250000 : system.cpu : T0 : 0x1a0ae : @malloc_init_state+14 : c_sd : c_sd a5, 24(a5) : MemWrite : D=0x000000000007a8c0 A=0x7a8d8
10262000 : system.cpu : T0 : 0x1a0ae : @malloc_init_state+14 : c_sd : c_sd a5, 24(a5) : MemWrite : D=0x000000000007a8d0 A=0x7a8e8
10274000 : system.cpu : T0 : 0x1a0ae : @malloc_init_state+14 : c_sd : c_sd a5, 24(a5) : MemWrite : D=0x000000000007a8e0 A=0x7a8f8
10286000 : system.cpu : T0 : 0x1a0ae : @malloc_init_state+14 : c_sd : c_sd a5, 24(a5) : MemWrite : D=0x000000000007a8f0 A=0x7a908
10349000 : system.cpu : T0 : 0x1a0ae : @malloc_init_state+14 : c_sd : c_sd a5, 24(a5) : MemWrite : D=0x000000000007a900 A=0x7a918
10361000 : system.cpu : T0 : 0x1a0ae : @malloc_init_state+14 : c_sd : c_sd a5, 24(a5) : MemWrite : D=0x000000000007a910 A=0x7a928
10373000 : system.cpu : T0 : 0x1a0ae : @malloc_init_state+14 : c_sd : c_sd a5, 24(a5) : MemWrite : D=0x000000000007a920 A=0x7a938
10385000 : system.cpu : T0 : 0x1a0ae : @malloc_init_state+14 : c_sd : c_sd a5, 24(a5) : MemWrite : D=0x000000000007a930 A=0x7a948
10448000 : system.cpu : T0 : 0x1a0ae : @malloc_init_state+14 : c_sd : c_sd a5, 24(a5) : MemWrite : D=0x000000000007a940 A=0x7a958
10460000 : system.cpu : T0 : 0x1a0ae : @malloc_init_state+14 : c_sd : c_sd a5, 24(a5) : MemWrite : D=0x000000000007a950 A=0x7a968
10472000 : system.cpu : T0 : 0x1a0ae : @malloc_init_state+14 : c_sd : c_sd a5, 24(a5) : MemWrite : D=0x000000000007a960 A=0x7a978
10484000 : system.cpu : T0 : 0x1a0ae : @malloc_init_state+14 : c_sd : c_sd a5, 24(a5) : MemWrite : D=0x000000000007a970 A=0x7a988
10547000 : system.cpu : T0 : 0x1a0ae : @malloc_init_state+14 : c_sd : c_sd a5, 24(a5) : MemWrite : D=0x000000000007a980 A=0x7a998
10559000 : system.cpu : T0 : 0x1a0ae : @malloc_init_state+14 : c_sd : c_sd a5, 24(a5) : MemWrite : D=0x000000000007a990 A=0x7a9a8
10571000 : system.cpu : T0 : 0x1a0ae : @malloc_init_state+14 : c_sd : c_sd a5, 24(a5) : MemWrite : D=0x000000000007a9a0 A=0x7a9b8
10583000 : system.cpu : T0 : 0x1a0ae : @malloc_init_state+14 : c_sd : c_sd a5, 24(a5) : MemWrite : D=0x000000000007a9b0 A=0x7a9c8
10646000 : system.cpu : T0 : 0x1a0ae : @malloc_init_state+14 : c_sd : c_sd a5, 24(a5) : MemWrite : D=0x000000000007a9c0 A=0x7a9d8
10658000 : system.cpu : T0 : 0x1a0ae : @malloc_init_state+14 : c_sd : c_sd a5, 24(a5) : MemWrite : D=0x000000000007a9d0 A=0x7a9e8
10670000 : system.cpu : T0 : 0x1a0ae : @malloc_init_state+14 : c_sd : c_sd a5, 24(a5) : MemWrite : D=0x000000000007a9e0 A=0x7a9f8
10682000 : system.cpu : T0 : 0x1a0ae : @malloc_init_state+14 : c_sd : c_sd a5, 24(a5) : MemWrite : D=0x000000000007a9f0 A=0x7aa08
10745000 : system.cpu : T0 : 0x1a0ae : @malloc_init_state+14 : c_sd : c_sd a5, 24(a5) : MemWrite : D=0x000000000007aa00 A=0x7aa18
10757000 : system.cpu : T0 : 0x1a0ae : @malloc_init_state+14 : c_sd : c_sd a5, 24(a5) : MemWrite : D=0x000000000007aa10 A=0x7aa28
10769000 : system.cpu : T0 : 0x1a0ae : @malloc_init_state+14 : c_sd : c_sd a5, 24(a5) : MemWrite : D=0x000000000007aa20 A=0x7aa38
10781000 : system.cpu : T0 : 0x1a0ae : @malloc_init_state+14 : c_sd : c_sd a5, 24(a5) : MemWrite : D=0x000000000007aa30 A=0x7aa48
10844000 : system.cpu : T0 : 0x1a0ae : @malloc_init_state+14 : c_sd : c_sd a5, 24(a5) : MemWrite : D=0x000000000007aa40 A=0x7aa58
10856000 : system.cpu : T0 : 0x1a0ae : @malloc_init_state+14 : c_sd : c_sd a5, 24(a5) : MemWrite : D=0x000000000007aa50 A=0x7aa68
10868000 : system.cpu : T0 : 0x1a0ae : @malloc_init_state+14 : c_sd : c_sd a5, 24(a5) : MemWrite : D=0x000000000007aa60 A=0x7aa78
10880000 : system.cpu : T0 : 0x1a0ae : @malloc_init_state+14 : c_sd : c_sd a5, 24(a5) : MemWrite : D=0x000000000007aa70 A=0x7aa88
10943000 : system.cpu : T0 : 0x1a0ae : @malloc_init_state+14 : c_sd : c_sd a5, 24(a5) : MemWrite : D=0x000000000007aa80 A=0x7aa98
10955000 : system.cpu : T0 : 0x1a0ae : @malloc_init_state+14 : c_sd : c_sd a5, 24(a5) : MemWrite : D=0x000000000007aa90 A=0x7aaa8
10967000 : system.cpu : T0 : 0x1a0ae : @malloc_init_state+14 : c_sd : c_sd a5, 24(a5) : MemWrite : D=0x000000000007aaa0 A=0x7aab8
10979000 : system.cpu : T0 : 0x1a0ae : @malloc_init_state+14 : c_sd : c_sd a5, 24(a5) : MemWrite : D=0x000000000007aab0 A=0x7aac8
11042000 : system.cpu : T0 : 0x1a0ae : @malloc_init_state+14 : c_sd : c_sd a5, 24(a5) : MemWrite : D=0x000000000007aac0 A=0x7aad8
11054000 : system.cpu : T0 : 0x1a0ae : @malloc_init_state+14 : c_sd : c_sd a5, 24(a5) : MemWrite : D=0x000000000007aad0 A=0x7aae8
11066000 : system.cpu : T0 : 0x1a0ae : @malloc_init_state+14 : c_sd : c_sd a5, 24(a5) : MemWrite : D=0x000000000007aae0 A=0x7aaf8
11078000 : system.cpu : T0 : 0x1a0ae : @malloc_init_state+14 : c_sd : c_sd a5, 24(a5) : MemWrite : D=0x000000000007aaf0 A=0x7ab08
11141000 : system.cpu : T0 : 0x1a0ae : @malloc_init_state+14 : c_sd : c_sd a5, 24(a5) : MemWrite : D=0x000000000007ab00 A=0x7ab18
11153000 : system.cpu : T0 : 0x1a0ae : @malloc_init_state+14 : c_sd : c_sd a5, 24(a5) : MemWrite : D=0x000000000007ab10 A=0x7ab28
11165000 : system.cpu : T0 : 0x1a0ae : @malloc_init_state+14 : c_sd : c_sd a5, 24(a5) : MemWrite : D=0x000000000007ab20 A=0x7ab38
11177000 : system.cpu : T0 : 0x1a0ae : @malloc_init_state+14 : c_sd : c_sd a5, 24(a5) : MemWrite : D=0x000000000007ab30 A=0x7ab48
11254000 : system.cpu : T0 : 0x1a0ae : @malloc_init_state+14 : c_sd : c_sd a5, 24(a5) : MemWrite : D=0x000000000007ab40 A=0x7ab58
11266000 : system.cpu : T0 : 0x1a0ae : @malloc_init_state+14 : c_sd : c_sd a5, 24(a5) : MemWrite : D=0x000000000007ab50 A=0x7ab68
11278000 : system.cpu : T0 : 0x1a0ae : @malloc_init_state+14 : c_sd : c_sd a5, 24(a5) : MemWrite : D=0x000000000007ab60 A=0x7ab78
11290000 : system.cpu : T0 : 0x1a0ae : @malloc_init_state+14 : c_sd : c_sd a5, 24(a5) : MemWrite : D=0x000000000007ab70 A=0x7ab88
11353000 : system.cpu : T0 : 0x1a0ae : @malloc_init_state+14 : c_sd : c_sd a5, 24(a5) : MemWrite : D=0x000000000007ab80 A=0x7ab98
11365000 : system.cpu : T0 : 0x1a0ae : @malloc_init_state+14 : c_sd : c_sd a5, 24(a5) : MemWrite : D=0x000000000007ab90 A=0x7aba8
11377000 : system.cpu : T0 : 0x1a0ae : @malloc_init_state+14 : c_sd : c_sd a5, 24(a5) : MemWrite : D=0x000000000007aba0 A=0x7abb8
11389000 : system.cpu : T0 : 0x1a0ae : @malloc_init_state+14 : c_sd : c_sd a5, 24(a5) : MemWrite : D=0x000000000007abb0 A=0x7abc8
11452000 : system.cpu : T0 : 0x1a0ae : @malloc_init_state+14 : c_sd : c_sd a5, 24(a5) : MemWrite : D=0x000000000007abc0 A=0x7abd8
11464000 : system.cpu : T0 : 0x1a0ae : @malloc_init_state+14 : c_sd : c_sd a5, 24(a5) : MemWrite : D=0x000000000007abd0 A=0x7abe8
11476000 : system.cpu : T0 : 0x1a0ae : @malloc_init_state+14 : c_sd : c_sd a5, 24(a5) : MemWrite : D=0x000000000007abe0 A=0x7abf8
11488000 : system.cpu : T0 : 0x1a0ae : @malloc_init_state+14 : c_sd : c_sd a5, 24(a5) : MemWrite : D=0x000000000007abf0 A=0x7ac08
11551000 : system.cpu : T0 : 0x1a0ae : @malloc_init_state+14 : c_sd : c_sd a5, 24(a5) : MemWrite : D=0x000000000007ac00 A=0x7ac18
11563000 : system.cpu : T0 : 0x1a0ae : @malloc_init_state+14 : c_sd : c_sd a5, 24(a5) : MemWrite : D=0x000000000007ac10 A=0x7ac28
11575000 : system.cpu : T0 : 0x1a0ae : @malloc_init_state+14 : c_sd : c_sd a5, 24(a5) : MemWrite : D=0x000000000007ac20 A=0x7ac38
11587000 : system.cpu : T0 : 0x1a0ae : @malloc_init_state+14 : c_sd : c_sd a5, 24(a5) : MemWrite : D=0x000000000007ac30 A=0x7ac48
11650000 : system.cpu : T0 : 0x1a0ae : @malloc_init_state+14 : c_sd : c_sd a5, 24(a5) : MemWrite : D=0x000000000007ac40 A=0x7ac58
11662000 : system.cpu : T0 : 0x1a0ae : @malloc_init_state+14 : c_sd : c_sd a5, 24(a5) : MemWrite : D=0x000000000007ac50 A=0x7ac68
11674000 : system.cpu : T0 : 0x1a0ae : @malloc_init_state+14 : c_sd : c_sd a5, 24(a5) : MemWrite : D=0x000000000007ac60 A=0x7ac78
11686000 : system.cpu : T0 : 0x1a0ae : @malloc_init_state+14 : c_sd : c_sd a5, 24(a5) : MemWrite : D=0x000000000007ac70 A=0x7ac88
11749000 : system.cpu : T0 : 0x1a0ae : @malloc_init_state+14 : c_sd : c_sd a5, 24(a5) : MemWrite : D=0x000000000007ac80 A=0x7ac98
11761000 : system.cpu : T0 : 0x1a0ae : @malloc_init_state+14 : c_sd : c_sd a5, 24(a5) : MemWrite : D=0x000000000007ac90 A=0x7aca8
11773000 : system.cpu : T0 : 0x1a0ae : @malloc_init_state+14 : c_sd : c_sd a5, 24(a5) : MemWrite : D=0x000000000007aca0 A=0x7acb8
11785000 : system.cpu : T0 : 0x1a0ae : @malloc_init_state+14 : c_sd : c_sd a5, 24(a5) : MemWrite : D=0x000000000007acb0 A=0x7acc8
11848000 : system.cpu : T0 : 0x1a0ae : @malloc_init_state+14 : c_sd : c_sd a5, 24(a5) : MemWrite : D=0x000000000007acc0 A=0x7acd8
11860000 : system.cpu : T0 : 0x1a0ae : @malloc_init_state+14 : c_sd : c_sd a5, 24(a5) : MemWrite : D=0x000000000007acd0 A=0x7ace8
11872000 : system.cpu : T0 : 0x1a0ae : @malloc_init_state+14 : c_sd : c_sd a5, 24(a5) : MemWrite : D=0x000000000007ace0 A=0x7acf8
11884000 : system.cpu : T0 : 0x1a0ae : @malloc_init_state+14 : c_sd : c_sd a5, 24(a5) : MemWrite : D=0x000000000007acf0 A=0x7ad08
11947000 : system.cpu : T0 : 0x1a0ae : @malloc_init_state+14 : c_sd : c_sd a5, 24(a5) : MemWrite : D=0x000000000007ad00 A=0x7ad18
11959000 : system.cpu : T0 : 0x1a0ae : @malloc_init_state+14 : c_sd : c_sd a5, 24(a5) : MemWrite : D=0x000000000007ad10 A=0x7ad28
11971000 : system.cpu : T0 : 0x1a0ae : @malloc_init_state+14 : c_sd : c_sd a5, 24(a5) : MemWrite : D=0x000000000007ad20 A=0x7ad38
11983000 : system.cpu : T0 : 0x1a0ae : @malloc_init_state+14 : c_sd : c_sd a5, 24(a5) : MemWrite : D=0x000000000007ad30 A=0x7ad48
12046000 : system.cpu : T0 : 0x1a0ae : @malloc_init_state+14 : c_sd : c_sd a5, 24(a5) : MemWrite : D=0x000000000007ad40 A=0x7ad58
12058000 : system.cpu : T0 : 0x1a0ae : @malloc_init_state+14 : c_sd : c_sd a5, 24(a5) : MemWrite : D=0x000000000007ad50 A=0x7ad68
12070000 : system.cpu : T0 : 0x1a0ae : @malloc_init_state+14 : c_sd : c_sd a5, 24(a5) : MemWrite : D=0x000000000007ad60 A=0x7ad78
12082000 : system.cpu : T0 : 0x1a0ae : @malloc_init_state+14 : c_sd : c_sd a5, 24(a5) : MemWrite : D=0x000000000007ad70 A=0x7ad88
12145000 : system.cpu : T0 : 0x1a0ae : @malloc_init_state+14 : c_sd : c_sd a5, 24(a5) : MemWrite : D=0x000000000007ad80 A=0x7ad98
12157000 : system.cpu : T0 : 0x1a0ae : @malloc_init_state+14 : c_sd : c_sd a5, 24(a5) : MemWrite : D=0x000000000007ad90 A=0x7ada8
12169000 : system.cpu : T0 : 0x1a0ae : @malloc_init_state+14 : c_sd : c_sd a5, 24(a5) : MemWrite : D=0x000000000007ada0 A=0x7adb8
12181000 : system.cpu : T0 : 0x1a0ae : @malloc_init_state+14 : c_sd : c_sd a5, 24(a5) : MemWrite : D=0x000000000007adb0 A=0x7adc8
12244000 : system.cpu : T0 : 0x1a0ae : @malloc_init_state+14 : c_sd : c_sd a5, 24(a5) : MemWrite : D=0x000000000007adc0 A=0x7add8
12256000 : system.cpu : T0 : 0x1a0ae : @malloc_init_state+14 : c_sd : c_sd a5, 24(a5) : MemWrite : D=0x000000000007add0 A=0x7ade8
12268000 : system.cpu : T0 : 0x1a0ae : @malloc_init_state+14 : c_sd : c_sd a5, 24(a5) : MemWrite : D=0x000000000007ade0 A=0x7adf8
12280000 : system.cpu : T0 : 0x1a0ae : @malloc_init_state+14 : c_sd : c_sd a5, 24(a5) : MemWrite : D=0x000000000007adf0 A=0x7ae08
12343000 : system.cpu : T0 : 0x1a0ae : @malloc_init_state+14 : c_sd : c_sd a5, 24(a5) : MemWrite : D=0x000000000007ae00 A=0x7ae18
12355000 : system.cpu : T0 : 0x1a0ae : @malloc_init_state+14 : c_sd : c_sd a5, 24(a5) : MemWrite : D=0x000000000007ae10 A=0x7ae28
12367000 : system.cpu : T0 : 0x1a0ae : @malloc_init_state+14 : c_sd : c_sd a5, 24(a5) : MemWrite : D=0x000000000007ae20 A=0x7ae38
12379000 : system.cpu : T0 : 0x1a0ae : @malloc_init_state+14 : c_sd : c_sd a5, 24(a5) : MemWrite : D=0x000000000007ae30 A=0x7ae48
12442000 : system.cpu : T0 : 0x1a0ae : @malloc_init_state+14 : c_sd : c_sd a5, 24(a5) : MemWrite : D=0x000000000007ae40 A=0x7ae58
12454000 : system.cpu : T0 : 0x1a0ae : @malloc_init_state+14 : c_sd : c_sd a5, 24(a5) : MemWrite : D=0x000000000007ae50 A=0x7ae68
12466000 : system.cpu : T0 : 0x1a0ae : @malloc_init_state+14 : c_sd : c_sd a5, 24(a5) : MemWrite : D=0x000000000007ae60 A=0x7ae78
12478000 : system.cpu : T0 : 0x1a0ae : @malloc_init_state+14 : c_sd : c_sd a5, 24(a5) : MemWrite : D=0x000000000007ae70 A=0x7ae88
12541000 : system.cpu : T0 : 0x1a0ae : @malloc_init_state+14 : c_sd : c_sd a5, 24(a5) : MemWrite : D=0x000000000007ae80 A=0x7ae98
12553000 : system.cpu : T0 : 0x1a0ae : @malloc_init_state+14 : c_sd : c_sd a5, 24(a5) : MemWrite : D=0x000000000007ae90 A=0x7aea8
12565000 : system.cpu : T0 : 0x1a0ae : @malloc_init_state+14 : c_sd : c_sd a5, 24(a5) : MemWrite : D=0x000000000007aea0 A=0x7aeb8
12577000 : system.cpu : T0 : 0x1a0ae : @malloc_init_state+14 : c_sd : c_sd a5, 24(a5) : MemWrite : D=0x000000000007aeb0 A=0x7aec8
12640000 : system.cpu : T0 : 0x1a0ae : @malloc_init_state+14 : c_sd : c_sd a5, 24(a5) : MemWrite : D=0x000000000007aec0 A=0x7aed8
12652000 : system.cpu : T0 : 0x1a0ae : @malloc_init_state+14 : c_sd : c_sd a5, 24(a5) : MemWrite : D=0x000000000007aed0 A=0x7aee8
9600000 : system.cpu : T0 : 0x1a0b0 : @malloc_init_state+16 : c_sd : c_sd a5, 16(a5) : MemWrite : D=0x000000000007a6f0 A=0x7a700
9612000 : system.cpu : T0 : 0x1a0b0 : @malloc_init_state+16 : c_sd : c_sd a5, 16(a5) : MemWrite : D=0x000000000007a700 A=0x7a710
9624000 : system.cpu : T0 : 0x1a0b0 : @malloc_init_state+16 : c_sd : c_sd a5, 16(a5) : MemWrite : D=0x000000000007a710 A=0x7a720
9636000 : system.cpu : T0 : 0x1a0b0 : @malloc_init_state+16 : c_sd : c_sd a5, 16(a5) : MemWrite : D=0x000000000007a720 A=0x7a730
9648000 : system.cpu : T0 : 0x1a0b0 : @malloc_init_state+16 : c_sd : c_sd a5, 16(a5) : MemWrite : D=0x000000000007a730 A=0x7a740
9660000 : system.cpu : T0 : 0x1a0b0 : @malloc_init_state+16 : c_sd : c_sd a5, 16(a5) : MemWrite : D=0x000000000007a740 A=0x7a750
9672000 : system.cpu : T0 : 0x1a0b0 : @malloc_init_state+16 : c_sd : c_sd a5, 16(a5) : MemWrite : D=0x000000000007a750 A=0x7a760
9684000 : system.cpu : T0 : 0x1a0b0 : @malloc_init_state+16 : c_sd : c_sd a5, 16(a5) : MemWrite : D=0x000000000007a760 A=0x7a770
9747000 : system.cpu : T0 : 0x1a0b0 : @malloc_init_state+16 : c_sd : c_sd a5, 16(a5) : MemWrite : D=0x000000000007a770 A=0x7a780
9759000 : system.cpu : T0 : 0x1a0b0 : @malloc_init_state+16 : c_sd : c_sd a5, 16(a5) : MemWrite : D=0x000000000007a780 A=0x7a790
9771000 : system.cpu : T0 : 0x1a0b0 : @malloc_init_state+16 : c_sd : c_sd a5, 16(a5) : MemWrite : D=0x000000000007a790 A=0x7a7a0
9783000 : system.cpu : T0 : 0x1a0b0 : @malloc_init_state+16 : c_sd : c_sd a5, 16(a5) : MemWrite : D=0x000000000007a7a0 A=0x7a7b0
9846000 : system.cpu : T0 : 0x1a0b0 : @malloc_init_state+16 : c_sd : c_sd a5, 16(a5) : MemWrite : D=0x000000000007a7b0 A=0x7a7c0
9858000 : system.cpu : T0 : 0x1a0b0 : @malloc_init_state+16 : c_sd : c_sd a5, 16(a5) : MemWrite : D=0x000000000007a7c0 A=0x7a7d0
9870000 : system.cpu : T0 : 0x1a0b0 : @malloc_init_state+16 : c_sd : c_sd a5, 16(a5) : MemWrite : D=0x000000000007a7d0 A=0x7a7e0
9882000 : system.cpu : T0 : 0x1a0b0 : @malloc_init_state+16 : c_sd : c_sd a5, 16(a5) : MemWrite : D=0x000000000007a7e0 A=0x7a7f0
9945000 : system.cpu : T0 : 0x1a0b0 : @malloc_init_state+16 : c_sd : c_sd a5, 16(a5) : MemWrite : D=0x000000000007a7f0 A=0x7a800
9957000 : system.cpu : T0 : 0x1a0b0 : @malloc_init_state+16 : c_sd : c_sd a5, 16(a5) : MemWrite : D=0x000000000007a800 A=0x7a810
9969000 : system.cpu : T0 : 0x1a0b0 : @malloc_init_state+16 : c_sd : c_sd a5, 16(a5) : MemWrite : D=0x000000000007a810 A=0x7a820
9981000 : system.cpu : T0 : 0x1a0b0 : @malloc_init_state+16 : c_sd : c_sd a5, 16(a5) : MemWrite : D=0x000000000007a820 A=0x7a830
10044000 : system.cpu : T0 : 0x1a0b0 : @malloc_init_state+16 : c_sd : c_sd a5, 16(a5) : MemWrite : D=0x000000000007a830 A=0x7a840
10056000 : system.cpu : T0 : 0x1a0b0 : @malloc_init_state+16 : c_sd : c_sd a5, 16(a5) : MemWrite : D=0x000000000007a840 A=0x7a850
10068000 : system.cpu : T0 : 0x1a0b0 : @malloc_init_state+16 : c_sd : c_sd a5, 16(a5) : MemWrite : D=0x000000000007a850 A=0x7a860
10080000 : system.cpu : T0 : 0x1a0b0 : @malloc_init_state+16 : c_sd : c_sd a5, 16(a5) : MemWrite : D=0x000000000007a860 A=0x7a870
10143000 : system.cpu : T0 : 0x1a0b0 : @malloc_init_state+16 : c_sd : c_sd a5, 16(a5) : MemWrite : D=0x000000000007a870 A=0x7a880
10155000 : system.cpu : T0 : 0x1a0b0 : @malloc_init_state+16 : c_sd : c_sd a5, 16(a5) : MemWrite : D=0x000000000007a880 A=0x7a890
10167000 : system.cpu : T0 : 0x1a0b0 : @malloc_init_state+16 : c_sd : c_sd a5, 16(a5) : MemWrite : D=0x000000000007a890 A=0x7a8a0
10179000 : system.cpu : T0 : 0x1a0b0 : @malloc_init_state+16 : c_sd : c_sd a5, 16(a5) : MemWrite : D=0x000000000007a8a0 A=0x7a8b0
10242000 : system.cpu : T0 : 0x1a0b0 : @malloc_init_state+16 : c_sd : c_sd a5, 16(a5) : MemWrite : D=0x000000000007a8b0 A=0x7a8c0
10254000 : system.cpu : T0 : 0x1a0b0 : @malloc_init_state+16 : c_sd : c_sd a5, 16(a5) : MemWrite : D=0x000000000007a8c0 A=0x7a8d0
10266000 : system.cpu : T0 : 0x1a0b0 : @malloc_init_state+16 : c_sd : c_sd a5, 16(a5) : MemWrite : D=0x000000000007a8d0 A=0x7a8e0
10278000 : system.cpu : T0 : 0x1a0b0 : @malloc_init_state+16 : c_sd : c_sd a5, 16(a5) : MemWrite : D=0x000000000007a8e0 A=0x7a8f0
10341000 : system.cpu : T0 : 0x1a0b0 : @malloc_init_state+16 : c_sd : c_sd a5, 16(a5) : MemWrite : D=0x000000000007a8f0 A=0x7a900
10353000 : system.cpu : T0 : 0x1a0b0 : @malloc_init_state+16 : c_sd : c_sd a5, 16(a5) : MemWrite : D=0x000000000007a900 A=0x7a910
10365000 : system.cpu : T0 : 0x1a0b0 : @malloc_init_state+16 : c_sd : c_sd a5, 16(a5) : MemWrite : D=0x000000000007a910 A=0x7a920
10377000 : system.cpu : T0 : 0x1a0b0 : @malloc_init_state+16 : c_sd : c_sd a5, 16(a5) : MemWrite : D=0x000000000007a920 A=0x7a930
10440000 : system.cpu : T0 : 0x1a0b0 : @malloc_init_state+16 : c_sd : c_sd a5, 16(a5) : MemWrite : D=0x000000000007a930 A=0x7a940
10452000 : system.cpu : T0 : 0x1a0b0 : @malloc_init_state+16 : c_sd : c_sd a5, 16(a5) : MemWrite : D=0x000000000007a940 A=0x7a950
10464000 : system.cpu : T0 : 0x1a0b0 : @malloc_init_state+16 : c_sd : c_sd a5, 16(a5) : MemWrite : D=0x000000000007a950 A=0x7a960
10476000 : system.cpu : T0 : 0x1a0b0 : @malloc_init_state+16 : c_sd : c_sd a5, 16(a5) : MemWrite : D=0x000000000007a960 A=0x7a970
10539000 : system.cpu : T0 : 0x1a0b0 : @malloc_init_state+16 : c_sd : c_sd a5, 16(a5) : MemWrite : D=0x000000000007a970 A=0x7a980
10551000 : system.cpu : T0 : 0x1a0b0 : @malloc_init_state+16 : c_sd : c_sd a5, 16(a5) : MemWrite : D=0x000000000007a980 A=0x7a990
10563000 : system.cpu : T0 : 0x1a0b0 : @malloc_init_state+16 : c_sd : c_sd a5, 16(a5) : MemWrite : D=0x000000000007a990 A=0x7a9a0
10575000 : system.cpu : T0 : 0x1a0b0 : @malloc_init_state+16 : c_sd : c_sd a5, 16(a5) : MemWrite : D=0x000000000007a9a0 A=0x7a9b0
10638000 : system.cpu : T0 : 0x1a0b0 : @malloc_init_state+16 : c_sd : c_sd a5, 16(a5) : MemWrite : D=0x000000000007a9b0 A=0x7a9c0
10650000 : system.cpu : T0 : 0x1a0b0 : @malloc_init_state+16 : c_sd : c_sd a5, 16(a5) : MemWrite : D=0x000000000007a9c0 A=0x7a9d0
10662000 : system.cpu : T0 : 0x1a0b0 : @malloc_init_state+16 : c_sd : c_sd a5, 16(a5) : MemWrite : D=0x000000000007a9d0 A=0x7a9e0
10674000 : system.cpu : T0 : 0x1a0b0 : @malloc_init_state+16 : c_sd : c_sd a5, 16(a5) : MemWrite : D=0x000000000007a9e0 A=0x7a9f0
10737000 : system.cpu : T0 : 0x1a0b0 : @malloc_init_state+16 : c_sd : c_sd a5, 16(a5) : MemWrite : D=0x000000000007a9f0 A=0x7aa00
10749000 : system.cpu : T0 : 0x1a0b0 : @malloc_init_state+16 : c_sd : c_sd a5, 16(a5) : MemWrite : D=0x000000000007aa00 A=0x7aa10
10761000 : system.cpu : T0 : 0x1a0b0 : @malloc_init_state+16 : c_sd : c_sd a5, 16(a5) : MemWrite : D=0x000000000007aa10 A=0x7aa20
10773000 : system.cpu : T0 : 0x1a0b0 : @malloc_init_state+16 : c_sd : c_sd a5, 16(a5) : MemWrite : D=0x000000000007aa20 A=0x7aa30
10836000 : system.cpu : T0 : 0x1a0b0 : @malloc_init_state+16 : c_sd : c_sd a5, 16(a5) : MemWrite : D=0x000000000007aa30 A=0x7aa40
10848000 : system.cpu : T0 : 0x1a0b0 : @malloc_init_state+16 : c_sd : c_sd a5, 16(a5) : MemWrite : D=0x000000000007aa40 A=0x7aa50
10860000 : system.cpu : T0 : 0x1a0b0 : @malloc_init_state+16 : c_sd : c_sd a5, 16(a5) : MemWrite : D=0x000000000007aa50 A=0x7aa60
10872000 : system.cpu : T0 : 0x1a0b0 : @malloc_init_state+16 : c_sd : c_sd a5, 16(a5) : MemWrite : D=0x000000000007aa60 A=0x7aa70
10935000 : system.cpu : T0 : 0x1a0b0 : @malloc_init_state+16 : c_sd : c_sd a5, 16(a5) : MemWrite : D=0x000000000007aa70 A=0x7aa80
10947000 : system.cpu : T0 : 0x1a0b0 : @malloc_init_state+16 : c_sd : c_sd a5, 16(a5) : MemWrite : D=0x000000000007aa80 A=0x7aa90
10959000 : system.cpu : T0 : 0x1a0b0 : @malloc_init_state+16 : c_sd : c_sd a5, 16(a5) : MemWrite : D=0x000000000007aa90 A=0x7aaa0
10971000 : system.cpu : T0 : 0x1a0b0 : @malloc_init_state+16 : c_sd : c_sd a5, 16(a5) : MemWrite : D=0x000000000007aaa0 A=0x7aab0
11034000 : system.cpu : T0 : 0x1a0b0 : @malloc_init_state+16 : c_sd : c_sd a5, 16(a5) : MemWrite : D=0x000000000007aab0 A=0x7aac0
11046000 : system.cpu : T0 : 0x1a0b0 : @malloc_init_state+16 : c_sd : c_sd a5, 16(a5) : MemWrite : D=0x000000000007aac0 A=0x7aad0
11058000 : system.cpu : T0 : 0x1a0b0 : @malloc_init_state+16 : c_sd : c_sd a5, 16(a5) : MemWrite : D=0x000000000007aad0 A=0x7aae0
11070000 : system.cpu : T0 : 0x1a0b0 : @malloc_init_state+16 : c_sd : c_sd a5, 16(a5) : MemWrite : D=0x000000000007aae0 A=0x7aaf0
11133000 : system.cpu : T0 : 0x1a0b0 : @malloc_init_state+16 : c_sd : c_sd a5, 16(a5) : MemWrite : D=0x000000000007aaf0 A=0x7ab00
11145000 : system.cpu : T0 : 0x1a0b0 : @malloc_init_state+16 : c_sd : c_sd a5, 16(a5) : MemWrite : D=0x000000000007ab00 A=0x7ab10
11157000 : system.cpu : T0 : 0x1a0b0 : @malloc_init_state+16 : c_sd : c_sd a5, 16(a5) : MemWrite : D=0x000000000007ab10 A=0x7ab20
11169000 : system.cpu : T0 : 0x1a0b0 : @malloc_init_state+16 : c_sd : c_sd a5, 16(a5) : MemWrite : D=0x000000000007ab20 A=0x7ab30
11246000 : system.cpu : T0 : 0x1a0b0 : @malloc_init_state+16 : c_sd : c_sd a5, 16(a5) : MemWrite : D=0x000000000007ab30 A=0x7ab40
11258000 : system.cpu : T0 : 0x1a0b0 : @malloc_init_state+16 : c_sd : c_sd a5, 16(a5) : MemWrite : D=0x000000000007ab40 A=0x7ab50
11270000 : system.cpu : T0 : 0x1a0b0 : @malloc_init_state+16 : c_sd : c_sd a5, 16(a5) : MemWrite : D=0x000000000007ab50 A=0x7ab60
11282000 : system.cpu : T0 : 0x1a0b0 : @malloc_init_state+16 : c_sd : c_sd a5, 16(a5) : MemWrite : D=0x000000000007ab60 A=0x7ab70
11345000 : system.cpu : T0 : 0x1a0b0 : @malloc_init_state+16 : c_sd : c_sd a5, 16(a5) : MemWrite : D=0x000000000007ab70 A=0x7ab80
11357000 : system.cpu : T0 : 0x1a0b0 : @malloc_init_state+16 : c_sd : c_sd a5, 16(a5) : MemWrite : D=0x000000000007ab80 A=0x7ab90
11369000 : system.cpu : T0 : 0x1a0b0 : @malloc_init_state+16 : c_sd : c_sd a5, 16(a5) : MemWrite : D=0x000000000007ab90 A=0x7aba0
11381000 : system.cpu : T0 : 0x1a0b0 : @malloc_init_state+16 : c_sd : c_sd a5, 16(a5) : MemWrite : D=0x000000000007aba0 A=0x7abb0
11444000 : system.cpu : T0 : 0x1a0b0 : @malloc_init_state+16 : c_sd : c_sd a5, 16(a5) : MemWrite : D=0x000000000007abb0 A=0x7abc0
11456000 : system.cpu : T0 : 0x1a0b0 : @malloc_init_state+16 : c_sd : c_sd a5, 16(a5) : MemWrite : D=0x000000000007abc0 A=0x7abd0
11468000 : system.cpu : T0 : 0x1a0b0 : @malloc_init_state+16 : c_sd : c_sd a5, 16(a5) : MemWrite : D=0x000000000007abd0 A=0x7abe0
11480000 : system.cpu : T0 : 0x1a0b0 : @malloc_init_state+16 : c_sd : c_sd a5, 16(a5) : MemWrite : D=0x000000000007abe0 A=0x7abf0
11543000 : system.cpu : T0 : 0x1a0b0 : @malloc_init_state+16 : c_sd : c_sd a5, 16(a5) : MemWrite : D=0x000000000007abf0 A=0x7ac00
11555000 : system.cpu : T0 : 0x1a0b0 : @malloc_init_state+16 : c_sd : c_sd a5, 16(a5) : MemWrite : D=0x000000000007ac00 A=0x7ac10
11567000 : system.cpu : T0 : 0x1a0b0 : @malloc_init_state+16 : c_sd : c_sd a5, 16(a5) : MemWrite : D=0x000000000007ac10 A=0x7ac20
11579000 : system.cpu : T0 : 0x1a0b0 : @malloc_init_state+16 : c_sd : c_sd a5, 16(a5) : MemWrite : D=0x000000000007ac20 A=0x7ac30
11642000 : system.cpu : T0 : 0x1a0b0 : @malloc_init_state+16 : c_sd : c_sd a5, 16(a5) : MemWrite : D=0x000000000007ac30 A=0x7ac40
11654000 : system.cpu : T0 : 0x1a0b0 : @malloc_init_state+16 : c_sd : c_sd a5, 16(a5) : MemWrite : D=0x000000000007ac40 A=0x7ac50
11666000 : system.cpu : T0 : 0x1a0b0 : @malloc_init_state+16 : c_sd : c_sd a5, 16(a5) : MemWrite : D=0x000000000007ac50 A=0x7ac60
11678000 : system.cpu : T0 : 0x1a0b0 : @malloc_init_state+16 : c_sd : c_sd a5, 16(a5) : MemWrite : D=0x000000000007ac60 A=0x7ac70
11741000 : system.cpu : T0 : 0x1a0b0 : @malloc_init_state+16 : c_sd : c_sd a5, 16(a5) : MemWrite : D=0x000000000007ac70 A=0x7ac80
11753000 : system.cpu : T0 : 0x1a0b0 : @malloc_init_state+16 : c_sd : c_sd a5, 16(a5) : MemWrite : D=0x000000000007ac80 A=0x7ac90
11765000 : system.cpu : T0 : 0x1a0b0 : @malloc_init_state+16 : c_sd : c_sd a5, 16(a5) : MemWrite : D=0x000000000007ac90 A=0x7aca0
11777000 : system.cpu : T0 : 0x1a0b0 : @malloc_init_state+16 : c_sd : c_sd a5, 16(a5) : MemWrite : D=0x000000000007aca0 A=0x7acb0
11840000 : system.cpu : T0 : 0x1a0b0 : @malloc_init_state+16 : c_sd : c_sd a5, 16(a5) : MemWrite : D=0x000000000007acb0 A=0x7acc0
11852000 : system.cpu : T0 : 0x1a0b0 : @malloc_init_state+16 : c_sd : c_sd a5, 16(a5) : MemWrite : D=0x000000000007acc0 A=0x7acd0
11864000 : system.cpu : T0 : 0x1a0b0 : @malloc_init_state+16 : c_sd : c_sd a5, 16(a5) : MemWrite : D=0x000000000007acd0 A=0x7ace0
11876000 : system.cpu : T0 : 0x1a0b0 : @malloc_init_state+16 : c_sd : c_sd a5, 16(a5) : MemWrite : D=0x000000000007ace0 A=0x7acf0
11939000 : system.cpu : T0 : 0x1a0b0 : @malloc_init_state+16 : c_sd : c_sd a5, 16(a5) : MemWrite : D=0x000000000007acf0 A=0x7ad00
11951000 : system.cpu : T0 : 0x1a0b0 : @malloc_init_state+16 : c_sd : c_sd a5, 16(a5) : MemWrite : D=0x000000000007ad00 A=0x7ad10
11963000 : system.cpu : T0 : 0x1a0b0 : @malloc_init_state+16 : c_sd : c_sd a5, 16(a5) : MemWrite : D=0x000000000007ad10 A=0x7ad20
11975000 : system.cpu : T0 : 0x1a0b0 : @malloc_init_state+16 : c_sd : c_sd a5, 16(a5) : MemWrite : D=0x000000000007ad20 A=0x7ad30
12038000 : system.cpu : T0 : 0x1a0b0 : @malloc_init_state+16 : c_sd : c_sd a5, 16(a5) : MemWrite : D=0x000000000007ad30 A=0x7ad40
12050000 : system.cpu : T0 : 0x1a0b0 : @malloc_init_state+16 : c_sd : c_sd a5, 16(a5) : MemWrite : D=0x000000000007ad40 A=0x7ad50
12062000 : system.cpu : T0 : 0x1a0b0 : @malloc_init_state+16 : c_sd : c_sd a5, 16(a5) : MemWrite : D=0x000000000007ad50 A=0x7ad60
12074000 : system.cpu : T0 : 0x1a0b0 : @malloc_init_state+16 : c_sd : c_sd a5, 16(a5) : MemWrite : D=0x000000000007ad60 A=0x7ad70
12137000 : system.cpu : T0 : 0x1a0b0 : @malloc_init_state+16 : c_sd : c_sd a5, 16(a5) : MemWrite : D=0x000000000007ad70 A=0x7ad80
12149000 : system.cpu : T0 : 0x1a0b0 : @malloc_init_state+16 : c_sd : c_sd a5, 16(a5) : MemWrite : D=0x000000000007ad80 A=0x7ad90
12161000 : system.cpu : T0 : 0x1a0b0 : @malloc_init_state+16 : c_sd : c_sd a5, 16(a5) : MemWrite : D=0x000000000007ad90 A=0x7ada0
12173000 : system.cpu : T0 : 0x1a0b0 : @malloc_init_state+16 : c_sd : c_sd a5, 16(a5) : MemWrite : D=0x000000000007ada0 A=0x7adb0
12236000 : system.cpu : T0 : 0x1a0b0 : @malloc_init_state+16 : c_sd : c_sd a5, 16(a5) : MemWrite : D=0x000000000007adb0 A=0x7adc0
12248000 : system.cpu : T0 : 0x1a0b0 : @malloc_init_state+16 : c_sd : c_sd a5, 16(a5) : MemWrite : D=0x000000000007adc0 A=0x7add0
12260000 : system.cpu : T0 : 0x1a0b0 : @malloc_init_state+16 : c_sd : c_sd a5, 16(a5) : MemWrite : D=0x000000000007add0 A=0x7ade0
12272000 : system.cpu : T0 : 0x1a0b0 : @malloc_init_state+16 : c_sd : c_sd a5, 16(a5) : MemWrite : D=0x000000000007ade0 A=0x7adf0
12335000 : system.cpu : T0 : 0x1a0b0 : @malloc_init_state+16 : c_sd : c_sd a5, 16(a5) : MemWrite : D=0x000000000007adf0 A=0x7ae00
12347000 : system.cpu : T0 : 0x1a0b0 : @malloc_init_state+16 : c_sd : c_sd a5, 16(a5) : MemWrite : D=0x000000000007ae00 A=0x7ae10
12359000 : system.cpu : T0 : 0x1a0b0 : @malloc_init_state+16 : c_sd : c_sd a5, 16(a5) : MemWrite : D=0x000000000007ae10 A=0x7ae20
12371000 : system.cpu : T0 : 0x1a0b0 : @malloc_init_state+16 : c_sd : c_sd a5, 16(a5) : MemWrite : D=0x000000000007ae20 A=0x7ae30
12434000 : system.cpu : T0 : 0x1a0b0 : @malloc_init_state+16 : c_sd : c_sd a5, 16(a5) : MemWrite : D=0x000000000007ae30 A=0x7ae40
12446000 : system.cpu : T0 : 0x1a0b0 : @malloc_init_state+16 : c_sd : c_sd a5, 16(a5) : MemWrite : D=0x000000000007ae40 A=0x7ae50
12458000 : system.cpu : T0 : 0x1a0b0 : @malloc_init_state+16 : c_sd : c_sd a5, 16(a5) : MemWrite : D=0x000000000007ae50 A=0x7ae60
12470000 : system.cpu : T0 : 0x1a0b0 : @malloc_init_state+16 : c_sd : c_sd a5, 16(a5) : MemWrite : D=0x000000000007ae60 A=0x7ae70
12533000 : system.cpu : T0 : 0x1a0b0 : @malloc_init_state+16 : c_sd : c_sd a5, 16(a5) : MemWrite : D=0x000000000007ae70 A=0x7ae80
12545000 : system.cpu : T0 : 0x1a0b0 : @malloc_init_state+16 : c_sd : c_sd a5, 16(a5) : MemWrite : D=0x000000000007ae80 A=0x7ae90
12557000 : system.cpu : T0 : 0x1a0b0 : @malloc_init_state+16 : c_sd : c_sd a5, 16(a5) : MemWrite : D=0x000000000007ae90 A=0x7aea0
12569000 : system.cpu : T0 : 0x1a0b0 : @malloc_init_state+16 : c_sd : c_sd a5, 16(a5) : MemWrite : D=0x000000000007aea0 A=0x7aeb0
12632000 : system.cpu : T0 : 0x1a0b0 : @malloc_init_state+16 : c_sd : c_sd a5, 16(a5) : MemWrite : D=0x000000000007aeb0 A=0x7aec0
12644000 : system.cpu : T0 : 0x1a0b0 : @malloc_init_state+16 : c_sd : c_sd a5, 16(a5) : MemWrite : D=0x000000000007aec0 A=0x7aed0
12656000 : system.cpu : T0 : 0x1a0b0 : @malloc_init_state+16 : c_sd : c_sd a5, 16(a5) : MemWrite : D=0x000000000007aed0 A=0x7aee0
9604000 : system.cpu : T0 : 0x1a0b2 : @malloc_init_state+18 : c_addi : c_addi a5, 16 : IntAlu : D=0x000000000007a700
9616000 : system.cpu : T0 : 0x1a0b2 : @malloc_init_state+18 : c_addi : c_addi a5, 16 : IntAlu : D=0x000000000007a710
9628000 : system.cpu : T0 : 0x1a0b2 : @malloc_init_state+18 : c_addi : c_addi a5, 16 : IntAlu : D=0x000000000007a720
9640000 : system.cpu : T0 : 0x1a0b2 : @malloc_init_state+18 : c_addi : c_addi a5, 16 : IntAlu : D=0x000000000007a730
9652000 : system.cpu : T0 : 0x1a0b2 : @malloc_init_state+18 : c_addi : c_addi a5, 16 : IntAlu : D=0x000000000007a740
9664000 : system.cpu : T0 : 0x1a0b2 : @malloc_init_state+18 : c_addi : c_addi a5, 16 : IntAlu : D=0x000000000007a750
9676000 : system.cpu : T0 : 0x1a0b2 : @malloc_init_state+18 : c_addi : c_addi a5, 16 : IntAlu : D=0x000000000007a760
9688000 : system.cpu : T0 : 0x1a0b2 : @malloc_init_state+18 : c_addi : c_addi a5, 16 : IntAlu : D=0x000000000007a770
9751000 : system.cpu : T0 : 0x1a0b2 : @malloc_init_state+18 : c_addi : c_addi a5, 16 : IntAlu : D=0x000000000007a780
9763000 : system.cpu : T0 : 0x1a0b2 : @malloc_init_state+18 : c_addi : c_addi a5, 16 : IntAlu : D=0x000000000007a790
9775000 : system.cpu : T0 : 0x1a0b2 : @malloc_init_state+18 : c_addi : c_addi a5, 16 : IntAlu : D=0x000000000007a7a0
9787000 : system.cpu : T0 : 0x1a0b2 : @malloc_init_state+18 : c_addi : c_addi a5, 16 : IntAlu : D=0x000000000007a7b0
9850000 : system.cpu : T0 : 0x1a0b2 : @malloc_init_state+18 : c_addi : c_addi a5, 16 : IntAlu : D=0x000000000007a7c0
9862000 : system.cpu : T0 : 0x1a0b2 : @malloc_init_state+18 : c_addi : c_addi a5, 16 : IntAlu : D=0x000000000007a7d0
9874000 : system.cpu : T0 : 0x1a0b2 : @malloc_init_state+18 : c_addi : c_addi a5, 16 : IntAlu : D=0x000000000007a7e0
9886000 : system.cpu : T0 : 0x1a0b2 : @malloc_init_state+18 : c_addi : c_addi a5, 16 : IntAlu : D=0x000000000007a7f0
9949000 : system.cpu : T0 : 0x1a0b2 : @malloc_init_state+18 : c_addi : c_addi a5, 16 : IntAlu : D=0x000000000007a800
9961000 : system.cpu : T0 : 0x1a0b2 : @malloc_init_state+18 : c_addi : c_addi a5, 16 : IntAlu : D=0x000000000007a810
9973000 : system.cpu : T0 : 0x1a0b2 : @malloc_init_state+18 : c_addi : c_addi a5, 16 : IntAlu : D=0x000000000007a820
9985000 : system.cpu : T0 : 0x1a0b2 : @malloc_init_state+18 : c_addi : c_addi a5, 16 : IntAlu : D=0x000000000007a830
10048000 : system.cpu : T0 : 0x1a0b2 : @malloc_init_state+18 : c_addi : c_addi a5, 16 : IntAlu : D=0x000000000007a840
10060000 : system.cpu : T0 : 0x1a0b2 : @malloc_init_state+18 : c_addi : c_addi a5, 16 : IntAlu : D=0x000000000007a850
10072000 : system.cpu : T0 : 0x1a0b2 : @malloc_init_state+18 : c_addi : c_addi a5, 16 : IntAlu : D=0x000000000007a860
10084000 : system.cpu : T0 : 0x1a0b2 : @malloc_init_state+18 : c_addi : c_addi a5, 16 : IntAlu : D=0x000000000007a870
10147000 : system.cpu : T0 : 0x1a0b2 : @malloc_init_state+18 : c_addi : c_addi a5, 16 : IntAlu : D=0x000000000007a880
10159000 : system.cpu : T0 : 0x1a0b2 : @malloc_init_state+18 : c_addi : c_addi a5, 16 : IntAlu : D=0x000000000007a890
10171000 : system.cpu : T0 : 0x1a0b2 : @malloc_init_state+18 : c_addi : c_addi a5, 16 : IntAlu : D=0x000000000007a8a0
10183000 : system.cpu : T0 : 0x1a0b2 : @malloc_init_state+18 : c_addi : c_addi a5, 16 : IntAlu : D=0x000000000007a8b0
10246000 : system.cpu : T0 : 0x1a0b2 : @malloc_init_state+18 : c_addi : c_addi a5, 16 : IntAlu : D=0x000000000007a8c0
10258000 : system.cpu : T0 : 0x1a0b2 : @malloc_init_state+18 : c_addi : c_addi a5, 16 : IntAlu : D=0x000000000007a8d0
10270000 : system.cpu : T0 : 0x1a0b2 : @malloc_init_state+18 : c_addi : c_addi a5, 16 : IntAlu : D=0x000000000007a8e0
10282000 : system.cpu : T0 : 0x1a0b2 : @malloc_init_state+18 : c_addi : c_addi a5, 16 : IntAlu : D=0x000000000007a8f0
10345000 : system.cpu : T0 : 0x1a0b2 : @malloc_init_state+18 : c_addi : c_addi a5, 16 : IntAlu : D=0x000000000007a900
10357000 : system.cpu : T0 : 0x1a0b2 : @malloc_init_state+18 : c_addi : c_addi a5, 16 : IntAlu : D=0x000000000007a910
10369000 : system.cpu : T0 : 0x1a0b2 : @malloc_init_state+18 : c_addi : c_addi a5, 16 : IntAlu : D=0x000000000007a920
10381000 : system.cpu : T0 : 0x1a0b2 : @malloc_init_state+18 : c_addi : c_addi a5, 16 : IntAlu : D=0x000000000007a930
10444000 : system.cpu : T0 : 0x1a0b2 : @malloc_init_state+18 : c_addi : c_addi a5, 16 : IntAlu : D=0x000000000007a940
10456000 : system.cpu : T0 : 0x1a0b2 : @malloc_init_state+18 : c_addi : c_addi a5, 16 : IntAlu : D=0x000000000007a950
10468000 : system.cpu : T0 : 0x1a0b2 : @malloc_init_state+18 : c_addi : c_addi a5, 16 : IntAlu : D=0x000000000007a960
10480000 : system.cpu : T0 : 0x1a0b2 : @malloc_init_state+18 : c_addi : c_addi a5, 16 : IntAlu : D=0x000000000007a970
10543000 : system.cpu : T0 : 0x1a0b2 : @malloc_init_state+18 : c_addi : c_addi a5, 16 : IntAlu : D=0x000000000007a980
10555000 : system.cpu : T0 : 0x1a0b2 : @malloc_init_state+18 : c_addi : c_addi a5, 16 : IntAlu : D=0x000000000007a990
10567000 : system.cpu : T0 : 0x1a0b2 : @malloc_init_state+18 : c_addi : c_addi a5, 16 : IntAlu : D=0x000000000007a9a0
10579000 : system.cpu : T0 : 0x1a0b2 : @malloc_init_state+18 : c_addi : c_addi a5, 16 : IntAlu : D=0x000000000007a9b0
10642000 : system.cpu : T0 : 0x1a0b2 : @malloc_init_state+18 : c_addi : c_addi a5, 16 : IntAlu : D=0x000000000007a9c0
10654000 : system.cpu : T0 : 0x1a0b2 : @malloc_init_state+18 : c_addi : c_addi a5, 16 : IntAlu : D=0x000000000007a9d0
10666000 : system.cpu : T0 : 0x1a0b2 : @malloc_init_state+18 : c_addi : c_addi a5, 16 : IntAlu : D=0x000000000007a9e0
10678000 : system.cpu : T0 : 0x1a0b2 : @malloc_init_state+18 : c_addi : c_addi a5, 16 : IntAlu : D=0x000000000007a9f0
10741000 : system.cpu : T0 : 0x1a0b2 : @malloc_init_state+18 : c_addi : c_addi a5, 16 : IntAlu : D=0x000000000007aa00
10753000 : system.cpu : T0 : 0x1a0b2 : @malloc_init_state+18 : c_addi : c_addi a5, 16 : IntAlu : D=0x000000000007aa10
10765000 : system.cpu : T0 : 0x1a0b2 : @malloc_init_state+18 : c_addi : c_addi a5, 16 : IntAlu : D=0x000000000007aa20
10777000 : system.cpu : T0 : 0x1a0b2 : @malloc_init_state+18 : c_addi : c_addi a5, 16 : IntAlu : D=0x000000000007aa30
10840000 : system.cpu : T0 : 0x1a0b2 : @malloc_init_state+18 : c_addi : c_addi a5, 16 : IntAlu : D=0x000000000007aa40
10852000 : system.cpu : T0 : 0x1a0b2 : @malloc_init_state+18 : c_addi : c_addi a5, 16 : IntAlu : D=0x000000000007aa50
10864000 : system.cpu : T0 : 0x1a0b2 : @malloc_init_state+18 : c_addi : c_addi a5, 16 : IntAlu : D=0x000000000007aa60
10876000 : system.cpu : T0 : 0x1a0b2 : @malloc_init_state+18 : c_addi : c_addi a5, 16 : IntAlu : D=0x000000000007aa70
10939000 : system.cpu : T0 : 0x1a0b2 : @malloc_init_state+18 : c_addi : c_addi a5, 16 : IntAlu : D=0x000000000007aa80
10951000 : system.cpu : T0 : 0x1a0b2 : @malloc_init_state+18 : c_addi : c_addi a5, 16 : IntAlu : D=0x000000000007aa90
10963000 : system.cpu : T0 : 0x1a0b2 : @malloc_init_state+18 : c_addi : c_addi a5, 16 : IntAlu : D=0x000000000007aaa0
10975000 : system.cpu : T0 : 0x1a0b2 : @malloc_init_state+18 : c_addi : c_addi a5, 16 : IntAlu : D=0x000000000007aab0
11038000 : system.cpu : T0 : 0x1a0b2 : @malloc_init_state+18 : c_addi : c_addi a5, 16 : IntAlu : D=0x000000000007aac0
11050000 : system.cpu : T0 : 0x1a0b2 : @malloc_init_state+18 : c_addi : c_addi a5, 16 : IntAlu : D=0x000000000007aad0
11062000 : system.cpu : T0 : 0x1a0b2 : @malloc_init_state+18 : c_addi : c_addi a5, 16 : IntAlu : D=0x000000000007aae0
11074000 : system.cpu : T0 : 0x1a0b2 : @malloc_init_state+18 : c_addi : c_addi a5, 16 : IntAlu : D=0x000000000007aaf0
11137000 : system.cpu : T0 : 0x1a0b2 : @malloc_init_state+18 : c_addi : c_addi a5, 16 : IntAlu : D=0x000000000007ab00
11149000 : system.cpu : T0 : 0x1a0b2 : @malloc_init_state+18 : c_addi : c_addi a5, 16 : IntAlu : D=0x000000000007ab10
11161000 : system.cpu : T0 : 0x1a0b2 : @malloc_init_state+18 : c_addi : c_addi a5, 16 : IntAlu : D=0x000000000007ab20
11173000 : system.cpu : T0 : 0x1a0b2 : @malloc_init_state+18 : c_addi : c_addi a5, 16 : IntAlu : D=0x000000000007ab30
11250000 : system.cpu : T0 : 0x1a0b2 : @malloc_init_state+18 : c_addi : c_addi a5, 16 : IntAlu : D=0x000000000007ab40
11262000 : system.cpu : T0 : 0x1a0b2 : @malloc_init_state+18 : c_addi : c_addi a5, 16 : IntAlu : D=0x000000000007ab50
11274000 : system.cpu : T0 : 0x1a0b2 : @malloc_init_state+18 : c_addi : c_addi a5, 16 : IntAlu : D=0x000000000007ab60
11286000 : system.cpu : T0 : 0x1a0b2 : @malloc_init_state+18 : c_addi : c_addi a5, 16 : IntAlu : D=0x000000000007ab70
11349000 : system.cpu : T0 : 0x1a0b2 : @malloc_init_state+18 : c_addi : c_addi a5, 16 : IntAlu : D=0x000000000007ab80
11361000 : system.cpu : T0 : 0x1a0b2 : @malloc_init_state+18 : c_addi : c_addi a5, 16 : IntAlu : D=0x000000000007ab90
11373000 : system.cpu : T0 : 0x1a0b2 : @malloc_init_state+18 : c_addi : c_addi a5, 16 : IntAlu : D=0x000000000007aba0
11385000 : system.cpu : T0 : 0x1a0b2 : @malloc_init_state+18 : c_addi : c_addi a5, 16 : IntAlu : D=0x000000000007abb0
11448000 : system.cpu : T0 : 0x1a0b2 : @malloc_init_state+18 : c_addi : c_addi a5, 16 : IntAlu : D=0x000000000007abc0
11460000 : system.cpu : T0 : 0x1a0b2 : @malloc_init_state+18 : c_addi : c_addi a5, 16 : IntAlu : D=0x000000000007abd0
11472000 : system.cpu : T0 : 0x1a0b2 : @malloc_init_state+18 : c_addi : c_addi a5, 16 : IntAlu : D=0x000000000007abe0
11484000 : system.cpu : T0 : 0x1a0b2 : @malloc_init_state+18 : c_addi : c_addi a5, 16 : IntAlu : D=0x000000000007abf0
11547000 : system.cpu : T0 : 0x1a0b2 : @malloc_init_state+18 : c_addi : c_addi a5, 16 : IntAlu : D=0x000000000007ac00
11559000 : system.cpu : T0 : 0x1a0b2 : @malloc_init_state+18 : c_addi : c_addi a5, 16 : IntAlu : D=0x000000000007ac10
11571000 : system.cpu : T0 : 0x1a0b2 : @malloc_init_state+18 : c_addi : c_addi a5, 16 : IntAlu : D=0x000000000007ac20
11583000 : system.cpu : T0 : 0x1a0b2 : @malloc_init_state+18 : c_addi : c_addi a5, 16 : IntAlu : D=0x000000000007ac30
11646000 : system.cpu : T0 : 0x1a0b2 : @malloc_init_state+18 : c_addi : c_addi a5, 16 : IntAlu : D=0x000000000007ac40
11658000 : system.cpu : T0 : 0x1a0b2 : @malloc_init_state+18 : c_addi : c_addi a5, 16 : IntAlu : D=0x000000000007ac50
11670000 : system.cpu : T0 : 0x1a0b2 : @malloc_init_state+18 : c_addi : c_addi a5, 16 : IntAlu : D=0x000000000007ac60
11682000 : system.cpu : T0 : 0x1a0b2 : @malloc_init_state+18 : c_addi : c_addi a5, 16 : IntAlu : D=0x000000000007ac70
11745000 : system.cpu : T0 : 0x1a0b2 : @malloc_init_state+18 : c_addi : c_addi a5, 16 : IntAlu : D=0x000000000007ac80
11757000 : system.cpu : T0 : 0x1a0b2 : @malloc_init_state+18 : c_addi : c_addi a5, 16 : IntAlu : D=0x000000000007ac90
11769000 : system.cpu : T0 : 0x1a0b2 : @malloc_init_state+18 : c_addi : c_addi a5, 16 : IntAlu : D=0x000000000007aca0
11781000 : system.cpu : T0 : 0x1a0b2 : @malloc_init_state+18 : c_addi : c_addi a5, 16 : IntAlu : D=0x000000000007acb0
11844000 : system.cpu : T0 : 0x1a0b2 : @malloc_init_state+18 : c_addi : c_addi a5, 16 : IntAlu : D=0x000000000007acc0
11856000 : system.cpu : T0 : 0x1a0b2 : @malloc_init_state+18 : c_addi : c_addi a5, 16 : IntAlu : D=0x000000000007acd0
11868000 : system.cpu : T0 : 0x1a0b2 : @malloc_init_state+18 : c_addi : c_addi a5, 16 : IntAlu : D=0x000000000007ace0
11880000 : system.cpu : T0 : 0x1a0b2 : @malloc_init_state+18 : c_addi : c_addi a5, 16 : IntAlu : D=0x000000000007acf0
11943000 : system.cpu : T0 : 0x1a0b2 : @malloc_init_state+18 : c_addi : c_addi a5, 16 : IntAlu : D=0x000000000007ad00
11955000 : system.cpu : T0 : 0x1a0b2 : @malloc_init_state+18 : c_addi : c_addi a5, 16 : IntAlu : D=0x000000000007ad10
11967000 : system.cpu : T0 : 0x1a0b2 : @malloc_init_state+18 : c_addi : c_addi a5, 16 : IntAlu : D=0x000000000007ad20
11979000 : system.cpu : T0 : 0x1a0b2 : @malloc_init_state+18 : c_addi : c_addi a5, 16 : IntAlu : D=0x000000000007ad30
12042000 : system.cpu : T0 : 0x1a0b2 : @malloc_init_state+18 : c_addi : c_addi a5, 16 : IntAlu : D=0x000000000007ad40
12054000 : system.cpu : T0 : 0x1a0b2 : @malloc_init_state+18 : c_addi : c_addi a5, 16 : IntAlu : D=0x000000000007ad50
12066000 : system.cpu : T0 : 0x1a0b2 : @malloc_init_state+18 : c_addi : c_addi a5, 16 : IntAlu : D=0x000000000007ad60
12078000 : system.cpu : T0 : 0x1a0b2 : @malloc_init_state+18 : c_addi : c_addi a5, 16 : IntAlu : D=0x000000000007ad70
12141000 : system.cpu : T0 : 0x1a0b2 : @malloc_init_state+18 : c_addi : c_addi a5, 16 : IntAlu : D=0x000000000007ad80
12153000 : system.cpu : T0 : 0x1a0b2 : @malloc_init_state+18 : c_addi : c_addi a5, 16 : IntAlu : D=0x000000000007ad90
12165000 : system.cpu : T0 : 0x1a0b2 : @malloc_init_state+18 : c_addi : c_addi a5, 16 : IntAlu : D=0x000000000007ada0
12177000 : system.cpu : T0 : 0x1a0b2 : @malloc_init_state+18 : c_addi : c_addi a5, 16 : IntAlu : D=0x000000000007adb0
12240000 : system.cpu : T0 : 0x1a0b2 : @malloc_init_state+18 : c_addi : c_addi a5, 16 : IntAlu : D=0x000000000007adc0
12252000 : system.cpu : T0 : 0x1a0b2 : @malloc_init_state+18 : c_addi : c_addi a5, 16 : IntAlu : D=0x000000000007add0
12264000 : system.cpu : T0 : 0x1a0b2 : @malloc_init_state+18 : c_addi : c_addi a5, 16 : IntAlu : D=0x000000000007ade0
12276000 : system.cpu : T0 : 0x1a0b2 : @malloc_init_state+18 : c_addi : c_addi a5, 16 : IntAlu : D=0x000000000007adf0
12339000 : system.cpu : T0 : 0x1a0b2 : @malloc_init_state+18 : c_addi : c_addi a5, 16 : IntAlu : D=0x000000000007ae00
12351000 : system.cpu : T0 : 0x1a0b2 : @malloc_init_state+18 : c_addi : c_addi a5, 16 : IntAlu : D=0x000000000007ae10
12363000 : system.cpu : T0 : 0x1a0b2 : @malloc_init_state+18 : c_addi : c_addi a5, 16 : IntAlu : D=0x000000000007ae20
12375000 : system.cpu : T0 : 0x1a0b2 : @malloc_init_state+18 : c_addi : c_addi a5, 16 : IntAlu : D=0x000000000007ae30
12438000 : system.cpu : T0 : 0x1a0b2 : @malloc_init_state+18 : c_addi : c_addi a5, 16 : IntAlu : D=0x000000000007ae40
12450000 : system.cpu : T0 : 0x1a0b2 : @malloc_init_state+18 : c_addi : c_addi a5, 16 : IntAlu : D=0x000000000007ae50
12462000 : system.cpu : T0 : 0x1a0b2 : @malloc_init_state+18 : c_addi : c_addi a5, 16 : IntAlu : D=0x000000000007ae60
12474000 : system.cpu : T0 : 0x1a0b2 : @malloc_init_state+18 : c_addi : c_addi a5, 16 : IntAlu : D=0x000000000007ae70
12537000 : system.cpu : T0 : 0x1a0b2 : @malloc_init_state+18 : c_addi : c_addi a5, 16 : IntAlu : D=0x000000000007ae80
12549000 : system.cpu : T0 : 0x1a0b2 : @malloc_init_state+18 : c_addi : c_addi a5, 16 : IntAlu : D=0x000000000007ae90
12561000 : system.cpu : T0 : 0x1a0b2 : @malloc_init_state+18 : c_addi : c_addi a5, 16 : IntAlu : D=0x000000000007aea0
12573000 : system.cpu : T0 : 0x1a0b2 : @malloc_init_state+18 : c_addi : c_addi a5, 16 : IntAlu : D=0x000000000007aeb0
12636000 : system.cpu : T0 : 0x1a0b2 : @malloc_init_state+18 : c_addi : c_addi a5, 16 : IntAlu : D=0x000000000007aec0
12648000 : system.cpu : T0 : 0x1a0b2 : @malloc_init_state+18 : c_addi : c_addi a5, 16 : IntAlu : D=0x000000000007aed0
12660000 : system.cpu : T0 : 0x1a0b2 : @malloc_init_state+18 : c_addi : c_addi a5, 16 : IntAlu : D=0x000000000007aee0
9606000 : system.cpu : T0 : 0x1a0b4 : @malloc_init_state+20 : bne : bne a4, a5, -6 : IntAlu : 
9618000 : system.cpu : T0 : 0x1a0b4 : @malloc_init_state+20 : bne : bne a4, a5, -6 : IntAlu : 
9630000 : system.cpu : T0 : 0x1a0b4 : @malloc_init_state+20 : bne : bne a4, a5, -6 : IntAlu : 
9642000 : system.cpu : T0 : 0x1a0b4 : @malloc_init_state+20 : bne : bne a4, a5, -6 : IntAlu : 
9654000 : system.cpu : T0 : 0x1a0b4 : @malloc_init_state+20 : bne : bne a4, a5, -6 : IntAlu : 
9666000 : system.cpu : T0 : 0x1a0b4 : @malloc_init_state+20 : bne : bne a4, a5, -6 : IntAlu : 
9678000 : system.cpu : T0 : 0x1a0b4 : @malloc_init_state+20 : bne : bne a4, a5, -6 : IntAlu : 
9690000 : system.cpu : T0 : 0x1a0b4 : @malloc_init_state+20 : bne : bne a4, a5, -6 : IntAlu : 
9753000 : system.cpu : T0 : 0x1a0b4 : @malloc_init_state+20 : bne : bne a4, a5, -6 : IntAlu : 
9765000 : system.cpu : T0 : 0x1a0b4 : @malloc_init_state+20 : bne : bne a4, a5, -6 : IntAlu : 
9777000 : system.cpu : T0 : 0x1a0b4 : @malloc_init_state+20 : bne : bne a4, a5, -6 : IntAlu : 
9789000 : system.cpu : T0 : 0x1a0b4 : @malloc_init_state+20 : bne : bne a4, a5, -6 : IntAlu : 
9852000 : system.cpu : T0 : 0x1a0b4 : @malloc_init_state+20 : bne : bne a4, a5, -6 : IntAlu : 
9864000 : system.cpu : T0 : 0x1a0b4 : @malloc_init_state+20 : bne : bne a4, a5, -6 : IntAlu : 
9876000 : system.cpu : T0 : 0x1a0b4 : @malloc_init_state+20 : bne : bne a4, a5, -6 : IntAlu : 
9888000 : system.cpu : T0 : 0x1a0b4 : @malloc_init_state+20 : bne : bne a4, a5, -6 : IntAlu : 
9951000 : system.cpu : T0 : 0x1a0b4 : @malloc_init_state+20 : bne : bne a4, a5, -6 : IntAlu : 
9963000 : system.cpu : T0 : 0x1a0b4 : @malloc_init_state+20 : bne : bne a4, a5, -6 : IntAlu : 
9975000 : system.cpu : T0 : 0x1a0b4 : @malloc_init_state+20 : bne : bne a4, a5, -6 : IntAlu : 
9987000 : system.cpu : T0 : 0x1a0b4 : @malloc_init_state+20 : bne : bne a4, a5, -6 : IntAlu : 
10050000 : system.cpu : T0 : 0x1a0b4 : @malloc_init_state+20 : bne : bne a4, a5, -6 : IntAlu : 
10062000 : system.cpu : T0 : 0x1a0b4 : @malloc_init_state+20 : bne : bne a4, a5, -6 : IntAlu : 
10074000 : system.cpu : T0 : 0x1a0b4 : @malloc_init_state+20 : bne : bne a4, a5, -6 : IntAlu : 
10086000 : system.cpu : T0 : 0x1a0b4 : @malloc_init_state+20 : bne : bne a4, a5, -6 : IntAlu : 
10149000 : system.cpu : T0 : 0x1a0b4 : @malloc_init_state+20 : bne : bne a4, a5, -6 : IntAlu : 
10161000 : system.cpu : T0 : 0x1a0b4 : @malloc_init_state+20 : bne : bne a4, a5, -6 : IntAlu : 
10173000 : system.cpu : T0 : 0x1a0b4 : @malloc_init_state+20 : bne : bne a4, a5, -6 : IntAlu : 
10185000 : system.cpu : T0 : 0x1a0b4 : @malloc_init_state+20 : bne : bne a4, a5, -6 : IntAlu : 
10248000 : system.cpu : T0 : 0x1a0b4 : @malloc_init_state+20 : bne : bne a4, a5, -6 : IntAlu : 
10260000 : system.cpu : T0 : 0x1a0b4 : @malloc_init_state+20 : bne : bne a4, a5, -6 : IntAlu : 
10272000 : system.cpu : T0 : 0x1a0b4 : @malloc_init_state+20 : bne : bne a4, a5, -6 : IntAlu : 
10284000 : system.cpu : T0 : 0x1a0b4 : @malloc_init_state+20 : bne : bne a4, a5, -6 : IntAlu : 
10347000 : system.cpu : T0 : 0x1a0b4 : @malloc_init_state+20 : bne : bne a4, a5, -6 : IntAlu : 
10359000 : system.cpu : T0 : 0x1a0b4 : @malloc_init_state+20 : bne : bne a4, a5, -6 : IntAlu : 
10371000 : system.cpu : T0 : 0x1a0b4 : @malloc_init_state+20 : bne : bne a4, a5, -6 : IntAlu : 
10383000 : system.cpu : T0 : 0x1a0b4 : @malloc_init_state+20 : bne : bne a4, a5, -6 : IntAlu : 
10446000 : system.cpu : T0 : 0x1a0b4 : @malloc_init_state+20 : bne : bne a4, a5, -6 : IntAlu : 
10458000 : system.cpu : T0 : 0x1a0b4 : @malloc_init_state+20 : bne : bne a4, a5, -6 : IntAlu : 
10470000 : system.cpu : T0 : 0x1a0b4 : @malloc_init_state+20 : bne : bne a4, a5, -6 : IntAlu : 
10482000 : system.cpu : T0 : 0x1a0b4 : @malloc_init_state+20 : bne : bne a4, a5, -6 : IntAlu : 
10545000 : system.cpu : T0 : 0x1a0b4 : @malloc_init_state+20 : bne : bne a4, a5, -6 : IntAlu : 
10557000 : system.cpu : T0 : 0x1a0b4 : @malloc_init_state+20 : bne : bne a4, a5, -6 : IntAlu : 
10569000 : system.cpu : T0 : 0x1a0b4 : @malloc_init_state+20 : bne : bne a4, a5, -6 : IntAlu : 
10581000 : system.cpu : T0 : 0x1a0b4 : @malloc_init_state+20 : bne : bne a4, a5, -6 : IntAlu : 
10644000 : system.cpu : T0 : 0x1a0b4 : @malloc_init_state+20 : bne : bne a4, a5, -6 : IntAlu : 
10656000 : system.cpu : T0 : 0x1a0b4 : @malloc_init_state+20 : bne : bne a4, a5, -6 : IntAlu : 
10668000 : system.cpu : T0 : 0x1a0b4 : @malloc_init_state+20 : bne : bne a4, a5, -6 : IntAlu : 
10680000 : system.cpu : T0 : 0x1a0b4 : @malloc_init_state+20 : bne : bne a4, a5, -6 : IntAlu : 
10743000 : system.cpu : T0 : 0x1a0b4 : @malloc_init_state+20 : bne : bne a4, a5, -6 : IntAlu : 
10755000 : system.cpu : T0 : 0x1a0b4 : @malloc_init_state+20 : bne : bne a4, a5, -6 : IntAlu : 
10767000 : system.cpu : T0 : 0x1a0b4 : @malloc_init_state+20 : bne : bne a4, a5, -6 : IntAlu : 
10779000 : system.cpu : T0 : 0x1a0b4 : @malloc_init_state+20 : bne : bne a4, a5, -6 : IntAlu : 
10842000 : system.cpu : T0 : 0x1a0b4 : @malloc_init_state+20 : bne : bne a4, a5, -6 : IntAlu : 
10854000 : system.cpu : T0 : 0x1a0b4 : @malloc_init_state+20 : bne : bne a4, a5, -6 : IntAlu : 
10866000 : system.cpu : T0 : 0x1a0b4 : @malloc_init_state+20 : bne : bne a4, a5, -6 : IntAlu : 
10878000 : system.cpu : T0 : 0x1a0b4 : @malloc_init_state+20 : bne : bne a4, a5, -6 : IntAlu : 
10941000 : system.cpu : T0 : 0x1a0b4 : @malloc_init_state+20 : bne : bne a4, a5, -6 : IntAlu : 
10953000 : system.cpu : T0 : 0x1a0b4 : @malloc_init_state+20 : bne : bne a4, a5, -6 : IntAlu : 
10965000 : system.cpu : T0 : 0x1a0b4 : @malloc_init_state+20 : bne : bne a4, a5, -6 : IntAlu : 
10977000 : system.cpu : T0 : 0x1a0b4 : @malloc_init_state+20 : bne : bne a4, a5, -6 : IntAlu : 
11040000 : system.cpu : T0 : 0x1a0b4 : @malloc_init_state+20 : bne : bne a4, a5, -6 : IntAlu : 
11052000 : system.cpu : T0 : 0x1a0b4 : @malloc_init_state+20 : bne : bne a4, a5, -6 : IntAlu : 
11064000 : system.cpu : T0 : 0x1a0b4 : @malloc_init_state+20 : bne : bne a4, a5, -6 : IntAlu : 
11076000 : system.cpu : T0 : 0x1a0b4 : @malloc_init_state+20 : bne : bne a4, a5, -6 : IntAlu : 
11139000 : system.cpu : T0 : 0x1a0b4 : @malloc_init_state+20 : bne : bne a4, a5, -6 : IntAlu : 
11151000 : system.cpu : T0 : 0x1a0b4 : @malloc_init_state+20 : bne : bne a4, a5, -6 : IntAlu : 
11163000 : system.cpu : T0 : 0x1a0b4 : @malloc_init_state+20 : bne : bne a4, a5, -6 : IntAlu : 
11175000 : system.cpu : T0 : 0x1a0b4 : @malloc_init_state+20 : bne : bne a4, a5, -6 : IntAlu : 
11252000 : system.cpu : T0 : 0x1a0b4 : @malloc_init_state+20 : bne : bne a4, a5, -6 : IntAlu : 
11264000 : system.cpu : T0 : 0x1a0b4 : @malloc_init_state+20 : bne : bne a4, a5, -6 : IntAlu : 
11276000 : system.cpu : T0 : 0x1a0b4 : @malloc_init_state+20 : bne : bne a4, a5, -6 : IntAlu : 
11288000 : system.cpu : T0 : 0x1a0b4 : @malloc_init_state+20 : bne : bne a4, a5, -6 : IntAlu : 
11351000 : system.cpu : T0 : 0x1a0b4 : @malloc_init_state+20 : bne : bne a4, a5, -6 : IntAlu : 
11363000 : system.cpu : T0 : 0x1a0b4 : @malloc_init_state+20 : bne : bne a4, a5, -6 : IntAlu : 
11375000 : system.cpu : T0 : 0x1a0b4 : @malloc_init_state+20 : bne : bne a4, a5, -6 : IntAlu : 
11387000 : system.cpu : T0 : 0x1a0b4 : @malloc_init_state+20 : bne : bne a4, a5, -6 : IntAlu : 
11450000 : system.cpu : T0 : 0x1a0b4 : @malloc_init_state+20 : bne : bne a4, a5, -6 : IntAlu : 
11462000 : system.cpu : T0 : 0x1a0b4 : @malloc_init_state+20 : bne : bne a4, a5, -6 : IntAlu : 
11474000 : system.cpu : T0 : 0x1a0b4 : @malloc_init_state+20 : bne : bne a4, a5, -6 : IntAlu : 
11486000 : system.cpu : T0 : 0x1a0b4 : @malloc_init_state+20 : bne : bne a4, a5, -6 : IntAlu : 
11549000 : system.cpu : T0 : 0x1a0b4 : @malloc_init_state+20 : bne : bne a4, a5, -6 : IntAlu : 
11561000 : system.cpu : T0 : 0x1a0b4 : @malloc_init_state+20 : bne : bne a4, a5, -6 : IntAlu : 
11573000 : system.cpu : T0 : 0x1a0b4 : @malloc_init_state+20 : bne : bne a4, a5, -6 : IntAlu : 
11585000 : system.cpu : T0 : 0x1a0b4 : @malloc_init_state+20 : bne : bne a4, a5, -6 : IntAlu : 
11648000 : system.cpu : T0 : 0x1a0b4 : @malloc_init_state+20 : bne : bne a4, a5, -6 : IntAlu : 
11660000 : system.cpu : T0 : 0x1a0b4 : @malloc_init_state+20 : bne : bne a4, a5, -6 : IntAlu : 
11672000 : system.cpu : T0 : 0x1a0b4 : @malloc_init_state+20 : bne : bne a4, a5, -6 : IntAlu : 
11684000 : system.cpu : T0 : 0x1a0b4 : @malloc_init_state+20 : bne : bne a4, a5, -6 : IntAlu : 
11747000 : system.cpu : T0 : 0x1a0b4 : @malloc_init_state+20 : bne : bne a4, a5, -6 : IntAlu : 
11759000 : system.cpu : T0 : 0x1a0b4 : @malloc_init_state+20 : bne : bne a4, a5, -6 : IntAlu : 
11771000 : system.cpu : T0 : 0x1a0b4 : @malloc_init_state+20 : bne : bne a4, a5, -6 : IntAlu : 
11783000 : system.cpu : T0 : 0x1a0b4 : @malloc_init_state+20 : bne : bne a4, a5, -6 : IntAlu : 
11846000 : system.cpu : T0 : 0x1a0b4 : @malloc_init_state+20 : bne : bne a4, a5, -6 : IntAlu : 
11858000 : system.cpu : T0 : 0x1a0b4 : @malloc_init_state+20 : bne : bne a4, a5, -6 : IntAlu : 
11870000 : system.cpu : T0 : 0x1a0b4 : @malloc_init_state+20 : bne : bne a4, a5, -6 : IntAlu : 
11882000 : system.cpu : T0 : 0x1a0b4 : @malloc_init_state+20 : bne : bne a4, a5, -6 : IntAlu : 
11945000 : system.cpu : T0 : 0x1a0b4 : @malloc_init_state+20 : bne : bne a4, a5, -6 : IntAlu : 
11957000 : system.cpu : T0 : 0x1a0b4 : @malloc_init_state+20 : bne : bne a4, a5, -6 : IntAlu : 
11969000 : system.cpu : T0 : 0x1a0b4 : @malloc_init_state+20 : bne : bne a4, a5, -6 : IntAlu : 
11981000 : system.cpu : T0 : 0x1a0b4 : @malloc_init_state+20 : bne : bne a4, a5, -6 : IntAlu : 
12044000 : system.cpu : T0 : 0x1a0b4 : @malloc_init_state+20 : bne : bne a4, a5, -6 : IntAlu : 
12056000 : system.cpu : T0 : 0x1a0b4 : @malloc_init_state+20 : bne : bne a4, a5, -6 : IntAlu : 
12068000 : system.cpu : T0 : 0x1a0b4 : @malloc_init_state+20 : bne : bne a4, a5, -6 : IntAlu : 
12080000 : system.cpu : T0 : 0x1a0b4 : @malloc_init_state+20 : bne : bne a4, a5, -6 : IntAlu : 
12143000 : system.cpu : T0 : 0x1a0b4 : @malloc_init_state+20 : bne : bne a4, a5, -6 : IntAlu : 
12155000 : system.cpu : T0 : 0x1a0b4 : @malloc_init_state+20 : bne : bne a4, a5, -6 : IntAlu : 
12167000 : system.cpu : T0 : 0x1a0b4 : @malloc_init_state+20 : bne : bne a4, a5, -6 : IntAlu : 
12179000 : system.cpu : T0 : 0x1a0b4 : @malloc_init_state+20 : bne : bne a4, a5, -6 : IntAlu : 
12242000 : system.cpu : T0 : 0x1a0b4 : @malloc_init_state+20 : bne : bne a4, a5, -6 : IntAlu : 
12254000 : system.cpu : T0 : 0x1a0b4 : @malloc_init_state+20 : bne : bne a4, a5, -6 : IntAlu : 
12266000 : system.cpu : T0 : 0x1a0b4 : @malloc_init_state+20 : bne : bne a4, a5, -6 : IntAlu : 
12278000 : system.cpu : T0 : 0x1a0b4 : @malloc_init_state+20 : bne : bne a4, a5, -6 : IntAlu : 
12341000 : system.cpu : T0 : 0x1a0b4 : @malloc_init_state+20 : bne : bne a4, a5, -6 : IntAlu : 
12353000 : system.cpu : T0 : 0x1a0b4 : @malloc_init_state+20 : bne : bne a4, a5, -6 : IntAlu : 
12365000 : system.cpu : T0 : 0x1a0b4 : @malloc_init_state+20 : bne : bne a4, a5, -6 : IntAlu : 
12377000 : system.cpu : T0 : 0x1a0b4 : @malloc_init_state+20 : bne : bne a4, a5, -6 : IntAlu : 
12440000 : system.cpu : T0 : 0x1a0b4 : @malloc_init_state+20 : bne : bne a4, a5, -6 : IntAlu : 
12452000 : system.cpu : T0 : 0x1a0b4 : @malloc_init_state+20 : bne : bne a4, a5, -6 : IntAlu : 
12464000 : system.cpu : T0 : 0x1a0b4 : @malloc_init_state+20 : bne : bne a4, a5, -6 : IntAlu : 
12476000 : system.cpu : T0 : 0x1a0b4 : @malloc_init_state+20 : bne : bne a4, a5, -6 : IntAlu : 
12539000 : system.cpu : T0 : 0x1a0b4 : @malloc_init_state+20 : bne : bne a4, a5, -6 : IntAlu : 
12551000 : system.cpu : T0 : 0x1a0b4 : @malloc_init_state+20 : bne : bne a4, a5, -6 : IntAlu : 
12563000 : system.cpu : T0 : 0x1a0b4 : @malloc_init_state+20 : bne : bne a4, a5, -6 : IntAlu : 
12575000 : system.cpu : T0 : 0x1a0b4 : @malloc_init_state+20 : bne : bne a4, a5, -6 : IntAlu : 
12638000 : system.cpu : T0 : 0x1a0b4 : @malloc_init_state+20 : bne : bne a4, a5, -6 : IntAlu : 
12650000 : system.cpu : T0 : 0x1a0b4 : @malloc_init_state+20 : bne : bne a4, a5, -6 : IntAlu : 
12662000 : system.cpu : T0 : 0x1a0b4 : @malloc_init_state+20 : bne : bne a4, a5, -6 : IntAlu : 
12664000 : system.cpu : T0 : 0x1a0b8 : @malloc_init_state+24 : lui : lui a4, 122 : IntAlu : D=0x000000000007a000
12666000 : system.cpu : T0 : 0x1a0bc : @malloc_init_state+28 : addi : addi a4, a4, 1688 : IntAlu : D=0x000000000007a698
12747000 : system.cpu : T0 : 0x1a0c0 : @malloc_init_state+32 : c_lw : c_lw a5, 4(a0) : MemRead : D=0x0000000000000000 A=0x7a69c
12753000 : system.cpu : T0 : 0x1a0c2 : @malloc_init_state+34 : beq : beq a0, a4, 18 : IntAlu : 
12755000 : system.cpu : T0 : 0x1a0d4 : @malloc_init_state+52 : addi : addi a2, zero, 128 : IntAlu : D=0x0000000000000080
12757000 : system.cpu : T0 : 0x1a0d8 : @malloc_init_state+56 : ori : ori a5, a5, 1 : IntAlu : D=0x0000000000000001
12759000 : system.cpu : T0 : 0x1a0dc : @malloc_init_state+60 : sd : sd a2, -1200(gp) : MemWrite : D=0x0000000000000080 A=0x7bc40
12763000 : system.cpu : T0 : 0x1a0e0 : @malloc_init_state+64 : c_sw : c_sw a5, 4(a0) : MemWrite : D=0x0000000000000001 A=0x7a69c
12767000 : system.cpu : T0 : 0x1a0e2 : @malloc_init_state+66 : c_sd : c_sd a3, 88(a0) : MemWrite : D=0x000000000007a6f0 A=0x7a6f0
12850000 : system.cpu : T0 : 0x1a0e4 : @malloc_init_state+68 : c_jr : c_jr ra : IntAlu : 
9389000 : system.cpu : T0 : 0x1a82c : @malloc_consolidate : ld : ld a5, -1200(gp) : MemRead : D=0x0000000000000000 A=0x7bc40
9393000 : system.cpu : T0 : 0x1a830 : @malloc_consolidate+4 : beq : beq a5, zero, 384 : IntAlu : 
9446000 : system.cpu : T0 : 0x1a9b0 : @malloc_consolidate+388 : jal : jal zero, -2320 : IntAlu : D=0x000000000001a9b4
13791000 : system.cpu : T0 : 0x1bc86 : @sysmalloc : c_addi16sp : c_addi16sp sp, -160 : IntAlu : D=0x7fffffffffffeb50
13797000 : system.cpu : T0 : 0x1bc88 : @sysmalloc+2 : c_sdsp : c_sdsp s2, 128(sp) : MemWrite : D=0x0000000000000030 A=0x7fffffffffffebd0
13801000 : system.cpu : T0 : 0x1bc8a : @sysmalloc+4 : c_sdsp : c_sdsp s4, 112(sp) : MemWrite : D=0x0000000000000000 A=0x7fffffffffffebc0
13805000 : system.cpu : T0 : 0x1bc8c : @sysmalloc+6 : c_sdsp : c_sdsp s11, 56(sp) : MemWrite : D=0x000000000007a698 A=0x7fffffffffffeb88
13860000 : system.cpu : T0 : 0x1bc8e : @sysmalloc+8 : c_sdsp : c_sdsp ra, 152(sp) : MemWrite : D=0x000000000001c9ca A=0x7fffffffffffebe8
13864000 : system.cpu : T0 : 0x1bc90 : @sysmalloc+10 : c_sdsp : c_sdsp s0, 144(sp) : MemWrite : D=0x0000000000000004 A=0x7fffffffffffebe0
13868000 : system.cpu : T0 : 0x1bc92 : @sysmalloc+12 : c_sdsp : c_sdsp s1, 136(sp) : MemWrite : D=0x0000000000000010 A=0x7fffffffffffebd8
13872000 : system.cpu : T0 : 0x1bc94 : @sysmalloc+14 : c_sdsp : c_sdsp s3, 120(sp) : MemWrite : D=0x0000000000002710 A=0x7fffffffffffebc8
13876000 : system.cpu : T0 : 0x1bc96 : @sysmalloc+16 : c_sdsp : c_sdsp s5, 104(sp) : MemWrite : D=0x000000000007b698 A=0x7fffffffffffebb8
13880000 : system.cpu : T0 : 0x1bc98 : @sysmalloc+18 : c_sdsp : c_sdsp s6, 96(sp) : MemWrite : D=0x0000000000000000 A=0x7fffffffffffebb0
13884000 : system.cpu : T0 : 0x1bc9a : @sysmalloc+20 : c_sdsp : c_sdsp s7, 88(sp) : MemWrite : D=0x0000000000001000 A=0x7fffffffffffeba8
13888000 : system.cpu : T0 : 0x1bc9c : @sysmalloc+22 : c_sdsp : c_sdsp s8, 80(sp) : MemWrite : D=0x00000000000003ff A=0x7fffffffffffeba0
13892000 : system.cpu : T0 : 0x1bc9e : @sysmalloc+24 : c_sdsp : c_sdsp s9, 72(sp) : MemWrite : D=0x000000000007a6f0 A=0x7fffffffffffeb98
13896000 : system.cpu : T0 : 0x1bca0 : @sysmalloc+26 : c_sdsp : c_sdsp s10, 64(sp) : MemWrite : D=0x0000000000000060 A=0x7fffffffffffeb90
13900000 : system.cpu : T0 : 0x1bca2 : @sysmalloc+28 : c_mv : c_mv s2, a0 : IntAlu : D=0x0000000000000060
13902000 : system.cpu : T0 : 0x1bca4 : @sysmalloc+30 : ld : ld s4, -1632(gp) : MemRead : D=0x0000000000001000 A=0x7ba90
13906000 : system.cpu : T0 : 0x1bca8 : @sysmalloc+34 : beq : beq a1, zero, 464 : IntAlu : 
13908000 : system.cpu : T0 : 0x1bcac : @sysmalloc+38 : lui : lui s10, 122 : IntAlu : D=0x000000000007a000
13910000 : system.cpu : T0 : 0x1bcb0 : @sysmalloc+42 : addi : addi s10, s10, 1608 : IntAlu : D=0x000000000007a648
13912000 : system.cpu : T0 : 0x1bcb4 : @sysmalloc+46 : ld : ld a5, 16(s10) : MemRead : D=0x0000000000020000 A=0x7a658
13995000 : system.cpu : T0 : 0x1bcb8 : @sysmalloc+50 : c_mv : c_mv s0, a1 : IntAlu : D=0x000000000007a698
13999000 : system.cpu : T0 : 0x1bcba : @sysmalloc+52 : bgeu : bgeu a0, a5, 284 : IntAlu : 
14001000 : system.cpu : T0 : 0x1bcbe : @sysmalloc+56 : c_sdsp : c_sdsp zero, 8(sp) : MemWrite : D=0x0000000000000000 A=0x7fffffffffffeb58
14135000 : system.cpu : T0 : 0x1bcc0 : @sysmalloc+58 : addi : addi s6, s4, 7 : IntAlu : D=0x0000000000001007
14141000 : system.cpu : T0 : 0x1bcc4 : @sysmalloc+62 : add : add a5, s6, s2 : IntAlu : D=0x0000000000001067
14143000 : system.cpu : T0 : 0x1bcc8 : @sysmalloc+66 : lui : lui s8, 122 : IntAlu : D=0x000000000007a000
14145000 : system.cpu : T0 : 0x1bccc : @sysmalloc+70 : sub : sub s6, zero, s4 : IntAlu : D=0xfffffffffffff000
14147000 : system.cpu : T0 : 0x1bcd0 : @sysmalloc+74 : addi : addi t1, s0, 88 : IntAlu : D=0x000000000007a6f0
14149000 : system.cpu : T0 : 0x1bcd4 : @sysmalloc+78 : addi : addi t3, s4, -1 : IntAlu : D=0x0000000000000fff
14151000 : system.cpu : T0 : 0x1bcd8 : @sysmalloc+82 : addi : addi s9, s2, 32 : IntAlu : D=0x0000000000000080
14153000 : system.cpu : T0 : 0x1bcdc : @sysmalloc+86 : addi : addi s1, s8, 1688 : IntAlu : D=0x000000000007a698
14155000 : system.cpu : T0 : 0x1bce0 : @sysmalloc+90 : and : and s6, a5, s6 : IntAlu : D=0x0000000000001000
14157000 : system.cpu : T0 : 0x1bce4 : @sysmalloc+94 : ld : ld s5, 88(s0) : MemRead : D=0x000000000007a6f0 A=0x7a6f0
14161000 : system.cpu : T0 : 0x1bce8 : @sysmalloc+98 : ld : ld a5, 8(s5) : MemRead : D=0x0000000000000000 A=0x7a6f8
14165000 : system.cpu : T0 : 0x1bcec : @sysmalloc+102 : andi : andi s3, a5, 18446744073709551608 : IntAlu : D=0x0000000000000000
14167000 : system.cpu : T0 : 0x1bcf0 : @sysmalloc+106 : add : add a6, s5, s3 : IntAlu : D=0x000000000007a6f0
14169000 : system.cpu : T0 : 0x1bcf4 : @sysmalloc+110 : beq : beq s5, t1, 502 : IntAlu : 
15633000 : system.cpu : T0 : 0x1bd74 : @sysmalloc+238 : c_lui : c_lui a4, 1 : IntAlu : D=0x0000000000001000
15639000 : system.cpu : T0 : 0x1bd76 : @sysmalloc+240 : c_add : c_add a4, s0 : IntAlu : D=0x000000000007b698
15641000 : system.cpu : T0 : 0x1bd78 : @sysmalloc+242 : ld : ld a3, -1912(a4) : MemRead : D=0x0000000000000000 A=0x7af20
15645000 : system.cpu : T0 : 0x1bd7c : @sysmalloc+246 : bgeu : bgeu a3, a5, 8 : IntAlu : 
15941000 : system.cpu : T0 : 0x1bd80 : @sysmalloc+250 : sd : sd a5, -1912(a4) : MemWrite : D=0x00000000000210a0 A=0x7af20
15945000 : system.cpu : T0 : 0x1bd84 : @sysmalloc+254 : ld : ld a5, 8(s4) : MemRead : D=0x00000000000210a1 A=0x7ef68
15949000 : system.cpu : T0 : 0x1bd88 : @sysmalloc+258 : c_andi : c_andi a5, 18446744073709551608 : IntAlu : D=0x00000000000210a0
15953000 : system.cpu : T0 : 0x1bd8a : @sysmalloc+260 : bltu : bltu a5, s9, 734 : IntAlu : 
15957000 : system.cpu : T0 : 0x1bd8e : @sysmalloc+264 : sub : sub s1, s0, s1 : IntAlu : D=0x0000000000000000
15961000 : system.cpu : T0 : 0x1bd92 : @sysmalloc+268 : sltu : sltu s1, zero, s1 : IntAlu : D=0x0000000000000000
15965000 : system.cpu : T0 : 0x1bd96 : @sysmalloc+272 : add : add a3, s4, s2 : IntAlu : D=0x000000000007efc0
15969000 : system.cpu : T0 : 0x1bd9a : @sysmalloc+276 : ori : ori a4, s2, 1 : IntAlu : D=0x0000000000000061
15971000 : system.cpu : T0 : 0x1bd9e : @sysmalloc+280 : c_slli : c_slli s1, 2 : IntAlu : D=0x0000000000000000
15973000 : system.cpu : T0 : 0x1bda0 : @sysmalloc+282 : c_sd : c_sd a3, 88(s0) : MemWrite : D=0x000000000007efc0 A=0x7a6f0
15979000 : system.cpu : T0 : 0x1bda2 : @sysmalloc+284 : sub : sub s2, a5, s2 : IntAlu : D=0x0000000000021040
15981000 : system.cpu : T0 : 0x1bda6 : @sysmalloc+288 : c_or : c_or s1, a4 : IntAlu : D=0x0000000000000061
15983000 : system.cpu : T0 : 0x1bda8 : @sysmalloc+290 : sd : sd s1, 8(s4) : MemWrite : D=0x0000000000000061 A=0x7ef68
15987000 : system.cpu : T0 : 0x1bdac : @sysmalloc+294 : ori : ori s2, s2, 1 : IntAlu : D=0x0000000000021041
15989000 : system.cpu : T0 : 0x1bdb0 : @sysmalloc+298 : sd : sd s2, 8(a3) : MemWrite : D=0x0000000000021041 A=0x7efc8
16058000 : system.cpu : T0 : 0x1bdb4 : @sysmalloc+302 : addi : addi a0, s4, 16 : IntAlu : D=0x000000000007ef70
16060000 : system.cpu : T0 : 0x1bdb8 : @sysmalloc+306 : c_ldsp : c_ldsp ra, 152(sp) : MemRead : D=0x000000000001c9ca A=0x7fffffffffffebe8
16064000 : system.cpu : T0 : 0x1bdba : @sysmalloc+308 : c_ldsp : c_ldsp s0, 144(sp) : MemRead : D=0x0000000000000004 A=0x7fffffffffffebe0
16068000 : system.cpu : T0 : 0x1bdbc : @sysmalloc+310 : c_ldsp : c_ldsp s1, 136(sp) : MemRead : D=0x0000000000000010 A=0x7fffffffffffebd8
16072000 : system.cpu : T0 : 0x1bdbe : @sysmalloc+312 : c_ldsp : c_ldsp s2, 128(sp) : MemRead : D=0x0000000000000030 A=0x7fffffffffffebd0
16127000 : system.cpu : T0 : 0x1bdc0 : @sysmalloc+314 : c_ldsp : c_ldsp s3, 120(sp) : MemRead : D=0x0000000000002710 A=0x7fffffffffffebc8
16131000 : system.cpu : T0 : 0x1bdc2 : @sysmalloc+316 : c_ldsp : c_ldsp s4, 112(sp) : MemRead : D=0x0000000000000000 A=0x7fffffffffffebc0
16135000 : system.cpu : T0 : 0x1bdc4 : @sysmalloc+318 : c_ldsp : c_ldsp s5, 104(sp) : MemRead : D=0x000000000007b698 A=0x7fffffffffffebb8
16139000 : system.cpu : T0 : 0x1bdc6 : @sysmalloc+320 : c_ldsp : c_ldsp s6, 96(sp) : MemRead : D=0x0000000000000000 A=0x7fffffffffffebb0
16143000 : system.cpu : T0 : 0x1bdc8 : @sysmalloc+322 : c_ldsp : c_ldsp s7, 88(sp) : MemRead : D=0x0000000000001000 A=0x7fffffffffffeba8
16147000 : system.cpu : T0 : 0x1bdca : @sysmalloc+324 : c_ldsp : c_ldsp s8, 80(sp) : MemRead : D=0x00000000000003ff A=0x7fffffffffffeba0
16151000 : system.cpu : T0 : 0x1bdcc : @sysmalloc+326 : c_ldsp : c_ldsp s9, 72(sp) : MemRead : D=0x000000000007a6f0 A=0x7fffffffffffeb98
16155000 : system.cpu : T0 : 0x1bdce : @sysmalloc+328 : c_ldsp : c_ldsp s10, 64(sp) : MemRead : D=0x0000000000000060 A=0x7fffffffffffeb90
16159000 : system.cpu : T0 : 0x1bdd0 : @sysmalloc+330 : c_ldsp : c_ldsp s11, 56(sp) : MemRead : D=0x000000000007a698 A=0x7fffffffffffeb88
16163000 : system.cpu : T0 : 0x1bdd2 : @sysmalloc+332 : c_addi16sp : c_addi16sp sp, 160 : IntAlu : D=0x7fffffffffffebf0
16165000 : system.cpu : T0 : 0x1bdd4 : @sysmalloc+334 : c_jr : c_jr ra : IntAlu : 
14228000 : system.cpu : T0 : 0x1beea : @sysmalloc+612 : bne : bne s3, zero, -498 : IntAlu : 
14232000 : system.cpu : T0 : 0x1beee : @sysmalloc+616 : bne : bne s0, s1, -474 : IntAlu : 
14236000 : system.cpu : T0 : 0x1bef2 : @sysmalloc+620 : ld : ld s7, 8(s10) : MemRead : D=0x0000000000020000 A=0x7a650
14240000 : system.cpu : T0 : 0x1bef6 : @sysmalloc+624 : c_lw : c_lw a5, 4(s0) : MemRead : D=0x0000000000000001 A=0x7a69c
14244000 : system.cpu : T0 : 0x1bef8 : @sysmalloc+626 : addi : addi a7, s4, -1 : IntAlu : D=0x0000000000000fff
14246000 : system.cpu : T0 : 0x1befc : @sysmalloc+630 : addi : addi s7, s7, 32 : IntAlu : D=0x0000000000020020
14299000 : system.cpu : T0 : 0x1bf00 : @sysmalloc+634 : c_andi : c_andi a5, 2 : IntAlu : D=0x0000000000000000
14305000 : system.cpu : T0 : 0x1bf02 : @sysmalloc+636 : c_add : c_add s7, s2 : IntAlu : D=0x0000000000020080
14307000 : system.cpu : T0 : 0x1bf04 : @sysmalloc+638 : c_beqz : c_beqz a5, 170 : IntAlu : 
14435000 : system.cpu : T0 : 0x1bf16 : @sysmalloc+656 : ld : ld a5, -1688(gp) : MemRead : D=0x000000000001e778 A=0x7ba58
14439000 : system.cpu : T0 : 0x1bf1a : @sysmalloc+660 : c_mv : c_mv a0, s7 : IntAlu : D=0x0000000000021000
14441000 : system.cpu : T0 : 0x1bf1c : @sysmalloc+662 : c_sdsp : c_sdsp a7, 16(sp) : MemWrite : D=0x0000000000000fff A=0x7fffffffffffeb60
14445000 : system.cpu : T0 : 0x1bf1e : @sysmalloc+664 : c_sdsp : c_sdsp a6, 8(sp) : MemWrite : D=0x000000000007a6f0 A=0x7fffffffffffeb58
14449000 : system.cpu : T0 : 0x1bf20 : @sysmalloc+666 : c_jalr : c_jalr a5 : IntAlu : D=0x000000000001bf22
14732000 : system.cpu : T0 : 0x1bf22 : @sysmalloc+668 : c_mv : c_mv a2, a0 : IntAlu : D=0x000000000007ef60
14734000 : system.cpu : T0 : 0x1bf24 : @sysmalloc+670 : c_ldsp : c_ldsp a6, 8(sp) : MemRead : D=0x000000000007a6f0 A=0x7fffffffffffeb58
14738000 : system.cpu : T0 : 0x1bf26 : @sysmalloc+672 : c_ldsp : c_ldsp a7, 16(sp) : MemRead : D=0x0000000000000fff A=0x7fffffffffffeb60
14742000 : system.cpu : T0 : 0x1bf28 : @sysmalloc+674 : beq : beq a0, zero, 446 : IntAlu : 
14744000 : system.cpu : T0 : 0x1bf2c : @sysmalloc+678 : ld : ld a5, -1216(gp) : MemRead : D=0x0000000000000000 A=0x7bc30
14827000 : system.cpu : T0 : 0x1bf30 : @sysmalloc+682 : c_li : c_li s11, 0 : IntAlu : D=0x0000000000000000
14831000 : system.cpu : T0 : 0x1bf32 : @sysmalloc+684 : bne : bne a5, zero, 606 : IntAlu : 
14835000 : system.cpu : T0 : 0x1bf36 : @sysmalloc+688 : ld : ld a5, 72(s10) : MemRead : D=0x0000000000000000 A=0x7a690
14841000 : system.cpu : T0 : 0x1bf3a : @sysmalloc+692 : beq : beq a5, zero, 472 : IntAlu : 
14906000 : system.cpu : T0 : 0x1bf3e : @sysmalloc+696 : c_lui : c_lui s10, 1 : IntAlu : D=0x0000000000001000
14987000 : system.cpu : T0 : 0x1bf40 : @sysmalloc+698 : c_add : c_add s10, s1 : IntAlu : D=0x000000000007b698
14995000 : system.cpu : T0 : 0x1bf42 : @sysmalloc+700 : ld : ld a5, -1920(s10) : MemRead : D=0x0000000000000000 A=0x7af18
15078000 : system.cpu : T0 : 0x1bf46 : @sysmalloc+704 : c_add : c_add a5, s7 : IntAlu : D=0x0000000000021000
15080000 : system.cpu : T0 : 0x1bf48 : @sysmalloc+706 : sd : sd a5, -1920(s10) : MemWrite : D=0x0000000000021000 A=0x7af18
15084000 : system.cpu : T0 : 0x1bf4c : @sysmalloc+710 : beq : beq a6, a2, 434 : IntAlu : 
15086000 : system.cpu : T0 : 0x1bf50 : @sysmalloc+714 : c_lw : c_lw a3, 4(s1) : MemRead : D=0x0000000000000001 A=0x7a69c
15090000 : system.cpu : T0 : 0x1bf52 : @sysmalloc+716 : c_andi : c_andi a3, 2 : IntAlu : D=0x0000000000000000
15092000 : system.cpu : T0 : 0x1bf54 : @sysmalloc+718 : bne : bne a3, zero, 286 : IntAlu : 
15094000 : system.cpu : T0 : 0x1bf58 : @sysmalloc+722 : beq : beq s3, zero, 18 : IntAlu : 
15098000 : system.cpu : T0 : 0x1bf6a : @sysmalloc+740 : andi : andi a4, a2, 15 : IntAlu : D=0x0000000000000000
15102000 : system.cpu : T0 : 0x1bf6e : @sysmalloc+744 : beq : beq a4, zero, 430 : IntAlu : 
15110000 : system.cpu : T0 : 0x1bf7c : @sysmalloc+758 : c_add : c_add s7, a5 : IntAlu : D=0x0000000000021000
15112000 : system.cpu : T0 : 0x1bf7e : @sysmalloc+760 : c_add : c_add s7, a2 : IntAlu : D=0x000000000009ff60
15114000 : system.cpu : T0 : 0x1bf80 : @sysmalloc+762 : c_add : c_add a7, s7 : IntAlu : D=0x00000000000a0f5f
15118000 : system.cpu : T0 : 0x1bf82 : @sysmalloc+764 : and : and s6, a7, s6 : IntAlu : D=0x00000000000a0000
15122000 : system.cpu : T0 : 0x1bf86 : @sysmalloc+768 : sub : sub s7, a5, s7 : IntAlu : D=0xfffffffffff600a0
15124000 : system.cpu : T0 : 0x1bf8a : @sysmalloc+772 : c_add : c_add s7, s6 : IntAlu : D=0x00000000000000a0
15126000 : system.cpu : T0 : 0x1bf8c : @sysmalloc+774 : c_mv : c_mv s6, s7 : IntAlu : D=0x00000000000000a0
15130000 : system.cpu : T0 : 0x1bf8e : @sysmalloc+776 : blt : blt s7, zero, 626 : IntAlu : 
15134000 : system.cpu : T0 : 0x1bf92 : @sysmalloc+780 : ld : ld a4, -1688(gp) : MemRead : D=0x000000000001e778 A=0x7ba58
15138000 : system.cpu : T0 : 0x1bf96 : @sysmalloc+784 : c_mv : c_mv a0, s7 : IntAlu : D=0x00000000000000a0
15140000 : system.cpu : T0 : 0x1bf98 : @sysmalloc+786 : c_sdsp : c_sdsp a5, 8(sp) : MemWrite : D=0x0000000000000000 A=0x7fffffffffffeb58
15144000 : system.cpu : T0 : 0x1bf9a : @sysmalloc+788 : c_jalr : c_jalr a4 : IntAlu : D=0x000000000001bf9c
15266000 : system.cpu : T0 : 0x1bf9c : @sysmalloc+790 : c_mv : c_mv s11, a0 : IntAlu : D=0x000000000009ff60
15270000 : system.cpu : T0 : 0x1bf9e : @sysmalloc+792 : bne : bne a0, zero, 478 : IntAlu : 
14366000 : system.cpu : T0 : 0x1bfae : @sysmalloc+808 : sub : sub s7, s7, s3 : IntAlu : D=0x0000000000020080
14370000 : system.cpu : T0 : 0x1bfb2 : @sysmalloc+812 : sub : sub s6, zero, s4 : IntAlu : D=0xfffffffffffff000
14372000 : system.cpu : T0 : 0x1bfb6 : @sysmalloc+816 : c_add : c_add s7, a7 : IntAlu : D=0x000000000002107f
14374000 : system.cpu : T0 : 0x1bfb8 : @sysmalloc+818 : and : and s7, s7, s6 : IntAlu : D=0x0000000000021000
14376000 : system.cpu : T0 : 0x1bfbc : @sysmalloc+822 : c_mv : c_mv s11, s7 : IntAlu : D=0x0000000000021000
14431000 : system.cpu : T0 : 0x1bfbe : @sysmalloc+824 : blt : blt zero, s7, -168 : IntAlu : 
15449000 : system.cpu : T0 : 0x1c096 : @sysmalloc+1040 : sub : sub a4, s11, s4 : IntAlu : D=0x0000000000021000
15451000 : system.cpu : T0 : 0x1c09a : @sysmalloc+1044 : c_add : c_add a4, s6 : IntAlu : D=0x00000000000210a0
15453000 : system.cpu : T0 : 0x1c09c : @sysmalloc+1046 : sd : sd s4, 88(s1) : MemWrite : D=0x000000000007ef60 A=0x7a6f0
15457000 : system.cpu : T0 : 0x1c0a0 : @sysmalloc+1050 : ori : ori a4, a4, 1 : IntAlu : D=0x00000000000210a1
15459000 : system.cpu : T0 : 0x1c0a4 : @sysmalloc+1054 : sd : sd a4, 8(s4) : MemWrite : D=0x00000000000210a1 A=0x7ef68
15542000 : system.cpu : T0 : 0x1c0a8 : @sysmalloc+1058 : c_add : c_add a5, s7 : IntAlu : D=0x00000000000210a0
15546000 : system.cpu : T0 : 0x1c0aa : @sysmalloc+1060 : sd : sd a5, -1920(s10) : MemWrite : D=0x00000000000210a0 A=0x7af18
15552000 : system.cpu : T0 : 0x1c0ae : @sysmalloc+1064 : beq : beq s3, zero, -826 : IntAlu : 
14900000 : system.cpu : T0 : 0x1c112 : @sysmalloc+1164 : sd : sd a2, 72(s10) : MemWrite : D=0x000000000007ef60 A=0x7a690
14904000 : system.cpu : T0 : 0x1c116 : @sysmalloc+1168 : c_j : c_j -472 : IntAlu : 
15104000 : system.cpu : T0 : 0x1c11c : @sysmalloc+1174 : c_mv : c_mv a5, s3 : IntAlu : D=0x0000000000000000
15106000 : system.cpu : T0 : 0x1c11e : @sysmalloc+1176 : c_mv : c_mv s4, a2 : IntAlu : D=0x000000000007ef60
15108000 : system.cpu : T0 : 0x1c120 : @sysmalloc+1178 : c_j : c_j -420 : IntAlu : 
15323000 : system.cpu : T0 : 0x1c17c : @sysmalloc+1270 : ld : ld a5, -1216(gp) : MemRead : D=0x0000000000000000 A=0x7bc30
15378000 : system.cpu : T0 : 0x1c180 : @sysmalloc+1274 : c_bnez : c_bnez a5, 8 : IntAlu : 
15386000 : system.cpu : T0 : 0x1c182 : @sysmalloc+1276 : ld : ld a5, -1920(s10) : MemRead : D=0x0000000000021000 A=0x7af18
15390000 : system.cpu : T0 : 0x1c186 : @sysmalloc+1280 : c_j : c_j -240 : IntAlu : 
8600000 : system.cpu : T0 : 0x1c244 : @_int_malloc : c_addi16sp : c_addi16sp sp, -224 : IntAlu : D=0x7fffffffffffebf0
19679000 : system.cpu : T0 : 0x1c244 : @_int_malloc : c_addi16sp : c_addi16sp sp, -224 : IntAlu : D=0x7ffffffffffffb00
21000000 : system.cpu : T0 : 0x1c244 : @_int_malloc : c_addi16sp : c_addi16sp sp, -224 : IntAlu : D=0x7ffffffffffffbd0
21902000 : system.cpu : T0 : 0x1c244 : @_int_malloc : c_addi16sp : c_addi16sp sp, -224 : IntAlu : D=0x7ffffffffffffbd0
34713000 : system.cpu : T0 : 0x1c244 : @_int_malloc : c_addi16sp : c_addi16sp sp, -224 : IntAlu : D=0x7ffffffffffffb30
8606000 : system.cpu : T0 : 0x1c246 : @_int_malloc+2 : c_sdsp : c_sdsp ra, 216(sp) : MemWrite : D=0x000000000001d5d4 A=0x7fffffffffffecc8
19681000 : system.cpu : T0 : 0x1c246 : @_int_malloc+2 : c_sdsp : c_sdsp ra, 216(sp) : MemWrite : D=0x000000000001d5d4 A=0x7ffffffffffffbd8
21002000 : system.cpu : T0 : 0x1c246 : @_int_malloc+2 : c_sdsp : c_sdsp ra, 216(sp) : MemWrite : D=0x000000000001d5d4 A=0x7ffffffffffffca8
21904000 : system.cpu : T0 : 0x1c246 : @_int_malloc+2 : c_sdsp : c_sdsp ra, 216(sp) : MemWrite : D=0x000000000001d5d4 A=0x7ffffffffffffca8
34719000 : system.cpu : T0 : 0x1c246 : @_int_malloc+2 : c_sdsp : c_sdsp ra, 216(sp) : MemWrite : D=0x000000000001d5d4 A=0x7ffffffffffffc08
8610000 : system.cpu : T0 : 0x1c248 : @_int_malloc+4 : c_sdsp : c_sdsp s0, 208(sp) : MemWrite : D=0x000000000007a698 A=0x7fffffffffffecc0
19685000 : system.cpu : T0 : 0x1c248 : @_int_malloc+4 : c_sdsp : c_sdsp s0, 208(sp) : MemWrite : D=0x000000000007a698 A=0x7ffffffffffffbd0
21006000 : system.cpu : T0 : 0x1c248 : @_int_malloc+4 : c_sdsp : c_sdsp s0, 208(sp) : MemWrite : D=0x000000000007a698 A=0x7ffffffffffffca0
21908000 : system.cpu : T0 : 0x1c248 : @_int_malloc+4 : c_sdsp : c_sdsp s0, 208(sp) : MemWrite : D=0x000000000007a698 A=0x7ffffffffffffca0
34723000 : system.cpu : T0 : 0x1c248 : @_int_malloc+4 : c_sdsp : c_sdsp s0, 208(sp) : MemWrite : D=0x000000000007a698 A=0x7ffffffffffffc00
8614000 : system.cpu : T0 : 0x1c24a : @_int_malloc+6 : c_sdsp : c_sdsp s1, 200(sp) : MemWrite : D=0x0000000000000058 A=0x7fffffffffffecb8
19689000 : system.cpu : T0 : 0x1c24a : @_int_malloc+6 : c_sdsp : c_sdsp s1, 200(sp) : MemWrite : D=0x0000000000000024 A=0x7ffffffffffffbc8
21010000 : system.cpu : T0 : 0x1c24a : @_int_malloc+6 : c_sdsp : c_sdsp s1, 200(sp) : MemWrite : D=0x0000000000000018 A=0x7ffffffffffffc98
21912000 : system.cpu : T0 : 0x1c24a : @_int_malloc+6 : c_sdsp : c_sdsp s1, 200(sp) : MemWrite : D=0x0000000000000500 A=0x7ffffffffffffc98
34727000 : system.cpu : T0 : 0x1c24a : @_int_malloc+6 : c_sdsp : c_sdsp s1, 200(sp) : MemWrite : D=0x0000000000002000 A=0x7ffffffffffffbf8
8618000 : system.cpu : T0 : 0x1c24c : @_int_malloc+8 : c_sdsp : c_sdsp s2, 192(sp) : MemWrite : D=0x7ffffffffffffee8 A=0x7fffffffffffecb0
19693000 : system.cpu : T0 : 0x1c24c : @_int_malloc+8 : c_sdsp : c_sdsp s2, 192(sp) : MemWrite : D=0x0000000000000000 A=0x7ffffffffffffbc0
21014000 : system.cpu : T0 : 0x1c24c : @_int_malloc+8 : c_sdsp : c_sdsp s2, 192(sp) : MemWrite : D=0x000000000007d000 A=0x7ffffffffffffc90
21916000 : system.cpu : T0 : 0x1c24c : @_int_malloc+8 : c_sdsp : c_sdsp s2, 192(sp) : MemWrite : D=0x0000000000000002 A=0x7ffffffffffffc90
34731000 : system.cpu : T0 : 0x1c24c : @_int_malloc+8 : c_sdsp : c_sdsp s2, 192(sp) : MemWrite : D=0x000000000000000c A=0x7ffffffffffffbf0
8622000 : system.cpu : T0 : 0x1c24e : @_int_malloc+10 : c_sdsp : c_sdsp s3, 184(sp) : MemWrite : D=0x0000000000000000 A=0x7fffffffffffeca8
19697000 : system.cpu : T0 : 0x1c24e : @_int_malloc+10 : c_sdsp : c_sdsp s3, 184(sp) : MemWrite : D=0x0000000000079fd0 A=0x7ffffffffffffbb8
21018000 : system.cpu : T0 : 0x1c24e : @_int_malloc+10 : c_sdsp : c_sdsp s3, 184(sp) : MemWrite : D=0x0000000000079fc0 A=0x7ffffffffffffc88
21920000 : system.cpu : T0 : 0x1c24e : @_int_malloc+10 : c_sdsp : c_sdsp s3, 184(sp) : MemWrite : D=0x0000000000079fc0 A=0x7ffffffffffffc88
34735000 : system.cpu : T0 : 0x1c24e : @_int_malloc+10 : c_sdsp : c_sdsp s3, 184(sp) : MemWrite : D=0x000000000005a320 A=0x7ffffffffffffbe8
8626000 : system.cpu : T0 : 0x1c250 : @_int_malloc+12 : c_sdsp : c_sdsp s4, 176(sp) : MemWrite : D=0x0000000000000000 A=0x7fffffffffffeca0
19752000 : system.cpu : T0 : 0x1c250 : @_int_malloc+12 : c_sdsp : c_sdsp s4, 176(sp) : MemWrite : D=0x0000000000000000 A=0x7ffffffffffffbb0
21022000 : system.cpu : T0 : 0x1c250 : @_int_malloc+12 : c_sdsp : c_sdsp s4, 176(sp) : MemWrite : D=0x0000000000000000 A=0x7ffffffffffffc80
21924000 : system.cpu : T0 : 0x1c250 : @_int_malloc+12 : c_sdsp : c_sdsp s4, 176(sp) : MemWrite : D=0x0000000000000000 A=0x7ffffffffffffc80
34739000 : system.cpu : T0 : 0x1c250 : @_int_malloc+12 : c_sdsp : c_sdsp s4, 176(sp) : MemWrite : D=0x00000000000749d8 A=0x7ffffffffffffbe0
8630000 : system.cpu : T0 : 0x1c252 : @_int_malloc+14 : c_sdsp : c_sdsp s5, 168(sp) : MemWrite : D=0x0000000000000000 A=0x7fffffffffffec98
19756000 : system.cpu : T0 : 0x1c252 : @_int_malloc+14 : c_sdsp : c_sdsp s5, 168(sp) : MemWrite : D=0x0000000000000000 A=0x7ffffffffffffba8
21026000 : system.cpu : T0 : 0x1c252 : @_int_malloc+14 : c_sdsp : c_sdsp s5, 168(sp) : MemWrite : D=0x0000000000000000 A=0x7ffffffffffffc78
21928000 : system.cpu : T0 : 0x1c252 : @_int_malloc+14 : c_sdsp : c_sdsp s5, 168(sp) : MemWrite : D=0x000000000007f000 A=0x7ffffffffffffc78
34743000 : system.cpu : T0 : 0x1c252 : @_int_malloc+14 : c_sdsp : c_sdsp s5, 168(sp) : MemWrite : D=0x0000000000000000 A=0x7ffffffffffffbd8
8634000 : system.cpu : T0 : 0x1c254 : @_int_malloc+16 : c_sdsp : c_sdsp s6, 160(sp) : MemWrite : D=0x0000000000000000 A=0x7fffffffffffec90
19760000 : system.cpu : T0 : 0x1c254 : @_int_malloc+16 : c_sdsp : c_sdsp s6, 160(sp) : MemWrite : D=0x0000000000000000 A=0x7ffffffffffffba0
21030000 : system.cpu : T0 : 0x1c254 : @_int_malloc+16 : c_sdsp : c_sdsp s6, 160(sp) : MemWrite : D=0x0000000000000000 A=0x7ffffffffffffc70
21932000 : system.cpu : T0 : 0x1c254 : @_int_malloc+16 : c_sdsp : c_sdsp s6, 160(sp) : MemWrite : D=0x0000000000000000 A=0x7ffffffffffffc70
34747000 : system.cpu : T0 : 0x1c254 : @_int_malloc+16 : c_sdsp : c_sdsp s6, 160(sp) : MemWrite : D=0x0000000000000000 A=0x7ffffffffffffbd0
8638000 : system.cpu : T0 : 0x1c256 : @_int_malloc+18 : c_sdsp : c_sdsp s7, 152(sp) : MemWrite : D=0x0000000000000000 A=0x7fffffffffffec88
19764000 : system.cpu : T0 : 0x1c256 : @_int_malloc+18 : c_sdsp : c_sdsp s7, 152(sp) : MemWrite : D=0x0000000000000000 A=0x7ffffffffffffb98
21034000 : system.cpu : T0 : 0x1c256 : @_int_malloc+18 : c_sdsp : c_sdsp s7, 152(sp) : MemWrite : D=0x0000000000000000 A=0x7ffffffffffffc68
21936000 : system.cpu : T0 : 0x1c256 : @_int_malloc+18 : c_sdsp : c_sdsp s7, 152(sp) : MemWrite : D=0x0000000000000000 A=0x7ffffffffffffc68
34751000 : system.cpu : T0 : 0x1c256 : @_int_malloc+18 : c_sdsp : c_sdsp s7, 152(sp) : MemWrite : D=0x0000000000000000 A=0x7ffffffffffffbc8
8642000 : system.cpu : T0 : 0x1c258 : @_int_malloc+20 : c_sdsp : c_sdsp s8, 144(sp) : MemWrite : D=0x0000000000000000 A=0x7fffffffffffec80
19768000 : system.cpu : T0 : 0x1c258 : @_int_malloc+20 : c_sdsp : c_sdsp s8, 144(sp) : MemWrite : D=0x0000000000000003 A=0x7ffffffffffffb90
21038000 : system.cpu : T0 : 0x1c258 : @_int_malloc+20 : c_sdsp : c_sdsp s8, 144(sp) : MemWrite : D=0x0000000000000000 A=0x7ffffffffffffc60
21940000 : system.cpu : T0 : 0x1c258 : @_int_malloc+20 : c_sdsp : c_sdsp s8, 144(sp) : MemWrite : D=0x0000000000000000 A=0x7ffffffffffffc60
34755000 : system.cpu : T0 : 0x1c258 : @_int_malloc+20 : c_sdsp : c_sdsp s8, 144(sp) : MemWrite : D=0x0000000000000000 A=0x7ffffffffffffbc0
8646000 : system.cpu : T0 : 0x1c25a : @_int_malloc+22 : c_sdsp : c_sdsp s9, 136(sp) : MemWrite : D=0x0000000000000000 A=0x7fffffffffffec78
19772000 : system.cpu : T0 : 0x1c25a : @_int_malloc+22 : c_sdsp : c_sdsp s9, 136(sp) : MemWrite : D=0x0000000000000000 A=0x7ffffffffffffb88
21042000 : system.cpu : T0 : 0x1c25a : @_int_malloc+22 : c_sdsp : c_sdsp s9, 136(sp) : MemWrite : D=0x0000000000000000 A=0x7ffffffffffffc58
21944000 : system.cpu : T0 : 0x1c25a : @_int_malloc+22 : c_sdsp : c_sdsp s9, 136(sp) : MemWrite : D=0x0000000000000000 A=0x7ffffffffffffc58
34759000 : system.cpu : T0 : 0x1c25a : @_int_malloc+22 : c_sdsp : c_sdsp s9, 136(sp) : MemWrite : D=0x0000000000000000 A=0x7ffffffffffffbb8
8650000 : system.cpu : T0 : 0x1c25c : @_int_malloc+24 : c_sdsp : c_sdsp s10, 128(sp) : MemWrite : D=0x0000000000000000 A=0x7fffffffffffec70
19776000 : system.cpu : T0 : 0x1c25c : @_int_malloc+24 : c_sdsp : c_sdsp s10, 128(sp) : MemWrite : D=0x0000000000000000 A=0x7ffffffffffffb80
21046000 : system.cpu : T0 : 0x1c25c : @_int_malloc+24 : c_sdsp : c_sdsp s10, 128(sp) : MemWrite : D=0x0000000000000000 A=0x7ffffffffffffc50
21948000 : system.cpu : T0 : 0x1c25c : @_int_malloc+24 : c_sdsp : c_sdsp s10, 128(sp) : MemWrite : D=0x0000000000000000 A=0x7ffffffffffffc50
34763000 : system.cpu : T0 : 0x1c25c : @_int_malloc+24 : c_sdsp : c_sdsp s10, 128(sp) : MemWrite : D=0x0000000000000000 A=0x7ffffffffffffbb0
8654000 : system.cpu : T0 : 0x1c25e : @_int_malloc+26 : c_sdsp : c_sdsp s11, 120(sp) : MemWrite : D=0x0000000000000000 A=0x7fffffffffffec68
19780000 : system.cpu : T0 : 0x1c25e : @_int_malloc+26 : c_sdsp : c_sdsp s11, 120(sp) : MemWrite : D=0x7ffffffffffffc00 A=0x7ffffffffffffb78
21050000 : system.cpu : T0 : 0x1c25e : @_int_malloc+26 : c_sdsp : c_sdsp s11, 120(sp) : MemWrite : D=0x0000000000000000 A=0x7ffffffffffffc48
21952000 : system.cpu : T0 : 0x1c25e : @_int_malloc+26 : c_sdsp : c_sdsp s11, 120(sp) : MemWrite : D=0x0000000000000000 A=0x7ffffffffffffc48
34767000 : system.cpu : T0 : 0x1c25e : @_int_malloc+26 : c_sdsp : c_sdsp s11, 120(sp) : MemWrite : D=0x0000000000000000 A=0x7ffffffffffffba8
8658000 : system.cpu : T0 : 0x1c260 : @_int_malloc+28 : addi : addi a5, zero, -65 : IntAlu : D=0xffffffffffffffbf
19835000 : system.cpu : T0 : 0x1c260 : @_int_malloc+28 : addi : addi a5, zero, -65 : IntAlu : D=0xffffffffffffffbf
21054000 : system.cpu : T0 : 0x1c260 : @_int_malloc+28 : addi : addi a5, zero, -65 : IntAlu : D=0xffffffffffffffbf
21956000 : system.cpu : T0 : 0x1c260 : @_int_malloc+28 : addi : addi a5, zero, -65 : IntAlu : D=0xffffffffffffffbf
34771000 : system.cpu : T0 : 0x1c260 : @_int_malloc+28 : addi : addi a5, zero, -65 : IntAlu : D=0xffffffffffffffbf
8660000 : system.cpu : T0 : 0x1c264 : @_int_malloc+32 : bltu : bltu a5, a1, 1454 : IntAlu : 
19837000 : system.cpu : T0 : 0x1c264 : @_int_malloc+32 : bltu : bltu a5, a1, 1454 : IntAlu : 
21056000 : system.cpu : T0 : 0x1c264 : @_int_malloc+32 : bltu : bltu a5, a1, 1454 : IntAlu : 
21958000 : system.cpu : T0 : 0x1c264 : @_int_malloc+32 : bltu : bltu a5, a1, 1454 : IntAlu : 
34773000 : system.cpu : T0 : 0x1c264 : @_int_malloc+32 : bltu : bltu a5, a1, 1454 : IntAlu : 
8662000 : system.cpu : T0 : 0x1c268 : @_int_malloc+36 : c_sdsp : c_sdsp a1, 24(sp) : MemWrite : D=0x0000000000000058 A=0x7fffffffffffec08
19839000 : system.cpu : T0 : 0x1c268 : @_int_malloc+36 : c_sdsp : c_sdsp a1, 24(sp) : MemWrite : D=0x0000000000000024 A=0x7ffffffffffffb18
21058000 : system.cpu : T0 : 0x1c268 : @_int_malloc+36 : c_sdsp : c_sdsp a1, 24(sp) : MemWrite : D=0x0000000000000018 A=0x7ffffffffffffbe8
21960000 : system.cpu : T0 : 0x1c268 : @_int_malloc+36 : c_sdsp : c_sdsp a1, 24(sp) : MemWrite : D=0x0000000000000500 A=0x7ffffffffffffbe8
34775000 : system.cpu : T0 : 0x1c268 : @_int_malloc+36 : c_sdsp : c_sdsp a1, 24(sp) : MemWrite : D=0x0000000000002000 A=0x7ffffffffffffb48
8733000 : system.cpu : T0 : 0x1c26a : @_int_malloc+38 : addi : addi a7, a1, 23 : IntAlu : D=0x000000000000006f
19896000 : system.cpu : T0 : 0x1c26a : @_int_malloc+38 : addi : addi a7, a1, 23 : IntAlu : D=0x000000000000003b
21064000 : system.cpu : T0 : 0x1c26a : @_int_malloc+38 : addi : addi a7, a1, 23 : IntAlu : D=0x000000000000002f
21966000 : system.cpu : T0 : 0x1c26a : @_int_malloc+38 : addi : addi a7, a1, 23 : IntAlu : D=0x0000000000000517
34781000 : system.cpu : T0 : 0x1c26a : @_int_malloc+38 : addi : addi a7, a1, 23 : IntAlu : D=0x0000000000002017
8735000 : system.cpu : T0 : 0x1c26e : @_int_malloc+42 : c_li : c_li a5, 31 : IntAlu : D=0x000000000000001f
19898000 : system.cpu : T0 : 0x1c26e : @_int_malloc+42 : c_li : c_li a5, 31 : IntAlu : D=0x000000000000001f
21066000 : system.cpu : T0 : 0x1c26e : @_int_malloc+42 : c_li : c_li a5, 31 : IntAlu : D=0x000000000000001f
21968000 : system.cpu : T0 : 0x1c26e : @_int_malloc+42 : c_li : c_li a5, 31 : IntAlu : D=0x000000000000001f
34783000 : system.cpu : T0 : 0x1c26e : @_int_malloc+42 : c_li : c_li a5, 31 : IntAlu : D=0x000000000000001f
8737000 : system.cpu : T0 : 0x1c270 : @_int_malloc+44 : c_mv : c_mv s11, a0 : IntAlu : D=0x000000000007a698
19900000 : system.cpu : T0 : 0x1c270 : @_int_malloc+44 : c_mv : c_mv s11, a0 : IntAlu : D=0x000000000007a698
21068000 : system.cpu : T0 : 0x1c270 : @_int_malloc+44 : c_mv : c_mv s11, a0 : IntAlu : D=0x000000000007a698
21970000 : system.cpu : T0 : 0x1c270 : @_int_malloc+44 : c_mv : c_mv s11, a0 : IntAlu : D=0x000000000007a698
34785000 : system.cpu : T0 : 0x1c270 : @_int_malloc+44 : c_mv : c_mv s11, a0 : IntAlu : D=0x000000000007a698
8741000 : system.cpu : T0 : 0x1c272 : @_int_malloc+46 : bgeu : bgeu a5, a7, 476 : IntAlu : 
19904000 : system.cpu : T0 : 0x1c272 : @_int_malloc+46 : bgeu : bgeu a5, a7, 476 : IntAlu : 
21072000 : system.cpu : T0 : 0x1c272 : @_int_malloc+46 : bgeu : bgeu a5, a7, 476 : IntAlu : 
21974000 : system.cpu : T0 : 0x1c272 : @_int_malloc+46 : bgeu : bgeu a5, a7, 476 : IntAlu : 
34789000 : system.cpu : T0 : 0x1c272 : @_int_malloc+46 : bgeu : bgeu a5, a7, 476 : IntAlu : 
8745000 : system.cpu : T0 : 0x1c276 : @_int_malloc+50 : andi : andi s10, a7, 18446744073709551600 : IntAlu : D=0x0000000000000060
19908000 : system.cpu : T0 : 0x1c276 : @_int_malloc+50 : andi : andi s10, a7, 18446744073709551600 : IntAlu : D=0x0000000000000030
21076000 : system.cpu : T0 : 0x1c276 : @_int_malloc+50 : andi : andi s10, a7, 18446744073709551600 : IntAlu : D=0x0000000000000020
21978000 : system.cpu : T0 : 0x1c276 : @_int_malloc+50 : andi : andi s10, a7, 18446744073709551600 : IntAlu : D=0x0000000000000510
34793000 : system.cpu : T0 : 0x1c276 : @_int_malloc+50 : andi : andi s10, a7, 18446744073709551600 : IntAlu : D=0x0000000000002010
8749000 : system.cpu : T0 : 0x1c27a : @_int_malloc+54 : beq : beq a0, zero, 1400 : IntAlu : 
19912000 : system.cpu : T0 : 0x1c27a : @_int_malloc+54 : beq : beq a0, zero, 1400 : IntAlu : 
21080000 : system.cpu : T0 : 0x1c27a : @_int_malloc+54 : beq : beq a0, zero, 1400 : IntAlu : 
21982000 : system.cpu : T0 : 0x1c27a : @_int_malloc+54 : beq : beq a0, zero, 1400 : IntAlu : 
34797000 : system.cpu : T0 : 0x1c27a : @_int_malloc+54 : beq : beq a0, zero, 1400 : IntAlu : 
8804000 : system.cpu : T0 : 0x1c27e : @_int_malloc+58 : ld : ld a4, -1200(gp) : MemRead : D=0x0000000000000000 A=0x7bc40
19916000 : system.cpu : T0 : 0x1c27e : @_int_malloc+58 : ld : ld a4, -1200(gp) : MemRead : D=0x0000000000000080 A=0x7bc40
21084000 : system.cpu : T0 : 0x1c27e : @_int_malloc+58 : ld : ld a4, -1200(gp) : MemRead : D=0x0000000000000080 A=0x7bc40
21986000 : system.cpu : T0 : 0x1c27e : @_int_malloc+58 : ld : ld a4, -1200(gp) : MemRead : D=0x0000000000000080 A=0x7bc40
34852000 : system.cpu : T0 : 0x1c27e : @_int_malloc+58 : ld : ld a4, -1200(gp) : MemRead : D=0x0000000000000080 A=0x7bc40
8810000 : system.cpu : T0 : 0x1c282 : @_int_malloc+62 : srliw : srliw a5, s10, 4 : IntAlu : D=0x0000000000000006
19922000 : system.cpu : T0 : 0x1c282 : @_int_malloc+62 : srliw : srliw a5, s10, 4 : IntAlu : D=0x0000000000000003
21090000 : system.cpu : T0 : 0x1c282 : @_int_malloc+62 : srliw : srliw a5, s10, 4 : IntAlu : D=0x0000000000000002
21992000 : system.cpu : T0 : 0x1c282 : @_int_malloc+62 : srliw : srliw a5, s10, 4 : IntAlu : D=0x0000000000000051
34858000 : system.cpu : T0 : 0x1c282 : @_int_malloc+62 : srliw : srliw a5, s10, 4 : IntAlu : D=0x0000000000000201
8814000 : system.cpu : T0 : 0x1c286 : @_int_malloc+66 : addiw : addiw a3, a5, 0 : IntAlu : D=0x0000000000000006
19926000 : system.cpu : T0 : 0x1c286 : @_int_malloc+66 : addiw : addiw a3, a5, 0 : IntAlu : D=0x0000000000000003
21094000 : system.cpu : T0 : 0x1c286 : @_int_malloc+66 : addiw : addiw a3, a5, 0 : IntAlu : D=0x0000000000000002
21996000 : system.cpu : T0 : 0x1c286 : @_int_malloc+66 : addiw : addiw a3, a5, 0 : IntAlu : D=0x0000000000000051
34862000 : system.cpu : T0 : 0x1c286 : @_int_malloc+66 : addiw : addiw a3, a5, 0 : IntAlu : D=0x0000000000000201
8816000 : system.cpu : T0 : 0x1c28a : @_int_malloc+70 : c_sdsp : c_sdsp a3, 32(sp) : MemWrite : D=0x0000000000000006 A=0x7fffffffffffec10
19928000 : system.cpu : T0 : 0x1c28a : @_int_malloc+70 : c_sdsp : c_sdsp a3, 32(sp) : MemWrite : D=0x0000000000000003 A=0x7ffffffffffffb20
21096000 : system.cpu : T0 : 0x1c28a : @_int_malloc+70 : c_sdsp : c_sdsp a3, 32(sp) : MemWrite : D=0x0000000000000002 A=0x7ffffffffffffbf0
21998000 : system.cpu : T0 : 0x1c28a : @_int_malloc+70 : c_sdsp : c_sdsp a3, 32(sp) : MemWrite : D=0x0000000000000051 A=0x7ffffffffffffbf0
34864000 : system.cpu : T0 : 0x1c28a : @_int_malloc+70 : c_sdsp : c_sdsp a3, 32(sp) : MemWrite : D=0x0000000000000201 A=0x7ffffffffffffb50
8820000 : system.cpu : T0 : 0x1c28c : @_int_malloc+72 : bltu : bltu a4, s10, 90 : IntAlu : 
19932000 : system.cpu : T0 : 0x1c28c : @_int_malloc+72 : bltu : bltu a4, s10, 90 : IntAlu : 
21100000 : system.cpu : T0 : 0x1c28c : @_int_malloc+72 : bltu : bltu a4, s10, 90 : IntAlu : 
22002000 : system.cpu : T0 : 0x1c28c : @_int_malloc+72 : bltu : bltu a4, s10, 90 : IntAlu : 
34868000 : system.cpu : T0 : 0x1c28c : @_int_malloc+72 : bltu : bltu a4, s10, 90 : IntAlu : 
19934000 : system.cpu : T0 : 0x1c290 : @_int_malloc+76 : addiw : addiw a0, a5, -2 : IntAlu : D=0x0000000000000001
21102000 : system.cpu : T0 : 0x1c290 : @_int_malloc+76 : addiw : addiw a0, a5, -2 : IntAlu : D=0x0000000000000000
19936000 : system.cpu : T0 : 0x1c294 : @_int_malloc+80 : slli : slli a5, a0, 32 : IntAlu : D=0x0000000100000000
21104000 : system.cpu : T0 : 0x1c294 : @_int_malloc+80 : slli : slli a5, a0, 32 : IntAlu : D=0x0000000000000000
19938000 : system.cpu : T0 : 0x1c298 : @_int_malloc+84 : c_srli : c_srli a5, 32 : IntAlu : D=0x0000000000000001
21106000 : system.cpu : T0 : 0x1c298 : @_int_malloc+84 : c_srli : c_srli a5, 32 : IntAlu : D=0x0000000000000000
19942000 : system.cpu : T0 : 0x1c29a : @_int_malloc+86 : slli : slli a4, a5, 3 : IntAlu : D=0x0000000000000008
21110000 : system.cpu : T0 : 0x1c29a : @_int_malloc+86 : slli : slli a4, a5, 3 : IntAlu : D=0x0000000000000000
19944000 : system.cpu : T0 : 0x1c29e : @_int_malloc+90 : c_add : c_add a4, s11 : IntAlu : D=0x000000000007a6a0
21112000 : system.cpu : T0 : 0x1c29e : @_int_malloc+90 : c_add : c_add a4, s11 : IntAlu : D=0x000000000007a698
19946000 : system.cpu : T0 : 0x1c2a0 : @_int_malloc+92 : c_ld : c_ld a3, 8(a4) : MemRead : D=0x0000000000000000 A=0x7a6a8
21114000 : system.cpu : T0 : 0x1c2a0 : @_int_malloc+92 : c_ld : c_ld a3, 8(a4) : MemRead : D=0x0000000000000000 A=0x7a6a0
19952000 : system.cpu : T0 : 0x1c2a2 : @_int_malloc+94 : addi : addi a4, a5, 1 : IntAlu : D=0x0000000000000002
21120000 : system.cpu : T0 : 0x1c2a2 : @_int_malloc+94 : addi : addi a4, a5, 1 : IntAlu : D=0x0000000000000001
19954000 : system.cpu : T0 : 0x1c2a6 : @_int_malloc+98 : c_slli : c_slli a4, 3 : IntAlu : D=0x0000000000000010
21122000 : system.cpu : T0 : 0x1c2a6 : @_int_malloc+98 : c_slli : c_slli a4, 3 : IntAlu : D=0x0000000000000008
19956000 : system.cpu : T0 : 0x1c2a8 : @_int_malloc+100 : c_add : c_add a4, s11 : IntAlu : D=0x000000000007a6a8
21124000 : system.cpu : T0 : 0x1c2a8 : @_int_malloc+100 : c_add : c_add a4, s11 : IntAlu : D=0x000000000007a6a0
19958000 : system.cpu : T0 : 0x1c2aa : @_int_malloc+102 : c_beqz : c_beqz a3, 60 : IntAlu : 
21126000 : system.cpu : T0 : 0x1c2aa : @_int_malloc+102 : c_beqz : c_beqz a3, 60 : IntAlu : 
8879000 : system.cpu : T0 : 0x1c2e6 : @_int_malloc+162 : addi : addi a5, zero, 1023 : IntAlu : D=0x00000000000003ff
19962000 : system.cpu : T0 : 0x1c2e6 : @_int_malloc+162 : addi : addi a5, zero, 1023 : IntAlu : D=0x00000000000003ff
21130000 : system.cpu : T0 : 0x1c2e6 : @_int_malloc+162 : addi : addi a5, zero, 1023 : IntAlu : D=0x00000000000003ff
22006000 : system.cpu : T0 : 0x1c2e6 : @_int_malloc+162 : addi : addi a5, zero, 1023 : IntAlu : D=0x00000000000003ff
34927000 : system.cpu : T0 : 0x1c2e6 : @_int_malloc+162 : addi : addi a5, zero, 1023 : IntAlu : D=0x00000000000003ff
8883000 : system.cpu : T0 : 0x1c2ea : @_int_malloc+166 : bgeu : bgeu a5, s10, 1354 : IntAlu : 
19966000 : system.cpu : T0 : 0x1c2ea : @_int_malloc+166 : bgeu : bgeu a5, s10, 1354 : IntAlu : 
21134000 : system.cpu : T0 : 0x1c2ea : @_int_malloc+166 : bgeu : bgeu a5, s10, 1354 : IntAlu : 
22010000 : system.cpu : T0 : 0x1c2ea : @_int_malloc+166 : bgeu : bgeu a5, s10, 1354 : IntAlu : 
34931000 : system.cpu : T0 : 0x1c2ea : @_int_malloc+166 : bgeu : bgeu a5, s10, 1354 : IntAlu : 
22014000 : system.cpu : T0 : 0x1c2ee : @_int_malloc+170 : srli : srli a3, s10, 6 : IntAlu : D=0x0000000000000014
34935000 : system.cpu : T0 : 0x1c2ee : @_int_malloc+170 : srli : srli a3, s10, 6 : IntAlu : D=0x0000000000000080
22016000 : system.cpu : T0 : 0x1c2f2 : @_int_malloc+174 : c_sdsp : c_sdsp a3, 40(sp) : MemWrite : D=0x0000000000000014 A=0x7ffffffffffffbf8
34937000 : system.cpu : T0 : 0x1c2f2 : @_int_malloc+174 : c_sdsp : c_sdsp a3, 40(sp) : MemWrite : D=0x0000000000000080 A=0x7ffffffffffffb58
22020000 : system.cpu : T0 : 0x1c2f4 : @_int_malloc+176 : addiw : addiw a3, a3, 48 : IntAlu : D=0x0000000000000044
34941000 : system.cpu : T0 : 0x1c2f4 : @_int_malloc+176 : addiw : addiw a3, a3, 48 : IntAlu : D=0x00000000000000b0
22022000 : system.cpu : T0 : 0x1c2f8 : @_int_malloc+180 : c_sdsp : c_sdsp a3, 48(sp) : MemWrite : D=0x0000000000000044 A=0x7ffffffffffffc00
34943000 : system.cpu : T0 : 0x1c2f8 : @_int_malloc+180 : c_sdsp : c_sdsp a3, 48(sp) : MemWrite : D=0x00000000000000b0 A=0x7ffffffffffffb60
22028000 : system.cpu : T0 : 0x1c2fa : @_int_malloc+182 : srli : srli a3, s10, 12 : IntAlu : D=0x0000000000000000
34949000 : system.cpu : T0 : 0x1c2fa : @_int_malloc+182 : srli : srli a3, s10, 12 : IntAlu : D=0x0000000000000002
22083000 : system.cpu : T0 : 0x1c2fe : @_int_malloc+186 : srli : srli a2, s10, 9 : IntAlu : D=0x0000000000000002
35004000 : system.cpu : T0 : 0x1c2fe : @_int_malloc+186 : srli : srli a2, s10, 9 : IntAlu : D=0x0000000000000010
22089000 : system.cpu : T0 : 0x1c302 : @_int_malloc+190 : c_sdsp : c_sdsp a3, 72(sp) : MemWrite : D=0x0000000000000000 A=0x7ffffffffffffc18
35010000 : system.cpu : T0 : 0x1c302 : @_int_malloc+190 : c_sdsp : c_sdsp a3, 72(sp) : MemWrite : D=0x0000000000000002 A=0x7ffffffffffffb78
22093000 : system.cpu : T0 : 0x1c304 : @_int_malloc+192 : srli : srli a3, s10, 15 : IntAlu : D=0x0000000000000000
35014000 : system.cpu : T0 : 0x1c304 : @_int_malloc+192 : srli : srli a3, s10, 15 : IntAlu : D=0x0000000000000000
22095000 : system.cpu : T0 : 0x1c308 : @_int_malloc+196 : srli : srli a5, s10, 18 : IntAlu : D=0x0000000000000000
35016000 : system.cpu : T0 : 0x1c308 : @_int_malloc+196 : srli : srli a5, s10, 18 : IntAlu : D=0x0000000000000000
22097000 : system.cpu : T0 : 0x1c30c : @_int_malloc+200 : c_li : c_li a4, 2 : IntAlu : D=0x0000000000000002
35018000 : system.cpu : T0 : 0x1c30c : @_int_malloc+200 : c_li : c_li a4, 2 : IntAlu : D=0x0000000000000002
22099000 : system.cpu : T0 : 0x1c30e : @_int_malloc+202 : c_sdsp : c_sdsp a2, 56(sp) : MemWrite : D=0x0000000000000002 A=0x7ffffffffffffc08
35020000 : system.cpu : T0 : 0x1c30e : @_int_malloc+202 : c_sdsp : c_sdsp a2, 56(sp) : MemWrite : D=0x0000000000000010 A=0x7ffffffffffffb68
22103000 : system.cpu : T0 : 0x1c310 : @_int_malloc+204 : c_sdsp : c_sdsp a3, 88(sp) : MemWrite : D=0x0000000000000000 A=0x7ffffffffffffc28
35024000 : system.cpu : T0 : 0x1c310 : @_int_malloc+204 : c_sdsp : c_sdsp a3, 88(sp) : MemWrite : D=0x0000000000000000 A=0x7ffffffffffffb88
22109000 : system.cpu : T0 : 0x1c312 : @_int_malloc+206 : bltu : bltu a4, a5, 1180 : IntAlu : 
35030000 : system.cpu : T0 : 0x1c312 : @_int_malloc+206 : bltu : bltu a4, a5, 1180 : IntAlu : 
22113000 : system.cpu : T0 : 0x1c316 : @_int_malloc+210 : addiw : addiw s0, a5, 124 : IntAlu : D=0x000000000000007c
35034000 : system.cpu : T0 : 0x1c316 : @_int_malloc+210 : addiw : addiw s0, a5, 124 : IntAlu : D=0x000000000000007c
22115000 : system.cpu : T0 : 0x1c31a : @_int_malloc+214 : c_ldsp : c_ldsp a5, 48(sp) : MemRead : D=0x0000000000000044 A=0x7ffffffffffffc00
35036000 : system.cpu : T0 : 0x1c31a : @_int_malloc+214 : c_ldsp : c_ldsp a5, 48(sp) : MemRead : D=0x00000000000000b0 A=0x7ffffffffffffb60
22119000 : system.cpu : T0 : 0x1c31c : @_int_malloc+216 : srli : srli a6, s10, 15 : IntAlu : D=0x0000000000000000
35040000 : system.cpu : T0 : 0x1c31c : @_int_malloc+216 : srli : srli a6, s10, 15 : IntAlu : D=0x0000000000000000
22121000 : system.cpu : T0 : 0x1c320 : @_int_malloc+220 : srli : srli a0, s10, 12 : IntAlu : D=0x0000000000000000
35042000 : system.cpu : T0 : 0x1c320 : @_int_malloc+220 : srli : srli a0, s10, 12 : IntAlu : D=0x0000000000000002
22123000 : system.cpu : T0 : 0x1c324 : @_int_malloc+224 : srli : srli a2, s10, 9 : IntAlu : D=0x0000000000000002
35044000 : system.cpu : T0 : 0x1c324 : @_int_malloc+224 : srli : srli a2, s10, 9 : IntAlu : D=0x0000000000000010
22125000 : system.cpu : T0 : 0x1c328 : @_int_malloc+228 : c_sdsp : c_sdsp a5, 0(sp) : MemWrite : D=0x0000000000000044 A=0x7ffffffffffffbd0
35046000 : system.cpu : T0 : 0x1c328 : @_int_malloc+228 : c_sdsp : c_sdsp a5, 0(sp) : MemWrite : D=0x00000000000000b0 A=0x7ffffffffffffb30
22129000 : system.cpu : T0 : 0x1c32a : @_int_malloc+230 : c_ldsp : c_ldsp a5, 40(sp) : MemRead : D=0x0000000000000014 A=0x7ffffffffffffbf8
35050000 : system.cpu : T0 : 0x1c32a : @_int_malloc+230 : c_ldsp : c_ldsp a5, 40(sp) : MemRead : D=0x0000000000000080 A=0x7ffffffffffffb58
22133000 : system.cpu : T0 : 0x1c32c : @_int_malloc+232 : addiw : addiw s1, a6, 119 : IntAlu : D=0x0000000000000077
35054000 : system.cpu : T0 : 0x1c32c : @_int_malloc+232 : addiw : addiw s1, a6, 119 : IntAlu : D=0x0000000000000077
22135000 : system.cpu : T0 : 0x1c330 : @_int_malloc+236 : addiw : addiw a1, a0, 110 : IntAlu : D=0x000000000000006e
35056000 : system.cpu : T0 : 0x1c330 : @_int_malloc+236 : addiw : addiw a1, a0, 110 : IntAlu : D=0x0000000000000070
22137000 : system.cpu : T0 : 0x1c334 : @_int_malloc+240 : addiw : addiw a3, a2, 91 : IntAlu : D=0x000000000000005d
35058000 : system.cpu : T0 : 0x1c334 : @_int_malloc+240 : addiw : addiw a3, a2, 91 : IntAlu : D=0x000000000000006b
22139000 : system.cpu : T0 : 0x1c338 : @_int_malloc+244 : addi : addi a4, zero, 48 : IntAlu : D=0x0000000000000030
35060000 : system.cpu : T0 : 0x1c338 : @_int_malloc+244 : addi : addi a4, zero, 48 : IntAlu : D=0x0000000000000030
22141000 : system.cpu : T0 : 0x1c33c : @_int_malloc+248 : c_sdsp : c_sdsp s0, 96(sp) : MemWrite : D=0x000000000000007c A=0x7ffffffffffffc30
35062000 : system.cpu : T0 : 0x1c33c : @_int_malloc+248 : c_sdsp : c_sdsp s0, 96(sp) : MemWrite : D=0x000000000000007c A=0x7ffffffffffffb90
22145000 : system.cpu : T0 : 0x1c33e : @_int_malloc+250 : c_sdsp : c_sdsp s1, 104(sp) : MemWrite : D=0x0000000000000077 A=0x7ffffffffffffc38
35066000 : system.cpu : T0 : 0x1c33e : @_int_malloc+250 : c_sdsp : c_sdsp s1, 104(sp) : MemWrite : D=0x0000000000000077 A=0x7ffffffffffffb98
22149000 : system.cpu : T0 : 0x1c340 : @_int_malloc+252 : c_sdsp : c_sdsp a1, 80(sp) : MemWrite : D=0x000000000000006e A=0x7ffffffffffffc20
35121000 : system.cpu : T0 : 0x1c340 : @_int_malloc+252 : c_sdsp : c_sdsp a1, 80(sp) : MemWrite : D=0x0000000000000070 A=0x7ffffffffffffb80
22153000 : system.cpu : T0 : 0x1c342 : @_int_malloc+254 : c_sdsp : c_sdsp a3, 64(sp) : MemWrite : D=0x000000000000005d A=0x7ffffffffffffc10
35125000 : system.cpu : T0 : 0x1c342 : @_int_malloc+254 : c_sdsp : c_sdsp a3, 64(sp) : MemWrite : D=0x000000000000006b A=0x7ffffffffffffb70
22157000 : system.cpu : T0 : 0x1c344 : @_int_malloc+256 : bgeu : bgeu a4, a5, 30 : IntAlu : 
35129000 : system.cpu : T0 : 0x1c344 : @_int_malloc+256 : bgeu : bgeu a4, a5, 30 : IntAlu : 
35131000 : system.cpu : T0 : 0x1c348 : @_int_malloc+260 : c_li : c_li a5, 20 : IntAlu : D=0x0000000000000014
35133000 : system.cpu : T0 : 0x1c34a : @_int_malloc+262 : c_sdsp : c_sdsp a3, 0(sp) : MemWrite : D=0x000000000000006b A=0x7ffffffffffffb30
35137000 : system.cpu : T0 : 0x1c34c : @_int_malloc+264 : bgeu : bgeu a5, a2, 22 : IntAlu : 
22161000 : system.cpu : T0 : 0x1c362 : @_int_malloc+286 : lw : lw a5, 4(s11) : MemRead : D=0x0000000000000001 A=0x7a69c
35141000 : system.cpu : T0 : 0x1c362 : @_int_malloc+286 : lw : lw a5, 4(s11) : MemRead : D=0x0000000000000001 A=0x7a69c
22165000 : system.cpu : T0 : 0x1c366 : @_int_malloc+290 : c_andi : c_andi a5, 1 : IntAlu : D=0x0000000000000001
35145000 : system.cpu : T0 : 0x1c366 : @_int_malloc+290 : c_andi : c_andi a5, 1 : IntAlu : D=0x0000000000000001
22167000 : system.cpu : T0 : 0x1c368 : @_int_malloc+292 : beq : beq a5, zero, 1098 : IntAlu : 
35147000 : system.cpu : T0 : 0x1c368 : @_int_malloc+292 : beq : beq a5, zero, 1098 : IntAlu : 
13014000 : system.cpu : T0 : 0x1c36c : @_int_malloc+296 : c_lui : c_lui s5, 2 : IntAlu : D=0x0000000000002000
20157000 : system.cpu : T0 : 0x1c36c : @_int_malloc+296 : c_lui : c_lui s5, 2 : IntAlu : D=0x0000000000002000
21242000 : system.cpu : T0 : 0x1c36c : @_int_malloc+296 : c_lui : c_lui s5, 2 : IntAlu : D=0x0000000000002000
22169000 : system.cpu : T0 : 0x1c36c : @_int_malloc+296 : c_lui : c_lui s5, 2 : IntAlu : D=0x0000000000002000
35149000 : system.cpu : T0 : 0x1c36c : @_int_malloc+296 : c_lui : c_lui s5, 2 : IntAlu : D=0x0000000000002000
13022000 : system.cpu : T0 : 0x1c36e : @_int_malloc+298 : addi : addi a5, s5, 1808 : IntAlu : D=0x0000000000002710
20161000 : system.cpu : T0 : 0x1c36e : @_int_malloc+298 : addi : addi a5, s5, 1808 : IntAlu : D=0x0000000000002710
21246000 : system.cpu : T0 : 0x1c36e : @_int_malloc+298 : addi : addi a5, s5, 1808 : IntAlu : D=0x0000000000002710
22173000 : system.cpu : T0 : 0x1c36e : @_int_malloc+298 : addi : addi a5, s5, 1808 : IntAlu : D=0x0000000000002710
35153000 : system.cpu : T0 : 0x1c36e : @_int_malloc+298 : addi : addi a5, s5, 1808 : IntAlu : D=0x0000000000002710
13024000 : system.cpu : T0 : 0x1c372 : @_int_malloc+302 : c_lui : c_lui s7, 1 : IntAlu : D=0x0000000000001000
20163000 : system.cpu : T0 : 0x1c372 : @_int_malloc+302 : c_lui : c_lui s7, 1 : IntAlu : D=0x0000000000001000
21248000 : system.cpu : T0 : 0x1c372 : @_int_malloc+302 : c_lui : c_lui s7, 1 : IntAlu : D=0x0000000000001000
22175000 : system.cpu : T0 : 0x1c372 : @_int_malloc+302 : c_lui : c_lui s7, 1 : IntAlu : D=0x0000000000001000
35155000 : system.cpu : T0 : 0x1c372 : @_int_malloc+302 : c_lui : c_lui s7, 1 : IntAlu : D=0x0000000000001000
13026000 : system.cpu : T0 : 0x1c374 : @_int_malloc+304 : addi : addi s9, s11, 88 : IntAlu : D=0x000000000007a6f0
20165000 : system.cpu : T0 : 0x1c374 : @_int_malloc+304 : addi : addi s9, s11, 88 : IntAlu : D=0x000000000007a6f0
21250000 : system.cpu : T0 : 0x1c374 : @_int_malloc+304 : addi : addi s9, s11, 88 : IntAlu : D=0x000000000007a6f0
22177000 : system.cpu : T0 : 0x1c374 : @_int_malloc+304 : addi : addi s9, s11, 88 : IntAlu : D=0x000000000007a6f0
35157000 : system.cpu : T0 : 0x1c374 : @_int_malloc+304 : addi : addi s9, s11, 88 : IntAlu : D=0x000000000007a6f0
13028000 : system.cpu : T0 : 0x1c378 : @_int_malloc+308 : c_sdsp : c_sdsp a5, 16(sp) : MemWrite : D=0x0000000000002710 A=0x7fffffffffffec00
20167000 : system.cpu : T0 : 0x1c378 : @_int_malloc+308 : c_sdsp : c_sdsp a5, 16(sp) : MemWrite : D=0x0000000000002710 A=0x7ffffffffffffb10
21252000 : system.cpu : T0 : 0x1c378 : @_int_malloc+308 : c_sdsp : c_sdsp a5, 16(sp) : MemWrite : D=0x0000000000002710 A=0x7ffffffffffffbe0
22179000 : system.cpu : T0 : 0x1c378 : @_int_malloc+308 : c_sdsp : c_sdsp a5, 16(sp) : MemWrite : D=0x0000000000002710 A=0x7ffffffffffffbe0
35159000 : system.cpu : T0 : 0x1c378 : @_int_malloc+308 : c_sdsp : c_sdsp a5, 16(sp) : MemWrite : D=0x0000000000002710 A=0x7ffffffffffffb40
13034000 : system.cpu : T0 : 0x1c37a : @_int_malloc+310 : add : add s5, s11, s7 : IntAlu : D=0x000000000007b698
20173000 : system.cpu : T0 : 0x1c37a : @_int_malloc+310 : add : add s5, s11, s7 : IntAlu : D=0x000000000007b698
21258000 : system.cpu : T0 : 0x1c37a : @_int_malloc+310 : add : add s5, s11, s7 : IntAlu : D=0x000000000007b698
22185000 : system.cpu : T0 : 0x1c37a : @_int_malloc+310 : add : add s5, s11, s7 : IntAlu : D=0x000000000007b698
35165000 : system.cpu : T0 : 0x1c37a : @_int_malloc+310 : add : add s5, s11, s7 : IntAlu : D=0x000000000007b698
13089000 : system.cpu : T0 : 0x1c37e : @_int_malloc+314 : addi : addi a5, s10, 32 : IntAlu : D=0x0000000000000080
20177000 : system.cpu : T0 : 0x1c37e : @_int_malloc+314 : addi : addi a5, s10, 32 : IntAlu : D=0x0000000000000050
21262000 : system.cpu : T0 : 0x1c37e : @_int_malloc+314 : addi : addi a5, s10, 32 : IntAlu : D=0x0000000000000040
22189000 : system.cpu : T0 : 0x1c37e : @_int_malloc+314 : addi : addi a5, s10, 32 : IntAlu : D=0x0000000000000530
35220000 : system.cpu : T0 : 0x1c37e : @_int_malloc+314 : addi : addi a5, s10, 32 : IntAlu : D=0x0000000000002030
13095000 : system.cpu : T0 : 0x1c382 : @_int_malloc+318 : c_ldsp : c_ldsp s3, 16(sp) : MemRead : D=0x0000000000002710 A=0x7fffffffffffec00
20179000 : system.cpu : T0 : 0x1c382 : @_int_malloc+318 : c_ldsp : c_ldsp s3, 16(sp) : MemRead : D=0x0000000000002710 A=0x7ffffffffffffb10
21264000 : system.cpu : T0 : 0x1c382 : @_int_malloc+318 : c_ldsp : c_ldsp s3, 16(sp) : MemRead : D=0x0000000000002710 A=0x7ffffffffffffbe0
22191000 : system.cpu : T0 : 0x1c382 : @_int_malloc+318 : c_ldsp : c_ldsp s3, 16(sp) : MemRead : D=0x0000000000002710 A=0x7ffffffffffffbe0
35226000 : system.cpu : T0 : 0x1c382 : @_int_malloc+318 : c_ldsp : c_ldsp s3, 16(sp) : MemRead : D=0x0000000000002710 A=0x7ffffffffffffb40
13099000 : system.cpu : T0 : 0x1c384 : @_int_malloc+320 : c_li : c_li s1, 16 : IntAlu : D=0x0000000000000010
20183000 : system.cpu : T0 : 0x1c384 : @_int_malloc+320 : c_li : c_li s1, 16 : IntAlu : D=0x0000000000000010
21268000 : system.cpu : T0 : 0x1c384 : @_int_malloc+320 : c_li : c_li s1, 16 : IntAlu : D=0x0000000000000010
22195000 : system.cpu : T0 : 0x1c384 : @_int_malloc+320 : c_li : c_li s1, 16 : IntAlu : D=0x0000000000000010
35230000 : system.cpu : T0 : 0x1c384 : @_int_malloc+320 : c_li : c_li s1, 16 : IntAlu : D=0x0000000000000010
13103000 : system.cpu : T0 : 0x1c386 : @_int_malloc+322 : addi : addi s8, zero, 1023 : IntAlu : D=0x00000000000003ff
20187000 : system.cpu : T0 : 0x1c386 : @_int_malloc+322 : addi : addi s8, zero, 1023 : IntAlu : D=0x00000000000003ff
21272000 : system.cpu : T0 : 0x1c386 : @_int_malloc+322 : addi : addi s8, zero, 1023 : IntAlu : D=0x00000000000003ff
22199000 : system.cpu : T0 : 0x1c386 : @_int_malloc+322 : addi : addi s8, zero, 1023 : IntAlu : D=0x00000000000003ff
35234000 : system.cpu : T0 : 0x1c386 : @_int_malloc+322 : addi : addi s8, zero, 1023 : IntAlu : D=0x00000000000003ff
13105000 : system.cpu : T0 : 0x1c38a : @_int_malloc+326 : c_sdsp : c_sdsp a5, 8(sp) : MemWrite : D=0x0000000000000080 A=0x7fffffffffffebf8
20189000 : system.cpu : T0 : 0x1c38a : @_int_malloc+326 : c_sdsp : c_sdsp a5, 8(sp) : MemWrite : D=0x0000000000000050 A=0x7ffffffffffffb08
21274000 : system.cpu : T0 : 0x1c38a : @_int_malloc+326 : c_sdsp : c_sdsp a5, 8(sp) : MemWrite : D=0x0000000000000040 A=0x7ffffffffffffbd8
22201000 : system.cpu : T0 : 0x1c38a : @_int_malloc+326 : c_sdsp : c_sdsp a5, 8(sp) : MemWrite : D=0x0000000000000530 A=0x7ffffffffffffbd8
35236000 : system.cpu : T0 : 0x1c38a : @_int_malloc+326 : c_sdsp : c_sdsp a5, 8(sp) : MemWrite : D=0x0000000000002030 A=0x7ffffffffffffb38
13109000 : system.cpu : T0 : 0x1c38c : @_int_malloc+328 : addi : addi s2, zero, 48 : IntAlu : D=0x0000000000000030
20193000 : system.cpu : T0 : 0x1c38c : @_int_malloc+328 : addi : addi s2, zero, 48 : IntAlu : D=0x0000000000000030
21278000 : system.cpu : T0 : 0x1c38c : @_int_malloc+328 : addi : addi s2, zero, 48 : IntAlu : D=0x0000000000000030
22205000 : system.cpu : T0 : 0x1c38c : @_int_malloc+328 : addi : addi s2, zero, 48 : IntAlu : D=0x0000000000000030
35240000 : system.cpu : T0 : 0x1c38c : @_int_malloc+328 : addi : addi s2, zero, 48 : IntAlu : D=0x0000000000000030
13111000 : system.cpu : T0 : 0x1c390 : @_int_malloc+332 : c_j : c_j 70 : IntAlu : 
20195000 : system.cpu : T0 : 0x1c390 : @_int_malloc+332 : c_j : c_j 70 : IntAlu : 
21280000 : system.cpu : T0 : 0x1c390 : @_int_malloc+332 : c_j : c_j 70 : IntAlu : 
22207000 : system.cpu : T0 : 0x1c390 : @_int_malloc+332 : c_j : c_j 70 : IntAlu : 
35242000 : system.cpu : T0 : 0x1c390 : @_int_malloc+332 : c_j : c_j 70 : IntAlu : 
13170000 : system.cpu : T0 : 0x1c3d6 : @_int_malloc+402 : ld : ld s0, 112(s11) : MemRead : D=0x000000000007a6f0 A=0x7a708
20199000 : system.cpu : T0 : 0x1c3d6 : @_int_malloc+402 : ld : ld s0, 112(s11) : MemRead : D=0x000000000007a6f0 A=0x7a708
21284000 : system.cpu : T0 : 0x1c3d6 : @_int_malloc+402 : ld : ld s0, 112(s11) : MemRead : D=0x000000000007a6f0 A=0x7a708
22211000 : system.cpu : T0 : 0x1c3d6 : @_int_malloc+402 : ld : ld s0, 112(s11) : MemRead : D=0x000000000007a6f0 A=0x7a708
35301000 : system.cpu : T0 : 0x1c3d6 : @_int_malloc+402 : ld : ld s0, 112(s11) : MemRead : D=0x000000000007a6f0 A=0x7a708
13176000 : system.cpu : T0 : 0x1c3da : @_int_malloc+406 : beq : beq s0, s9, 610 : IntAlu : 
20205000 : system.cpu : T0 : 0x1c3da : @_int_malloc+406 : beq : beq s0, s9, 610 : IntAlu : 
21290000 : system.cpu : T0 : 0x1c3da : @_int_malloc+406 : beq : beq s0, s9, 610 : IntAlu : 
22217000 : system.cpu : T0 : 0x1c3da : @_int_malloc+406 : beq : beq s0, s9, 610 : IntAlu : 
35307000 : system.cpu : T0 : 0x1c3da : @_int_malloc+406 : beq : beq s0, s9, 610 : IntAlu : 
16181000 : system.cpu : T0 : 0x1c492 : @_int_malloc+590 : c_mv : c_mv a0, s0 : IntAlu : D=0x000000000007ef70
20482000 : system.cpu : T0 : 0x1c492 : @_int_malloc+590 : c_mv : c_mv a0, s0 : IntAlu : D=0x000000000007efd0
21593000 : system.cpu : T0 : 0x1c492 : @_int_malloc+590 : c_mv : c_mv a0, s0 : IntAlu : D=0x000000000007f000
22458000 : system.cpu : T0 : 0x1c492 : @_int_malloc+590 : c_mv : c_mv a0, s0 : IntAlu : D=0x000000000007f020
35534000 : system.cpu : T0 : 0x1c492 : @_int_malloc+590 : c_mv : c_mv a0, s0 : IntAlu : D=0x000000000007f530
16183000 : system.cpu : T0 : 0x1c494 : @_int_malloc+592 : c_ldsp : c_ldsp ra, 216(sp) : MemRead : D=0x000000000001d5d4 A=0x7fffffffffffecc8
20484000 : system.cpu : T0 : 0x1c494 : @_int_malloc+592 : c_ldsp : c_ldsp ra, 216(sp) : MemRead : D=0x000000000001d5d4 A=0x7ffffffffffffbd8
21595000 : system.cpu : T0 : 0x1c494 : @_int_malloc+592 : c_ldsp : c_ldsp ra, 216(sp) : MemRead : D=0x000000000001d5d4 A=0x7ffffffffffffca8
22460000 : system.cpu : T0 : 0x1c494 : @_int_malloc+592 : c_ldsp : c_ldsp ra, 216(sp) : MemRead : D=0x000000000001d5d4 A=0x7ffffffffffffca8
35536000 : system.cpu : T0 : 0x1c494 : @_int_malloc+592 : c_ldsp : c_ldsp ra, 216(sp) : MemRead : D=0x000000000001d5d4 A=0x7ffffffffffffc08
16187000 : system.cpu : T0 : 0x1c496 : @_int_malloc+594 : c_ldsp : c_ldsp s0, 208(sp) : MemRead : D=0x000000000007a698 A=0x7fffffffffffecc0
20488000 : system.cpu : T0 : 0x1c496 : @_int_malloc+594 : c_ldsp : c_ldsp s0, 208(sp) : MemRead : D=0x000000000007a698 A=0x7ffffffffffffbd0
21599000 : system.cpu : T0 : 0x1c496 : @_int_malloc+594 : c_ldsp : c_ldsp s0, 208(sp) : MemRead : D=0x000000000007a698 A=0x7ffffffffffffca0
22464000 : system.cpu : T0 : 0x1c496 : @_int_malloc+594 : c_ldsp : c_ldsp s0, 208(sp) : MemRead : D=0x000000000007a698 A=0x7ffffffffffffca0
35540000 : system.cpu : T0 : 0x1c496 : @_int_malloc+594 : c_ldsp : c_ldsp s0, 208(sp) : MemRead : D=0x000000000007a698 A=0x7ffffffffffffc00
16191000 : system.cpu : T0 : 0x1c498 : @_int_malloc+596 : c_ldsp : c_ldsp s1, 200(sp) : MemRead : D=0x0000000000000058 A=0x7fffffffffffecb8
20492000 : system.cpu : T0 : 0x1c498 : @_int_malloc+596 : c_ldsp : c_ldsp s1, 200(sp) : MemRead : D=0x0000000000000024 A=0x7ffffffffffffbc8
21603000 : system.cpu : T0 : 0x1c498 : @_int_malloc+596 : c_ldsp : c_ldsp s1, 200(sp) : MemRead : D=0x0000000000000018 A=0x7ffffffffffffc98
22468000 : system.cpu : T0 : 0x1c498 : @_int_malloc+596 : c_ldsp : c_ldsp s1, 200(sp) : MemRead : D=0x0000000000000500 A=0x7ffffffffffffc98
35544000 : system.cpu : T0 : 0x1c498 : @_int_malloc+596 : c_ldsp : c_ldsp s1, 200(sp) : MemRead : D=0x0000000000002000 A=0x7ffffffffffffbf8
16195000 : system.cpu : T0 : 0x1c49a : @_int_malloc+598 : c_ldsp : c_ldsp s2, 192(sp) : MemRead : D=0x7ffffffffffffee8 A=0x7fffffffffffecb0
20496000 : system.cpu : T0 : 0x1c49a : @_int_malloc+598 : c_ldsp : c_ldsp s2, 192(sp) : MemRead : D=0x0000000000000000 A=0x7ffffffffffffbc0
21607000 : system.cpu : T0 : 0x1c49a : @_int_malloc+598 : c_ldsp : c_ldsp s2, 192(sp) : MemRead : D=0x000000000007d000 A=0x7ffffffffffffc90
22472000 : system.cpu : T0 : 0x1c49a : @_int_malloc+598 : c_ldsp : c_ldsp s2, 192(sp) : MemRead : D=0x0000000000000002 A=0x7ffffffffffffc90
35548000 : system.cpu : T0 : 0x1c49a : @_int_malloc+598 : c_ldsp : c_ldsp s2, 192(sp) : MemRead : D=0x000000000000000c A=0x7ffffffffffffbf0
16199000 : system.cpu : T0 : 0x1c49c : @_int_malloc+600 : c_ldsp : c_ldsp s3, 184(sp) : MemRead : D=0x0000000000000000 A=0x7fffffffffffeca8
20500000 : system.cpu : T0 : 0x1c49c : @_int_malloc+600 : c_ldsp : c_ldsp s3, 184(sp) : MemRead : D=0x0000000000079fd0 A=0x7ffffffffffffbb8
21611000 : system.cpu : T0 : 0x1c49c : @_int_malloc+600 : c_ldsp : c_ldsp s3, 184(sp) : MemRead : D=0x0000000000079fc0 A=0x7ffffffffffffc88
22476000 : system.cpu : T0 : 0x1c49c : @_int_malloc+600 : c_ldsp : c_ldsp s3, 184(sp) : MemRead : D=0x0000000000079fc0 A=0x7ffffffffffffc88
35552000 : system.cpu : T0 : 0x1c49c : @_int_malloc+600 : c_ldsp : c_ldsp s3, 184(sp) : MemRead : D=0x000000000005a320 A=0x7ffffffffffffbe8
16203000 : system.cpu : T0 : 0x1c49e : @_int_malloc+602 : c_ldsp : c_ldsp s4, 176(sp) : MemRead : D=0x0000000000000000 A=0x7fffffffffffeca0
20504000 : system.cpu : T0 : 0x1c49e : @_int_malloc+602 : c_ldsp : c_ldsp s4, 176(sp) : MemRead : D=0x0000000000000000 A=0x7ffffffffffffbb0
21615000 : system.cpu : T0 : 0x1c49e : @_int_malloc+602 : c_ldsp : c_ldsp s4, 176(sp) : MemRead : D=0x0000000000000000 A=0x7ffffffffffffc80
22480000 : system.cpu : T0 : 0x1c49e : @_int_malloc+602 : c_ldsp : c_ldsp s4, 176(sp) : MemRead : D=0x0000000000000000 A=0x7ffffffffffffc80
35556000 : system.cpu : T0 : 0x1c49e : @_int_malloc+602 : c_ldsp : c_ldsp s4, 176(sp) : MemRead : D=0x00000000000749d8 A=0x7ffffffffffffbe0
16207000 : system.cpu : T0 : 0x1c4a0 : @_int_malloc+604 : c_ldsp : c_ldsp s5, 168(sp) : MemRead : D=0x0000000000000000 A=0x7fffffffffffec98
20508000 : system.cpu : T0 : 0x1c4a0 : @_int_malloc+604 : c_ldsp : c_ldsp s5, 168(sp) : MemRead : D=0x0000000000000000 A=0x7ffffffffffffba8
21619000 : system.cpu : T0 : 0x1c4a0 : @_int_malloc+604 : c_ldsp : c_ldsp s5, 168(sp) : MemRead : D=0x0000000000000000 A=0x7ffffffffffffc78
22484000 : system.cpu : T0 : 0x1c4a0 : @_int_malloc+604 : c_ldsp : c_ldsp s5, 168(sp) : MemRead : D=0x000000000007f000 A=0x7ffffffffffffc78
35560000 : system.cpu : T0 : 0x1c4a0 : @_int_malloc+604 : c_ldsp : c_ldsp s5, 168(sp) : MemRead : D=0x0000000000000000 A=0x7ffffffffffffbd8
16211000 : system.cpu : T0 : 0x1c4a2 : @_int_malloc+606 : c_ldsp : c_ldsp s6, 160(sp) : MemRead : D=0x0000000000000000 A=0x7fffffffffffec90
20512000 : system.cpu : T0 : 0x1c4a2 : @_int_malloc+606 : c_ldsp : c_ldsp s6, 160(sp) : MemRead : D=0x0000000000000000 A=0x7ffffffffffffba0
21623000 : system.cpu : T0 : 0x1c4a2 : @_int_malloc+606 : c_ldsp : c_ldsp s6, 160(sp) : MemRead : D=0x0000000000000000 A=0x7ffffffffffffc70
22488000 : system.cpu : T0 : 0x1c4a2 : @_int_malloc+606 : c_ldsp : c_ldsp s6, 160(sp) : MemRead : D=0x0000000000000000 A=0x7ffffffffffffc70
35564000 : system.cpu : T0 : 0x1c4a2 : @_int_malloc+606 : c_ldsp : c_ldsp s6, 160(sp) : MemRead : D=0x0000000000000000 A=0x7ffffffffffffbd0
16215000 : system.cpu : T0 : 0x1c4a4 : @_int_malloc+608 : c_ldsp : c_ldsp s7, 152(sp) : MemRead : D=0x0000000000000000 A=0x7fffffffffffec88
20516000 : system.cpu : T0 : 0x1c4a4 : @_int_malloc+608 : c_ldsp : c_ldsp s7, 152(sp) : MemRead : D=0x0000000000000000 A=0x7ffffffffffffb98
21627000 : system.cpu : T0 : 0x1c4a4 : @_int_malloc+608 : c_ldsp : c_ldsp s7, 152(sp) : MemRead : D=0x0000000000000000 A=0x7ffffffffffffc68
22492000 : system.cpu : T0 : 0x1c4a4 : @_int_malloc+608 : c_ldsp : c_ldsp s7, 152(sp) : MemRead : D=0x0000000000000000 A=0x7ffffffffffffc68
35568000 : system.cpu : T0 : 0x1c4a4 : @_int_malloc+608 : c_ldsp : c_ldsp s7, 152(sp) : MemRead : D=0x0000000000000000 A=0x7ffffffffffffbc8
16219000 : system.cpu : T0 : 0x1c4a6 : @_int_malloc+610 : c_ldsp : c_ldsp s8, 144(sp) : MemRead : D=0x0000000000000000 A=0x7fffffffffffec80
20520000 : system.cpu : T0 : 0x1c4a6 : @_int_malloc+610 : c_ldsp : c_ldsp s8, 144(sp) : MemRead : D=0x0000000000000003 A=0x7ffffffffffffb90
21631000 : system.cpu : T0 : 0x1c4a6 : @_int_malloc+610 : c_ldsp : c_ldsp s8, 144(sp) : MemRead : D=0x0000000000000000 A=0x7ffffffffffffc60
22496000 : system.cpu : T0 : 0x1c4a6 : @_int_malloc+610 : c_ldsp : c_ldsp s8, 144(sp) : MemRead : D=0x0000000000000000 A=0x7ffffffffffffc60
35572000 : system.cpu : T0 : 0x1c4a6 : @_int_malloc+610 : c_ldsp : c_ldsp s8, 144(sp) : MemRead : D=0x0000000000000000 A=0x7ffffffffffffbc0
16223000 : system.cpu : T0 : 0x1c4a8 : @_int_malloc+612 : c_ldsp : c_ldsp s9, 136(sp) : MemRead : D=0x0000000000000000 A=0x7fffffffffffec78
20524000 : system.cpu : T0 : 0x1c4a8 : @_int_malloc+612 : c_ldsp : c_ldsp s9, 136(sp) : MemRead : D=0x0000000000000000 A=0x7ffffffffffffb88
21635000 : system.cpu : T0 : 0x1c4a8 : @_int_malloc+612 : c_ldsp : c_ldsp s9, 136(sp) : MemRead : D=0x0000000000000000 A=0x7ffffffffffffc58
22500000 : system.cpu : T0 : 0x1c4a8 : @_int_malloc+612 : c_ldsp : c_ldsp s9, 136(sp) : MemRead : D=0x0000000000000000 A=0x7ffffffffffffc58
35576000 : system.cpu : T0 : 0x1c4a8 : @_int_malloc+612 : c_ldsp : c_ldsp s9, 136(sp) : MemRead : D=0x0000000000000000 A=0x7ffffffffffffbb8
16227000 : system.cpu : T0 : 0x1c4aa : @_int_malloc+614 : c_ldsp : c_ldsp s10, 128(sp) : MemRead : D=0x0000000000000000 A=0x7fffffffffffec70
20528000 : system.cpu : T0 : 0x1c4aa : @_int_malloc+614 : c_ldsp : c_ldsp s10, 128(sp) : MemRead : D=0x0000000000000000 A=0x7ffffffffffffb80
21639000 : system.cpu : T0 : 0x1c4aa : @_int_malloc+614 : c_ldsp : c_ldsp s10, 128(sp) : MemRead : D=0x0000000000000000 A=0x7ffffffffffffc50
22504000 : system.cpu : T0 : 0x1c4aa : @_int_malloc+614 : c_ldsp : c_ldsp s10, 128(sp) : MemRead : D=0x0000000000000000 A=0x7ffffffffffffc50
35580000 : system.cpu : T0 : 0x1c4aa : @_int_malloc+614 : c_ldsp : c_ldsp s10, 128(sp) : MemRead : D=0x0000000000000000 A=0x7ffffffffffffbb0
16231000 : system.cpu : T0 : 0x1c4ac : @_int_malloc+616 : c_ldsp : c_ldsp s11, 120(sp) : MemRead : D=0x0000000000000000 A=0x7fffffffffffec68
20532000 : system.cpu : T0 : 0x1c4ac : @_int_malloc+616 : c_ldsp : c_ldsp s11, 120(sp) : MemRead : D=0x7ffffffffffffc00 A=0x7ffffffffffffb78
21643000 : system.cpu : T0 : 0x1c4ac : @_int_malloc+616 : c_ldsp : c_ldsp s11, 120(sp) : MemRead : D=0x0000000000000000 A=0x7ffffffffffffc48
22508000 : system.cpu : T0 : 0x1c4ac : @_int_malloc+616 : c_ldsp : c_ldsp s11, 120(sp) : MemRead : D=0x0000000000000000 A=0x7ffffffffffffc48
35584000 : system.cpu : T0 : 0x1c4ac : @_int_malloc+616 : c_ldsp : c_ldsp s11, 120(sp) : MemRead : D=0x0000000000000000 A=0x7ffffffffffffba8
16235000 : system.cpu : T0 : 0x1c4ae : @_int_malloc+618 : c_addi16sp : c_addi16sp sp, 224 : IntAlu : D=0x7fffffffffffecd0
20536000 : system.cpu : T0 : 0x1c4ae : @_int_malloc+618 : c_addi16sp : c_addi16sp sp, 224 : IntAlu : D=0x7ffffffffffffbe0
21647000 : system.cpu : T0 : 0x1c4ae : @_int_malloc+618 : c_addi16sp : c_addi16sp sp, 224 : IntAlu : D=0x7ffffffffffffcb0
22512000 : system.cpu : T0 : 0x1c4ae : @_int_malloc+618 : c_addi16sp : c_addi16sp sp, 224 : IntAlu : D=0x7ffffffffffffcb0
35588000 : system.cpu : T0 : 0x1c4ae : @_int_malloc+618 : c_addi16sp : c_addi16sp sp, 224 : IntAlu : D=0x7ffffffffffffc10
16237000 : system.cpu : T0 : 0x1c4b0 : @_int_malloc+620 : c_jr : c_jr ra : IntAlu : 
20538000 : system.cpu : T0 : 0x1c4b0 : @_int_malloc+620 : c_jr : c_jr ra : IntAlu : 
21649000 : system.cpu : T0 : 0x1c4b0 : @_int_malloc+620 : c_jr : c_jr ra : IntAlu : 
22514000 : system.cpu : T0 : 0x1c4b0 : @_int_malloc+620 : c_jr : c_jr ra : IntAlu : 
35590000 : system.cpu : T0 : 0x1c4b0 : @_int_malloc+620 : c_jr : c_jr ra : IntAlu : 
9117000 : system.cpu : T0 : 0x1c4be : @_int_malloc+634 : c_add : c_add a5, s11 : IntAlu : D=0x000000000007a750
19992000 : system.cpu : T0 : 0x1c4be : @_int_malloc+634 : c_add : c_add a5, s11 : IntAlu : D=0x000000000007a720
21160000 : system.cpu : T0 : 0x1c4be : @_int_malloc+634 : c_add : c_add a5, s11 : IntAlu : D=0x000000000007a710
9170000 : system.cpu : T0 : 0x1c4c0 : @_int_malloc+636 : c_ld : c_ld a3, 8(a5) : MemRead : D=0x0000000000000000 A=0x7a758
19994000 : system.cpu : T0 : 0x1c4c0 : @_int_malloc+636 : c_ld : c_ld a3, 8(a5) : MemRead : D=0x000000000007a710 A=0x7a728
21162000 : system.cpu : T0 : 0x1c4c0 : @_int_malloc+636 : c_ld : c_ld a3, 8(a5) : MemRead : D=0x000000000007a700 A=0x7a718
9227000 : system.cpu : T0 : 0x1c4c2 : @_int_malloc+638 : addi : addi a4, a5, -16 : IntAlu : D=0x000000000007a740
20000000 : system.cpu : T0 : 0x1c4c2 : @_int_malloc+638 : addi : addi a4, a5, -16 : IntAlu : D=0x000000000007a710
21168000 : system.cpu : T0 : 0x1c4c2 : @_int_malloc+638 : addi : addi a4, a5, -16 : IntAlu : D=0x000000000007a700
9231000 : system.cpu : T0 : 0x1c4c6 : @_int_malloc+642 : beq : beq a4, a3, 756 : IntAlu : 
20004000 : system.cpu : T0 : 0x1c4c6 : @_int_malloc+642 : beq : beq a4, a3, 756 : IntAlu : 
21172000 : system.cpu : T0 : 0x1c4c6 : @_int_malloc+642 : beq : beq a4, a3, 756 : IntAlu : 
9235000 : system.cpu : T0 : 0x1c4ca : @_int_malloc+646 : beq : beq a3, zero, 1158 : IntAlu : 
13229000 : system.cpu : T0 : 0x1c63c : @_int_malloc+1016 : addi : addi a5, zero, 1023 : IntAlu : D=0x00000000000003ff
20207000 : system.cpu : T0 : 0x1c63c : @_int_malloc+1016 : addi : addi a5, zero, 1023 : IntAlu : D=0x00000000000003ff
21292000 : system.cpu : T0 : 0x1c63c : @_int_malloc+1016 : addi : addi a5, zero, 1023 : IntAlu : D=0x00000000000003ff
22219000 : system.cpu : T0 : 0x1c63c : @_int_malloc+1016 : addi : addi a5, zero, 1023 : IntAlu : D=0x00000000000003ff
35309000 : system.cpu : T0 : 0x1c63c : @_int_malloc+1016 : addi : addi a5, zero, 1023 : IntAlu : D=0x00000000000003ff
13296000 : system.cpu : T0 : 0x1c640 : @_int_malloc+1020 : bgeu : bgeu a5, s10, 38 : IntAlu : 
20209000 : system.cpu : T0 : 0x1c640 : @_int_malloc+1020 : bgeu : bgeu a5, s10, 38 : IntAlu : 
21294000 : system.cpu : T0 : 0x1c640 : @_int_malloc+1020 : bgeu : bgeu a5, s10, 38 : IntAlu : 
22221000 : system.cpu : T0 : 0x1c640 : @_int_malloc+1020 : bgeu : bgeu a5, s10, 38 : IntAlu : 
35311000 : system.cpu : T0 : 0x1c640 : @_int_malloc+1020 : bgeu : bgeu a5, s10, 38 : IntAlu : 
22223000 : system.cpu : T0 : 0x1c644 : @_int_malloc+1024 : c_lwsp : c_lwsp a5, 0(sp) : MemRead : D=0x0000000000000044 A=0x7ffffffffffffbd0
35313000 : system.cpu : T0 : 0x1c644 : @_int_malloc+1024 : c_lwsp : c_lwsp a5, 0(sp) : MemRead : D=0x000000000000006b A=0x7ffffffffffffb30
22229000 : system.cpu : T0 : 0x1c646 : @_int_malloc+1026 : slliw : slliw a5, a5, 1 : IntAlu : D=0x0000000000000088
35319000 : system.cpu : T0 : 0x1c646 : @_int_malloc+1026 : slliw : slliw a5, a5, 1 : IntAlu : D=0x00000000000000d6
22231000 : system.cpu : T0 : 0x1c64a : @_int_malloc+1030 : c_addiw : c_addiw a5, -2 : IntAlu : D=0x0000000000000086
35321000 : system.cpu : T0 : 0x1c64a : @_int_malloc+1030 : c_addiw : c_addiw a5, -2 : IntAlu : D=0x00000000000000d4
22233000 : system.cpu : T0 : 0x1c64c : @_int_malloc+1032 : c_slli : c_slli a5, 32 : IntAlu : D=0x0000008600000000
35323000 : system.cpu : T0 : 0x1c64c : @_int_malloc+1032 : c_slli : c_slli a5, 32 : IntAlu : D=0x000000d400000000
22235000 : system.cpu : T0 : 0x1c64e : @_int_malloc+1034 : c_srli : c_srli a5, 32 : IntAlu : D=0x0000000000000086
35325000 : system.cpu : T0 : 0x1c64e : @_int_malloc+1034 : c_srli : c_srli a5, 32 : IntAlu : D=0x00000000000000d4
22237000 : system.cpu : T0 : 0x1c650 : @_int_malloc+1036 : c_addi : c_addi a5, 13 : IntAlu : D=0x0000000000000093
35327000 : system.cpu : T0 : 0x1c650 : @_int_malloc+1036 : c_addi : c_addi a5, 13 : IntAlu : D=0x00000000000000e1
22239000 : system.cpu : T0 : 0x1c652 : @_int_malloc+1038 : c_slli : c_slli a5, 3 : IntAlu : D=0x0000000000000498
35329000 : system.cpu : T0 : 0x1c652 : @_int_malloc+1038 : c_slli : c_slli a5, 3 : IntAlu : D=0x0000000000000708
22241000 : system.cpu : T0 : 0x1c654 : @_int_malloc+1040 : c_add : c_add a5, s11 : IntAlu : D=0x000000000007ab30
35331000 : system.cpu : T0 : 0x1c654 : @_int_malloc+1040 : c_add : c_add a5, s11 : IntAlu : D=0x000000000007ada0
22243000 : system.cpu : T0 : 0x1c656 : @_int_malloc+1042 : c_ld : c_ld a4, 0(a5) : MemRead : D=0x000000000007ab20 A=0x7ab30
35333000 : system.cpu : T0 : 0x1c656 : @_int_malloc+1042 : c_ld : c_ld a4, 0(a5) : MemRead : D=0x000000000007ad90 A=0x7ada0
22247000 : system.cpu : T0 : 0x1c658 : @_int_malloc+1044 : addi : addi a3, a5, -16 : IntAlu : D=0x000000000007ab20
35337000 : system.cpu : T0 : 0x1c658 : @_int_malloc+1044 : addi : addi a3, a5, -16 : IntAlu : D=0x000000000007ad90
22249000 : system.cpu : T0 : 0x1c65c : @_int_malloc+1048 : beq : beq a4, a3, 10 : IntAlu : 
35339000 : system.cpu : T0 : 0x1c65c : @_int_malloc+1048 : beq : beq a4, a3, 10 : IntAlu : 
13302000 : system.cpu : T0 : 0x1c666 : @_int_malloc+1058 : c_ldsp : c_ldsp a3, 0(sp) : MemRead : D=0x0000000000000006 A=0x7fffffffffffebf0
20211000 : system.cpu : T0 : 0x1c666 : @_int_malloc+1058 : c_ldsp : c_ldsp a3, 0(sp) : MemRead : D=0x0000000000000003 A=0x7ffffffffffffb00
21296000 : system.cpu : T0 : 0x1c666 : @_int_malloc+1058 : c_ldsp : c_ldsp a3, 0(sp) : MemRead : D=0x0000000000000002 A=0x7ffffffffffffbd0
22251000 : system.cpu : T0 : 0x1c666 : @_int_malloc+1058 : c_ldsp : c_ldsp a3, 0(sp) : MemRead : D=0x0000000000000044 A=0x7ffffffffffffbd0
35341000 : system.cpu : T0 : 0x1c666 : @_int_malloc+1058 : c_ldsp : c_ldsp a3, 0(sp) : MemRead : D=0x000000000000006b A=0x7ffffffffffffb30
13306000 : system.cpu : T0 : 0x1c668 : @_int_malloc+1060 : addiw : addiw a5, a3, 1 : IntAlu : D=0x0000000000000007
20215000 : system.cpu : T0 : 0x1c668 : @_int_malloc+1060 : addiw : addiw a5, a3, 1 : IntAlu : D=0x0000000000000004
21300000 : system.cpu : T0 : 0x1c668 : @_int_malloc+1060 : addiw : addiw a5, a3, 1 : IntAlu : D=0x0000000000000003
22255000 : system.cpu : T0 : 0x1c668 : @_int_malloc+1060 : addiw : addiw a5, a3, 1 : IntAlu : D=0x0000000000000045
35345000 : system.cpu : T0 : 0x1c668 : @_int_malloc+1060 : addiw : addiw a5, a3, 1 : IntAlu : D=0x000000000000006c
13308000 : system.cpu : T0 : 0x1c66c : @_int_malloc+1064 : srliw : srliw s0, a5, 5 : IntAlu : D=0x0000000000000000
20217000 : system.cpu : T0 : 0x1c66c : @_int_malloc+1064 : srliw : srliw s0, a5, 5 : IntAlu : D=0x0000000000000000
21302000 : system.cpu : T0 : 0x1c66c : @_int_malloc+1064 : srliw : srliw s0, a5, 5 : IntAlu : D=0x0000000000000000
22257000 : system.cpu : T0 : 0x1c66c : @_int_malloc+1064 : srliw : srliw s0, a5, 5 : IntAlu : D=0x0000000000000002
35347000 : system.cpu : T0 : 0x1c66c : @_int_malloc+1064 : srliw : srliw s0, a5, 5 : IntAlu : D=0x0000000000000003
13310000 : system.cpu : T0 : 0x1c670 : @_int_malloc+1068 : slli : slli a4, s0, 32 : IntAlu : D=0x0000000000000000
20219000 : system.cpu : T0 : 0x1c670 : @_int_malloc+1068 : slli : slli a4, s0, 32 : IntAlu : D=0x0000000000000000
21304000 : system.cpu : T0 : 0x1c670 : @_int_malloc+1068 : slli : slli a4, s0, 32 : IntAlu : D=0x0000000000000000
22259000 : system.cpu : T0 : 0x1c670 : @_int_malloc+1068 : slli : slli a4, s0, 32 : IntAlu : D=0x0000000200000000
35349000 : system.cpu : T0 : 0x1c670 : @_int_malloc+1068 : slli : slli a4, s0, 32 : IntAlu : D=0x0000000300000000
13312000 : system.cpu : T0 : 0x1c674 : @_int_malloc+1072 : slliw : slliw a1, a3, 1 : IntAlu : D=0x000000000000000c
20221000 : system.cpu : T0 : 0x1c674 : @_int_malloc+1072 : slliw : slliw a1, a3, 1 : IntAlu : D=0x0000000000000006
21306000 : system.cpu : T0 : 0x1c674 : @_int_malloc+1072 : slliw : slliw a1, a3, 1 : IntAlu : D=0x0000000000000004
22261000 : system.cpu : T0 : 0x1c674 : @_int_malloc+1072 : slliw : slliw a1, a3, 1 : IntAlu : D=0x0000000000000088
35351000 : system.cpu : T0 : 0x1c674 : @_int_malloc+1072 : slliw : slliw a1, a3, 1 : IntAlu : D=0x00000000000000d6
13314000 : system.cpu : T0 : 0x1c678 : @_int_malloc+1076 : c_srli : c_srli a4, 32 : IntAlu : D=0x0000000000000000
20223000 : system.cpu : T0 : 0x1c678 : @_int_malloc+1076 : c_srli : c_srli a4, 32 : IntAlu : D=0x0000000000000000
21308000 : system.cpu : T0 : 0x1c678 : @_int_malloc+1076 : c_srli : c_srli a4, 32 : IntAlu : D=0x0000000000000000
22263000 : system.cpu : T0 : 0x1c678 : @_int_malloc+1076 : c_srli : c_srli a4, 32 : IntAlu : D=0x0000000000000002
35353000 : system.cpu : T0 : 0x1c678 : @_int_malloc+1076 : c_srli : c_srli a4, 32 : IntAlu : D=0x0000000000000003
13318000 : system.cpu : T0 : 0x1c67a : @_int_malloc+1078 : addi : addi a4, a4, 532 : IntAlu : D=0x0000000000000214
20227000 : system.cpu : T0 : 0x1c67a : @_int_malloc+1078 : addi : addi a4, a4, 532 : IntAlu : D=0x0000000000000214
21312000 : system.cpu : T0 : 0x1c67a : @_int_malloc+1078 : addi : addi a4, a4, 532 : IntAlu : D=0x0000000000000214
22267000 : system.cpu : T0 : 0x1c67a : @_int_malloc+1078 : addi : addi a4, a4, 532 : IntAlu : D=0x0000000000000216
35357000 : system.cpu : T0 : 0x1c67a : @_int_malloc+1078 : addi : addi a4, a4, 532 : IntAlu : D=0x0000000000000217
13320000 : system.cpu : T0 : 0x1c67e : @_int_malloc+1082 : c_slli : c_slli a1, 32 : IntAlu : D=0x0000000c00000000
20229000 : system.cpu : T0 : 0x1c67e : @_int_malloc+1082 : c_slli : c_slli a1, 32 : IntAlu : D=0x0000000600000000
21314000 : system.cpu : T0 : 0x1c67e : @_int_malloc+1082 : c_slli : c_slli a1, 32 : IntAlu : D=0x0000000400000000
22269000 : system.cpu : T0 : 0x1c67e : @_int_malloc+1082 : c_slli : c_slli a1, 32 : IntAlu : D=0x0000008800000000
35359000 : system.cpu : T0 : 0x1c67e : @_int_malloc+1082 : c_slli : c_slli a1, 32 : IntAlu : D=0x000000d600000000
13373000 : system.cpu : T0 : 0x1c680 : @_int_malloc+1084 : c_slli : c_slli a4, 2 : IntAlu : D=0x0000000000000850
20231000 : system.cpu : T0 : 0x1c680 : @_int_malloc+1084 : c_slli : c_slli a4, 2 : IntAlu : D=0x0000000000000850
21316000 : system.cpu : T0 : 0x1c680 : @_int_malloc+1084 : c_slli : c_slli a4, 2 : IntAlu : D=0x0000000000000850
22271000 : system.cpu : T0 : 0x1c680 : @_int_malloc+1084 : c_slli : c_slli a4, 2 : IntAlu : D=0x0000000000000858
35361000 : system.cpu : T0 : 0x1c680 : @_int_malloc+1084 : c_slli : c_slli a4, 2 : IntAlu : D=0x000000000000085c
13379000 : system.cpu : T0 : 0x1c682 : @_int_malloc+1086 : c_srli : c_srli a1, 32 : IntAlu : D=0x000000000000000c
20233000 : system.cpu : T0 : 0x1c682 : @_int_malloc+1086 : c_srli : c_srli a1, 32 : IntAlu : D=0x0000000000000006
21318000 : system.cpu : T0 : 0x1c682 : @_int_malloc+1086 : c_srli : c_srli a1, 32 : IntAlu : D=0x0000000000000004
22273000 : system.cpu : T0 : 0x1c682 : @_int_malloc+1086 : c_srli : c_srli a1, 32 : IntAlu : D=0x0000000000000088
35363000 : system.cpu : T0 : 0x1c682 : @_int_malloc+1086 : c_srli : c_srli a1, 32 : IntAlu : D=0x00000000000000d6
13381000 : system.cpu : T0 : 0x1c684 : @_int_malloc+1088 : c_add : c_add a4, s11 : IntAlu : D=0x000000000007aee8
20235000 : system.cpu : T0 : 0x1c684 : @_int_malloc+1088 : c_add : c_add a4, s11 : IntAlu : D=0x000000000007aee8
21320000 : system.cpu : T0 : 0x1c684 : @_int_malloc+1088 : c_add : c_add a4, s11 : IntAlu : D=0x000000000007aee8
22275000 : system.cpu : T0 : 0x1c684 : @_int_malloc+1088 : c_add : c_add a4, s11 : IntAlu : D=0x000000000007aef0
35365000 : system.cpu : T0 : 0x1c684 : @_int_malloc+1088 : c_add : c_add a4, s11 : IntAlu : D=0x000000000007aef4
13383000 : system.cpu : T0 : 0x1c686 : @_int_malloc+1090 : c_slli : c_slli a1, 3 : IntAlu : D=0x0000000000000060
20237000 : system.cpu : T0 : 0x1c686 : @_int_malloc+1090 : c_slli : c_slli a1, 3 : IntAlu : D=0x0000000000000030
21322000 : system.cpu : T0 : 0x1c686 : @_int_malloc+1090 : c_slli : c_slli a1, 3 : IntAlu : D=0x0000000000000020
22277000 : system.cpu : T0 : 0x1c686 : @_int_malloc+1090 : c_slli : c_slli a1, 3 : IntAlu : D=0x0000000000000440
35367000 : system.cpu : T0 : 0x1c686 : @_int_malloc+1090 : c_slli : c_slli a1, 3 : IntAlu : D=0x00000000000006b0
13385000 : system.cpu : T0 : 0x1c688 : @_int_malloc+1092 : c_lw : c_lw a2, 8(a4) : MemRead : D=0x0000000000000000 A=0x7aef0
20239000 : system.cpu : T0 : 0x1c688 : @_int_malloc+1092 : c_lw : c_lw a2, 8(a4) : MemRead : D=0x0000000000000000 A=0x7aef0
21324000 : system.cpu : T0 : 0x1c688 : @_int_malloc+1092 : c_lw : c_lw a2, 8(a4) : MemRead : D=0x0000000000000000 A=0x7aef0
22279000 : system.cpu : T0 : 0x1c688 : @_int_malloc+1092 : c_lw : c_lw a2, 8(a4) : MemRead : D=0x0000000000000000 A=0x7aef8
35369000 : system.cpu : T0 : 0x1c688 : @_int_malloc+1092 : c_lw : c_lw a2, 8(a4) : MemRead : D=0x0000000000000000 A=0x7aefc
13391000 : system.cpu : T0 : 0x1c68a : @_int_malloc+1094 : addi : addi a1, a1, 88 : IntAlu : D=0x00000000000000b8
20245000 : system.cpu : T0 : 0x1c68a : @_int_malloc+1094 : addi : addi a1, a1, 88 : IntAlu : D=0x0000000000000088
21330000 : system.cpu : T0 : 0x1c68a : @_int_malloc+1094 : addi : addi a1, a1, 88 : IntAlu : D=0x0000000000000078
22285000 : system.cpu : T0 : 0x1c68a : @_int_malloc+1094 : addi : addi a1, a1, 88 : IntAlu : D=0x0000000000000498
35375000 : system.cpu : T0 : 0x1c68a : @_int_malloc+1094 : addi : addi a1, a1, 88 : IntAlu : D=0x0000000000000708
13393000 : system.cpu : T0 : 0x1c68e : @_int_malloc+1098 : c_li : c_li a4, 1 : IntAlu : D=0x0000000000000001
20247000 : system.cpu : T0 : 0x1c68e : @_int_malloc+1098 : c_li : c_li a4, 1 : IntAlu : D=0x0000000000000001
21332000 : system.cpu : T0 : 0x1c68e : @_int_malloc+1098 : c_li : c_li a4, 1 : IntAlu : D=0x0000000000000001
22287000 : system.cpu : T0 : 0x1c68e : @_int_malloc+1098 : c_li : c_li a4, 1 : IntAlu : D=0x0000000000000001
35377000 : system.cpu : T0 : 0x1c68e : @_int_malloc+1098 : c_li : c_li a4, 1 : IntAlu : D=0x0000000000000001
13395000 : system.cpu : T0 : 0x1c690 : @_int_malloc+1100 : c_add : c_add a1, s11 : IntAlu : D=0x000000000007a750
20249000 : system.cpu : T0 : 0x1c690 : @_int_malloc+1100 : c_add : c_add a1, s11 : IntAlu : D=0x000000000007a720
21334000 : system.cpu : T0 : 0x1c690 : @_int_malloc+1100 : c_add : c_add a1, s11 : IntAlu : D=0x000000000007a710
22289000 : system.cpu : T0 : 0x1c690 : @_int_malloc+1100 : c_add : c_add a1, s11 : IntAlu : D=0x000000000007ab30
35379000 : system.cpu : T0 : 0x1c690 : @_int_malloc+1100 : c_add : c_add a1, s11 : IntAlu : D=0x000000000007ada0
13397000 : system.cpu : T0 : 0x1c692 : @_int_malloc+1102 : c_addiw : c_addiw s0, 0 : IntAlu : D=0x0000000000000000
20251000 : system.cpu : T0 : 0x1c692 : @_int_malloc+1102 : c_addiw : c_addiw s0, 0 : IntAlu : D=0x0000000000000000
21336000 : system.cpu : T0 : 0x1c692 : @_int_malloc+1102 : c_addiw : c_addiw s0, 0 : IntAlu : D=0x0000000000000000
22291000 : system.cpu : T0 : 0x1c692 : @_int_malloc+1102 : c_addiw : c_addiw s0, 0 : IntAlu : D=0x0000000000000002
35381000 : system.cpu : T0 : 0x1c692 : @_int_malloc+1102 : c_addiw : c_addiw s0, 0 : IntAlu : D=0x0000000000000003
13399000 : system.cpu : T0 : 0x1c694 : @_int_malloc+1104 : sllw : sllw a5, a4, a5 : IntAlu : D=0x0000000000000080
20253000 : system.cpu : T0 : 0x1c694 : @_int_malloc+1104 : sllw : sllw a5, a4, a5 : IntAlu : D=0x0000000000000010
21338000 : system.cpu : T0 : 0x1c694 : @_int_malloc+1104 : sllw : sllw a5, a4, a5 : IntAlu : D=0x0000000000000008
22293000 : system.cpu : T0 : 0x1c694 : @_int_malloc+1104 : sllw : sllw a5, a4, a5 : IntAlu : D=0x0000000000000020
35383000 : system.cpu : T0 : 0x1c694 : @_int_malloc+1104 : sllw : sllw a5, a4, a5 : IntAlu : D=0x0000000000001000
13401000 : system.cpu : T0 : 0x1c698 : @_int_malloc+1108 : c_li : c_li a3, 4 : IntAlu : D=0x0000000000000004
20255000 : system.cpu : T0 : 0x1c698 : @_int_malloc+1108 : c_li : c_li a3, 4 : IntAlu : D=0x0000000000000004
21340000 : system.cpu : T0 : 0x1c698 : @_int_malloc+1108 : c_li : c_li a3, 4 : IntAlu : D=0x0000000000000004
22295000 : system.cpu : T0 : 0x1c698 : @_int_malloc+1108 : c_li : c_li a3, 4 : IntAlu : D=0x0000000000000004
35385000 : system.cpu : T0 : 0x1c698 : @_int_malloc+1108 : c_li : c_li a3, 4 : IntAlu : D=0x0000000000000004
13405000 : system.cpu : T0 : 0x1c69a : @_int_malloc+1110 : bltu : bltu a2, a5, 80 : IntAlu : 
20259000 : system.cpu : T0 : 0x1c69a : @_int_malloc+1110 : bltu : bltu a2, a5, 80 : IntAlu : 
21344000 : system.cpu : T0 : 0x1c69a : @_int_malloc+1110 : bltu : bltu a2, a5, 80 : IntAlu : 
22299000 : system.cpu : T0 : 0x1c69a : @_int_malloc+1110 : bltu : bltu a2, a5, 80 : IntAlu : 
35389000 : system.cpu : T0 : 0x1c69a : @_int_malloc+1110 : bltu : bltu a2, a5, 80 : IntAlu : 
13474000 : system.cpu : T0 : 0x1c6da : @_int_malloc+1174 : c_slli : c_slli a5, 32 : IntAlu : D=0x0000000100000000
13504000 : system.cpu : T0 : 0x1c6da : @_int_malloc+1174 : c_slli : c_slli a5, 32 : IntAlu : D=0x0000000200000000
13534000 : system.cpu : T0 : 0x1c6da : @_int_malloc+1174 : c_slli : c_slli a5, 32 : IntAlu : D=0x0000000300000000
20273000 : system.cpu : T0 : 0x1c6da : @_int_malloc+1174 : c_slli : c_slli a5, 32 : IntAlu : D=0x0000000100000000
20303000 : system.cpu : T0 : 0x1c6da : @_int_malloc+1174 : c_slli : c_slli a5, 32 : IntAlu : D=0x0000000200000000
20333000 : system.cpu : T0 : 0x1c6da : @_int_malloc+1174 : c_slli : c_slli a5, 32 : IntAlu : D=0x0000000300000000
21358000 : system.cpu : T0 : 0x1c6da : @_int_malloc+1174 : c_slli : c_slli a5, 32 : IntAlu : D=0x0000000100000000
21388000 : system.cpu : T0 : 0x1c6da : @_int_malloc+1174 : c_slli : c_slli a5, 32 : IntAlu : D=0x0000000200000000
21418000 : system.cpu : T0 : 0x1c6da : @_int_malloc+1174 : c_slli : c_slli a5, 32 : IntAlu : D=0x0000000300000000
22313000 : system.cpu : T0 : 0x1c6da : @_int_malloc+1174 : c_slli : c_slli a5, 32 : IntAlu : D=0x0000000300000000
13476000 : system.cpu : T0 : 0x1c6dc : @_int_malloc+1176 : c_srli : c_srli a5, 32 : IntAlu : D=0x0000000000000001
13506000 : system.cpu : T0 : 0x1c6dc : @_int_malloc+1176 : c_srli : c_srli a5, 32 : IntAlu : D=0x0000000000000002
13536000 : system.cpu : T0 : 0x1c6dc : @_int_malloc+1176 : c_srli : c_srli a5, 32 : IntAlu : D=0x0000000000000003
20275000 : system.cpu : T0 : 0x1c6dc : @_int_malloc+1176 : c_srli : c_srli a5, 32 : IntAlu : D=0x0000000000000001
20305000 : system.cpu : T0 : 0x1c6dc : @_int_malloc+1176 : c_srli : c_srli a5, 32 : IntAlu : D=0x0000000000000002
20335000 : system.cpu : T0 : 0x1c6dc : @_int_malloc+1176 : c_srli : c_srli a5, 32 : IntAlu : D=0x0000000000000003
21360000 : system.cpu : T0 : 0x1c6dc : @_int_malloc+1176 : c_srli : c_srli a5, 32 : IntAlu : D=0x0000000000000001
21390000 : system.cpu : T0 : 0x1c6dc : @_int_malloc+1176 : c_srli : c_srli a5, 32 : IntAlu : D=0x0000000000000002
21420000 : system.cpu : T0 : 0x1c6dc : @_int_malloc+1176 : c_srli : c_srli a5, 32 : IntAlu : D=0x0000000000000003
22315000 : system.cpu : T0 : 0x1c6dc : @_int_malloc+1176 : c_srli : c_srli a5, 32 : IntAlu : D=0x0000000000000003
13480000 : system.cpu : T0 : 0x1c6de : @_int_malloc+1178 : addi : addi a5, a5, 532 : IntAlu : D=0x0000000000000215
13510000 : system.cpu : T0 : 0x1c6de : @_int_malloc+1178 : addi : addi a5, a5, 532 : IntAlu : D=0x0000000000000216
13540000 : system.cpu : T0 : 0x1c6de : @_int_malloc+1178 : addi : addi a5, a5, 532 : IntAlu : D=0x0000000000000217
20279000 : system.cpu : T0 : 0x1c6de : @_int_malloc+1178 : addi : addi a5, a5, 532 : IntAlu : D=0x0000000000000215
20309000 : system.cpu : T0 : 0x1c6de : @_int_malloc+1178 : addi : addi a5, a5, 532 : IntAlu : D=0x0000000000000216
20339000 : system.cpu : T0 : 0x1c6de : @_int_malloc+1178 : addi : addi a5, a5, 532 : IntAlu : D=0x0000000000000217
21364000 : system.cpu : T0 : 0x1c6de : @_int_malloc+1178 : addi : addi a5, a5, 532 : IntAlu : D=0x0000000000000215
21394000 : system.cpu : T0 : 0x1c6de : @_int_malloc+1178 : addi : addi a5, a5, 532 : IntAlu : D=0x0000000000000216
21424000 : system.cpu : T0 : 0x1c6de : @_int_malloc+1178 : addi : addi a5, a5, 532 : IntAlu : D=0x0000000000000217
22319000 : system.cpu : T0 : 0x1c6de : @_int_malloc+1178 : addi : addi a5, a5, 532 : IntAlu : D=0x0000000000000217
13482000 : system.cpu : T0 : 0x1c6e2 : @_int_malloc+1182 : c_slli : c_slli a5, 2 : IntAlu : D=0x0000000000000854
13512000 : system.cpu : T0 : 0x1c6e2 : @_int_malloc+1182 : c_slli : c_slli a5, 2 : IntAlu : D=0x0000000000000858
13542000 : system.cpu : T0 : 0x1c6e2 : @_int_malloc+1182 : c_slli : c_slli a5, 2 : IntAlu : D=0x000000000000085c
20281000 : system.cpu : T0 : 0x1c6e2 : @_int_malloc+1182 : c_slli : c_slli a5, 2 : IntAlu : D=0x0000000000000854
20311000 : system.cpu : T0 : 0x1c6e2 : @_int_malloc+1182 : c_slli : c_slli a5, 2 : IntAlu : D=0x0000000000000858
20341000 : system.cpu : T0 : 0x1c6e2 : @_int_malloc+1182 : c_slli : c_slli a5, 2 : IntAlu : D=0x000000000000085c
21366000 : system.cpu : T0 : 0x1c6e2 : @_int_malloc+1182 : c_slli : c_slli a5, 2 : IntAlu : D=0x0000000000000854
21396000 : system.cpu : T0 : 0x1c6e2 : @_int_malloc+1182 : c_slli : c_slli a5, 2 : IntAlu : D=0x0000000000000858
21426000 : system.cpu : T0 : 0x1c6e2 : @_int_malloc+1182 : c_slli : c_slli a5, 2 : IntAlu : D=0x000000000000085c
22321000 : system.cpu : T0 : 0x1c6e2 : @_int_malloc+1182 : c_slli : c_slli a5, 2 : IntAlu : D=0x000000000000085c
13484000 : system.cpu : T0 : 0x1c6e4 : @_int_malloc+1184 : c_add : c_add a5, s11 : IntAlu : D=0x000000000007aeec
13514000 : system.cpu : T0 : 0x1c6e4 : @_int_malloc+1184 : c_add : c_add a5, s11 : IntAlu : D=0x000000000007aef0
13544000 : system.cpu : T0 : 0x1c6e4 : @_int_malloc+1184 : c_add : c_add a5, s11 : IntAlu : D=0x000000000007aef4
20283000 : system.cpu : T0 : 0x1c6e4 : @_int_malloc+1184 : c_add : c_add a5, s11 : IntAlu : D=0x000000000007aeec
20313000 : system.cpu : T0 : 0x1c6e4 : @_int_malloc+1184 : c_add : c_add a5, s11 : IntAlu : D=0x000000000007aef0
20343000 : system.cpu : T0 : 0x1c6e4 : @_int_malloc+1184 : c_add : c_add a5, s11 : IntAlu : D=0x000000000007aef4
21368000 : system.cpu : T0 : 0x1c6e4 : @_int_malloc+1184 : c_add : c_add a5, s11 : IntAlu : D=0x000000000007aeec
21398000 : system.cpu : T0 : 0x1c6e4 : @_int_malloc+1184 : c_add : c_add a5, s11 : IntAlu : D=0x000000000007aef0
21428000 : system.cpu : T0 : 0x1c6e4 : @_int_malloc+1184 : c_add : c_add a5, s11 : IntAlu : D=0x000000000007aef4
22323000 : system.cpu : T0 : 0x1c6e4 : @_int_malloc+1184 : c_add : c_add a5, s11 : IntAlu : D=0x000000000007aef4
13486000 : system.cpu : T0 : 0x1c6e6 : @_int_malloc+1186 : c_lw : c_lw a2, 8(a5) : MemRead : D=0x0000000000000000 A=0x7aef4
13516000 : system.cpu : T0 : 0x1c6e6 : @_int_malloc+1186 : c_lw : c_lw a2, 8(a5) : MemRead : D=0x0000000000000000 A=0x7aef8
13546000 : system.cpu : T0 : 0x1c6e6 : @_int_malloc+1186 : c_lw : c_lw a2, 8(a5) : MemRead : D=0x0000000000000000 A=0x7aefc
20285000 : system.cpu : T0 : 0x1c6e6 : @_int_malloc+1186 : c_lw : c_lw a2, 8(a5) : MemRead : D=0x0000000000000000 A=0x7aef4
20315000 : system.cpu : T0 : 0x1c6e6 : @_int_malloc+1186 : c_lw : c_lw a2, 8(a5) : MemRead : D=0x0000000000000000 A=0x7aef8
20345000 : system.cpu : T0 : 0x1c6e6 : @_int_malloc+1186 : c_lw : c_lw a2, 8(a5) : MemRead : D=0x0000000000000000 A=0x7aefc
21370000 : system.cpu : T0 : 0x1c6e6 : @_int_malloc+1186 : c_lw : c_lw a2, 8(a5) : MemRead : D=0x0000000000000000 A=0x7aef4
21400000 : system.cpu : T0 : 0x1c6e6 : @_int_malloc+1186 : c_lw : c_lw a2, 8(a5) : MemRead : D=0x0000000000000000 A=0x7aef8
21430000 : system.cpu : T0 : 0x1c6e6 : @_int_malloc+1186 : c_lw : c_lw a2, 8(a5) : MemRead : D=0x0000000000000000 A=0x7aefc
22325000 : system.cpu : T0 : 0x1c6e6 : @_int_malloc+1186 : c_lw : c_lw a2, 8(a5) : MemRead : D=0x0000000000000000 A=0x7aefc
13490000 : system.cpu : T0 : 0x1c6e8 : @_int_malloc+1188 : c_bnez : c_bnez a2, 130 : IntAlu : 
13520000 : system.cpu : T0 : 0x1c6e8 : @_int_malloc+1188 : c_bnez : c_bnez a2, 130 : IntAlu : 
13550000 : system.cpu : T0 : 0x1c6e8 : @_int_malloc+1188 : c_bnez : c_bnez a2, 130 : IntAlu : 
20289000 : system.cpu : T0 : 0x1c6e8 : @_int_malloc+1188 : c_bnez : c_bnez a2, 130 : IntAlu : 
20319000 : system.cpu : T0 : 0x1c6e8 : @_int_malloc+1188 : c_bnez : c_bnez a2, 130 : IntAlu : 
20349000 : system.cpu : T0 : 0x1c6e8 : @_int_malloc+1188 : c_bnez : c_bnez a2, 130 : IntAlu : 
21374000 : system.cpu : T0 : 0x1c6e8 : @_int_malloc+1188 : c_bnez : c_bnez a2, 130 : IntAlu : 
21404000 : system.cpu : T0 : 0x1c6e8 : @_int_malloc+1188 : c_bnez : c_bnez a2, 130 : IntAlu : 
21434000 : system.cpu : T0 : 0x1c6e8 : @_int_malloc+1188 : c_bnez : c_bnez a2, 130 : IntAlu : 
22329000 : system.cpu : T0 : 0x1c6e8 : @_int_malloc+1188 : c_bnez : c_bnez a2, 130 : IntAlu : 
13464000 : system.cpu : T0 : 0x1c6ea : @_int_malloc+1190 : addiw : addiw a5, s0, 1 : IntAlu : D=0x0000000000000001
13494000 : system.cpu : T0 : 0x1c6ea : @_int_malloc+1190 : addiw : addiw a5, s0, 1 : IntAlu : D=0x0000000000000002
13524000 : system.cpu : T0 : 0x1c6ea : @_int_malloc+1190 : addiw : addiw a5, s0, 1 : IntAlu : D=0x0000000000000003
13554000 : system.cpu : T0 : 0x1c6ea : @_int_malloc+1190 : addiw : addiw a5, s0, 1 : IntAlu : D=0x0000000000000004
20263000 : system.cpu : T0 : 0x1c6ea : @_int_malloc+1190 : addiw : addiw a5, s0, 1 : IntAlu : D=0x0000000000000001
20293000 : system.cpu : T0 : 0x1c6ea : @_int_malloc+1190 : addiw : addiw a5, s0, 1 : IntAlu : D=0x0000000000000002
20323000 : system.cpu : T0 : 0x1c6ea : @_int_malloc+1190 : addiw : addiw a5, s0, 1 : IntAlu : D=0x0000000000000003
20353000 : system.cpu : T0 : 0x1c6ea : @_int_malloc+1190 : addiw : addiw a5, s0, 1 : IntAlu : D=0x0000000000000004
21348000 : system.cpu : T0 : 0x1c6ea : @_int_malloc+1190 : addiw : addiw a5, s0, 1 : IntAlu : D=0x0000000000000001
21378000 : system.cpu : T0 : 0x1c6ea : @_int_malloc+1190 : addiw : addiw a5, s0, 1 : IntAlu : D=0x0000000000000002
21408000 : system.cpu : T0 : 0x1c6ea : @_int_malloc+1190 : addiw : addiw a5, s0, 1 : IntAlu : D=0x0000000000000003
21438000 : system.cpu : T0 : 0x1c6ea : @_int_malloc+1190 : addiw : addiw a5, s0, 1 : IntAlu : D=0x0000000000000004
22303000 : system.cpu : T0 : 0x1c6ea : @_int_malloc+1190 : addiw : addiw a5, s0, 1 : IntAlu : D=0x0000000000000003
22333000 : system.cpu : T0 : 0x1c6ea : @_int_malloc+1190 : addiw : addiw a5, s0, 1 : IntAlu : D=0x0000000000000004
35393000 : system.cpu : T0 : 0x1c6ea : @_int_malloc+1190 : addiw : addiw a5, s0, 1 : IntAlu : D=0x0000000000000004
13468000 : system.cpu : T0 : 0x1c6ee : @_int_malloc+1194 : addiw : addiw s0, a5, 0 : IntAlu : D=0x0000000000000001
13498000 : system.cpu : T0 : 0x1c6ee : @_int_malloc+1194 : addiw : addiw s0, a5, 0 : IntAlu : D=0x0000000000000002
13528000 : system.cpu : T0 : 0x1c6ee : @_int_malloc+1194 : addiw : addiw s0, a5, 0 : IntAlu : D=0x0000000000000003
13558000 : system.cpu : T0 : 0x1c6ee : @_int_malloc+1194 : addiw : addiw s0, a5, 0 : IntAlu : D=0x0000000000000004
20267000 : system.cpu : T0 : 0x1c6ee : @_int_malloc+1194 : addiw : addiw s0, a5, 0 : IntAlu : D=0x0000000000000001
20297000 : system.cpu : T0 : 0x1c6ee : @_int_malloc+1194 : addiw : addiw s0, a5, 0 : IntAlu : D=0x0000000000000002
20327000 : system.cpu : T0 : 0x1c6ee : @_int_malloc+1194 : addiw : addiw s0, a5, 0 : IntAlu : D=0x0000000000000003
20357000 : system.cpu : T0 : 0x1c6ee : @_int_malloc+1194 : addiw : addiw s0, a5, 0 : IntAlu : D=0x0000000000000004
21352000 : system.cpu : T0 : 0x1c6ee : @_int_malloc+1194 : addiw : addiw s0, a5, 0 : IntAlu : D=0x0000000000000001
21382000 : system.cpu : T0 : 0x1c6ee : @_int_malloc+1194 : addiw : addiw s0, a5, 0 : IntAlu : D=0x0000000000000002
21412000 : system.cpu : T0 : 0x1c6ee : @_int_malloc+1194 : addiw : addiw s0, a5, 0 : IntAlu : D=0x0000000000000003
21442000 : system.cpu : T0 : 0x1c6ee : @_int_malloc+1194 : addiw : addiw s0, a5, 0 : IntAlu : D=0x0000000000000004
22307000 : system.cpu : T0 : 0x1c6ee : @_int_malloc+1194 : addiw : addiw s0, a5, 0 : IntAlu : D=0x0000000000000003
22337000 : system.cpu : T0 : 0x1c6ee : @_int_malloc+1194 : addiw : addiw s0, a5, 0 : IntAlu : D=0x0000000000000004
35397000 : system.cpu : T0 : 0x1c6ee : @_int_malloc+1194 : addiw : addiw s0, a5, 0 : IntAlu : D=0x0000000000000004
13472000 : system.cpu : T0 : 0x1c6f2 : @_int_malloc+1198 : bne : bne s0, a3, -24 : IntAlu : 
13502000 : system.cpu : T0 : 0x1c6f2 : @_int_malloc+1198 : bne : bne s0, a3, -24 : IntAlu : 
13532000 : system.cpu : T0 : 0x1c6f2 : @_int_malloc+1198 : bne : bne s0, a3, -24 : IntAlu : 
13562000 : system.cpu : T0 : 0x1c6f2 : @_int_malloc+1198 : bne : bne s0, a3, -24 : IntAlu : 
20271000 : system.cpu : T0 : 0x1c6f2 : @_int_malloc+1198 : bne : bne s0, a3, -24 : IntAlu : 
20301000 : system.cpu : T0 : 0x1c6f2 : @_int_malloc+1198 : bne : bne s0, a3, -24 : IntAlu : 
20331000 : system.cpu : T0 : 0x1c6f2 : @_int_malloc+1198 : bne : bne s0, a3, -24 : IntAlu : 
20361000 : system.cpu : T0 : 0x1c6f2 : @_int_malloc+1198 : bne : bne s0, a3, -24 : IntAlu : 
21356000 : system.cpu : T0 : 0x1c6f2 : @_int_malloc+1198 : bne : bne s0, a3, -24 : IntAlu : 
21386000 : system.cpu : T0 : 0x1c6f2 : @_int_malloc+1198 : bne : bne s0, a3, -24 : IntAlu : 
21416000 : system.cpu : T0 : 0x1c6f2 : @_int_malloc+1198 : bne : bne s0, a3, -24 : IntAlu : 
21446000 : system.cpu : T0 : 0x1c6f2 : @_int_malloc+1198 : bne : bne s0, a3, -24 : IntAlu : 
22311000 : system.cpu : T0 : 0x1c6f2 : @_int_malloc+1198 : bne : bne s0, a3, -24 : IntAlu : 
22341000 : system.cpu : T0 : 0x1c6f2 : @_int_malloc+1198 : bne : bne s0, a3, -24 : IntAlu : 
35401000 : system.cpu : T0 : 0x1c6f2 : @_int_malloc+1198 : bne : bne s0, a3, -24 : IntAlu : 
13566000 : system.cpu : T0 : 0x1c6f6 : @_int_malloc+1202 : ld : ld a3, 88(s11) : MemRead : D=0x000000000007a6f0 A=0x7a6f0
20365000 : system.cpu : T0 : 0x1c6f6 : @_int_malloc+1202 : ld : ld a3, 88(s11) : MemRead : D=0x000000000007efc0 A=0x7a6f0
21450000 : system.cpu : T0 : 0x1c6f6 : @_int_malloc+1202 : ld : ld a3, 88(s11) : MemRead : D=0x000000000007eff0 A=0x7a6f0
22345000 : system.cpu : T0 : 0x1c6f6 : @_int_malloc+1202 : ld : ld a3, 88(s11) : MemRead : D=0x000000000007f010 A=0x7a6f0
35405000 : system.cpu : T0 : 0x1c6f6 : @_int_malloc+1202 : ld : ld a3, 88(s11) : MemRead : D=0x000000000007f520 A=0x7a6f0
13572000 : system.cpu : T0 : 0x1c6fa : @_int_malloc+1206 : addi : addi a4, s10, 32 : IntAlu : D=0x0000000000000080
20371000 : system.cpu : T0 : 0x1c6fa : @_int_malloc+1206 : addi : addi a4, s10, 32 : IntAlu : D=0x0000000000000050
21456000 : system.cpu : T0 : 0x1c6fa : @_int_malloc+1206 : addi : addi a4, s10, 32 : IntAlu : D=0x0000000000000040
22351000 : system.cpu : T0 : 0x1c6fa : @_int_malloc+1206 : addi : addi a4, s10, 32 : IntAlu : D=0x0000000000000530
35411000 : system.cpu : T0 : 0x1c6fa : @_int_malloc+1206 : addi : addi a4, s10, 32 : IntAlu : D=0x0000000000002030
13574000 : system.cpu : T0 : 0x1c6fe : @_int_malloc+1210 : c_ld : c_ld a5, 8(a3) : MemRead : D=0x0000000000000000 A=0x7a6f8
20373000 : system.cpu : T0 : 0x1c6fe : @_int_malloc+1210 : c_ld : c_ld a5, 8(a3) : MemRead : D=0x0000000000021041 A=0x7efc8
21458000 : system.cpu : T0 : 0x1c6fe : @_int_malloc+1210 : c_ld : c_ld a5, 8(a3) : MemRead : D=0x0000000000021011 A=0x7eff8
22353000 : system.cpu : T0 : 0x1c6fe : @_int_malloc+1210 : c_ld : c_ld a5, 8(a3) : MemRead : D=0x0000000000020ff1 A=0x7f018
35413000 : system.cpu : T0 : 0x1c6fe : @_int_malloc+1210 : c_ld : c_ld a5, 8(a3) : MemRead : D=0x0000000000020ae1 A=0x7f528
13629000 : system.cpu : T0 : 0x1c700 : @_int_malloc+1212 : c_andi : c_andi a5, 18446744073709551608 : IntAlu : D=0x0000000000000000
20377000 : system.cpu : T0 : 0x1c700 : @_int_malloc+1212 : c_andi : c_andi a5, 18446744073709551608 : IntAlu : D=0x0000000000021040
21462000 : system.cpu : T0 : 0x1c700 : @_int_malloc+1212 : c_andi : c_andi a5, 18446744073709551608 : IntAlu : D=0x0000000000021010
22357000 : system.cpu : T0 : 0x1c700 : @_int_malloc+1212 : c_andi : c_andi a5, 18446744073709551608 : IntAlu : D=0x0000000000020ff0
35417000 : system.cpu : T0 : 0x1c700 : @_int_malloc+1212 : c_andi : c_andi a5, 18446744073709551608 : IntAlu : D=0x0000000000020ae0
13637000 : system.cpu : T0 : 0x1c702 : @_int_malloc+1214 : bgeu : bgeu a5, a4, 722 : IntAlu : 
20381000 : system.cpu : T0 : 0x1c702 : @_int_malloc+1214 : bgeu : bgeu a5, a4, 722 : IntAlu : 
21466000 : system.cpu : T0 : 0x1c702 : @_int_malloc+1214 : bgeu : bgeu a5, a4, 722 : IntAlu : 
22361000 : system.cpu : T0 : 0x1c702 : @_int_malloc+1214 : bgeu : bgeu a5, a4, 722 : IntAlu : 
35421000 : system.cpu : T0 : 0x1c702 : @_int_malloc+1214 : bgeu : bgeu a5, a4, 722 : IntAlu : 
13641000 : system.cpu : T0 : 0x1c706 : @_int_malloc+1218 : lw : lw a5, 4(s11) : MemRead : D=0x0000000000000001 A=0x7a69c
13645000 : system.cpu : T0 : 0x1c70a : @_int_malloc+1222 : c_andi : c_andi a5, 1 : IntAlu : D=0x0000000000000001
13647000 : system.cpu : T0 : 0x1c70c : @_int_malloc+1224 : bne : bne a5, zero, 694 : IntAlu : 
20091000 : system.cpu : T0 : 0x1c7ba : @_int_malloc+1398 : srli : srli a4, s10, 9 : IntAlu : D=0x0000000000000000
21176000 : system.cpu : T0 : 0x1c7ba : @_int_malloc+1398 : srli : srli a4, s10, 9 : IntAlu : D=0x0000000000000000
20095000 : system.cpu : T0 : 0x1c7be : @_int_malloc+1402 : srli : srli a5, s10, 6 : IntAlu : D=0x0000000000000000
21180000 : system.cpu : T0 : 0x1c7be : @_int_malloc+1402 : srli : srli a5, s10, 6 : IntAlu : D=0x0000000000000000
20097000 : system.cpu : T0 : 0x1c7c2 : @_int_malloc+1406 : c_sdsp : c_sdsp a4, 56(sp) : MemWrite : D=0x0000000000000000 A=0x7ffffffffffffb38
21182000 : system.cpu : T0 : 0x1c7c2 : @_int_malloc+1406 : c_sdsp : c_sdsp a4, 56(sp) : MemWrite : D=0x0000000000000000 A=0x7ffffffffffffc08
20101000 : system.cpu : T0 : 0x1c7c4 : @_int_malloc+1408 : addiw : addiw a4, a4, 91 : IntAlu : D=0x000000000000005b
21186000 : system.cpu : T0 : 0x1c7c4 : @_int_malloc+1408 : addiw : addiw a4, a4, 91 : IntAlu : D=0x000000000000005b
20103000 : system.cpu : T0 : 0x1c7c8 : @_int_malloc+1412 : c_sdsp : c_sdsp a5, 40(sp) : MemWrite : D=0x0000000000000000 A=0x7ffffffffffffb28
21188000 : system.cpu : T0 : 0x1c7c8 : @_int_malloc+1412 : c_sdsp : c_sdsp a5, 40(sp) : MemWrite : D=0x0000000000000000 A=0x7ffffffffffffbf8
20107000 : system.cpu : T0 : 0x1c7ca : @_int_malloc+1414 : c_sdsp : c_sdsp a4, 64(sp) : MemWrite : D=0x000000000000005b A=0x7ffffffffffffb40
21192000 : system.cpu : T0 : 0x1c7ca : @_int_malloc+1414 : c_sdsp : c_sdsp a4, 64(sp) : MemWrite : D=0x000000000000005b A=0x7ffffffffffffc10
12913000 : system.cpu : T0 : 0x1c7cc : @_int_malloc+1416 : addiw : addiw a5, a5, 48 : IntAlu : D=0x0000000000000031
20111000 : system.cpu : T0 : 0x1c7cc : @_int_malloc+1416 : addiw : addiw a5, a5, 48 : IntAlu : D=0x0000000000000030
21196000 : system.cpu : T0 : 0x1c7cc : @_int_malloc+1416 : addiw : addiw a5, a5, 48 : IntAlu : D=0x0000000000000030
12919000 : system.cpu : T0 : 0x1c7d0 : @_int_malloc+1420 : c_sdsp : c_sdsp a5, 48(sp) : MemWrite : D=0x0000000000000031 A=0x7fffffffffffec20
20113000 : system.cpu : T0 : 0x1c7d0 : @_int_malloc+1420 : c_sdsp : c_sdsp a5, 48(sp) : MemWrite : D=0x0000000000000030 A=0x7ffffffffffffb30
21198000 : system.cpu : T0 : 0x1c7d0 : @_int_malloc+1420 : c_sdsp : c_sdsp a5, 48(sp) : MemWrite : D=0x0000000000000030 A=0x7ffffffffffffc00
12923000 : system.cpu : T0 : 0x1c7d2 : @_int_malloc+1422 : c_ldsp : c_ldsp a5, 0(sp) : MemRead : D=0x0000000000000006 A=0x7fffffffffffebf0
20117000 : system.cpu : T0 : 0x1c7d2 : @_int_malloc+1422 : c_ldsp : c_ldsp a5, 0(sp) : MemRead : D=0x0000000000000003 A=0x7ffffffffffffb00
21202000 : system.cpu : T0 : 0x1c7d2 : @_int_malloc+1422 : c_ldsp : c_ldsp a5, 0(sp) : MemRead : D=0x0000000000000002 A=0x7ffffffffffffbd0
12927000 : system.cpu : T0 : 0x1c7d4 : @_int_malloc+1424 : c_sdsp : c_sdsp zero, 88(sp) : MemWrite : D=0x0000000000000000 A=0x7fffffffffffec48
20121000 : system.cpu : T0 : 0x1c7d4 : @_int_malloc+1424 : c_sdsp : c_sdsp zero, 88(sp) : MemWrite : D=0x0000000000000000 A=0x7ffffffffffffb58
21206000 : system.cpu : T0 : 0x1c7d4 : @_int_malloc+1424 : c_sdsp : c_sdsp zero, 88(sp) : MemWrite : D=0x0000000000000000 A=0x7ffffffffffffc28
12931000 : system.cpu : T0 : 0x1c7d6 : @_int_malloc+1426 : c_sdsp : c_sdsp zero, 72(sp) : MemWrite : D=0x0000000000000000 A=0x7fffffffffffec38
20125000 : system.cpu : T0 : 0x1c7d6 : @_int_malloc+1426 : c_sdsp : c_sdsp zero, 72(sp) : MemWrite : D=0x0000000000000000 A=0x7ffffffffffffb48
21210000 : system.cpu : T0 : 0x1c7d6 : @_int_malloc+1426 : c_sdsp : c_sdsp zero, 72(sp) : MemWrite : D=0x0000000000000000 A=0x7ffffffffffffc18
12935000 : system.cpu : T0 : 0x1c7d8 : @_int_malloc+1428 : c_sdsp : c_sdsp a5, 32(sp) : MemWrite : D=0x0000000000000006 A=0x7fffffffffffec10
20129000 : system.cpu : T0 : 0x1c7d8 : @_int_malloc+1428 : c_sdsp : c_sdsp a5, 32(sp) : MemWrite : D=0x0000000000000003 A=0x7ffffffffffffb20
21214000 : system.cpu : T0 : 0x1c7d8 : @_int_malloc+1428 : c_sdsp : c_sdsp a5, 32(sp) : MemWrite : D=0x0000000000000002 A=0x7ffffffffffffbf0
12941000 : system.cpu : T0 : 0x1c7da : @_int_malloc+1430 : addi : addi a5, zero, 110 : IntAlu : D=0x000000000000006e
20135000 : system.cpu : T0 : 0x1c7da : @_int_malloc+1430 : addi : addi a5, zero, 110 : IntAlu : D=0x000000000000006e
21220000 : system.cpu : T0 : 0x1c7da : @_int_malloc+1430 : addi : addi a5, zero, 110 : IntAlu : D=0x000000000000006e
12943000 : system.cpu : T0 : 0x1c7de : @_int_malloc+1434 : c_sdsp : c_sdsp a5, 80(sp) : MemWrite : D=0x000000000000006e A=0x7fffffffffffec40
20137000 : system.cpu : T0 : 0x1c7de : @_int_malloc+1434 : c_sdsp : c_sdsp a5, 80(sp) : MemWrite : D=0x000000000000006e A=0x7ffffffffffffb50
21222000 : system.cpu : T0 : 0x1c7de : @_int_malloc+1434 : c_sdsp : c_sdsp a5, 80(sp) : MemWrite : D=0x000000000000006e A=0x7ffffffffffffc20
12947000 : system.cpu : T0 : 0x1c7e0 : @_int_malloc+1436 : addi : addi a5, zero, 119 : IntAlu : D=0x0000000000000077
20141000 : system.cpu : T0 : 0x1c7e0 : @_int_malloc+1436 : addi : addi a5, zero, 119 : IntAlu : D=0x0000000000000077
21226000 : system.cpu : T0 : 0x1c7e0 : @_int_malloc+1436 : addi : addi a5, zero, 119 : IntAlu : D=0x0000000000000077
12949000 : system.cpu : T0 : 0x1c7e4 : @_int_malloc+1440 : c_sdsp : c_sdsp a5, 104(sp) : MemWrite : D=0x0000000000000077 A=0x7fffffffffffec58
20143000 : system.cpu : T0 : 0x1c7e4 : @_int_malloc+1440 : c_sdsp : c_sdsp a5, 104(sp) : MemWrite : D=0x0000000000000077 A=0x7ffffffffffffb68
21228000 : system.cpu : T0 : 0x1c7e4 : @_int_malloc+1440 : c_sdsp : c_sdsp a5, 104(sp) : MemWrite : D=0x0000000000000077 A=0x7ffffffffffffc38
12955000 : system.cpu : T0 : 0x1c7e6 : @_int_malloc+1442 : addi : addi a5, zero, 124 : IntAlu : D=0x000000000000007c
20149000 : system.cpu : T0 : 0x1c7e6 : @_int_malloc+1442 : addi : addi a5, zero, 124 : IntAlu : D=0x000000000000007c
21234000 : system.cpu : T0 : 0x1c7e6 : @_int_malloc+1442 : addi : addi a5, zero, 124 : IntAlu : D=0x000000000000007c
12957000 : system.cpu : T0 : 0x1c7ea : @_int_malloc+1446 : c_sdsp : c_sdsp a5, 96(sp) : MemWrite : D=0x000000000000007c A=0x7fffffffffffec50
20151000 : system.cpu : T0 : 0x1c7ea : @_int_malloc+1446 : c_sdsp : c_sdsp a5, 96(sp) : MemWrite : D=0x000000000000007c A=0x7ffffffffffffb60
21236000 : system.cpu : T0 : 0x1c7ea : @_int_malloc+1446 : c_sdsp : c_sdsp a5, 96(sp) : MemWrite : D=0x000000000000007c A=0x7ffffffffffffc30
12961000 : system.cpu : T0 : 0x1c7ec : @_int_malloc+1448 : c_j : c_j -1152 : IntAlu : 
20155000 : system.cpu : T0 : 0x1c7ec : @_int_malloc+1448 : c_j : c_j -1152 : IntAlu : 
21240000 : system.cpu : T0 : 0x1c7ec : @_int_malloc+1448 : c_j : c_j -1152 : IntAlu : 
16173000 : system.cpu : T0 : 0x1c7fe : @_int_malloc+1466 : lw : lw a1, -1220(gp) : MemRead : D=0x0000000000000000 A=0x7bc2c
16179000 : system.cpu : T0 : 0x1c802 : @_int_malloc+1470 : beq : beq a1, zero, -880 : IntAlu : 
8936000 : system.cpu : T0 : 0x1c834 : @_int_malloc+1520 : c_ldsp : c_ldsp a4, 32(sp) : MemRead : D=0x0000000000000006 A=0x7fffffffffffec10
19968000 : system.cpu : T0 : 0x1c834 : @_int_malloc+1520 : c_ldsp : c_ldsp a4, 32(sp) : MemRead : D=0x0000000000000003 A=0x7ffffffffffffb20
21136000 : system.cpu : T0 : 0x1c834 : @_int_malloc+1520 : c_ldsp : c_ldsp a4, 32(sp) : MemRead : D=0x0000000000000002 A=0x7ffffffffffffbf0
8942000 : system.cpu : T0 : 0x1c836 : @_int_malloc+1522 : slliw : slliw a5, a4, 1 : IntAlu : D=0x000000000000000c
19974000 : system.cpu : T0 : 0x1c836 : @_int_malloc+1522 : slliw : slliw a5, a4, 1 : IntAlu : D=0x0000000000000006
21142000 : system.cpu : T0 : 0x1c836 : @_int_malloc+1522 : slliw : slliw a5, a4, 1 : IntAlu : D=0x0000000000000004
8944000 : system.cpu : T0 : 0x1c83a : @_int_malloc+1526 : c_addiw : c_addiw a5, -2 : IntAlu : D=0x000000000000000a
19976000 : system.cpu : T0 : 0x1c83a : @_int_malloc+1526 : c_addiw : c_addiw a5, -2 : IntAlu : D=0x0000000000000004
21144000 : system.cpu : T0 : 0x1c83a : @_int_malloc+1526 : c_addiw : c_addiw a5, -2 : IntAlu : D=0x0000000000000002
8946000 : system.cpu : T0 : 0x1c83c : @_int_malloc+1528 : c_slli : c_slli a5, 32 : IntAlu : D=0x0000000a00000000
19978000 : system.cpu : T0 : 0x1c83c : @_int_malloc+1528 : c_slli : c_slli a5, 32 : IntAlu : D=0x0000000400000000
21146000 : system.cpu : T0 : 0x1c83c : @_int_malloc+1528 : c_slli : c_slli a5, 32 : IntAlu : D=0x0000000200000000
8948000 : system.cpu : T0 : 0x1c83e : @_int_malloc+1530 : c_srli : c_srli a5, 32 : IntAlu : D=0x000000000000000a
19980000 : system.cpu : T0 : 0x1c83e : @_int_malloc+1530 : c_srli : c_srli a5, 32 : IntAlu : D=0x0000000000000004
21148000 : system.cpu : T0 : 0x1c83e : @_int_malloc+1530 : c_srli : c_srli a5, 32 : IntAlu : D=0x0000000000000002
9001000 : system.cpu : T0 : 0x1c840 : @_int_malloc+1532 : c_addi : c_addi a5, 13 : IntAlu : D=0x0000000000000017
19982000 : system.cpu : T0 : 0x1c840 : @_int_malloc+1532 : c_addi : c_addi a5, 13 : IntAlu : D=0x0000000000000011
21150000 : system.cpu : T0 : 0x1c840 : @_int_malloc+1532 : c_addi : c_addi a5, 13 : IntAlu : D=0x000000000000000f
9007000 : system.cpu : T0 : 0x1c842 : @_int_malloc+1534 : c_slli : c_slli a5, 3 : IntAlu : D=0x00000000000000b8
19984000 : system.cpu : T0 : 0x1c842 : @_int_malloc+1534 : c_slli : c_slli a5, 3 : IntAlu : D=0x0000000000000088
21152000 : system.cpu : T0 : 0x1c842 : @_int_malloc+1534 : c_slli : c_slli a5, 3 : IntAlu : D=0x0000000000000078
9009000 : system.cpu : T0 : 0x1c844 : @_int_malloc+1536 : c_sdsp : c_sdsp a4, 0(sp) : MemWrite : D=0x0000000000000006 A=0x7fffffffffffebf0
19986000 : system.cpu : T0 : 0x1c844 : @_int_malloc+1536 : c_sdsp : c_sdsp a4, 0(sp) : MemWrite : D=0x0000000000000003 A=0x7ffffffffffffb00
21154000 : system.cpu : T0 : 0x1c844 : @_int_malloc+1536 : c_sdsp : c_sdsp a4, 0(sp) : MemWrite : D=0x0000000000000002 A=0x7ffffffffffffbd0
9064000 : system.cpu : T0 : 0x1c846 : @_int_malloc+1538 : c_j : c_j -904 : IntAlu : 
19990000 : system.cpu : T0 : 0x1c846 : @_int_malloc+1538 : c_j : c_j -904 : IntAlu : 
21158000 : system.cpu : T0 : 0x1c846 : @_int_malloc+1538 : c_j : c_j -904 : IntAlu : 
9288000 : system.cpu : T0 : 0x1c950 : @_int_malloc+1804 : srli : srli a5, s10, 9 : IntAlu : D=0x0000000000000000
9294000 : system.cpu : T0 : 0x1c954 : @_int_malloc+1808 : srli : srli s0, s10, 6 : IntAlu : D=0x0000000000000001
9296000 : system.cpu : T0 : 0x1c958 : @_int_malloc+1812 : c_mv : c_mv a0, s11 : IntAlu : D=0x000000000007a698
9298000 : system.cpu : T0 : 0x1c95a : @_int_malloc+1814 : c_mv : c_mv s1, a5 : IntAlu : D=0x0000000000000000
9300000 : system.cpu : T0 : 0x1c95c : @_int_malloc+1816 : c_sdsp : c_sdsp a5, 56(sp) : MemWrite : D=0x0000000000000000 A=0x7fffffffffffec28
9304000 : system.cpu : T0 : 0x1c95e : @_int_malloc+1818 : c_sdsp : c_sdsp s0, 40(sp) : MemWrite : D=0x0000000000000001 A=0x7fffffffffffec18
9308000 : system.cpu : T0 : 0x1c960 : @_int_malloc+1820 : jal : jal ra, -8500 : IntAlu : D=0x000000000001c964
12852000 : system.cpu : T0 : 0x1c964 : @_int_malloc+1824 : addiw : addiw a5, s1, 91 : IntAlu : D=0x000000000000005b
12854000 : system.cpu : T0 : 0x1c968 : @_int_malloc+1828 : c_sdsp : c_sdsp a5, 64(sp) : MemWrite : D=0x000000000000005b A=0x7fffffffffffec30
12858000 : system.cpu : T0 : 0x1c96a : @_int_malloc+1830 : c_mv : c_mv a5, s0 : IntAlu : D=0x0000000000000001
12860000 : system.cpu : T0 : 0x1c96c : @_int_malloc+1832 : c_j : c_j -416 : IntAlu : 
13700000 : system.cpu : T0 : 0x1c9c2 : @_int_malloc+1918 : c_mv : c_mv a1, s11 : IntAlu : D=0x000000000007a698
13706000 : system.cpu : T0 : 0x1c9c4 : @_int_malloc+1920 : c_mv : c_mv a0, s10 : IntAlu : D=0x0000000000000060
13710000 : system.cpu : T0 : 0x1c9c6 : @_int_malloc+1922 : jal : jal ra, -3392 : IntAlu : D=0x000000000001c9ca
16167000 : system.cpu : T0 : 0x1c9ca : @_int_malloc+1926 : c_mv : c_mv s0, a0 : IntAlu : D=0x000000000007ef70
16169000 : system.cpu : T0 : 0x1c9cc : @_int_malloc+1928 : bne : bne a0, zero, -462 : IntAlu : 
20383000 : system.cpu : T0 : 0x1c9d4 : @_int_malloc+1936 : lui : lui a4, 122 : IntAlu : D=0x000000000007a000
21468000 : system.cpu : T0 : 0x1c9d4 : @_int_malloc+1936 : lui : lui a4, 122 : IntAlu : D=0x000000000007a000
22363000 : system.cpu : T0 : 0x1c9d4 : @_int_malloc+1936 : lui : lui a4, 122 : IntAlu : D=0x000000000007a000
35423000 : system.cpu : T0 : 0x1c9d4 : @_int_malloc+1936 : lui : lui a4, 122 : IntAlu : D=0x000000000007a000
20385000 : system.cpu : T0 : 0x1c9d8 : @_int_malloc+1940 : addi : addi a4, a4, 1688 : IntAlu : D=0x000000000007a698
21470000 : system.cpu : T0 : 0x1c9d8 : @_int_malloc+1940 : addi : addi a4, a4, 1688 : IntAlu : D=0x000000000007a698
22365000 : system.cpu : T0 : 0x1c9d8 : @_int_malloc+1940 : addi : addi a4, a4, 1688 : IntAlu : D=0x000000000007a698
35425000 : system.cpu : T0 : 0x1c9d8 : @_int_malloc+1940 : addi : addi a4, a4, 1688 : IntAlu : D=0x000000000007a698
20387000 : system.cpu : T0 : 0x1c9dc : @_int_malloc+1944 : sub : sub a4, s11, a4 : IntAlu : D=0x0000000000000000
21472000 : system.cpu : T0 : 0x1c9dc : @_int_malloc+1944 : sub : sub a4, s11, a4 : IntAlu : D=0x0000000000000000
22367000 : system.cpu : T0 : 0x1c9dc : @_int_malloc+1944 : sub : sub a4, s11, a4 : IntAlu : D=0x0000000000000000
35427000 : system.cpu : T0 : 0x1c9dc : @_int_malloc+1944 : sub : sub a4, s11, a4 : IntAlu : D=0x0000000000000000
20389000 : system.cpu : T0 : 0x1c9e0 : @_int_malloc+1948 : sltu : sltu a4, zero, a4 : IntAlu : D=0x0000000000000000
21474000 : system.cpu : T0 : 0x1c9e0 : @_int_malloc+1948 : sltu : sltu a4, zero, a4 : IntAlu : D=0x0000000000000000
22369000 : system.cpu : T0 : 0x1c9e0 : @_int_malloc+1948 : sltu : sltu a4, zero, a4 : IntAlu : D=0x0000000000000000
35429000 : system.cpu : T0 : 0x1c9e0 : @_int_malloc+1948 : sltu : sltu a4, zero, a4 : IntAlu : D=0x0000000000000000
20391000 : system.cpu : T0 : 0x1c9e4 : @_int_malloc+1952 : ori : ori a2, s10, 1 : IntAlu : D=0x0000000000000031
21476000 : system.cpu : T0 : 0x1c9e4 : @_int_malloc+1952 : ori : ori a2, s10, 1 : IntAlu : D=0x0000000000000021
22371000 : system.cpu : T0 : 0x1c9e4 : @_int_malloc+1952 : ori : ori a2, s10, 1 : IntAlu : D=0x0000000000000511
35431000 : system.cpu : T0 : 0x1c9e4 : @_int_malloc+1952 : ori : ori a2, s10, 1 : IntAlu : D=0x0000000000002011
20393000 : system.cpu : T0 : 0x1c9e8 : @_int_malloc+1956 : c_slli : c_slli a4, 2 : IntAlu : D=0x0000000000000000
21478000 : system.cpu : T0 : 0x1c9e8 : @_int_malloc+1956 : c_slli : c_slli a4, 2 : IntAlu : D=0x0000000000000000
22373000 : system.cpu : T0 : 0x1c9e8 : @_int_malloc+1956 : c_slli : c_slli a4, 2 : IntAlu : D=0x0000000000000000
35433000 : system.cpu : T0 : 0x1c9e8 : @_int_malloc+1956 : c_slli : c_slli a4, 2 : IntAlu : D=0x0000000000000000
20397000 : system.cpu : T0 : 0x1c9ea : @_int_malloc+1958 : add : add a0, a3, s10 : IntAlu : D=0x000000000007eff0
21482000 : system.cpu : T0 : 0x1c9ea : @_int_malloc+1958 : add : add a0, a3, s10 : IntAlu : D=0x000000000007f010
22377000 : system.cpu : T0 : 0x1c9ea : @_int_malloc+1958 : add : add a0, a3, s10 : IntAlu : D=0x000000000007f520
35437000 : system.cpu : T0 : 0x1c9ea : @_int_malloc+1958 : add : add a0, a3, s10 : IntAlu : D=0x0000000000081530
20399000 : system.cpu : T0 : 0x1c9ee : @_int_malloc+1962 : c_or : c_or a4, a2 : IntAlu : D=0x0000000000000031
21484000 : system.cpu : T0 : 0x1c9ee : @_int_malloc+1962 : c_or : c_or a4, a2 : IntAlu : D=0x0000000000000021
22379000 : system.cpu : T0 : 0x1c9ee : @_int_malloc+1962 : c_or : c_or a4, a2 : IntAlu : D=0x0000000000000511
35439000 : system.cpu : T0 : 0x1c9ee : @_int_malloc+1962 : c_or : c_or a4, a2 : IntAlu : D=0x0000000000002011
20401000 : system.cpu : T0 : 0x1c9f0 : @_int_malloc+1964 : sd : sd a0, 88(s11) : MemWrite : D=0x000000000007eff0 A=0x7a6f0
21486000 : system.cpu : T0 : 0x1c9f0 : @_int_malloc+1964 : sd : sd a0, 88(s11) : MemWrite : D=0x000000000007f010 A=0x7a6f0
22381000 : system.cpu : T0 : 0x1c9f0 : @_int_malloc+1964 : sd : sd a0, 88(s11) : MemWrite : D=0x000000000007f520 A=0x7a6f0
35441000 : system.cpu : T0 : 0x1c9f0 : @_int_malloc+1964 : sd : sd a0, 88(s11) : MemWrite : D=0x0000000000081530 A=0x7a6f0
20405000 : system.cpu : T0 : 0x1c9f4 : @_int_malloc+1968 : sub : sub a5, a5, s10 : IntAlu : D=0x0000000000021010
21490000 : system.cpu : T0 : 0x1c9f4 : @_int_malloc+1968 : sub : sub a5, a5, s10 : IntAlu : D=0x0000000000020ff0
22385000 : system.cpu : T0 : 0x1c9f4 : @_int_malloc+1968 : sub : sub a5, a5, s10 : IntAlu : D=0x0000000000020ae0
35445000 : system.cpu : T0 : 0x1c9f4 : @_int_malloc+1968 : sub : sub a5, a5, s10 : IntAlu : D=0x000000000001ead0
20407000 : system.cpu : T0 : 0x1c9f8 : @_int_malloc+1972 : lw : lw a1, -1220(gp) : MemRead : D=0x0000000000000000 A=0x7bc2c
21492000 : system.cpu : T0 : 0x1c9f8 : @_int_malloc+1972 : lw : lw a1, -1220(gp) : MemRead : D=0x0000000000000000 A=0x7bc2c
22387000 : system.cpu : T0 : 0x1c9f8 : @_int_malloc+1972 : lw : lw a1, -1220(gp) : MemRead : D=0x0000000000000000 A=0x7bc2c
35447000 : system.cpu : T0 : 0x1c9f8 : @_int_malloc+1972 : lw : lw a1, -1220(gp) : MemRead : D=0x0000000000000000 A=0x7bc2c
20411000 : system.cpu : T0 : 0x1c9fc : @_int_malloc+1976 : c_sd : c_sd a4, 8(a3) : MemWrite : D=0x0000000000000031 A=0x7efc8
21496000 : system.cpu : T0 : 0x1c9fc : @_int_malloc+1976 : c_sd : c_sd a4, 8(a3) : MemWrite : D=0x0000000000000021 A=0x7eff8
22391000 : system.cpu : T0 : 0x1c9fc : @_int_malloc+1976 : c_sd : c_sd a4, 8(a3) : MemWrite : D=0x0000000000000511 A=0x7f018
35451000 : system.cpu : T0 : 0x1c9fc : @_int_malloc+1976 : c_sd : c_sd a4, 8(a3) : MemWrite : D=0x0000000000002011 A=0x7f528
20468000 : system.cpu : T0 : 0x1c9fe : @_int_malloc+1978 : ori : ori a5, a5, 1 : IntAlu : D=0x0000000000021011
21502000 : system.cpu : T0 : 0x1c9fe : @_int_malloc+1978 : ori : ori a5, a5, 1 : IntAlu : D=0x0000000000020ff1
22397000 : system.cpu : T0 : 0x1c9fe : @_int_malloc+1978 : ori : ori a5, a5, 1 : IntAlu : D=0x0000000000020ae1
35457000 : system.cpu : T0 : 0x1c9fe : @_int_malloc+1978 : ori : ori a5, a5, 1 : IntAlu : D=0x000000000001ead1
20474000 : system.cpu : T0 : 0x1ca02 : @_int_malloc+1982 : c_sd : c_sd a5, 8(a0) : MemWrite : D=0x0000000000021011 A=0x7eff8
21504000 : system.cpu : T0 : 0x1ca02 : @_int_malloc+1982 : c_sd : c_sd a5, 8(a0) : MemWrite : D=0x0000000000020ff1 A=0x7f018
21506000 : system.cpu : T0 : 0x1ca02 : @_int_malloc+1982 : c_sd : c_sd a5, 8(a0) : MemWrite : D=0x0000000000020ff1 A=0x7f018
22399000 : system.cpu : T0 : 0x1ca02 : @_int_malloc+1982 : c_sd : c_sd a5, 8(a0) : MemWrite : D=0x0000000000020ae1 A=0x7f528
35459000 : system.cpu : T0 : 0x1ca02 : @_int_malloc+1982 : c_sd : c_sd a5, 8(a0) : MemWrite : D=0x000000000001ead1 A=0x81538
35461000 : system.cpu : T0 : 0x1ca02 : @_int_malloc+1982 : c_sd : c_sd a5, 8(a0) : MemWrite : D=0x000000000001ead1 A=0x81538
20478000 : system.cpu : T0 : 0x1ca04 : @_int_malloc+1984 : addi : addi s0, a3, 16 : IntAlu : D=0x000000000007efd0
21589000 : system.cpu : T0 : 0x1ca04 : @_int_malloc+1984 : addi : addi s0, a3, 16 : IntAlu : D=0x000000000007f000
22454000 : system.cpu : T0 : 0x1ca04 : @_int_malloc+1984 : addi : addi s0, a3, 16 : IntAlu : D=0x000000000007f020
35530000 : system.cpu : T0 : 0x1ca04 : @_int_malloc+1984 : addi : addi s0, a3, 16 : IntAlu : D=0x000000000007f530
20480000 : system.cpu : T0 : 0x1ca08 : @_int_malloc+1988 : beq : beq a1, zero, -1398 : IntAlu : 
21591000 : system.cpu : T0 : 0x1ca08 : @_int_malloc+1988 : beq : beq a1, zero, -1398 : IntAlu : 
22456000 : system.cpu : T0 : 0x1ca08 : @_int_malloc+1988 : beq : beq a1, zero, -1398 : IntAlu : 
35532000 : system.cpu : T0 : 0x1ca08 : @_int_malloc+1988 : beq : beq a1, zero, -1398 : IntAlu : 
7328000 : system.cpu : T0 : 0x1d59a : @__libc_malloc : ld : ld t1, -1696(gp) : MemRead : D=0x000000000001e1d8 A=0x7ba50
8359000 : system.cpu : T0 : 0x1d59a : @__libc_malloc : ld : ld t1, -1696(gp) : MemRead : D=0x0000000000000000 A=0x7ba50
19558000 : system.cpu : T0 : 0x1d59a : @__libc_malloc : ld : ld t1, -1696(gp) : MemRead : D=0x0000000000000000 A=0x7ba50
20930000 : system.cpu : T0 : 0x1d59a : @__libc_malloc : ld : ld t1, -1696(gp) : MemRead : D=0x0000000000000000 A=0x7ba50
21832000 : system.cpu : T0 : 0x1d59a : @__libc_malloc : ld : ld t1, -1696(gp) : MemRead : D=0x0000000000000000 A=0x7ba50
34564000 : system.cpu : T0 : 0x1d59a : @__libc_malloc : ld : ld t1, -1696(gp) : MemRead : D=0x0000000000000000 A=0x7ba50
7385000 : system.cpu : T0 : 0x1d59e : @__libc_malloc+4 : bne : bne t1, zero, 218 : IntAlu : 
8365000 : system.cpu : T0 : 0x1d59e : @__libc_malloc+4 : bne : bne t1, zero, 218 : IntAlu : 
19564000 : system.cpu : T0 : 0x1d59e : @__libc_malloc+4 : bne : bne t1, zero, 218 : IntAlu : 
20936000 : system.cpu : T0 : 0x1d59e : @__libc_malloc+4 : bne : bne t1, zero, 218 : IntAlu : 
21838000 : system.cpu : T0 : 0x1d59e : @__libc_malloc+4 : bne : bne t1, zero, 218 : IntAlu : 
34570000 : system.cpu : T0 : 0x1d59e : @__libc_malloc+4 : bne : bne t1, zero, 218 : IntAlu : 
8367000 : system.cpu : T0 : 0x1d5a2 : @__libc_malloc+8 : c_addi : c_addi sp, -32 : IntAlu : D=0x7fffffffffffecd0
19566000 : system.cpu : T0 : 0x1d5a2 : @__libc_malloc+8 : c_addi : c_addi sp, -32 : IntAlu : D=0x7ffffffffffffbe0
20938000 : system.cpu : T0 : 0x1d5a2 : @__libc_malloc+8 : c_addi : c_addi sp, -32 : IntAlu : D=0x7ffffffffffffcb0
21840000 : system.cpu : T0 : 0x1d5a2 : @__libc_malloc+8 : c_addi : c_addi sp, -32 : IntAlu : D=0x7ffffffffffffcb0
34572000 : system.cpu : T0 : 0x1d5a2 : @__libc_malloc+8 : c_addi : c_addi sp, -32 : IntAlu : D=0x7ffffffffffffc10
8369000 : system.cpu : T0 : 0x1d5a4 : @__libc_malloc+10 : c_sdsp : c_sdsp s0, 16(sp) : MemWrite : D=0x0000000000000057 A=0x7fffffffffffece0
19568000 : system.cpu : T0 : 0x1d5a4 : @__libc_malloc+10 : c_sdsp : c_sdsp s0, 16(sp) : MemWrite : D=0x7ffffffffffffcd0 A=0x7ffffffffffffbf0
20940000 : system.cpu : T0 : 0x1d5a4 : @__libc_malloc+10 : c_sdsp : c_sdsp s0, 16(sp) : MemWrite : D=0x7ffffffffffffd10 A=0x7ffffffffffffcc0
21842000 : system.cpu : T0 : 0x1d5a4 : @__libc_malloc+10 : c_sdsp : c_sdsp s0, 16(sp) : MemWrite : D=0x7ffffffffffffd10 A=0x7ffffffffffffcc0
34574000 : system.cpu : T0 : 0x1d5a4 : @__libc_malloc+10 : c_sdsp : c_sdsp s0, 16(sp) : MemWrite : D=0x000000000007a218 A=0x7ffffffffffffc20
8375000 : system.cpu : T0 : 0x1d5a6 : @__libc_malloc+12 : ld : ld s0, 40(tp) : MemRead : D=0x000000000007a698 A=0x7e728
19625000 : system.cpu : T0 : 0x1d5a6 : @__libc_malloc+12 : ld : ld s0, 40(tp) : MemRead : D=0x000000000007a698 A=0x7e728
20946000 : system.cpu : T0 : 0x1d5a6 : @__libc_malloc+12 : ld : ld s0, 40(tp) : MemRead : D=0x000000000007a698 A=0x7e728
21848000 : system.cpu : T0 : 0x1d5a6 : @__libc_malloc+12 : ld : ld s0, 40(tp) : MemRead : D=0x000000000007a698 A=0x7e728
34580000 : system.cpu : T0 : 0x1d5a6 : @__libc_malloc+12 : ld : ld s0, 40(tp) : MemRead : D=0x000000000007a698 A=0x7e728
8379000 : system.cpu : T0 : 0x1d5aa : @__libc_malloc+16 : c_sdsp : c_sdsp s1, 8(sp) : MemWrite : D=0x7ffffffffffffed8 A=0x7fffffffffffecd8
19629000 : system.cpu : T0 : 0x1d5aa : @__libc_malloc+16 : c_sdsp : c_sdsp s1, 8(sp) : MemWrite : D=0x0000000000000001 A=0x7ffffffffffffbe8
20950000 : system.cpu : T0 : 0x1d5aa : @__libc_malloc+16 : c_sdsp : c_sdsp s1, 8(sp) : MemWrite : D=0x000000000007d000 A=0x7ffffffffffffcb8
21852000 : system.cpu : T0 : 0x1d5aa : @__libc_malloc+16 : c_sdsp : c_sdsp s1, 8(sp) : MemWrite : D=0x000000000000000a A=0x7ffffffffffffcb8
34584000 : system.cpu : T0 : 0x1d5aa : @__libc_malloc+16 : c_sdsp : c_sdsp s1, 8(sp) : MemWrite : D=0x0000000000002000 A=0x7ffffffffffffc18
8383000 : system.cpu : T0 : 0x1d5ac : @__libc_malloc+18 : c_sdsp : c_sdsp ra, 24(sp) : MemWrite : D=0x000000000004257c A=0x7fffffffffffece8
19633000 : system.cpu : T0 : 0x1d5ac : @__libc_malloc+18 : c_sdsp : c_sdsp ra, 24(sp) : MemWrite : D=0x0000000000041904 A=0x7ffffffffffffbf8
20954000 : system.cpu : T0 : 0x1d5ac : @__libc_malloc+18 : c_sdsp : c_sdsp ra, 24(sp) : MemWrite : D=0x000000000003ecae A=0x7ffffffffffffcc8
21856000 : system.cpu : T0 : 0x1d5ac : @__libc_malloc+18 : c_sdsp : c_sdsp ra, 24(sp) : MemWrite : D=0x000000000003ecda A=0x7ffffffffffffcc8
34588000 : system.cpu : T0 : 0x1d5ac : @__libc_malloc+18 : c_sdsp : c_sdsp ra, 24(sp) : MemWrite : D=0x0000000000038390 A=0x7ffffffffffffc28
8387000 : system.cpu : T0 : 0x1d5ae : @__libc_malloc+20 : c_mv : c_mv s1, a0 : IntAlu : D=0x0000000000000058
19637000 : system.cpu : T0 : 0x1d5ae : @__libc_malloc+20 : c_mv : c_mv s1, a0 : IntAlu : D=0x0000000000000024
20958000 : system.cpu : T0 : 0x1d5ae : @__libc_malloc+20 : c_mv : c_mv s1, a0 : IntAlu : D=0x0000000000000018
21860000 : system.cpu : T0 : 0x1d5ae : @__libc_malloc+20 : c_mv : c_mv s1, a0 : IntAlu : D=0x0000000000000500
34592000 : system.cpu : T0 : 0x1d5ae : @__libc_malloc+20 : c_mv : c_mv s1, a0 : IntAlu : D=0x0000000000002000
8389000 : system.cpu : T0 : 0x1d5b0 : @__libc_malloc+22 : c_beqz : c_beqz s0, 96 : IntAlu : 
19639000 : system.cpu : T0 : 0x1d5b0 : @__libc_malloc+22 : c_beqz : c_beqz s0, 96 : IntAlu : 
20960000 : system.cpu : T0 : 0x1d5b0 : @__libc_malloc+22 : c_beqz : c_beqz s0, 96 : IntAlu : 
21862000 : system.cpu : T0 : 0x1d5b0 : @__libc_malloc+22 : c_beqz : c_beqz s0, 96 : IntAlu : 
34594000 : system.cpu : T0 : 0x1d5b0 : @__libc_malloc+22 : c_beqz : c_beqz s0, 96 : IntAlu : 
8391000 : system.cpu : T0 : 0x1d5b2 : @__libc_malloc+24 : c_lw : c_lw a5, 4(s0) : MemRead : D=0x0000000000000000 A=0x7a69c
19641000 : system.cpu : T0 : 0x1d5b2 : @__libc_malloc+24 : c_lw : c_lw a5, 4(s0) : MemRead : D=0x0000000000000001 A=0x7a69c
20962000 : system.cpu : T0 : 0x1d5b2 : @__libc_malloc+24 : c_lw : c_lw a5, 4(s0) : MemRead : D=0x0000000000000001 A=0x7a69c
21864000 : system.cpu : T0 : 0x1d5b2 : @__libc_malloc+24 : c_lw : c_lw a5, 4(s0) : MemRead : D=0x0000000000000001 A=0x7a69c
34596000 : system.cpu : T0 : 0x1d5b2 : @__libc_malloc+24 : c_lw : c_lw a5, 4(s0) : MemRead : D=0x0000000000000001 A=0x7a69c
8460000 : system.cpu : T0 : 0x1d5b4 : @__libc_malloc+26 : c_andi : c_andi a5, 4 : IntAlu : D=0x0000000000000000
19645000 : system.cpu : T0 : 0x1d5b4 : @__libc_malloc+26 : c_andi : c_andi a5, 4 : IntAlu : D=0x0000000000000000
20966000 : system.cpu : T0 : 0x1d5b4 : @__libc_malloc+26 : c_andi : c_andi a5, 4 : IntAlu : D=0x0000000000000000
21868000 : system.cpu : T0 : 0x1d5b4 : @__libc_malloc+26 : c_andi : c_andi a5, 4 : IntAlu : D=0x0000000000000000
34600000 : system.cpu : T0 : 0x1d5b4 : @__libc_malloc+26 : c_andi : c_andi a5, 4 : IntAlu : D=0x0000000000000000
8462000 : system.cpu : T0 : 0x1d5b6 : @__libc_malloc+28 : c_bnez : c_bnez a5, 90 : IntAlu : 
19647000 : system.cpu : T0 : 0x1d5b6 : @__libc_malloc+28 : c_bnez : c_bnez a5, 90 : IntAlu : 
20968000 : system.cpu : T0 : 0x1d5b6 : @__libc_malloc+28 : c_bnez : c_bnez a5, 90 : IntAlu : 
21870000 : system.cpu : T0 : 0x1d5b6 : @__libc_malloc+28 : c_bnez : c_bnez a5, 90 : IntAlu : 
34602000 : system.cpu : T0 : 0x1d5b6 : @__libc_malloc+28 : c_bnez : c_bnez a5, 90 : IntAlu : 
8464000 : system.cpu : T0 : 0x1d5b8 : @__libc_malloc+30 : c_li : c_li a4, 1 : IntAlu : D=0x0000000000000001
19649000 : system.cpu : T0 : 0x1d5b8 : @__libc_malloc+30 : c_li : c_li a4, 1 : IntAlu : D=0x0000000000000001
20970000 : system.cpu : T0 : 0x1d5b8 : @__libc_malloc+30 : c_li : c_li a4, 1 : IntAlu : D=0x0000000000000001
21872000 : system.cpu : T0 : 0x1d5b8 : @__libc_malloc+30 : c_li : c_li a4, 1 : IntAlu : D=0x0000000000000001
34604000 : system.cpu : T0 : 0x1d5b8 : @__libc_malloc+30 : c_li : c_li a4, 1 : IntAlu : D=0x0000000000000001
8468000 : system.cpu : T0 : 0x1d5ba : @__libc_malloc+32. : lr_w : lr_w a5, (s0) : MemRead : D=0x0000000000000000 A=0x7a698
8470000 : system.cpu : T0 : 0x1d5ba : @__libc_malloc+32. : 0x140427af : 0x140427af fence : No_OpClass : 
19653000 : system.cpu : T0 : 0x1d5ba : @__libc_malloc+32. : lr_w : lr_w a5, (s0) : MemRead : D=0x0000000000000000 A=0x7a698
19655000 : system.cpu : T0 : 0x1d5ba : @__libc_malloc+32. : 0x140427af : 0x140427af fence : No_OpClass : 
20974000 : system.cpu : T0 : 0x1d5ba : @__libc_malloc+32. : lr_w : lr_w a5, (s0) : MemRead : D=0x0000000000000000 A=0x7a698
20976000 : system.cpu : T0 : 0x1d5ba : @__libc_malloc+32. : 0x140427af : 0x140427af fence : No_OpClass : 
21876000 : system.cpu : T0 : 0x1d5ba : @__libc_malloc+32. : lr_w : lr_w a5, (s0) : MemRead : D=0x0000000000000000 A=0x7a698
21878000 : system.cpu : T0 : 0x1d5ba : @__libc_malloc+32. : 0x140427af : 0x140427af fence : No_OpClass : 
34608000 : system.cpu : T0 : 0x1d5ba : @__libc_malloc+32. : lr_w : lr_w a5, (s0) : MemRead : D=0x0000000000000000 A=0x7a698
34610000 : system.cpu : T0 : 0x1d5ba : @__libc_malloc+32. : 0x140427af : 0x140427af fence : No_OpClass : 
8525000 : system.cpu : T0 : 0x1d5be : @__libc_malloc+36 : bne : bne a5, zero, 10 : IntAlu : 
19659000 : system.cpu : T0 : 0x1d5be : @__libc_malloc+36 : bne : bne a5, zero, 10 : IntAlu : 
20980000 : system.cpu : T0 : 0x1d5be : @__libc_malloc+36 : bne : bne a5, zero, 10 : IntAlu : 
21882000 : system.cpu : T0 : 0x1d5be : @__libc_malloc+36 : bne : bne a5, zero, 10 : IntAlu : 
34614000 : system.cpu : T0 : 0x1d5be : @__libc_malloc+36 : bne : bne a5, zero, 10 : IntAlu : 
8533000 : system.cpu : T0 : 0x1d5c2 : @__libc_malloc+40. : sc_w : sc_w a3, a4, (s0) : MemWrite : D=0x0000000000000000 A=0x7a698
8535000 : system.cpu : T0 : 0x1d5c2 : @__libc_malloc+40. : 0x1ce426af : 0x1ce426af fence : No_OpClass : 
19663000 : system.cpu : T0 : 0x1d5c2 : @__libc_malloc+40. : sc_w : sc_w a3, a4, (s0) : MemWrite : D=0x0000000000000000 A=0x7a698
19665000 : system.cpu : T0 : 0x1d5c2 : @__libc_malloc+40. : 0x1ce426af : 0x1ce426af fence : No_OpClass : 
20984000 : system.cpu : T0 : 0x1d5c2 : @__libc_malloc+40. : sc_w : sc_w a3, a4, (s0) : MemWrite : D=0x0000000000000000 A=0x7a698
20986000 : system.cpu : T0 : 0x1d5c2 : @__libc_malloc+40. : 0x1ce426af : 0x1ce426af fence : No_OpClass : 
21886000 : system.cpu : T0 : 0x1d5c2 : @__libc_malloc+40. : sc_w : sc_w a3, a4, (s0) : MemWrite : D=0x0000000000000000 A=0x7a698
21888000 : system.cpu : T0 : 0x1d5c2 : @__libc_malloc+40. : 0x1ce426af : 0x1ce426af fence : No_OpClass : 
34618000 : system.cpu : T0 : 0x1d5c2 : @__libc_malloc+40. : sc_w : sc_w a3, a4, (s0) : MemWrite : D=0x0000000000000000 A=0x7a698
34620000 : system.cpu : T0 : 0x1d5c2 : @__libc_malloc+40. : 0x1ce426af : 0x1ce426af fence : No_OpClass : 
8537000 : system.cpu : T0 : 0x1d5c6 : @__libc_malloc+44 : c_bnez : c_bnez a3, -12 : IntAlu : 
19667000 : system.cpu : T0 : 0x1d5c6 : @__libc_malloc+44 : c_bnez : c_bnez a3, -12 : IntAlu : 
20988000 : system.cpu : T0 : 0x1d5c6 : @__libc_malloc+44 : c_bnez : c_bnez a3, -12 : IntAlu : 
21890000 : system.cpu : T0 : 0x1d5c6 : @__libc_malloc+44 : c_bnez : c_bnez a3, -12 : IntAlu : 
34622000 : system.cpu : T0 : 0x1d5c6 : @__libc_malloc+44 : c_bnez : c_bnez a3, -12 : IntAlu : 
8539000 : system.cpu : T0 : 0x1d5c8 : @__libc_malloc+46 : c_addiw : c_addiw a5, 0 : IntAlu : D=0x0000000000000000
19669000 : system.cpu : T0 : 0x1d5c8 : @__libc_malloc+46 : c_addiw : c_addiw a5, 0 : IntAlu : D=0x0000000000000000
20990000 : system.cpu : T0 : 0x1d5c8 : @__libc_malloc+46 : c_addiw : c_addiw a5, 0 : IntAlu : D=0x0000000000000000
21892000 : system.cpu : T0 : 0x1d5c8 : @__libc_malloc+46 : c_addiw : c_addiw a5, 0 : IntAlu : D=0x0000000000000000
34624000 : system.cpu : T0 : 0x1d5c8 : @__libc_malloc+46 : c_addiw : c_addiw a5, 0 : IntAlu : D=0x0000000000000000
8541000 : system.cpu : T0 : 0x1d5ca : @__libc_malloc+48 : c_bnez : c_bnez a5, 178 : IntAlu : 
19671000 : system.cpu : T0 : 0x1d5ca : @__libc_malloc+48 : c_bnez : c_bnez a5, 178 : IntAlu : 
20992000 : system.cpu : T0 : 0x1d5ca : @__libc_malloc+48 : c_bnez : c_bnez a5, 178 : IntAlu : 
21894000 : system.cpu : T0 : 0x1d5ca : @__libc_malloc+48 : c_bnez : c_bnez a5, 178 : IntAlu : 
34626000 : system.cpu : T0 : 0x1d5ca : @__libc_malloc+48 : c_bnez : c_bnez a5, 178 : IntAlu : 
8543000 : system.cpu : T0 : 0x1d5cc : @__libc_malloc+50 : c_mv : c_mv a1, s1 : IntAlu : D=0x0000000000000058
19673000 : system.cpu : T0 : 0x1d5cc : @__libc_malloc+50 : c_mv : c_mv a1, s1 : IntAlu : D=0x0000000000000024
20994000 : system.cpu : T0 : 0x1d5cc : @__libc_malloc+50 : c_mv : c_mv a1, s1 : IntAlu : D=0x0000000000000018
21896000 : system.cpu : T0 : 0x1d5cc : @__libc_malloc+50 : c_mv : c_mv a1, s1 : IntAlu : D=0x0000000000000500
34628000 : system.cpu : T0 : 0x1d5cc : @__libc_malloc+50 : c_mv : c_mv a1, s1 : IntAlu : D=0x0000000000002000
8545000 : system.cpu : T0 : 0x1d5ce : @__libc_malloc+52 : c_mv : c_mv a0, s0 : IntAlu : D=0x000000000007a698
19675000 : system.cpu : T0 : 0x1d5ce : @__libc_malloc+52 : c_mv : c_mv a0, s0 : IntAlu : D=0x000000000007a698
20996000 : system.cpu : T0 : 0x1d5ce : @__libc_malloc+52 : c_mv : c_mv a0, s0 : IntAlu : D=0x000000000007a698
21898000 : system.cpu : T0 : 0x1d5ce : @__libc_malloc+52 : c_mv : c_mv a0, s0 : IntAlu : D=0x000000000007a698
34630000 : system.cpu : T0 : 0x1d5ce : @__libc_malloc+52 : c_mv : c_mv a0, s0 : IntAlu : D=0x000000000007a698
8547000 : system.cpu : T0 : 0x1d5d0 : @__libc_malloc+54 : jal : jal ra, -5004 : IntAlu : D=0x000000000001d5d4
19677000 : system.cpu : T0 : 0x1d5d0 : @__libc_malloc+54 : jal : jal ra, -5004 : IntAlu : D=0x000000000001d5d4
20998000 : system.cpu : T0 : 0x1d5d0 : @__libc_malloc+54 : jal : jal ra, -5004 : IntAlu : D=0x000000000001d5d4
21900000 : system.cpu : T0 : 0x1d5d0 : @__libc_malloc+54 : jal : jal ra, -5004 : IntAlu : D=0x000000000001d5d4
34632000 : system.cpu : T0 : 0x1d5d0 : @__libc_malloc+54 : jal : jal ra, -5004 : IntAlu : D=0x000000000001d5d4
16239000 : system.cpu : T0 : 0x1d5d4 : @__libc_malloc+58 : c_mv : c_mv a5, a0 : IntAlu : D=0x000000000007ef70
20540000 : system.cpu : T0 : 0x1d5d4 : @__libc_malloc+58 : c_mv : c_mv a5, a0 : IntAlu : D=0x000000000007efd0
21651000 : system.cpu : T0 : 0x1d5d4 : @__libc_malloc+58 : c_mv : c_mv a5, a0 : IntAlu : D=0x000000000007f000
22516000 : system.cpu : T0 : 0x1d5d4 : @__libc_malloc+58 : c_mv : c_mv a5, a0 : IntAlu : D=0x000000000007f020
35592000 : system.cpu : T0 : 0x1d5d4 : @__libc_malloc+58 : c_mv : c_mv a5, a0 : IntAlu : D=0x000000000007f530
16241000 : system.cpu : T0 : 0x1d5d6 : @__libc_malloc+60 : c_beqz : c_beqz a0, 136 : IntAlu : 
20542000 : system.cpu : T0 : 0x1d5d6 : @__libc_malloc+60 : c_beqz : c_beqz a0, 136 : IntAlu : 
21653000 : system.cpu : T0 : 0x1d5d6 : @__libc_malloc+60 : c_beqz : c_beqz a0, 136 : IntAlu : 
22518000 : system.cpu : T0 : 0x1d5d6 : @__libc_malloc+60 : c_beqz : c_beqz a0, 136 : IntAlu : 
35594000 : system.cpu : T0 : 0x1d5d6 : @__libc_malloc+60 : c_beqz : c_beqz a0, 136 : IntAlu : 
16243000 : system.cpu : T0 : 0x1d5d8 : @__libc_malloc+62. : 0x0a04272f : 0x0a04272f fence : No_OpClass : 
16243000 : system.cpu : T0 : 0x1d5d8 : @__libc_malloc+62. : amoswap_w[l] : amoswap_w[l] a4, zero, (s0) : MemRead : D=0x0000000000000001 A=0x7a698
20544000 : system.cpu : T0 : 0x1d5d8 : @__libc_malloc+62. : 0x0a04272f : 0x0a04272f fence : No_OpClass : 
20544000 : system.cpu : T0 : 0x1d5d8 : @__libc_malloc+62. : amoswap_w[l] : amoswap_w[l] a4, zero, (s0) : MemRead : D=0x0000000000000001 A=0x7a698
21655000 : system.cpu : T0 : 0x1d5d8 : @__libc_malloc+62. : 0x0a04272f : 0x0a04272f fence : No_OpClass : 
21655000 : system.cpu : T0 : 0x1d5d8 : @__libc_malloc+62. : amoswap_w[l] : amoswap_w[l] a4, zero, (s0) : MemRead : D=0x0000000000000001 A=0x7a698
22520000 : system.cpu : T0 : 0x1d5d8 : @__libc_malloc+62. : 0x0a04272f : 0x0a04272f fence : No_OpClass : 
22520000 : system.cpu : T0 : 0x1d5d8 : @__libc_malloc+62. : amoswap_w[l] : amoswap_w[l] a4, zero, (s0) : MemRead : D=0x0000000000000001 A=0x7a698
35596000 : system.cpu : T0 : 0x1d5d8 : @__libc_malloc+62. : 0x0a04272f : 0x0a04272f fence : No_OpClass : 
35596000 : system.cpu : T0 : 0x1d5d8 : @__libc_malloc+62. : amoswap_w[l] : amoswap_w[l] a4, zero, (s0) : MemRead : D=0x0000000000000001 A=0x7a698
16247000 : system.cpu : T0 : 0x1d5dc : @__libc_malloc+66 : c_li : c_li a3, 1 : IntAlu : D=0x0000000000000001
20548000 : system.cpu : T0 : 0x1d5dc : @__libc_malloc+66 : c_li : c_li a3, 1 : IntAlu : D=0x0000000000000001
21659000 : system.cpu : T0 : 0x1d5dc : @__libc_malloc+66 : c_li : c_li a3, 1 : IntAlu : D=0x0000000000000001
22524000 : system.cpu : T0 : 0x1d5dc : @__libc_malloc+66 : c_li : c_li a3, 1 : IntAlu : D=0x0000000000000001
35600000 : system.cpu : T0 : 0x1d5dc : @__libc_malloc+66 : c_li : c_li a3, 1 : IntAlu : D=0x0000000000000001
16249000 : system.cpu : T0 : 0x1d5de : @__libc_malloc+68 : c_addiw : c_addiw a4, 0 : IntAlu : D=0x0000000000000001
20550000 : system.cpu : T0 : 0x1d5de : @__libc_malloc+68 : c_addiw : c_addiw a4, 0 : IntAlu : D=0x0000000000000001
21661000 : system.cpu : T0 : 0x1d5de : @__libc_malloc+68 : c_addiw : c_addiw a4, 0 : IntAlu : D=0x0000000000000001
22526000 : system.cpu : T0 : 0x1d5de : @__libc_malloc+68 : c_addiw : c_addiw a4, 0 : IntAlu : D=0x0000000000000001
35602000 : system.cpu : T0 : 0x1d5de : @__libc_malloc+68 : c_addiw : c_addiw a4, 0 : IntAlu : D=0x0000000000000001
16251000 : system.cpu : T0 : 0x1d5e0 : @__libc_malloc+70 : blt : blt a3, a4, 106 : IntAlu : 
20552000 : system.cpu : T0 : 0x1d5e0 : @__libc_malloc+70 : blt : blt a3, a4, 106 : IntAlu : 
21663000 : system.cpu : T0 : 0x1d5e0 : @__libc_malloc+70 : blt : blt a3, a4, 106 : IntAlu : 
22528000 : system.cpu : T0 : 0x1d5e0 : @__libc_malloc+70 : blt : blt a3, a4, 106 : IntAlu : 
35604000 : system.cpu : T0 : 0x1d5e0 : @__libc_malloc+70 : blt : blt a3, a4, 106 : IntAlu : 
16253000 : system.cpu : T0 : 0x1d5e4 : @__libc_malloc+74 : c_beqz : c_beqz a5, 74 : IntAlu : 
20554000 : system.cpu : T0 : 0x1d5e4 : @__libc_malloc+74 : c_beqz : c_beqz a5, 74 : IntAlu : 
21665000 : system.cpu : T0 : 0x1d5e4 : @__libc_malloc+74 : c_beqz : c_beqz a5, 74 : IntAlu : 
22530000 : system.cpu : T0 : 0x1d5e4 : @__libc_malloc+74 : c_beqz : c_beqz a5, 74 : IntAlu : 
35606000 : system.cpu : T0 : 0x1d5e4 : @__libc_malloc+74 : c_beqz : c_beqz a5, 74 : IntAlu : 
16257000 : system.cpu : T0 : 0x1d5e6 : @__libc_malloc+76 : ld : ld a4, -8(a5) : MemRead : D=0x0000000000000061 A=0x7ef68
20558000 : system.cpu : T0 : 0x1d5e6 : @__libc_malloc+76 : ld : ld a4, -8(a5) : MemRead : D=0x0000000000000031 A=0x7efc8
21669000 : system.cpu : T0 : 0x1d5e6 : @__libc_malloc+76 : ld : ld a4, -8(a5) : MemRead : D=0x0000000000000021 A=0x7eff8
22534000 : system.cpu : T0 : 0x1d5e6 : @__libc_malloc+76 : ld : ld a4, -8(a5) : MemRead : D=0x0000000000000511 A=0x7f018
35610000 : system.cpu : T0 : 0x1d5e6 : @__libc_malloc+76 : ld : ld a4, -8(a5) : MemRead : D=0x0000000000002011 A=0x7f528
16263000 : system.cpu : T0 : 0x1d5ea : @__libc_malloc+80 : andi : andi a3, a4, 2 : IntAlu : D=0x0000000000000000
20564000 : system.cpu : T0 : 0x1d5ea : @__libc_malloc+80 : andi : andi a3, a4, 2 : IntAlu : D=0x0000000000000000
21675000 : system.cpu : T0 : 0x1d5ea : @__libc_malloc+80 : andi : andi a3, a4, 2 : IntAlu : D=0x0000000000000000
22540000 : system.cpu : T0 : 0x1d5ea : @__libc_malloc+80 : andi : andi a3, a4, 2 : IntAlu : D=0x0000000000000000
35616000 : system.cpu : T0 : 0x1d5ea : @__libc_malloc+80 : andi : andi a3, a4, 2 : IntAlu : D=0x0000000000000000
16265000 : system.cpu : T0 : 0x1d5ee : @__libc_malloc+84 : c_bnez : c_bnez a3, 22 : IntAlu : 
20566000 : system.cpu : T0 : 0x1d5ee : @__libc_malloc+84 : c_bnez : c_bnez a3, 22 : IntAlu : 
21677000 : system.cpu : T0 : 0x1d5ee : @__libc_malloc+84 : c_bnez : c_bnez a3, 22 : IntAlu : 
22542000 : system.cpu : T0 : 0x1d5ee : @__libc_malloc+84 : c_bnez : c_bnez a3, 22 : IntAlu : 
35618000 : system.cpu : T0 : 0x1d5ee : @__libc_malloc+84 : c_bnez : c_bnez a3, 22 : IntAlu : 
16267000 : system.cpu : T0 : 0x1d5f0 : @__libc_malloc+86 : c_andi : c_andi a4, 4 : IntAlu : D=0x0000000000000000
20568000 : system.cpu : T0 : 0x1d5f0 : @__libc_malloc+86 : c_andi : c_andi a4, 4 : IntAlu : D=0x0000000000000000
21679000 : system.cpu : T0 : 0x1d5f0 : @__libc_malloc+86 : c_andi : c_andi a4, 4 : IntAlu : D=0x0000000000000000
22544000 : system.cpu : T0 : 0x1d5f0 : @__libc_malloc+86 : c_andi : c_andi a4, 4 : IntAlu : D=0x0000000000000000
35620000 : system.cpu : T0 : 0x1d5f0 : @__libc_malloc+86 : c_andi : c_andi a4, 4 : IntAlu : D=0x0000000000000000
16269000 : system.cpu : T0 : 0x1d5f2 : @__libc_malloc+88 : c_beqz : c_beqz a4, 74 : IntAlu : 
20570000 : system.cpu : T0 : 0x1d5f2 : @__libc_malloc+88 : c_beqz : c_beqz a4, 74 : IntAlu : 
21681000 : system.cpu : T0 : 0x1d5f2 : @__libc_malloc+88 : c_beqz : c_beqz a4, 74 : IntAlu : 
22546000 : system.cpu : T0 : 0x1d5f2 : @__libc_malloc+88 : c_beqz : c_beqz a4, 74 : IntAlu : 
35622000 : system.cpu : T0 : 0x1d5f2 : @__libc_malloc+88 : c_beqz : c_beqz a4, 74 : IntAlu : 
16342000 : system.cpu : T0 : 0x1d604 : @__libc_malloc+106 : c_ldsp : c_ldsp ra, 24(sp) : MemRead : D=0x000000000004257c A=0x7fffffffffffece8
20578000 : system.cpu : T0 : 0x1d604 : @__libc_malloc+106 : c_ldsp : c_ldsp ra, 24(sp) : MemRead : D=0x0000000000041904 A=0x7ffffffffffffbf8
21689000 : system.cpu : T0 : 0x1d604 : @__libc_malloc+106 : c_ldsp : c_ldsp ra, 24(sp) : MemRead : D=0x000000000003ecae A=0x7ffffffffffffcc8
22554000 : system.cpu : T0 : 0x1d604 : @__libc_malloc+106 : c_ldsp : c_ldsp ra, 24(sp) : MemRead : D=0x000000000003ecda A=0x7ffffffffffffcc8
35685000 : system.cpu : T0 : 0x1d604 : @__libc_malloc+106 : c_ldsp : c_ldsp ra, 24(sp) : MemRead : D=0x0000000000038390 A=0x7ffffffffffffc28
16346000 : system.cpu : T0 : 0x1d606 : @__libc_malloc+108 : c_ldsp : c_ldsp s0, 16(sp) : MemRead : D=0x0000000000000057 A=0x7fffffffffffece0
20582000 : system.cpu : T0 : 0x1d606 : @__libc_malloc+108 : c_ldsp : c_ldsp s0, 16(sp) : MemRead : D=0x7ffffffffffffcd0 A=0x7ffffffffffffbf0
21693000 : system.cpu : T0 : 0x1d606 : @__libc_malloc+108 : c_ldsp : c_ldsp s0, 16(sp) : MemRead : D=0x7ffffffffffffd10 A=0x7ffffffffffffcc0
22558000 : system.cpu : T0 : 0x1d606 : @__libc_malloc+108 : c_ldsp : c_ldsp s0, 16(sp) : MemRead : D=0x7ffffffffffffd10 A=0x7ffffffffffffcc0
35689000 : system.cpu : T0 : 0x1d606 : @__libc_malloc+108 : c_ldsp : c_ldsp s0, 16(sp) : MemRead : D=0x000000000007a218 A=0x7ffffffffffffc20
16350000 : system.cpu : T0 : 0x1d608 : @__libc_malloc+110 : c_ldsp : c_ldsp s1, 8(sp) : MemRead : D=0x7ffffffffffffed8 A=0x7fffffffffffecd8
20586000 : system.cpu : T0 : 0x1d608 : @__libc_malloc+110 : c_ldsp : c_ldsp s1, 8(sp) : MemRead : D=0x0000000000000001 A=0x7ffffffffffffbe8
21697000 : system.cpu : T0 : 0x1d608 : @__libc_malloc+110 : c_ldsp : c_ldsp s1, 8(sp) : MemRead : D=0x000000000007d000 A=0x7ffffffffffffcb8
22562000 : system.cpu : T0 : 0x1d608 : @__libc_malloc+110 : c_ldsp : c_ldsp s1, 8(sp) : MemRead : D=0x000000000000000a A=0x7ffffffffffffcb8
35693000 : system.cpu : T0 : 0x1d608 : @__libc_malloc+110 : c_ldsp : c_ldsp s1, 8(sp) : MemRead : D=0x0000000000002000 A=0x7ffffffffffffc18
16354000 : system.cpu : T0 : 0x1d60a : @__libc_malloc+112 : c_mv : c_mv a0, a5 : IntAlu : D=0x000000000007ef70
20590000 : system.cpu : T0 : 0x1d60a : @__libc_malloc+112 : c_mv : c_mv a0, a5 : IntAlu : D=0x000000000007efd0
21701000 : system.cpu : T0 : 0x1d60a : @__libc_malloc+112 : c_mv : c_mv a0, a5 : IntAlu : D=0x000000000007f000
22566000 : system.cpu : T0 : 0x1d60a : @__libc_malloc+112 : c_mv : c_mv a0, a5 : IntAlu : D=0x000000000007f020
35697000 : system.cpu : T0 : 0x1d60a : @__libc_malloc+112 : c_mv : c_mv a0, a5 : IntAlu : D=0x000000000007f530
16356000 : system.cpu : T0 : 0x1d60c : @__libc_malloc+114 : c_addi16sp : c_addi16sp sp, 32 : IntAlu : D=0x7fffffffffffecf0
20592000 : system.cpu : T0 : 0x1d60c : @__libc_malloc+114 : c_addi16sp : c_addi16sp sp, 32 : IntAlu : D=0x7ffffffffffffc00
21703000 : system.cpu : T0 : 0x1d60c : @__libc_malloc+114 : c_addi16sp : c_addi16sp sp, 32 : IntAlu : D=0x7ffffffffffffcd0
22568000 : system.cpu : T0 : 0x1d60c : @__libc_malloc+114 : c_addi16sp : c_addi16sp sp, 32 : IntAlu : D=0x7ffffffffffffcd0
35699000 : system.cpu : T0 : 0x1d60c : @__libc_malloc+114 : c_addi16sp : c_addi16sp sp, 32 : IntAlu : D=0x7ffffffffffffc30
16358000 : system.cpu : T0 : 0x1d60e : @__libc_malloc+116 : c_jr : c_jr ra : IntAlu : 
20594000 : system.cpu : T0 : 0x1d60e : @__libc_malloc+116 : c_jr : c_jr ra : IntAlu : 
21705000 : system.cpu : T0 : 0x1d60e : @__libc_malloc+116 : c_jr : c_jr ra : IntAlu : 
22570000 : system.cpu : T0 : 0x1d60e : @__libc_malloc+116 : c_jr : c_jr ra : IntAlu : 
35701000 : system.cpu : T0 : 0x1d60e : @__libc_malloc+116 : c_jr : c_jr ra : IntAlu : 
16336000 : system.cpu : T0 : 0x1d63c : @__libc_malloc+162 : lui : lui a4, 122 : IntAlu : D=0x000000000007a000
20572000 : system.cpu : T0 : 0x1d63c : @__libc_malloc+162 : lui : lui a4, 122 : IntAlu : D=0x000000000007a000
21683000 : system.cpu : T0 : 0x1d63c : @__libc_malloc+162 : lui : lui a4, 122 : IntAlu : D=0x000000000007a000
22548000 : system.cpu : T0 : 0x1d63c : @__libc_malloc+162 : lui : lui a4, 122 : IntAlu : D=0x000000000007a000
35624000 : system.cpu : T0 : 0x1d63c : @__libc_malloc+162 : lui : lui a4, 122 : IntAlu : D=0x000000000007a000
16338000 : system.cpu : T0 : 0x1d640 : @__libc_malloc+166 : addi : addi a4, a4, 1688 : IntAlu : D=0x000000000007a698
20574000 : system.cpu : T0 : 0x1d640 : @__libc_malloc+166 : addi : addi a4, a4, 1688 : IntAlu : D=0x000000000007a698
21685000 : system.cpu : T0 : 0x1d640 : @__libc_malloc+166 : addi : addi a4, a4, 1688 : IntAlu : D=0x000000000007a698
22550000 : system.cpu : T0 : 0x1d640 : @__libc_malloc+166 : addi : addi a4, a4, 1688 : IntAlu : D=0x000000000007a698
35677000 : system.cpu : T0 : 0x1d640 : @__libc_malloc+166 : addi : addi a4, a4, 1688 : IntAlu : D=0x000000000007a698
16340000 : system.cpu : T0 : 0x1d644 : @__libc_malloc+170 : beq : beq a4, s0, -64 : IntAlu : 
20576000 : system.cpu : T0 : 0x1d644 : @__libc_malloc+170 : beq : beq a4, s0, -64 : IntAlu : 
21687000 : system.cpu : T0 : 0x1d644 : @__libc_malloc+170 : beq : beq a4, s0, -64 : IntAlu : 
22552000 : system.cpu : T0 : 0x1d644 : @__libc_malloc+170 : beq : beq a4, s0, -64 : IntAlu : 
35683000 : system.cpu : T0 : 0x1d644 : @__libc_malloc+170 : beq : beq a4, s0, -64 : IntAlu : 
7438000 : system.cpu : T0 : 0x1d678 : @__libc_malloc+222 : c_mv : c_mv a1, ra : IntAlu : D=0x000000000004257c
7444000 : system.cpu : T0 : 0x1d67a : @__libc_malloc+224 : c_jr : c_jr t1 : IntAlu : 
7651000 : system.cpu : T0 : 0x1df14 : @ptmalloc_init.part.11 : c_addi16sp : c_addi16sp sp, -112 : IntAlu : D=0x7fffffffffffec60
7657000 : system.cpu : T0 : 0x1df16 : @ptmalloc_init.part.11+2 : c_sdsp : c_sdsp s1, 88(sp) : MemWrite : D=0x7ffffffffffffed8 A=0x7fffffffffffecb8
7712000 : system.cpu : T0 : 0x1df18 : @ptmalloc_init.part.11+4 : lui : lui a4, 122 : IntAlu : D=0x000000000007a000
7714000 : system.cpu : T0 : 0x1df1c : @ptmalloc_init.part.11+8 : ld : ld s1, -1192(gp) : MemRead : D=0x7ffffffffffffee8 A=0x7bc48
7718000 : system.cpu : T0 : 0x1df20 : @ptmalloc_init.part.11+12 : c_sdsp : c_sdsp s2, 80(sp) : MemWrite : D=0x7ffffffffffffee8 A=0x7fffffffffffecb0
7722000 : system.cpu : T0 : 0x1df22 : @ptmalloc_init.part.11+14 : c_sdsp : c_sdsp ra, 104(sp) : MemWrite : D=0x000000000001e1f2 A=0x7fffffffffffecc8
7726000 : system.cpu : T0 : 0x1df24 : @ptmalloc_init.part.11+16 : c_sdsp : c_sdsp s0, 96(sp) : MemWrite : D=0x0000000000000057 A=0x7fffffffffffecc0
7730000 : system.cpu : T0 : 0x1df26 : @ptmalloc_init.part.11+18 : c_sdsp : c_sdsp s3, 72(sp) : MemWrite : D=0x0000000000000000 A=0x7fffffffffffeca8
7734000 : system.cpu : T0 : 0x1df28 : @ptmalloc_init.part.11+20 : c_sdsp : c_sdsp s4, 64(sp) : MemWrite : D=0x0000000000000000 A=0x7fffffffffffeca0
7738000 : system.cpu : T0 : 0x1df2a : @ptmalloc_init.part.11+22 : c_sdsp : c_sdsp s5, 56(sp) : MemWrite : D=0x0000000000000000 A=0x7fffffffffffec98
7742000 : system.cpu : T0 : 0x1df2c : @ptmalloc_init.part.11+24 : c_sdsp : c_sdsp s6, 48(sp) : MemWrite : D=0x0000000000000000 A=0x7fffffffffffec90
7746000 : system.cpu : T0 : 0x1df2e : @ptmalloc_init.part.11+26 : c_sdsp : c_sdsp s7, 40(sp) : MemWrite : D=0x0000000000000000 A=0x7fffffffffffec88
7750000 : system.cpu : T0 : 0x1df30 : @ptmalloc_init.part.11+28 : c_sdsp : c_sdsp s8, 32(sp) : MemWrite : D=0x0000000000000000 A=0x7fffffffffffec80
7754000 : system.cpu : T0 : 0x1df32 : @ptmalloc_init.part.11+30 : c_sdsp : c_sdsp s9, 24(sp) : MemWrite : D=0x0000000000000000 A=0x7fffffffffffec78
7809000 : system.cpu : T0 : 0x1df34 : @ptmalloc_init.part.11+32 : c_sdsp : c_sdsp s10, 16(sp) : MemWrite : D=0x0000000000000000 A=0x7fffffffffffec70
7813000 : system.cpu : T0 : 0x1df36 : @ptmalloc_init.part.11+34 : c_sdsp : c_sdsp s11, 8(sp) : MemWrite : D=0x0000000000000000 A=0x7fffffffffffec68
7817000 : system.cpu : T0 : 0x1df38 : @ptmalloc_init.part.11+36 : addi : addi a4, a4, 1688 : IntAlu : D=0x000000000007a698
7819000 : system.cpu : T0 : 0x1df3c : @ptmalloc_init.part.11+40 : sw : sw zero, -1732(gp) : MemWrite : D=0x0000000000000000 A=0x7ba2c
8125000 : system.cpu : T0 : 0x1df40 : @ptmalloc_init.part.11+44 : sd : sd a4, 40(tp) : MemWrite : D=0x000000000007a698 A=0x7e728
8129000 : system.cpu : T0 : 0x1df44 : @ptmalloc_init.part.11+48 : c_beqz : c_beqz s1, 192 : IntAlu : 
8133000 : system.cpu : T0 : 0x1df46 : @ptmalloc_init.part.11+50 : lui : lui a5, 91 : IntAlu : D=0x000000000005b000
8135000 : system.cpu : T0 : 0x1df4a : @ptmalloc_init.part.11+54 : c_li : c_li s4, 0 : IntAlu : D=0x0000000000000000
8137000 : system.cpu : T0 : 0x1df4c : @ptmalloc_init.part.11+56 : lui : lui s5, 91 : IntAlu : D=0x000000000005b000
8139000 : system.cpu : T0 : 0x1df50 : @ptmalloc_init.part.11+60 : addi : addi s3, a5, -944 : IntAlu : D=0x000000000005ac50
8141000 : system.cpu : T0 : 0x1df54 : @ptmalloc_init.part.11+64 : lui : lui s6, 122 : IntAlu : D=0x000000000007a000
8143000 : system.cpu : T0 : 0x1df58 : @ptmalloc_init.part.11+68 : lui : lui s10, 92 : IntAlu : D=0x000000000005c000
8145000 : system.cpu : T0 : 0x1df5c : @ptmalloc_init.part.11+72 : lui : lui s9, 92 : IntAlu : D=0x000000000005c000
8147000 : system.cpu : T0 : 0x1df60 : @ptmalloc_init.part.11+76 : lui : lui s8, 92 : IntAlu : D=0x000000000005c000
8149000 : system.cpu : T0 : 0x1df64 : @ptmalloc_init.part.11+80 : lui : lui s7, 92 : IntAlu : D=0x000000000005c000
8151000 : system.cpu : T0 : 0x1df68 : @ptmalloc_init.part.11+84 : c_ld : c_ld s0, 0(s1) : MemRead : D=0x0000000000000000 A=0x7ffffffffffffee8
8155000 : system.cpu : T0 : 0x1df6a : @ptmalloc_init.part.11+86 : c_beqz : c_beqz s0, 144 : IntAlu : 
8214000 : system.cpu : T0 : 0x1dffa : @ptmalloc_init.part.11+230 : beq : beq s4, zero, 10 : IntAlu : 
8281000 : system.cpu : T0 : 0x1e004 : @ptmalloc_init.part.11+240 : c_ldsp : c_ldsp ra, 104(sp) : MemRead : D=0x000000000001e1f2 A=0x7fffffffffffecc8
8285000 : system.cpu : T0 : 0x1e006 : @ptmalloc_init.part.11+242 : c_ldsp : c_ldsp s0, 96(sp) : MemRead : D=0x0000000000000057 A=0x7fffffffffffecc0
8289000 : system.cpu : T0 : 0x1e008 : @ptmalloc_init.part.11+244 : c_li : c_li a5, 1 : IntAlu : D=0x0000000000000001
8293000 : system.cpu : T0 : 0x1e00a : @ptmalloc_init.part.11+246 : sw : sw a5, -1732(gp) : MemWrite : D=0x0000000000000001 A=0x7ba2c
8297000 : system.cpu : T0 : 0x1e00e : @ptmalloc_init.part.11+250 : c_ldsp : c_ldsp s1, 88(sp) : MemRead : D=0x7ffffffffffffed8 A=0x7fffffffffffecb8
8301000 : system.cpu : T0 : 0x1e010 : @ptmalloc_init.part.11+252 : c_ldsp : c_ldsp s2, 80(sp) : MemRead : D=0x7ffffffffffffee8 A=0x7fffffffffffecb0
8305000 : system.cpu : T0 : 0x1e012 : @ptmalloc_init.part.11+254 : c_ldsp : c_ldsp s3, 72(sp) : MemRead : D=0x0000000000000000 A=0x7fffffffffffeca8
8309000 : system.cpu : T0 : 0x1e014 : @ptmalloc_init.part.11+256 : c_ldsp : c_ldsp s4, 64(sp) : MemRead : D=0x0000000000000000 A=0x7fffffffffffeca0
8313000 : system.cpu : T0 : 0x1e016 : @ptmalloc_init.part.11+258 : c_ldsp : c_ldsp s5, 56(sp) : MemRead : D=0x0000000000000000 A=0x7fffffffffffec98
8317000 : system.cpu : T0 : 0x1e018 : @ptmalloc_init.part.11+260 : c_ldsp : c_ldsp s6, 48(sp) : MemRead : D=0x0000000000000000 A=0x7fffffffffffec90
8321000 : system.cpu : T0 : 0x1e01a : @ptmalloc_init.part.11+262 : c_ldsp : c_ldsp s7, 40(sp) : MemRead : D=0x0000000000000000 A=0x7fffffffffffec88
8325000 : system.cpu : T0 : 0x1e01c : @ptmalloc_init.part.11+264 : c_ldsp : c_ldsp s8, 32(sp) : MemRead : D=0x0000000000000000 A=0x7fffffffffffec80
8329000 : system.cpu : T0 : 0x1e01e : @ptmalloc_init.part.11+266 : c_ldsp : c_ldsp s9, 24(sp) : MemRead : D=0x0000000000000000 A=0x7fffffffffffec78
8333000 : system.cpu : T0 : 0x1e020 : @ptmalloc_init.part.11+268 : c_ldsp : c_ldsp s10, 16(sp) : MemRead : D=0x0000000000000000 A=0x7fffffffffffec70
8337000 : system.cpu : T0 : 0x1e022 : @ptmalloc_init.part.11+270 : c_ldsp : c_ldsp s11, 8(sp) : MemRead : D=0x0000000000000000 A=0x7fffffffffffec68
8341000 : system.cpu : T0 : 0x1e024 : @ptmalloc_init.part.11+272 : c_addi16sp : c_addi16sp sp, 112 : IntAlu : D=0x7fffffffffffecd0
8343000 : system.cpu : T0 : 0x1e026 : @ptmalloc_init.part.11+274 : c_jr : c_jr ra : IntAlu : 
7525000 : system.cpu : T0 : 0x1e1d8 : @malloc_hook_ini : lw : lw a5, -1732(gp) : MemRead : D=0xffffffffffffffff A=0x7ba2c
7580000 : system.cpu : T0 : 0x1e1dc : @malloc_hook_ini+4 : sd : sd zero, -1696(gp) : MemWrite : D=0x0000000000000000 A=0x7ba50
7584000 : system.cpu : T0 : 0x1e1e0 : @malloc_hook_ini+8 : blt : blt a5, zero, 8 : IntAlu : 
7586000 : system.cpu : T0 : 0x1e1e8 : @malloc_hook_ini+16 : c_addi : c_addi sp, -32 : IntAlu : D=0x7fffffffffffecd0
7588000 : system.cpu : T0 : 0x1e1ea : @malloc_hook_ini+18 : c_sdsp : c_sdsp ra, 24(sp) : MemWrite : D=0x000000000004257c A=0x7fffffffffffece8
7592000 : system.cpu : T0 : 0x1e1ec : @malloc_hook_ini+20 : c_sdsp : c_sdsp a0, 8(sp) : MemWrite : D=0x0000000000000058 A=0x7fffffffffffecd8
7598000 : system.cpu : T0 : 0x1e1ee : @malloc_hook_ini+22 : jal : jal ra, -730 : IntAlu : D=0x000000000001e1f2
8345000 : system.cpu : T0 : 0x1e1f2 : @malloc_hook_ini+26 : c_ldsp : c_ldsp a0, 8(sp) : MemRead : D=0x0000000000000058 A=0x7fffffffffffecd8
8349000 : system.cpu : T0 : 0x1e1f4 : @malloc_hook_ini+28 : c_ldsp : c_ldsp ra, 24(sp) : MemRead : D=0x000000000004257c A=0x7fffffffffffece8
8353000 : system.cpu : T0 : 0x1e1f6 : @malloc_hook_ini+30 : c_addi16sp : c_addi16sp sp, 32 : IntAlu : D=0x7fffffffffffecf0
8355000 : system.cpu : T0 : 0x1e1f8 : @malloc_hook_ini+32 : jal : jal zero, -3166 : IntAlu : D=0x000000000001e1fc
14502000 : system.cpu : T0 : 0x1e778 : @__default_morecore : c_addi : c_addi sp, -16 : IntAlu : D=0x7fffffffffffeb40
15146000 : system.cpu : T0 : 0x1e778 : @__default_morecore : c_addi : c_addi sp, -16 : IntAlu : D=0x7fffffffffffeb40
14508000 : system.cpu : T0 : 0x1e77a : @__default_morecore+2 : c_sdsp : c_sdsp ra, 8(sp) : MemWrite : D=0x000000000001bf22 A=0x7fffffffffffeb48
15148000 : system.cpu : T0 : 0x1e77a : @__default_morecore+2 : c_sdsp : c_sdsp ra, 8(sp) : MemWrite : D=0x000000000001bf9c A=0x7fffffffffffeb48
14512000 : system.cpu : T0 : 0x1e77c : @__default_morecore+4 : jal : jal ra, 9300 : IntAlu : D=0x000000000001e780
15152000 : system.cpu : T0 : 0x1e77c : @__default_morecore+4 : jal : jal ra, 9300 : IntAlu : D=0x000000000001e780
14714000 : system.cpu : T0 : 0x1e780 : @__default_morecore+8 : c_li : c_li a5, -1 : IntAlu : D=0xffffffffffffffff
15252000 : system.cpu : T0 : 0x1e780 : @__default_morecore+8 : c_li : c_li a5, -1 : IntAlu : D=0xffffffffffffffff
14722000 : system.cpu : T0 : 0x1e782 : @__default_morecore+10 : beq : beq a0, a5, 10 : IntAlu : 
15256000 : system.cpu : T0 : 0x1e782 : @__default_morecore+10 : beq : beq a0, a5, 10 : IntAlu : 
14724000 : system.cpu : T0 : 0x1e786 : @__default_morecore+14 : c_ldsp : c_ldsp ra, 8(sp) : MemRead : D=0x000000000001bf22 A=0x7fffffffffffeb48
15258000 : system.cpu : T0 : 0x1e786 : @__default_morecore+14 : c_ldsp : c_ldsp ra, 8(sp) : MemRead : D=0x000000000001bf9c A=0x7fffffffffffeb48
14728000 : system.cpu : T0 : 0x1e788 : @__default_morecore+16 : c_addi : c_addi sp, 16 : IntAlu : D=0x7fffffffffffeb50
15262000 : system.cpu : T0 : 0x1e788 : @__default_morecore+16 : c_addi : c_addi sp, 16 : IntAlu : D=0x7fffffffffffeb50
14730000 : system.cpu : T0 : 0x1e78a : @__default_morecore+18 : c_jr : c_jr ra : IntAlu : 
15264000 : system.cpu : T0 : 0x1e78a : @__default_morecore+18 : c_jr : c_jr ra : IntAlu : 
25543000 : system.cpu : T0 : 0x1e790 : @strchr : andi : andi a5, a0, 7 : IntAlu : D=0x0000000000000003
25575000 : system.cpu : T0 : 0x1e790 : @strchr : andi : andi a5, a0, 7 : IntAlu : D=0x0000000000000004
25895000 : system.cpu : T0 : 0x1e790 : @strchr : andi : andi a5, a0, 7 : IntAlu : D=0x0000000000000001
26145000 : system.cpu : T0 : 0x1e790 : @strchr : andi : andi a5, a0, 7 : IntAlu : D=0x0000000000000001
26472000 : system.cpu : T0 : 0x1e790 : @strchr : andi : andi a5, a0, 7 : IntAlu : D=0x0000000000000003
26728000 : system.cpu : T0 : 0x1e790 : @strchr : andi : andi a5, a0, 7 : IntAlu : D=0x0000000000000005
26960000 : system.cpu : T0 : 0x1e790 : @strchr : andi : andi a5, a0, 7 : IntAlu : D=0x0000000000000006
27142000 : system.cpu : T0 : 0x1e790 : @strchr : andi : andi a5, a0, 7 : IntAlu : D=0x0000000000000003
27378000 : system.cpu : T0 : 0x1e790 : @strchr : andi : andi a5, a0, 7 : IntAlu : D=0x0000000000000003
27626000 : system.cpu : T0 : 0x1e790 : @strchr : andi : andi a5, a0, 7 : IntAlu : D=0x0000000000000004
27694000 : system.cpu : T0 : 0x1e790 : @strchr : andi : andi a5, a0, 7 : IntAlu : D=0x0000000000000007
27929000 : system.cpu : T0 : 0x1e790 : @strchr : andi : andi a5, a0, 7 : IntAlu : D=0x0000000000000002
28051000 : system.cpu : T0 : 0x1e790 : @strchr : andi : andi a5, a0, 7 : IntAlu : D=0x0000000000000000
28245000 : system.cpu : T0 : 0x1e790 : @strchr : andi : andi a5, a0, 7 : IntAlu : D=0x0000000000000003
28459000 : system.cpu : T0 : 0x1e790 : @strchr : andi : andi a5, a0, 7 : IntAlu : D=0x0000000000000001
28545000 : system.cpu : T0 : 0x1e790 : @strchr : andi : andi a5, a0, 7 : IntAlu : D=0x0000000000000005
28745000 : system.cpu : T0 : 0x1e790 : @strchr : andi : andi a5, a0, 7 : IntAlu : D=0x0000000000000003
28959000 : system.cpu : T0 : 0x1e790 : @strchr : andi : andi a5, a0, 7 : IntAlu : D=0x0000000000000001
25545000 : system.cpu : T0 : 0x1e794 : @strchr+4 : andi : andi a4, a1, 255 : IntAlu : D=0x000000000000002f
25577000 : system.cpu : T0 : 0x1e794 : @strchr+4 : andi : andi a4, a1, 255 : IntAlu : D=0x000000000000002f
25897000 : system.cpu : T0 : 0x1e794 : @strchr+4 : andi : andi a4, a1, 255 : IntAlu : D=0x000000000000002f
26147000 : system.cpu : T0 : 0x1e794 : @strchr+4 : andi : andi a4, a1, 255 : IntAlu : D=0x000000000000002f
26474000 : system.cpu : T0 : 0x1e794 : @strchr+4 : andi : andi a4, a1, 255 : IntAlu : D=0x000000000000002f
26730000 : system.cpu : T0 : 0x1e794 : @strchr+4 : andi : andi a4, a1, 255 : IntAlu : D=0x000000000000002f
26962000 : system.cpu : T0 : 0x1e794 : @strchr+4 : andi : andi a4, a1, 255 : IntAlu : D=0x000000000000002f
27144000 : system.cpu : T0 : 0x1e794 : @strchr+4 : andi : andi a4, a1, 255 : IntAlu : D=0x000000000000002f
27380000 : system.cpu : T0 : 0x1e794 : @strchr+4 : andi : andi a4, a1, 255 : IntAlu : D=0x000000000000002f
27628000 : system.cpu : T0 : 0x1e794 : @strchr+4 : andi : andi a4, a1, 255 : IntAlu : D=0x000000000000002f
27696000 : system.cpu : T0 : 0x1e794 : @strchr+4 : andi : andi a4, a1, 255 : IntAlu : D=0x000000000000002f
27931000 : system.cpu : T0 : 0x1e794 : @strchr+4 : andi : andi a4, a1, 255 : IntAlu : D=0x000000000000002f
28053000 : system.cpu : T0 : 0x1e794 : @strchr+4 : andi : andi a4, a1, 255 : IntAlu : D=0x000000000000002f
28247000 : system.cpu : T0 : 0x1e794 : @strchr+4 : andi : andi a4, a1, 255 : IntAlu : D=0x000000000000002f
28461000 : system.cpu : T0 : 0x1e794 : @strchr+4 : andi : andi a4, a1, 255 : IntAlu : D=0x000000000000002f
28547000 : system.cpu : T0 : 0x1e794 : @strchr+4 : andi : andi a4, a1, 255 : IntAlu : D=0x000000000000002f
28747000 : system.cpu : T0 : 0x1e794 : @strchr+4 : andi : andi a4, a1, 255 : IntAlu : D=0x000000000000002f
28961000 : system.cpu : T0 : 0x1e794 : @strchr+4 : andi : andi a4, a1, 255 : IntAlu : D=0x000000000000002f
25547000 : system.cpu : T0 : 0x1e798 : @strchr+8 : c_bnez : c_bnez a5, 14 : IntAlu : 
25579000 : system.cpu : T0 : 0x1e798 : @strchr+8 : c_bnez : c_bnez a5, 14 : IntAlu : 
25899000 : system.cpu : T0 : 0x1e798 : @strchr+8 : c_bnez : c_bnez a5, 14 : IntAlu : 
26149000 : system.cpu : T0 : 0x1e798 : @strchr+8 : c_bnez : c_bnez a5, 14 : IntAlu : 
26476000 : system.cpu : T0 : 0x1e798 : @strchr+8 : c_bnez : c_bnez a5, 14 : IntAlu : 
26732000 : system.cpu : T0 : 0x1e798 : @strchr+8 : c_bnez : c_bnez a5, 14 : IntAlu : 
26964000 : system.cpu : T0 : 0x1e798 : @strchr+8 : c_bnez : c_bnez a5, 14 : IntAlu : 
27146000 : system.cpu : T0 : 0x1e798 : @strchr+8 : c_bnez : c_bnez a5, 14 : IntAlu : 
27382000 : system.cpu : T0 : 0x1e798 : @strchr+8 : c_bnez : c_bnez a5, 14 : IntAlu : 
27630000 : system.cpu : T0 : 0x1e798 : @strchr+8 : c_bnez : c_bnez a5, 14 : IntAlu : 
27698000 : system.cpu : T0 : 0x1e798 : @strchr+8 : c_bnez : c_bnez a5, 14 : IntAlu : 
27933000 : system.cpu : T0 : 0x1e798 : @strchr+8 : c_bnez : c_bnez a5, 14 : IntAlu : 
28055000 : system.cpu : T0 : 0x1e798 : @strchr+8 : c_bnez : c_bnez a5, 14 : IntAlu : 
28249000 : system.cpu : T0 : 0x1e798 : @strchr+8 : c_bnez : c_bnez a5, 14 : IntAlu : 
28463000 : system.cpu : T0 : 0x1e798 : @strchr+8 : c_bnez : c_bnez a5, 14 : IntAlu : 
28549000 : system.cpu : T0 : 0x1e798 : @strchr+8 : c_bnez : c_bnez a5, 14 : IntAlu : 
28749000 : system.cpu : T0 : 0x1e798 : @strchr+8 : c_bnez : c_bnez a5, 14 : IntAlu : 
28963000 : system.cpu : T0 : 0x1e798 : @strchr+8 : c_bnez : c_bnez a5, 14 : IntAlu : 
28057000 : system.cpu : T0 : 0x1e79a : @strchr+10 : c_j : c_j 22 : IntAlu : 
25591000 : system.cpu : T0 : 0x1e79c : @strchr+12 : c_beqz : c_beqz a5, 192 : IntAlu : 
25609000 : system.cpu : T0 : 0x1e79c : @strchr+12 : c_beqz : c_beqz a5, 192 : IntAlu : 
25627000 : system.cpu : T0 : 0x1e79c : @strchr+12 : c_beqz : c_beqz a5, 192 : IntAlu : 
25645000 : system.cpu : T0 : 0x1e79c : @strchr+12 : c_beqz : c_beqz a5, 192 : IntAlu : 
25911000 : system.cpu : T0 : 0x1e79c : @strchr+12 : c_beqz : c_beqz a5, 192 : IntAlu : 
25929000 : system.cpu : T0 : 0x1e79c : @strchr+12 : c_beqz : c_beqz a5, 192 : IntAlu : 
25947000 : system.cpu : T0 : 0x1e79c : @strchr+12 : c_beqz : c_beqz a5, 192 : IntAlu : 
25965000 : system.cpu : T0 : 0x1e79c : @strchr+12 : c_beqz : c_beqz a5, 192 : IntAlu : 
25983000 : system.cpu : T0 : 0x1e79c : @strchr+12 : c_beqz : c_beqz a5, 192 : IntAlu : 
26001000 : system.cpu : T0 : 0x1e79c : @strchr+12 : c_beqz : c_beqz a5, 192 : IntAlu : 
26019000 : system.cpu : T0 : 0x1e79c : @strchr+12 : c_beqz : c_beqz a5, 192 : IntAlu : 
26161000 : system.cpu : T0 : 0x1e79c : @strchr+12 : c_beqz : c_beqz a5, 192 : IntAlu : 
26179000 : system.cpu : T0 : 0x1e79c : @strchr+12 : c_beqz : c_beqz a5, 192 : IntAlu : 
26197000 : system.cpu : T0 : 0x1e79c : @strchr+12 : c_beqz : c_beqz a5, 192 : IntAlu : 
26215000 : system.cpu : T0 : 0x1e79c : @strchr+12 : c_beqz : c_beqz a5, 192 : IntAlu : 
26233000 : system.cpu : T0 : 0x1e79c : @strchr+12 : c_beqz : c_beqz a5, 192 : IntAlu : 
26251000 : system.cpu : T0 : 0x1e79c : @strchr+12 : c_beqz : c_beqz a5, 192 : IntAlu : 
26269000 : system.cpu : T0 : 0x1e79c : @strchr+12 : c_beqz : c_beqz a5, 192 : IntAlu : 
26488000 : system.cpu : T0 : 0x1e79c : @strchr+12 : c_beqz : c_beqz a5, 192 : IntAlu : 
26506000 : system.cpu : T0 : 0x1e79c : @strchr+12 : c_beqz : c_beqz a5, 192 : IntAlu : 
26524000 : system.cpu : T0 : 0x1e79c : @strchr+12 : c_beqz : c_beqz a5, 192 : IntAlu : 
26542000 : system.cpu : T0 : 0x1e79c : @strchr+12 : c_beqz : c_beqz a5, 192 : IntAlu : 
26560000 : system.cpu : T0 : 0x1e79c : @strchr+12 : c_beqz : c_beqz a5, 192 : IntAlu : 
26744000 : system.cpu : T0 : 0x1e79c : @strchr+12 : c_beqz : c_beqz a5, 192 : IntAlu : 
26762000 : system.cpu : T0 : 0x1e79c : @strchr+12 : c_beqz : c_beqz a5, 192 : IntAlu : 
26780000 : system.cpu : T0 : 0x1e79c : @strchr+12 : c_beqz : c_beqz a5, 192 : IntAlu : 
26976000 : system.cpu : T0 : 0x1e79c : @strchr+12 : c_beqz : c_beqz a5, 192 : IntAlu : 
26994000 : system.cpu : T0 : 0x1e79c : @strchr+12 : c_beqz : c_beqz a5, 192 : IntAlu : 
27158000 : system.cpu : T0 : 0x1e79c : @strchr+12 : c_beqz : c_beqz a5, 192 : IntAlu : 
27176000 : system.cpu : T0 : 0x1e79c : @strchr+12 : c_beqz : c_beqz a5, 192 : IntAlu : 
27194000 : system.cpu : T0 : 0x1e79c : @strchr+12 : c_beqz : c_beqz a5, 192 : IntAlu : 
27212000 : system.cpu : T0 : 0x1e79c : @strchr+12 : c_beqz : c_beqz a5, 192 : IntAlu : 
27230000 : system.cpu : T0 : 0x1e79c : @strchr+12 : c_beqz : c_beqz a5, 192 : IntAlu : 
27394000 : system.cpu : T0 : 0x1e79c : @strchr+12 : c_beqz : c_beqz a5, 192 : IntAlu : 
27412000 : system.cpu : T0 : 0x1e79c : @strchr+12 : c_beqz : c_beqz a5, 192 : IntAlu : 
27430000 : system.cpu : T0 : 0x1e79c : @strchr+12 : c_beqz : c_beqz a5, 192 : IntAlu : 
27448000 : system.cpu : T0 : 0x1e79c : @strchr+12 : c_beqz : c_beqz a5, 192 : IntAlu : 
27466000 : system.cpu : T0 : 0x1e79c : @strchr+12 : c_beqz : c_beqz a5, 192 : IntAlu : 
27642000 : system.cpu : T0 : 0x1e79c : @strchr+12 : c_beqz : c_beqz a5, 192 : IntAlu : 
27660000 : system.cpu : T0 : 0x1e79c : @strchr+12 : c_beqz : c_beqz a5, 192 : IntAlu : 
27710000 : system.cpu : T0 : 0x1e79c : @strchr+12 : c_beqz : c_beqz a5, 192 : IntAlu : 
27945000 : system.cpu : T0 : 0x1e79c : @strchr+12 : c_beqz : c_beqz a5, 192 : IntAlu : 
27963000 : system.cpu : T0 : 0x1e79c : @strchr+12 : c_beqz : c_beqz a5, 192 : IntAlu : 
27981000 : system.cpu : T0 : 0x1e79c : @strchr+12 : c_beqz : c_beqz a5, 192 : IntAlu : 
27999000 : system.cpu : T0 : 0x1e79c : @strchr+12 : c_beqz : c_beqz a5, 192 : IntAlu : 
28017000 : system.cpu : T0 : 0x1e79c : @strchr+12 : c_beqz : c_beqz a5, 192 : IntAlu : 
28261000 : system.cpu : T0 : 0x1e79c : @strchr+12 : c_beqz : c_beqz a5, 192 : IntAlu : 
28279000 : system.cpu : T0 : 0x1e79c : @strchr+12 : c_beqz : c_beqz a5, 192 : IntAlu : 
28297000 : system.cpu : T0 : 0x1e79c : @strchr+12 : c_beqz : c_beqz a5, 192 : IntAlu : 
28315000 : system.cpu : T0 : 0x1e79c : @strchr+12 : c_beqz : c_beqz a5, 192 : IntAlu : 
28333000 : system.cpu : T0 : 0x1e79c : @strchr+12 : c_beqz : c_beqz a5, 192 : IntAlu : 
28475000 : system.cpu : T0 : 0x1e79c : @strchr+12 : c_beqz : c_beqz a5, 192 : IntAlu : 
28493000 : system.cpu : T0 : 0x1e79c : @strchr+12 : c_beqz : c_beqz a5, 192 : IntAlu : 
28511000 : system.cpu : T0 : 0x1e79c : @strchr+12 : c_beqz : c_beqz a5, 192 : IntAlu : 
28561000 : system.cpu : T0 : 0x1e79c : @strchr+12 : c_beqz : c_beqz a5, 192 : IntAlu : 
28579000 : system.cpu : T0 : 0x1e79c : @strchr+12 : c_beqz : c_beqz a5, 192 : IntAlu : 
28597000 : system.cpu : T0 : 0x1e79c : @strchr+12 : c_beqz : c_beqz a5, 192 : IntAlu : 
28761000 : system.cpu : T0 : 0x1e79c : @strchr+12 : c_beqz : c_beqz a5, 192 : IntAlu : 
28779000 : system.cpu : T0 : 0x1e79c : @strchr+12 : c_beqz : c_beqz a5, 192 : IntAlu : 
28797000 : system.cpu : T0 : 0x1e79c : @strchr+12 : c_beqz : c_beqz a5, 192 : IntAlu : 
28815000 : system.cpu : T0 : 0x1e79c : @strchr+12 : c_beqz : c_beqz a5, 192 : IntAlu : 
28833000 : system.cpu : T0 : 0x1e79c : @strchr+12 : c_beqz : c_beqz a5, 192 : IntAlu : 
28975000 : system.cpu : T0 : 0x1e79c : @strchr+12 : c_beqz : c_beqz a5, 192 : IntAlu : 
28993000 : system.cpu : T0 : 0x1e79c : @strchr+12 : c_beqz : c_beqz a5, 192 : IntAlu : 
29011000 : system.cpu : T0 : 0x1e79c : @strchr+12 : c_beqz : c_beqz a5, 192 : IntAlu : 
29029000 : system.cpu : T0 : 0x1e79c : @strchr+12 : c_beqz : c_beqz a5, 192 : IntAlu : 
29047000 : system.cpu : T0 : 0x1e79c : @strchr+12 : c_beqz : c_beqz a5, 192 : IntAlu : 
29065000 : system.cpu : T0 : 0x1e79c : @strchr+12 : c_beqz : c_beqz a5, 192 : IntAlu : 
25593000 : system.cpu : T0 : 0x1e79e : @strchr+14 : c_addi : c_addi a0, 1 : IntAlu : D=0x7fffffffffffff7d
25611000 : system.cpu : T0 : 0x1e79e : @strchr+14 : c_addi : c_addi a0, 1 : IntAlu : D=0x7fffffffffffff7e
25629000 : system.cpu : T0 : 0x1e79e : @strchr+14 : c_addi : c_addi a0, 1 : IntAlu : D=0x7fffffffffffff7f
25647000 : system.cpu : T0 : 0x1e79e : @strchr+14 : c_addi : c_addi a0, 1 : IntAlu : D=0x7fffffffffffff80
25913000 : system.cpu : T0 : 0x1e79e : @strchr+14 : c_addi : c_addi a0, 1 : IntAlu : D=0x7fffffffffffff82
25931000 : system.cpu : T0 : 0x1e79e : @strchr+14 : c_addi : c_addi a0, 1 : IntAlu : D=0x7fffffffffffff83
25949000 : system.cpu : T0 : 0x1e79e : @strchr+14 : c_addi : c_addi a0, 1 : IntAlu : D=0x7fffffffffffff84
25967000 : system.cpu : T0 : 0x1e79e : @strchr+14 : c_addi : c_addi a0, 1 : IntAlu : D=0x7fffffffffffff85
25985000 : system.cpu : T0 : 0x1e79e : @strchr+14 : c_addi : c_addi a0, 1 : IntAlu : D=0x7fffffffffffff86
26003000 : system.cpu : T0 : 0x1e79e : @strchr+14 : c_addi : c_addi a0, 1 : IntAlu : D=0x7fffffffffffff87
26021000 : system.cpu : T0 : 0x1e79e : @strchr+14 : c_addi : c_addi a0, 1 : IntAlu : D=0x7fffffffffffff88
26163000 : system.cpu : T0 : 0x1e79e : @strchr+14 : c_addi : c_addi a0, 1 : IntAlu : D=0x7fffffffffffff8a
26181000 : system.cpu : T0 : 0x1e79e : @strchr+14 : c_addi : c_addi a0, 1 : IntAlu : D=0x7fffffffffffff8b
26199000 : system.cpu : T0 : 0x1e79e : @strchr+14 : c_addi : c_addi a0, 1 : IntAlu : D=0x7fffffffffffff8c
26217000 : system.cpu : T0 : 0x1e79e : @strchr+14 : c_addi : c_addi a0, 1 : IntAlu : D=0x7fffffffffffff8d
26235000 : system.cpu : T0 : 0x1e79e : @strchr+14 : c_addi : c_addi a0, 1 : IntAlu : D=0x7fffffffffffff8e
26253000 : system.cpu : T0 : 0x1e79e : @strchr+14 : c_addi : c_addi a0, 1 : IntAlu : D=0x7fffffffffffff8f
26271000 : system.cpu : T0 : 0x1e79e : @strchr+14 : c_addi : c_addi a0, 1 : IntAlu : D=0x7fffffffffffff90
26490000 : system.cpu : T0 : 0x1e79e : @strchr+14 : c_addi : c_addi a0, 1 : IntAlu : D=0x7fffffffffffff94
26508000 : system.cpu : T0 : 0x1e79e : @strchr+14 : c_addi : c_addi a0, 1 : IntAlu : D=0x7fffffffffffff95
26526000 : system.cpu : T0 : 0x1e79e : @strchr+14 : c_addi : c_addi a0, 1 : IntAlu : D=0x7fffffffffffff96
26544000 : system.cpu : T0 : 0x1e79e : @strchr+14 : c_addi : c_addi a0, 1 : IntAlu : D=0x7fffffffffffff97
26562000 : system.cpu : T0 : 0x1e79e : @strchr+14 : c_addi : c_addi a0, 1 : IntAlu : D=0x7fffffffffffff98
26746000 : system.cpu : T0 : 0x1e79e : @strchr+14 : c_addi : c_addi a0, 1 : IntAlu : D=0x7fffffffffffff9e
26764000 : system.cpu : T0 : 0x1e79e : @strchr+14 : c_addi : c_addi a0, 1 : IntAlu : D=0x7fffffffffffff9f
26782000 : system.cpu : T0 : 0x1e79e : @strchr+14 : c_addi : c_addi a0, 1 : IntAlu : D=0x7fffffffffffffa0
26978000 : system.cpu : T0 : 0x1e79e : @strchr+14 : c_addi : c_addi a0, 1 : IntAlu : D=0x7fffffffffffffa7
26996000 : system.cpu : T0 : 0x1e79e : @strchr+14 : c_addi : c_addi a0, 1 : IntAlu : D=0x7fffffffffffffa8
27160000 : system.cpu : T0 : 0x1e79e : @strchr+14 : c_addi : c_addi a0, 1 : IntAlu : D=0x7fffffffffffffac
27178000 : system.cpu : T0 : 0x1e79e : @strchr+14 : c_addi : c_addi a0, 1 : IntAlu : D=0x7fffffffffffffad
27196000 : system.cpu : T0 : 0x1e79e : @strchr+14 : c_addi : c_addi a0, 1 : IntAlu : D=0x7fffffffffffffae
27214000 : system.cpu : T0 : 0x1e79e : @strchr+14 : c_addi : c_addi a0, 1 : IntAlu : D=0x7fffffffffffffaf
27232000 : system.cpu : T0 : 0x1e79e : @strchr+14 : c_addi : c_addi a0, 1 : IntAlu : D=0x7fffffffffffffb0
27396000 : system.cpu : T0 : 0x1e79e : @strchr+14 : c_addi : c_addi a0, 1 : IntAlu : D=0x7fffffffffffffb4
27414000 : system.cpu : T0 : 0x1e79e : @strchr+14 : c_addi : c_addi a0, 1 : IntAlu : D=0x7fffffffffffffb5
27432000 : system.cpu : T0 : 0x1e79e : @strchr+14 : c_addi : c_addi a0, 1 : IntAlu : D=0x7fffffffffffffb6
27450000 : system.cpu : T0 : 0x1e79e : @strchr+14 : c_addi : c_addi a0, 1 : IntAlu : D=0x7fffffffffffffb7
27468000 : system.cpu : T0 : 0x1e79e : @strchr+14 : c_addi : c_addi a0, 1 : IntAlu : D=0x7fffffffffffffb8
27644000 : system.cpu : T0 : 0x1e79e : @strchr+14 : c_addi : c_addi a0, 1 : IntAlu : D=0x7fffffffffffffbd
27662000 : system.cpu : T0 : 0x1e79e : @strchr+14 : c_addi : c_addi a0, 1 : IntAlu : D=0x7fffffffffffffbe
27712000 : system.cpu : T0 : 0x1e79e : @strchr+14 : c_addi : c_addi a0, 1 : IntAlu : D=0x7fffffffffffffc0
27947000 : system.cpu : T0 : 0x1e79e : @strchr+14 : c_addi : c_addi a0, 1 : IntAlu : D=0x7fffffffffffffc3
27965000 : system.cpu : T0 : 0x1e79e : @strchr+14 : c_addi : c_addi a0, 1 : IntAlu : D=0x7fffffffffffffc4
27983000 : system.cpu : T0 : 0x1e79e : @strchr+14 : c_addi : c_addi a0, 1 : IntAlu : D=0x7fffffffffffffc5
28001000 : system.cpu : T0 : 0x1e79e : @strchr+14 : c_addi : c_addi a0, 1 : IntAlu : D=0x7fffffffffffffc6
28019000 : system.cpu : T0 : 0x1e79e : @strchr+14 : c_addi : c_addi a0, 1 : IntAlu : D=0x7fffffffffffffc7
28263000 : system.cpu : T0 : 0x1e79e : @strchr+14 : c_addi : c_addi a0, 1 : IntAlu : D=0x7fffffffffffffd4
28281000 : system.cpu : T0 : 0x1e79e : @strchr+14 : c_addi : c_addi a0, 1 : IntAlu : D=0x7fffffffffffffd5
28299000 : system.cpu : T0 : 0x1e79e : @strchr+14 : c_addi : c_addi a0, 1 : IntAlu : D=0x7fffffffffffffd6
28317000 : system.cpu : T0 : 0x1e79e : @strchr+14 : c_addi : c_addi a0, 1 : IntAlu : D=0x7fffffffffffffd7
28335000 : system.cpu : T0 : 0x1e79e : @strchr+14 : c_addi : c_addi a0, 1 : IntAlu : D=0x7fffffffffffffd8
28477000 : system.cpu : T0 : 0x1e79e : @strchr+14 : c_addi : c_addi a0, 1 : IntAlu : D=0x7fffffffffffffda
28495000 : system.cpu : T0 : 0x1e79e : @strchr+14 : c_addi : c_addi a0, 1 : IntAlu : D=0x7fffffffffffffdb
28513000 : system.cpu : T0 : 0x1e79e : @strchr+14 : c_addi : c_addi a0, 1 : IntAlu : D=0x7fffffffffffffdc
28563000 : system.cpu : T0 : 0x1e79e : @strchr+14 : c_addi : c_addi a0, 1 : IntAlu : D=0x7fffffffffffffde
28581000 : system.cpu : T0 : 0x1e79e : @strchr+14 : c_addi : c_addi a0, 1 : IntAlu : D=0x7fffffffffffffdf
28599000 : system.cpu : T0 : 0x1e79e : @strchr+14 : c_addi : c_addi a0, 1 : IntAlu : D=0x7fffffffffffffe0
28763000 : system.cpu : T0 : 0x1e79e : @strchr+14 : c_addi : c_addi a0, 1 : IntAlu : D=0x7fffffffffffffe4
28781000 : system.cpu : T0 : 0x1e79e : @strchr+14 : c_addi : c_addi a0, 1 : IntAlu : D=0x7fffffffffffffe5
28799000 : system.cpu : T0 : 0x1e79e : @strchr+14 : c_addi : c_addi a0, 1 : IntAlu : D=0x7fffffffffffffe6
28817000 : system.cpu : T0 : 0x1e79e : @strchr+14 : c_addi : c_addi a0, 1 : IntAlu : D=0x7fffffffffffffe7
28835000 : system.cpu : T0 : 0x1e79e : @strchr+14 : c_addi : c_addi a0, 1 : IntAlu : D=0x7fffffffffffffe8
28977000 : system.cpu : T0 : 0x1e79e : @strchr+14 : c_addi : c_addi a0, 1 : IntAlu : D=0x7fffffffffffffea
28995000 : system.cpu : T0 : 0x1e79e : @strchr+14 : c_addi : c_addi a0, 1 : IntAlu : D=0x7fffffffffffffeb
29013000 : system.cpu : T0 : 0x1e79e : @strchr+14 : c_addi : c_addi a0, 1 : IntAlu : D=0x7fffffffffffffec
29031000 : system.cpu : T0 : 0x1e79e : @strchr+14 : c_addi : c_addi a0, 1 : IntAlu : D=0x7fffffffffffffed
29049000 : system.cpu : T0 : 0x1e79e : @strchr+14 : c_addi : c_addi a0, 1 : IntAlu : D=0x7fffffffffffffee
25595000 : system.cpu : T0 : 0x1e7a0 : @strchr+16 : andi : andi a5, a0, 7 : IntAlu : D=0x0000000000000005
25613000 : system.cpu : T0 : 0x1e7a0 : @strchr+16 : andi : andi a5, a0, 7 : IntAlu : D=0x0000000000000006
25631000 : system.cpu : T0 : 0x1e7a0 : @strchr+16 : andi : andi a5, a0, 7 : IntAlu : D=0x0000000000000007
25649000 : system.cpu : T0 : 0x1e7a0 : @strchr+16 : andi : andi a5, a0, 7 : IntAlu : D=0x0000000000000000
25915000 : system.cpu : T0 : 0x1e7a0 : @strchr+16 : andi : andi a5, a0, 7 : IntAlu : D=0x0000000000000002
25933000 : system.cpu : T0 : 0x1e7a0 : @strchr+16 : andi : andi a5, a0, 7 : IntAlu : D=0x0000000000000003
25951000 : system.cpu : T0 : 0x1e7a0 : @strchr+16 : andi : andi a5, a0, 7 : IntAlu : D=0x0000000000000004
25969000 : system.cpu : T0 : 0x1e7a0 : @strchr+16 : andi : andi a5, a0, 7 : IntAlu : D=0x0000000000000005
25987000 : system.cpu : T0 : 0x1e7a0 : @strchr+16 : andi : andi a5, a0, 7 : IntAlu : D=0x0000000000000006
26005000 : system.cpu : T0 : 0x1e7a0 : @strchr+16 : andi : andi a5, a0, 7 : IntAlu : D=0x0000000000000007
26023000 : system.cpu : T0 : 0x1e7a0 : @strchr+16 : andi : andi a5, a0, 7 : IntAlu : D=0x0000000000000000
26165000 : system.cpu : T0 : 0x1e7a0 : @strchr+16 : andi : andi a5, a0, 7 : IntAlu : D=0x0000000000000002
26183000 : system.cpu : T0 : 0x1e7a0 : @strchr+16 : andi : andi a5, a0, 7 : IntAlu : D=0x0000000000000003
26201000 : system.cpu : T0 : 0x1e7a0 : @strchr+16 : andi : andi a5, a0, 7 : IntAlu : D=0x0000000000000004
26219000 : system.cpu : T0 : 0x1e7a0 : @strchr+16 : andi : andi a5, a0, 7 : IntAlu : D=0x0000000000000005
26237000 : system.cpu : T0 : 0x1e7a0 : @strchr+16 : andi : andi a5, a0, 7 : IntAlu : D=0x0000000000000006
26255000 : system.cpu : T0 : 0x1e7a0 : @strchr+16 : andi : andi a5, a0, 7 : IntAlu : D=0x0000000000000007
26273000 : system.cpu : T0 : 0x1e7a0 : @strchr+16 : andi : andi a5, a0, 7 : IntAlu : D=0x0000000000000000
26492000 : system.cpu : T0 : 0x1e7a0 : @strchr+16 : andi : andi a5, a0, 7 : IntAlu : D=0x0000000000000004
26510000 : system.cpu : T0 : 0x1e7a0 : @strchr+16 : andi : andi a5, a0, 7 : IntAlu : D=0x0000000000000005
26528000 : system.cpu : T0 : 0x1e7a0 : @strchr+16 : andi : andi a5, a0, 7 : IntAlu : D=0x0000000000000006
26546000 : system.cpu : T0 : 0x1e7a0 : @strchr+16 : andi : andi a5, a0, 7 : IntAlu : D=0x0000000000000007
26564000 : system.cpu : T0 : 0x1e7a0 : @strchr+16 : andi : andi a5, a0, 7 : IntAlu : D=0x0000000000000000
26748000 : system.cpu : T0 : 0x1e7a0 : @strchr+16 : andi : andi a5, a0, 7 : IntAlu : D=0x0000000000000006
26766000 : system.cpu : T0 : 0x1e7a0 : @strchr+16 : andi : andi a5, a0, 7 : IntAlu : D=0x0000000000000007
26784000 : system.cpu : T0 : 0x1e7a0 : @strchr+16 : andi : andi a5, a0, 7 : IntAlu : D=0x0000000000000000
26980000 : system.cpu : T0 : 0x1e7a0 : @strchr+16 : andi : andi a5, a0, 7 : IntAlu : D=0x0000000000000007
26998000 : system.cpu : T0 : 0x1e7a0 : @strchr+16 : andi : andi a5, a0, 7 : IntAlu : D=0x0000000000000000
27162000 : system.cpu : T0 : 0x1e7a0 : @strchr+16 : andi : andi a5, a0, 7 : IntAlu : D=0x0000000000000004
27180000 : system.cpu : T0 : 0x1e7a0 : @strchr+16 : andi : andi a5, a0, 7 : IntAlu : D=0x0000000000000005
27198000 : system.cpu : T0 : 0x1e7a0 : @strchr+16 : andi : andi a5, a0, 7 : IntAlu : D=0x0000000000000006
27216000 : system.cpu : T0 : 0x1e7a0 : @strchr+16 : andi : andi a5, a0, 7 : IntAlu : D=0x0000000000000007
27234000 : system.cpu : T0 : 0x1e7a0 : @strchr+16 : andi : andi a5, a0, 7 : IntAlu : D=0x0000000000000000
27398000 : system.cpu : T0 : 0x1e7a0 : @strchr+16 : andi : andi a5, a0, 7 : IntAlu : D=0x0000000000000004
27416000 : system.cpu : T0 : 0x1e7a0 : @strchr+16 : andi : andi a5, a0, 7 : IntAlu : D=0x0000000000000005
27434000 : system.cpu : T0 : 0x1e7a0 : @strchr+16 : andi : andi a5, a0, 7 : IntAlu : D=0x0000000000000006
27452000 : system.cpu : T0 : 0x1e7a0 : @strchr+16 : andi : andi a5, a0, 7 : IntAlu : D=0x0000000000000007
27470000 : system.cpu : T0 : 0x1e7a0 : @strchr+16 : andi : andi a5, a0, 7 : IntAlu : D=0x0000000000000000
27646000 : system.cpu : T0 : 0x1e7a0 : @strchr+16 : andi : andi a5, a0, 7 : IntAlu : D=0x0000000000000005
27664000 : system.cpu : T0 : 0x1e7a0 : @strchr+16 : andi : andi a5, a0, 7 : IntAlu : D=0x0000000000000006
27714000 : system.cpu : T0 : 0x1e7a0 : @strchr+16 : andi : andi a5, a0, 7 : IntAlu : D=0x0000000000000000
27949000 : system.cpu : T0 : 0x1e7a0 : @strchr+16 : andi : andi a5, a0, 7 : IntAlu : D=0x0000000000000003
27967000 : system.cpu : T0 : 0x1e7a0 : @strchr+16 : andi : andi a5, a0, 7 : IntAlu : D=0x0000000000000004
27985000 : system.cpu : T0 : 0x1e7a0 : @strchr+16 : andi : andi a5, a0, 7 : IntAlu : D=0x0000000000000005
28003000 : system.cpu : T0 : 0x1e7a0 : @strchr+16 : andi : andi a5, a0, 7 : IntAlu : D=0x0000000000000006
28021000 : system.cpu : T0 : 0x1e7a0 : @strchr+16 : andi : andi a5, a0, 7 : IntAlu : D=0x0000000000000007
28265000 : system.cpu : T0 : 0x1e7a0 : @strchr+16 : andi : andi a5, a0, 7 : IntAlu : D=0x0000000000000004
28283000 : system.cpu : T0 : 0x1e7a0 : @strchr+16 : andi : andi a5, a0, 7 : IntAlu : D=0x0000000000000005
28301000 : system.cpu : T0 : 0x1e7a0 : @strchr+16 : andi : andi a5, a0, 7 : IntAlu : D=0x0000000000000006
28319000 : system.cpu : T0 : 0x1e7a0 : @strchr+16 : andi : andi a5, a0, 7 : IntAlu : D=0x0000000000000007
28337000 : system.cpu : T0 : 0x1e7a0 : @strchr+16 : andi : andi a5, a0, 7 : IntAlu : D=0x0000000000000000
28479000 : system.cpu : T0 : 0x1e7a0 : @strchr+16 : andi : andi a5, a0, 7 : IntAlu : D=0x0000000000000002
28497000 : system.cpu : T0 : 0x1e7a0 : @strchr+16 : andi : andi a5, a0, 7 : IntAlu : D=0x0000000000000003
28515000 : system.cpu : T0 : 0x1e7a0 : @strchr+16 : andi : andi a5, a0, 7 : IntAlu : D=0x0000000000000004
28565000 : system.cpu : T0 : 0x1e7a0 : @strchr+16 : andi : andi a5, a0, 7 : IntAlu : D=0x0000000000000006
28583000 : system.cpu : T0 : 0x1e7a0 : @strchr+16 : andi : andi a5, a0, 7 : IntAlu : D=0x0000000000000007
28601000 : system.cpu : T0 : 0x1e7a0 : @strchr+16 : andi : andi a5, a0, 7 : IntAlu : D=0x0000000000000000
28765000 : system.cpu : T0 : 0x1e7a0 : @strchr+16 : andi : andi a5, a0, 7 : IntAlu : D=0x0000000000000004
28783000 : system.cpu : T0 : 0x1e7a0 : @strchr+16 : andi : andi a5, a0, 7 : IntAlu : D=0x0000000000000005
28801000 : system.cpu : T0 : 0x1e7a0 : @strchr+16 : andi : andi a5, a0, 7 : IntAlu : D=0x0000000000000006
28819000 : system.cpu : T0 : 0x1e7a0 : @strchr+16 : andi : andi a5, a0, 7 : IntAlu : D=0x0000000000000007
28837000 : system.cpu : T0 : 0x1e7a0 : @strchr+16 : andi : andi a5, a0, 7 : IntAlu : D=0x0000000000000000
28979000 : system.cpu : T0 : 0x1e7a0 : @strchr+16 : andi : andi a5, a0, 7 : IntAlu : D=0x0000000000000002
28997000 : system.cpu : T0 : 0x1e7a0 : @strchr+16 : andi : andi a5, a0, 7 : IntAlu : D=0x0000000000000003
29015000 : system.cpu : T0 : 0x1e7a0 : @strchr+16 : andi : andi a5, a0, 7 : IntAlu : D=0x0000000000000004
29033000 : system.cpu : T0 : 0x1e7a0 : @strchr+16 : andi : andi a5, a0, 7 : IntAlu : D=0x0000000000000005
29051000 : system.cpu : T0 : 0x1e7a0 : @strchr+16 : andi : andi a5, a0, 7 : IntAlu : D=0x0000000000000006
25597000 : system.cpu : T0 : 0x1e7a4 : @strchr+20 : c_beqz : c_beqz a5, 12 : IntAlu : 
25615000 : system.cpu : T0 : 0x1e7a4 : @strchr+20 : c_beqz : c_beqz a5, 12 : IntAlu : 
25633000 : system.cpu : T0 : 0x1e7a4 : @strchr+20 : c_beqz : c_beqz a5, 12 : IntAlu : 
25651000 : system.cpu : T0 : 0x1e7a4 : @strchr+20 : c_beqz : c_beqz a5, 12 : IntAlu : 
25917000 : system.cpu : T0 : 0x1e7a4 : @strchr+20 : c_beqz : c_beqz a5, 12 : IntAlu : 
25935000 : system.cpu : T0 : 0x1e7a4 : @strchr+20 : c_beqz : c_beqz a5, 12 : IntAlu : 
25953000 : system.cpu : T0 : 0x1e7a4 : @strchr+20 : c_beqz : c_beqz a5, 12 : IntAlu : 
25971000 : system.cpu : T0 : 0x1e7a4 : @strchr+20 : c_beqz : c_beqz a5, 12 : IntAlu : 
25989000 : system.cpu : T0 : 0x1e7a4 : @strchr+20 : c_beqz : c_beqz a5, 12 : IntAlu : 
26007000 : system.cpu : T0 : 0x1e7a4 : @strchr+20 : c_beqz : c_beqz a5, 12 : IntAlu : 
26025000 : system.cpu : T0 : 0x1e7a4 : @strchr+20 : c_beqz : c_beqz a5, 12 : IntAlu : 
26167000 : system.cpu : T0 : 0x1e7a4 : @strchr+20 : c_beqz : c_beqz a5, 12 : IntAlu : 
26185000 : system.cpu : T0 : 0x1e7a4 : @strchr+20 : c_beqz : c_beqz a5, 12 : IntAlu : 
26203000 : system.cpu : T0 : 0x1e7a4 : @strchr+20 : c_beqz : c_beqz a5, 12 : IntAlu : 
26221000 : system.cpu : T0 : 0x1e7a4 : @strchr+20 : c_beqz : c_beqz a5, 12 : IntAlu : 
26239000 : system.cpu : T0 : 0x1e7a4 : @strchr+20 : c_beqz : c_beqz a5, 12 : IntAlu : 
26257000 : system.cpu : T0 : 0x1e7a4 : @strchr+20 : c_beqz : c_beqz a5, 12 : IntAlu : 
26275000 : system.cpu : T0 : 0x1e7a4 : @strchr+20 : c_beqz : c_beqz a5, 12 : IntAlu : 
26494000 : system.cpu : T0 : 0x1e7a4 : @strchr+20 : c_beqz : c_beqz a5, 12 : IntAlu : 
26512000 : system.cpu : T0 : 0x1e7a4 : @strchr+20 : c_beqz : c_beqz a5, 12 : IntAlu : 
26530000 : system.cpu : T0 : 0x1e7a4 : @strchr+20 : c_beqz : c_beqz a5, 12 : IntAlu : 
26548000 : system.cpu : T0 : 0x1e7a4 : @strchr+20 : c_beqz : c_beqz a5, 12 : IntAlu : 
26566000 : system.cpu : T0 : 0x1e7a4 : @strchr+20 : c_beqz : c_beqz a5, 12 : IntAlu : 
26750000 : system.cpu : T0 : 0x1e7a4 : @strchr+20 : c_beqz : c_beqz a5, 12 : IntAlu : 
26768000 : system.cpu : T0 : 0x1e7a4 : @strchr+20 : c_beqz : c_beqz a5, 12 : IntAlu : 
26786000 : system.cpu : T0 : 0x1e7a4 : @strchr+20 : c_beqz : c_beqz a5, 12 : IntAlu : 
26982000 : system.cpu : T0 : 0x1e7a4 : @strchr+20 : c_beqz : c_beqz a5, 12 : IntAlu : 
27000000 : system.cpu : T0 : 0x1e7a4 : @strchr+20 : c_beqz : c_beqz a5, 12 : IntAlu : 
27164000 : system.cpu : T0 : 0x1e7a4 : @strchr+20 : c_beqz : c_beqz a5, 12 : IntAlu : 
27182000 : system.cpu : T0 : 0x1e7a4 : @strchr+20 : c_beqz : c_beqz a5, 12 : IntAlu : 
27200000 : system.cpu : T0 : 0x1e7a4 : @strchr+20 : c_beqz : c_beqz a5, 12 : IntAlu : 
27218000 : system.cpu : T0 : 0x1e7a4 : @strchr+20 : c_beqz : c_beqz a5, 12 : IntAlu : 
27236000 : system.cpu : T0 : 0x1e7a4 : @strchr+20 : c_beqz : c_beqz a5, 12 : IntAlu : 
27400000 : system.cpu : T0 : 0x1e7a4 : @strchr+20 : c_beqz : c_beqz a5, 12 : IntAlu : 
27418000 : system.cpu : T0 : 0x1e7a4 : @strchr+20 : c_beqz : c_beqz a5, 12 : IntAlu : 
27436000 : system.cpu : T0 : 0x1e7a4 : @strchr+20 : c_beqz : c_beqz a5, 12 : IntAlu : 
27454000 : system.cpu : T0 : 0x1e7a4 : @strchr+20 : c_beqz : c_beqz a5, 12 : IntAlu : 
27472000 : system.cpu : T0 : 0x1e7a4 : @strchr+20 : c_beqz : c_beqz a5, 12 : IntAlu : 
27648000 : system.cpu : T0 : 0x1e7a4 : @strchr+20 : c_beqz : c_beqz a5, 12 : IntAlu : 
27666000 : system.cpu : T0 : 0x1e7a4 : @strchr+20 : c_beqz : c_beqz a5, 12 : IntAlu : 
27716000 : system.cpu : T0 : 0x1e7a4 : @strchr+20 : c_beqz : c_beqz a5, 12 : IntAlu : 
27951000 : system.cpu : T0 : 0x1e7a4 : @strchr+20 : c_beqz : c_beqz a5, 12 : IntAlu : 
27969000 : system.cpu : T0 : 0x1e7a4 : @strchr+20 : c_beqz : c_beqz a5, 12 : IntAlu : 
27987000 : system.cpu : T0 : 0x1e7a4 : @strchr+20 : c_beqz : c_beqz a5, 12 : IntAlu : 
28005000 : system.cpu : T0 : 0x1e7a4 : @strchr+20 : c_beqz : c_beqz a5, 12 : IntAlu : 
28023000 : system.cpu : T0 : 0x1e7a4 : @strchr+20 : c_beqz : c_beqz a5, 12 : IntAlu : 
28267000 : system.cpu : T0 : 0x1e7a4 : @strchr+20 : c_beqz : c_beqz a5, 12 : IntAlu : 
28285000 : system.cpu : T0 : 0x1e7a4 : @strchr+20 : c_beqz : c_beqz a5, 12 : IntAlu : 
28303000 : system.cpu : T0 : 0x1e7a4 : @strchr+20 : c_beqz : c_beqz a5, 12 : IntAlu : 
28321000 : system.cpu : T0 : 0x1e7a4 : @strchr+20 : c_beqz : c_beqz a5, 12 : IntAlu : 
28339000 : system.cpu : T0 : 0x1e7a4 : @strchr+20 : c_beqz : c_beqz a5, 12 : IntAlu : 
28481000 : system.cpu : T0 : 0x1e7a4 : @strchr+20 : c_beqz : c_beqz a5, 12 : IntAlu : 
28499000 : system.cpu : T0 : 0x1e7a4 : @strchr+20 : c_beqz : c_beqz a5, 12 : IntAlu : 
28517000 : system.cpu : T0 : 0x1e7a4 : @strchr+20 : c_beqz : c_beqz a5, 12 : IntAlu : 
28567000 : system.cpu : T0 : 0x1e7a4 : @strchr+20 : c_beqz : c_beqz a5, 12 : IntAlu : 
28585000 : system.cpu : T0 : 0x1e7a4 : @strchr+20 : c_beqz : c_beqz a5, 12 : IntAlu : 
28603000 : system.cpu : T0 : 0x1e7a4 : @strchr+20 : c_beqz : c_beqz a5, 12 : IntAlu : 
28767000 : system.cpu : T0 : 0x1e7a4 : @strchr+20 : c_beqz : c_beqz a5, 12 : IntAlu : 
28785000 : system.cpu : T0 : 0x1e7a4 : @strchr+20 : c_beqz : c_beqz a5, 12 : IntAlu : 
28803000 : system.cpu : T0 : 0x1e7a4 : @strchr+20 : c_beqz : c_beqz a5, 12 : IntAlu : 
28821000 : system.cpu : T0 : 0x1e7a4 : @strchr+20 : c_beqz : c_beqz a5, 12 : IntAlu : 
28839000 : system.cpu : T0 : 0x1e7a4 : @strchr+20 : c_beqz : c_beqz a5, 12 : IntAlu : 
28981000 : system.cpu : T0 : 0x1e7a4 : @strchr+20 : c_beqz : c_beqz a5, 12 : IntAlu : 
28999000 : system.cpu : T0 : 0x1e7a4 : @strchr+20 : c_beqz : c_beqz a5, 12 : IntAlu : 
29017000 : system.cpu : T0 : 0x1e7a4 : @strchr+20 : c_beqz : c_beqz a5, 12 : IntAlu : 
29035000 : system.cpu : T0 : 0x1e7a4 : @strchr+20 : c_beqz : c_beqz a5, 12 : IntAlu : 
29053000 : system.cpu : T0 : 0x1e7a4 : @strchr+20 : c_beqz : c_beqz a5, 12 : IntAlu : 
25551000 : system.cpu : T0 : 0x1e7a6 : @strchr+22 : lbu : lbu a5, 0(a0) : MemRead : D=0x000000000000002f A=0x7fffffffffffff7b
25583000 : system.cpu : T0 : 0x1e7a6 : @strchr+22 : lbu : lbu a5, 0(a0) : MemRead : D=0x0000000000000068 A=0x7fffffffffffff7c
25601000 : system.cpu : T0 : 0x1e7a6 : @strchr+22 : lbu : lbu a5, 0(a0) : MemRead : D=0x000000000000006f A=0x7fffffffffffff7d
25619000 : system.cpu : T0 : 0x1e7a6 : @strchr+22 : lbu : lbu a5, 0(a0) : MemRead : D=0x000000000000006d A=0x7fffffffffffff7e
25637000 : system.cpu : T0 : 0x1e7a6 : @strchr+22 : lbu : lbu a5, 0(a0) : MemRead : D=0x0000000000000065 A=0x7fffffffffffff7f
25903000 : system.cpu : T0 : 0x1e7a6 : @strchr+22 : lbu : lbu a5, 0(a0) : MemRead : D=0x0000000000000077 A=0x7fffffffffffff81
25921000 : system.cpu : T0 : 0x1e7a6 : @strchr+22 : lbu : lbu a5, 0(a0) : MemRead : D=0x000000000000006c A=0x7fffffffffffff82
25939000 : system.cpu : T0 : 0x1e7a6 : @strchr+22 : lbu : lbu a5, 0(a0) : MemRead : D=0x0000000000000061 A=0x7fffffffffffff83
25957000 : system.cpu : T0 : 0x1e7a6 : @strchr+22 : lbu : lbu a5, 0(a0) : MemRead : D=0x0000000000000077 A=0x7fffffffffffff84
25975000 : system.cpu : T0 : 0x1e7a6 : @strchr+22 : lbu : lbu a5, 0(a0) : MemRead : D=0x0000000000000061 A=0x7fffffffffffff85
25993000 : system.cpu : T0 : 0x1e7a6 : @strchr+22 : lbu : lbu a5, 0(a0) : MemRead : D=0x000000000000006e A=0x7fffffffffffff86
26011000 : system.cpu : T0 : 0x1e7a6 : @strchr+22 : lbu : lbu a5, 0(a0) : MemRead : D=0x0000000000000064 A=0x7fffffffffffff87
26153000 : system.cpu : T0 : 0x1e7a6 : @strchr+22 : lbu : lbu a5, 0(a0) : MemRead : D=0x0000000000000044 A=0x7fffffffffffff89
26171000 : system.cpu : T0 : 0x1e7a6 : @strchr+22 : lbu : lbu a5, 0(a0) : MemRead : D=0x000000000000006f A=0x7fffffffffffff8a
26189000 : system.cpu : T0 : 0x1e7a6 : @strchr+22 : lbu : lbu a5, 0(a0) : MemRead : D=0x0000000000000063 A=0x7fffffffffffff8b
26207000 : system.cpu : T0 : 0x1e7a6 : @strchr+22 : lbu : lbu a5, 0(a0) : MemRead : D=0x0000000000000075 A=0x7fffffffffffff8c
26225000 : system.cpu : T0 : 0x1e7a6 : @strchr+22 : lbu : lbu a5, 0(a0) : MemRead : D=0x000000000000006d A=0x7fffffffffffff8d
26243000 : system.cpu : T0 : 0x1e7a6 : @strchr+22 : lbu : lbu a5, 0(a0) : MemRead : D=0x0000000000000065 A=0x7fffffffffffff8e
26261000 : system.cpu : T0 : 0x1e7a6 : @strchr+22 : lbu : lbu a5, 0(a0) : MemRead : D=0x000000000000006e A=0x7fffffffffffff8f
26480000 : system.cpu : T0 : 0x1e7a6 : @strchr+22 : lbu : lbu a5, 0(a0) : MemRead : D=0x0000000000000077 A=0x7fffffffffffff93
26498000 : system.cpu : T0 : 0x1e7a6 : @strchr+22 : lbu : lbu a5, 0(a0) : MemRead : D=0x000000000000006f A=0x7fffffffffffff94
26516000 : system.cpu : T0 : 0x1e7a6 : @strchr+22 : lbu : lbu a5, 0(a0) : MemRead : D=0x0000000000000072 A=0x7fffffffffffff95
26534000 : system.cpu : T0 : 0x1e7a6 : @strchr+22 : lbu : lbu a5, 0(a0) : MemRead : D=0x000000000000006b A=0x7fffffffffffff96
26552000 : system.cpu : T0 : 0x1e7a6 : @strchr+22 : lbu : lbu a5, 0(a0) : MemRead : D=0x0000000000000073 A=0x7fffffffffffff97
26736000 : system.cpu : T0 : 0x1e7a6 : @strchr+22 : lbu : lbu a5, 0(a0) : MemRead : D=0x0000000000000052 A=0x7fffffffffffff9d
26754000 : system.cpu : T0 : 0x1e7a6 : @strchr+22 : lbu : lbu a5, 0(a0) : MemRead : D=0x0000000000000065 A=0x7fffffffffffff9e
26772000 : system.cpu : T0 : 0x1e7a6 : @strchr+22 : lbu : lbu a5, 0(a0) : MemRead : D=0x0000000000000073 A=0x7fffffffffffff9f
26968000 : system.cpu : T0 : 0x1e7a6 : @strchr+22 : lbu : lbu a5, 0(a0) : MemRead : D=0x0000000000000067 A=0x7fffffffffffffa6
26986000 : system.cpu : T0 : 0x1e7a6 : @strchr+22 : lbu : lbu a5, 0(a0) : MemRead : D=0x0000000000000065 A=0x7fffffffffffffa7
27150000 : system.cpu : T0 : 0x1e7a6 : @strchr+22 : lbu : lbu a5, 0(a0) : MemRead : D=0x0000000000000063 A=0x7fffffffffffffab
27168000 : system.cpu : T0 : 0x1e7a6 : @strchr+22 : lbu : lbu a5, 0(a0) : MemRead : D=0x000000000000006f A=0x7fffffffffffffac
27186000 : system.cpu : T0 : 0x1e7a6 : @strchr+22 : lbu : lbu a5, 0(a0) : MemRead : D=0x000000000000006e A=0x7fffffffffffffad
27204000 : system.cpu : T0 : 0x1e7a6 : @strchr+22 : lbu : lbu a5, 0(a0) : MemRead : D=0x0000000000000066 A=0x7fffffffffffffae
27222000 : system.cpu : T0 : 0x1e7a6 : @strchr+22 : lbu : lbu a5, 0(a0) : MemRead : D=0x0000000000000069 A=0x7fffffffffffffaf
27386000 : system.cpu : T0 : 0x1e7a6 : @strchr+22 : lbu : lbu a5, 0(a0) : MemRead : D=0x0000000000000074 A=0x7fffffffffffffb3
27404000 : system.cpu : T0 : 0x1e7a6 : @strchr+22 : lbu : lbu a5, 0(a0) : MemRead : D=0x0000000000000075 A=0x7fffffffffffffb4
27422000 : system.cpu : T0 : 0x1e7a6 : @strchr+22 : lbu : lbu a5, 0(a0) : MemRead : D=0x0000000000000074 A=0x7fffffffffffffb5
27440000 : system.cpu : T0 : 0x1e7a6 : @strchr+22 : lbu : lbu a5, 0(a0) : MemRead : D=0x000000000000006f A=0x7fffffffffffffb6
27458000 : system.cpu : T0 : 0x1e7a6 : @strchr+22 : lbu : lbu a5, 0(a0) : MemRead : D=0x0000000000000072 A=0x7fffffffffffffb7
27634000 : system.cpu : T0 : 0x1e7a6 : @strchr+22 : lbu : lbu a5, 0(a0) : MemRead : D=0x000000000000002e A=0x7fffffffffffffbc
27652000 : system.cpu : T0 : 0x1e7a6 : @strchr+22 : lbu : lbu a5, 0(a0) : MemRead : D=0x000000000000002e A=0x7fffffffffffffbd
27670000 : system.cpu : T0 : 0x1e7a6 : @strchr+22 : lbu : lbu a5, 0(a0) : MemRead : D=0x000000000000002f A=0x7fffffffffffffbe
27702000 : system.cpu : T0 : 0x1e7a6 : @strchr+22 : lbu : lbu a5, 0(a0) : MemRead : D=0x000000000000002e A=0x7fffffffffffffbf
27937000 : system.cpu : T0 : 0x1e7a6 : @strchr+22 : lbu : lbu a5, 0(a0) : MemRead : D=0x0000000000000074 A=0x7fffffffffffffc2
27955000 : system.cpu : T0 : 0x1e7a6 : @strchr+22 : lbu : lbu a5, 0(a0) : MemRead : D=0x0000000000000065 A=0x7fffffffffffffc3
27973000 : system.cpu : T0 : 0x1e7a6 : @strchr+22 : lbu : lbu a5, 0(a0) : MemRead : D=0x0000000000000073 A=0x7fffffffffffffc4
27991000 : system.cpu : T0 : 0x1e7a6 : @strchr+22 : lbu : lbu a5, 0(a0) : MemRead : D=0x0000000000000074 A=0x7fffffffffffffc5
28009000 : system.cpu : T0 : 0x1e7a6 : @strchr+22 : lbu : lbu a5, 0(a0) : MemRead : D=0x0000000000000073 A=0x7fffffffffffffc6
28027000 : system.cpu : T0 : 0x1e7a6 : @strchr+22 : lbu : lbu a5, 0(a0) : MemRead : D=0x000000000000002f A=0x7fffffffffffffc7
28253000 : system.cpu : T0 : 0x1e7a6 : @strchr+22 : lbu : lbu a5, 0(a0) : MemRead : D=0x0000000000000068 A=0x7fffffffffffffd3
28271000 : system.cpu : T0 : 0x1e7a6 : @strchr+22 : lbu : lbu a5, 0(a0) : MemRead : D=0x0000000000000065 A=0x7fffffffffffffd4
28289000 : system.cpu : T0 : 0x1e7a6 : @strchr+22 : lbu : lbu a5, 0(a0) : MemRead : D=0x000000000000006c A=0x7fffffffffffffd5
28307000 : system.cpu : T0 : 0x1e7a6 : @strchr+22 : lbu : lbu a5, 0(a0) : MemRead : D=0x000000000000006c A=0x7fffffffffffffd6
28325000 : system.cpu : T0 : 0x1e7a6 : @strchr+22 : lbu : lbu a5, 0(a0) : MemRead : D=0x000000000000006f A=0x7fffffffffffffd7
28467000 : system.cpu : T0 : 0x1e7a6 : @strchr+22 : lbu : lbu a5, 0(a0) : MemRead : D=0x0000000000000062 A=0x7fffffffffffffd9
28485000 : system.cpu : T0 : 0x1e7a6 : @strchr+22 : lbu : lbu a5, 0(a0) : MemRead : D=0x0000000000000069 A=0x7fffffffffffffda
28503000 : system.cpu : T0 : 0x1e7a6 : @strchr+22 : lbu : lbu a5, 0(a0) : MemRead : D=0x000000000000006e A=0x7fffffffffffffdb
28521000 : system.cpu : T0 : 0x1e7a6 : @strchr+22 : lbu : lbu a5, 0(a0) : MemRead : D=0x000000000000002f A=0x7fffffffffffffdc
28553000 : system.cpu : T0 : 0x1e7a6 : @strchr+22 : lbu : lbu a5, 0(a0) : MemRead : D=0x0000000000000072 A=0x7fffffffffffffdd
28571000 : system.cpu : T0 : 0x1e7a6 : @strchr+22 : lbu : lbu a5, 0(a0) : MemRead : D=0x0000000000000069 A=0x7fffffffffffffde
28589000 : system.cpu : T0 : 0x1e7a6 : @strchr+22 : lbu : lbu a5, 0(a0) : MemRead : D=0x0000000000000073 A=0x7fffffffffffffdf
28753000 : system.cpu : T0 : 0x1e7a6 : @strchr+22 : lbu : lbu a5, 0(a0) : MemRead : D=0x000000000000006c A=0x7fffffffffffffe3
28771000 : system.cpu : T0 : 0x1e7a6 : @strchr+22 : lbu : lbu a5, 0(a0) : MemRead : D=0x0000000000000069 A=0x7fffffffffffffe4
28789000 : system.cpu : T0 : 0x1e7a6 : @strchr+22 : lbu : lbu a5, 0(a0) : MemRead : D=0x000000000000006e A=0x7fffffffffffffe5
28807000 : system.cpu : T0 : 0x1e7a6 : @strchr+22 : lbu : lbu a5, 0(a0) : MemRead : D=0x0000000000000075 A=0x7fffffffffffffe6
28825000 : system.cpu : T0 : 0x1e7a6 : @strchr+22 : lbu : lbu a5, 0(a0) : MemRead : D=0x0000000000000078 A=0x7fffffffffffffe7
28967000 : system.cpu : T0 : 0x1e7a6 : @strchr+22 : lbu : lbu a5, 0(a0) : MemRead : D=0x0000000000000068 A=0x7fffffffffffffe9
28985000 : system.cpu : T0 : 0x1e7a6 : @strchr+22 : lbu : lbu a5, 0(a0) : MemRead : D=0x0000000000000065 A=0x7fffffffffffffea
29003000 : system.cpu : T0 : 0x1e7a6 : @strchr+22 : lbu : lbu a5, 0(a0) : MemRead : D=0x000000000000006c A=0x7fffffffffffffeb
29021000 : system.cpu : T0 : 0x1e7a6 : @strchr+22 : lbu : lbu a5, 0(a0) : MemRead : D=0x000000000000006c A=0x7fffffffffffffec
29039000 : system.cpu : T0 : 0x1e7a6 : @strchr+22 : lbu : lbu a5, 0(a0) : MemRead : D=0x000000000000006f A=0x7fffffffffffffed
29057000 : system.cpu : T0 : 0x1e7a6 : @strchr+22 : lbu : lbu a5, 0(a0) : MemRead : D=0x0000000000000000 A=0x7fffffffffffffee
25557000 : system.cpu : T0 : 0x1e7aa : @strchr+26 : bne : bne a5, a4, -14 : IntAlu : 
25589000 : system.cpu : T0 : 0x1e7aa : @strchr+26 : bne : bne a5, a4, -14 : IntAlu : 
25607000 : system.cpu : T0 : 0x1e7aa : @strchr+26 : bne : bne a5, a4, -14 : IntAlu : 
25625000 : system.cpu : T0 : 0x1e7aa : @strchr+26 : bne : bne a5, a4, -14 : IntAlu : 
25643000 : system.cpu : T0 : 0x1e7aa : @strchr+26 : bne : bne a5, a4, -14 : IntAlu : 
25909000 : system.cpu : T0 : 0x1e7aa : @strchr+26 : bne : bne a5, a4, -14 : IntAlu : 
25927000 : system.cpu : T0 : 0x1e7aa : @strchr+26 : bne : bne a5, a4, -14 : IntAlu : 
25945000 : system.cpu : T0 : 0x1e7aa : @strchr+26 : bne : bne a5, a4, -14 : IntAlu : 
25963000 : system.cpu : T0 : 0x1e7aa : @strchr+26 : bne : bne a5, a4, -14 : IntAlu : 
25981000 : system.cpu : T0 : 0x1e7aa : @strchr+26 : bne : bne a5, a4, -14 : IntAlu : 
25999000 : system.cpu : T0 : 0x1e7aa : @strchr+26 : bne : bne a5, a4, -14 : IntAlu : 
26017000 : system.cpu : T0 : 0x1e7aa : @strchr+26 : bne : bne a5, a4, -14 : IntAlu : 
26159000 : system.cpu : T0 : 0x1e7aa : @strchr+26 : bne : bne a5, a4, -14 : IntAlu : 
26177000 : system.cpu : T0 : 0x1e7aa : @strchr+26 : bne : bne a5, a4, -14 : IntAlu : 
26195000 : system.cpu : T0 : 0x1e7aa : @strchr+26 : bne : bne a5, a4, -14 : IntAlu : 
26213000 : system.cpu : T0 : 0x1e7aa : @strchr+26 : bne : bne a5, a4, -14 : IntAlu : 
26231000 : system.cpu : T0 : 0x1e7aa : @strchr+26 : bne : bne a5, a4, -14 : IntAlu : 
26249000 : system.cpu : T0 : 0x1e7aa : @strchr+26 : bne : bne a5, a4, -14 : IntAlu : 
26267000 : system.cpu : T0 : 0x1e7aa : @strchr+26 : bne : bne a5, a4, -14 : IntAlu : 
26486000 : system.cpu : T0 : 0x1e7aa : @strchr+26 : bne : bne a5, a4, -14 : IntAlu : 
26504000 : system.cpu : T0 : 0x1e7aa : @strchr+26 : bne : bne a5, a4, -14 : IntAlu : 
26522000 : system.cpu : T0 : 0x1e7aa : @strchr+26 : bne : bne a5, a4, -14 : IntAlu : 
26540000 : system.cpu : T0 : 0x1e7aa : @strchr+26 : bne : bne a5, a4, -14 : IntAlu : 
26558000 : system.cpu : T0 : 0x1e7aa : @strchr+26 : bne : bne a5, a4, -14 : IntAlu : 
26742000 : system.cpu : T0 : 0x1e7aa : @strchr+26 : bne : bne a5, a4, -14 : IntAlu : 
26760000 : system.cpu : T0 : 0x1e7aa : @strchr+26 : bne : bne a5, a4, -14 : IntAlu : 
26778000 : system.cpu : T0 : 0x1e7aa : @strchr+26 : bne : bne a5, a4, -14 : IntAlu : 
26974000 : system.cpu : T0 : 0x1e7aa : @strchr+26 : bne : bne a5, a4, -14 : IntAlu : 
26992000 : system.cpu : T0 : 0x1e7aa : @strchr+26 : bne : bne a5, a4, -14 : IntAlu : 
27156000 : system.cpu : T0 : 0x1e7aa : @strchr+26 : bne : bne a5, a4, -14 : IntAlu : 
27174000 : system.cpu : T0 : 0x1e7aa : @strchr+26 : bne : bne a5, a4, -14 : IntAlu : 
27192000 : system.cpu : T0 : 0x1e7aa : @strchr+26 : bne : bne a5, a4, -14 : IntAlu : 
27210000 : system.cpu : T0 : 0x1e7aa : @strchr+26 : bne : bne a5, a4, -14 : IntAlu : 
27228000 : system.cpu : T0 : 0x1e7aa : @strchr+26 : bne : bne a5, a4, -14 : IntAlu : 
27392000 : system.cpu : T0 : 0x1e7aa : @strchr+26 : bne : bne a5, a4, -14 : IntAlu : 
27410000 : system.cpu : T0 : 0x1e7aa : @strchr+26 : bne : bne a5, a4, -14 : IntAlu : 
27428000 : system.cpu : T0 : 0x1e7aa : @strchr+26 : bne : bne a5, a4, -14 : IntAlu : 
27446000 : system.cpu : T0 : 0x1e7aa : @strchr+26 : bne : bne a5, a4, -14 : IntAlu : 
27464000 : system.cpu : T0 : 0x1e7aa : @strchr+26 : bne : bne a5, a4, -14 : IntAlu : 
27640000 : system.cpu : T0 : 0x1e7aa : @strchr+26 : bne : bne a5, a4, -14 : IntAlu : 
27658000 : system.cpu : T0 : 0x1e7aa : @strchr+26 : bne : bne a5, a4, -14 : IntAlu : 
27676000 : system.cpu : T0 : 0x1e7aa : @strchr+26 : bne : bne a5, a4, -14 : IntAlu : 
27708000 : system.cpu : T0 : 0x1e7aa : @strchr+26 : bne : bne a5, a4, -14 : IntAlu : 
27943000 : system.cpu : T0 : 0x1e7aa : @strchr+26 : bne : bne a5, a4, -14 : IntAlu : 
27961000 : system.cpu : T0 : 0x1e7aa : @strchr+26 : bne : bne a5, a4, -14 : IntAlu : 
27979000 : system.cpu : T0 : 0x1e7aa : @strchr+26 : bne : bne a5, a4, -14 : IntAlu : 
27997000 : system.cpu : T0 : 0x1e7aa : @strchr+26 : bne : bne a5, a4, -14 : IntAlu : 
28015000 : system.cpu : T0 : 0x1e7aa : @strchr+26 : bne : bne a5, a4, -14 : IntAlu : 
28033000 : system.cpu : T0 : 0x1e7aa : @strchr+26 : bne : bne a5, a4, -14 : IntAlu : 
28259000 : system.cpu : T0 : 0x1e7aa : @strchr+26 : bne : bne a5, a4, -14 : IntAlu : 
28277000 : system.cpu : T0 : 0x1e7aa : @strchr+26 : bne : bne a5, a4, -14 : IntAlu : 
28295000 : system.cpu : T0 : 0x1e7aa : @strchr+26 : bne : bne a5, a4, -14 : IntAlu : 
28313000 : system.cpu : T0 : 0x1e7aa : @strchr+26 : bne : bne a5, a4, -14 : IntAlu : 
28331000 : system.cpu : T0 : 0x1e7aa : @strchr+26 : bne : bne a5, a4, -14 : IntAlu : 
28473000 : system.cpu : T0 : 0x1e7aa : @strchr+26 : bne : bne a5, a4, -14 : IntAlu : 
28491000 : system.cpu : T0 : 0x1e7aa : @strchr+26 : bne : bne a5, a4, -14 : IntAlu : 
28509000 : system.cpu : T0 : 0x1e7aa : @strchr+26 : bne : bne a5, a4, -14 : IntAlu : 
28527000 : system.cpu : T0 : 0x1e7aa : @strchr+26 : bne : bne a5, a4, -14 : IntAlu : 
28559000 : system.cpu : T0 : 0x1e7aa : @strchr+26 : bne : bne a5, a4, -14 : IntAlu : 
28577000 : system.cpu : T0 : 0x1e7aa : @strchr+26 : bne : bne a5, a4, -14 : IntAlu : 
28595000 : system.cpu : T0 : 0x1e7aa : @strchr+26 : bne : bne a5, a4, -14 : IntAlu : 
28759000 : system.cpu : T0 : 0x1e7aa : @strchr+26 : bne : bne a5, a4, -14 : IntAlu : 
28777000 : system.cpu : T0 : 0x1e7aa : @strchr+26 : bne : bne a5, a4, -14 : IntAlu : 
28795000 : system.cpu : T0 : 0x1e7aa : @strchr+26 : bne : bne a5, a4, -14 : IntAlu : 
28813000 : system.cpu : T0 : 0x1e7aa : @strchr+26 : bne : bne a5, a4, -14 : IntAlu : 
28831000 : system.cpu : T0 : 0x1e7aa : @strchr+26 : bne : bne a5, a4, -14 : IntAlu : 
28973000 : system.cpu : T0 : 0x1e7aa : @strchr+26 : bne : bne a5, a4, -14 : IntAlu : 
28991000 : system.cpu : T0 : 0x1e7aa : @strchr+26 : bne : bne a5, a4, -14 : IntAlu : 
29009000 : system.cpu : T0 : 0x1e7aa : @strchr+26 : bne : bne a5, a4, -14 : IntAlu : 
29027000 : system.cpu : T0 : 0x1e7aa : @strchr+26 : bne : bne a5, a4, -14 : IntAlu : 
29045000 : system.cpu : T0 : 0x1e7aa : @strchr+26 : bne : bne a5, a4, -14 : IntAlu : 
29063000 : system.cpu : T0 : 0x1e7aa : @strchr+26 : bne : bne a5, a4, -14 : IntAlu : 
25559000 : system.cpu : T0 : 0x1e7ae : @strchr+30 : c_jr : c_jr ra : IntAlu : 
25879000 : system.cpu : T0 : 0x1e7ae : @strchr+30 : c_jr : c_jr ra : IntAlu : 
26129000 : system.cpu : T0 : 0x1e7ae : @strchr+30 : c_jr : c_jr ra : IntAlu : 
27678000 : system.cpu : T0 : 0x1e7ae : @strchr+30 : c_jr : c_jr ra : IntAlu : 
28035000 : system.cpu : T0 : 0x1e7ae : @strchr+30 : c_jr : c_jr ra : IntAlu : 
28443000 : system.cpu : T0 : 0x1e7ae : @strchr+30 : c_jr : c_jr ra : IntAlu : 
28529000 : system.cpu : T0 : 0x1e7ae : @strchr+30 : c_jr : c_jr ra : IntAlu : 
28943000 : system.cpu : T0 : 0x1e7ae : @strchr+30 : c_jr : c_jr ra : IntAlu : 
25653000 : system.cpu : T0 : 0x1e7b0 : @strchr+32 : c_lui : c_lui a3, 16 : IntAlu : D=0x0000000000010000
26027000 : system.cpu : T0 : 0x1e7b0 : @strchr+32 : c_lui : c_lui a3, 16 : IntAlu : D=0x0000000000010000
26277000 : system.cpu : T0 : 0x1e7b0 : @strchr+32 : c_lui : c_lui a3, 16 : IntAlu : D=0x0000000000010000
26568000 : system.cpu : T0 : 0x1e7b0 : @strchr+32 : c_lui : c_lui a3, 16 : IntAlu : D=0x0000000000010000
26788000 : system.cpu : T0 : 0x1e7b0 : @strchr+32 : c_lui : c_lui a3, 16 : IntAlu : D=0x0000000000010000
27002000 : system.cpu : T0 : 0x1e7b0 : @strchr+32 : c_lui : c_lui a3, 16 : IntAlu : D=0x0000000000010000
27238000 : system.cpu : T0 : 0x1e7b0 : @strchr+32 : c_lui : c_lui a3, 16 : IntAlu : D=0x0000000000010000
27474000 : system.cpu : T0 : 0x1e7b0 : @strchr+32 : c_lui : c_lui a3, 16 : IntAlu : D=0x0000000000010000
27718000 : system.cpu : T0 : 0x1e7b0 : @strchr+32 : c_lui : c_lui a3, 16 : IntAlu : D=0x0000000000010000
28059000 : system.cpu : T0 : 0x1e7b0 : @strchr+32 : c_lui : c_lui a3, 16 : IntAlu : D=0x0000000000010000
28341000 : system.cpu : T0 : 0x1e7b0 : @strchr+32 : c_lui : c_lui a3, 16 : IntAlu : D=0x0000000000010000
28605000 : system.cpu : T0 : 0x1e7b0 : @strchr+32 : c_lui : c_lui a3, 16 : IntAlu : D=0x0000000000010000
28841000 : system.cpu : T0 : 0x1e7b0 : @strchr+32 : c_lui : c_lui a3, 16 : IntAlu : D=0x0000000000010000
25657000 : system.cpu : T0 : 0x1e7b2 : @strchr+34 : slliw : slliw a5, a1, 8 : IntAlu : D=0x0000000000002f00
26031000 : system.cpu : T0 : 0x1e7b2 : @strchr+34 : slliw : slliw a5, a1, 8 : IntAlu : D=0x0000000000002f00
26281000 : system.cpu : T0 : 0x1e7b2 : @strchr+34 : slliw : slliw a5, a1, 8 : IntAlu : D=0x0000000000002f00
26572000 : system.cpu : T0 : 0x1e7b2 : @strchr+34 : slliw : slliw a5, a1, 8 : IntAlu : D=0x0000000000002f00
26792000 : system.cpu : T0 : 0x1e7b2 : @strchr+34 : slliw : slliw a5, a1, 8 : IntAlu : D=0x0000000000002f00
27006000 : system.cpu : T0 : 0x1e7b2 : @strchr+34 : slliw : slliw a5, a1, 8 : IntAlu : D=0x0000000000002f00
27242000 : system.cpu : T0 : 0x1e7b2 : @strchr+34 : slliw : slliw a5, a1, 8 : IntAlu : D=0x0000000000002f00
27478000 : system.cpu : T0 : 0x1e7b2 : @strchr+34 : slliw : slliw a5, a1, 8 : IntAlu : D=0x0000000000002f00
27722000 : system.cpu : T0 : 0x1e7b2 : @strchr+34 : slliw : slliw a5, a1, 8 : IntAlu : D=0x0000000000002f00
28063000 : system.cpu : T0 : 0x1e7b2 : @strchr+34 : slliw : slliw a5, a1, 8 : IntAlu : D=0x0000000000002f00
28345000 : system.cpu : T0 : 0x1e7b2 : @strchr+34 : slliw : slliw a5, a1, 8 : IntAlu : D=0x0000000000002f00
28609000 : system.cpu : T0 : 0x1e7b2 : @strchr+34 : slliw : slliw a5, a1, 8 : IntAlu : D=0x0000000000002f00
28845000 : system.cpu : T0 : 0x1e7b2 : @strchr+34 : slliw : slliw a5, a1, 8 : IntAlu : D=0x0000000000002f00
25659000 : system.cpu : T0 : 0x1e7b6 : @strchr+38 : c_addi : c_addi a3, -1 : IntAlu : D=0x000000000000ffff
26033000 : system.cpu : T0 : 0x1e7b6 : @strchr+38 : c_addi : c_addi a3, -1 : IntAlu : D=0x000000000000ffff
26283000 : system.cpu : T0 : 0x1e7b6 : @strchr+38 : c_addi : c_addi a3, -1 : IntAlu : D=0x000000000000ffff
26574000 : system.cpu : T0 : 0x1e7b6 : @strchr+38 : c_addi : c_addi a3, -1 : IntAlu : D=0x000000000000ffff
26794000 : system.cpu : T0 : 0x1e7b6 : @strchr+38 : c_addi : c_addi a3, -1 : IntAlu : D=0x000000000000ffff
27008000 : system.cpu : T0 : 0x1e7b6 : @strchr+38 : c_addi : c_addi a3, -1 : IntAlu : D=0x000000000000ffff
27244000 : system.cpu : T0 : 0x1e7b6 : @strchr+38 : c_addi : c_addi a3, -1 : IntAlu : D=0x000000000000ffff
27480000 : system.cpu : T0 : 0x1e7b6 : @strchr+38 : c_addi : c_addi a3, -1 : IntAlu : D=0x000000000000ffff
27724000 : system.cpu : T0 : 0x1e7b6 : @strchr+38 : c_addi : c_addi a3, -1 : IntAlu : D=0x000000000000ffff
28065000 : system.cpu : T0 : 0x1e7b6 : @strchr+38 : c_addi : c_addi a3, -1 : IntAlu : D=0x000000000000ffff
28347000 : system.cpu : T0 : 0x1e7b6 : @strchr+38 : c_addi : c_addi a3, -1 : IntAlu : D=0x000000000000ffff
28611000 : system.cpu : T0 : 0x1e7b6 : @strchr+38 : c_addi : c_addi a3, -1 : IntAlu : D=0x000000000000ffff
28847000 : system.cpu : T0 : 0x1e7b6 : @strchr+38 : c_addi : c_addi a3, -1 : IntAlu : D=0x000000000000ffff
25661000 : system.cpu : T0 : 0x1e7b8 : @strchr+40 : c_and : c_and a5, a3 : IntAlu : D=0x0000000000002f00
26035000 : system.cpu : T0 : 0x1e7b8 : @strchr+40 : c_and : c_and a5, a3 : IntAlu : D=0x0000000000002f00
26285000 : system.cpu : T0 : 0x1e7b8 : @strchr+40 : c_and : c_and a5, a3 : IntAlu : D=0x0000000000002f00
26576000 : system.cpu : T0 : 0x1e7b8 : @strchr+40 : c_and : c_and a5, a3 : IntAlu : D=0x0000000000002f00
26796000 : system.cpu : T0 : 0x1e7b8 : @strchr+40 : c_and : c_and a5, a3 : IntAlu : D=0x0000000000002f00
27010000 : system.cpu : T0 : 0x1e7b8 : @strchr+40 : c_and : c_and a5, a3 : IntAlu : D=0x0000000000002f00
27246000 : system.cpu : T0 : 0x1e7b8 : @strchr+40 : c_and : c_and a5, a3 : IntAlu : D=0x0000000000002f00
27482000 : system.cpu : T0 : 0x1e7b8 : @strchr+40 : c_and : c_and a5, a3 : IntAlu : D=0x0000000000002f00
27726000 : system.cpu : T0 : 0x1e7b8 : @strchr+40 : c_and : c_and a5, a3 : IntAlu : D=0x0000000000002f00
28067000 : system.cpu : T0 : 0x1e7b8 : @strchr+40 : c_and : c_and a5, a3 : IntAlu : D=0x0000000000002f00
28349000 : system.cpu : T0 : 0x1e7b8 : @strchr+40 : c_and : c_and a5, a3 : IntAlu : D=0x0000000000002f00
28613000 : system.cpu : T0 : 0x1e7b8 : @strchr+40 : c_and : c_and a5, a3 : IntAlu : D=0x0000000000002f00
28849000 : system.cpu : T0 : 0x1e7b8 : @strchr+40 : c_and : c_and a5, a3 : IntAlu : D=0x0000000000002f00
25665000 : system.cpu : T0 : 0x1e7ba : @strchr+42 : andi : andi a1, a1, 255 : IntAlu : D=0x000000000000002f
26039000 : system.cpu : T0 : 0x1e7ba : @strchr+42 : andi : andi a1, a1, 255 : IntAlu : D=0x000000000000002f
26289000 : system.cpu : T0 : 0x1e7ba : @strchr+42 : andi : andi a1, a1, 255 : IntAlu : D=0x000000000000002f
26580000 : system.cpu : T0 : 0x1e7ba : @strchr+42 : andi : andi a1, a1, 255 : IntAlu : D=0x000000000000002f
26800000 : system.cpu : T0 : 0x1e7ba : @strchr+42 : andi : andi a1, a1, 255 : IntAlu : D=0x000000000000002f
27014000 : system.cpu : T0 : 0x1e7ba : @strchr+42 : andi : andi a1, a1, 255 : IntAlu : D=0x000000000000002f
27250000 : system.cpu : T0 : 0x1e7ba : @strchr+42 : andi : andi a1, a1, 255 : IntAlu : D=0x000000000000002f
27486000 : system.cpu : T0 : 0x1e7ba : @strchr+42 : andi : andi a1, a1, 255 : IntAlu : D=0x000000000000002f
27730000 : system.cpu : T0 : 0x1e7ba : @strchr+42 : andi : andi a1, a1, 255 : IntAlu : D=0x000000000000002f
28071000 : system.cpu : T0 : 0x1e7ba : @strchr+42 : andi : andi a1, a1, 255 : IntAlu : D=0x000000000000002f
28353000 : system.cpu : T0 : 0x1e7ba : @strchr+42 : andi : andi a1, a1, 255 : IntAlu : D=0x000000000000002f
28617000 : system.cpu : T0 : 0x1e7ba : @strchr+42 : andi : andi a1, a1, 255 : IntAlu : D=0x000000000000002f
28853000 : system.cpu : T0 : 0x1e7ba : @strchr+42 : andi : andi a1, a1, 255 : IntAlu : D=0x000000000000002f
25667000 : system.cpu : T0 : 0x1e7be : @strchr+46 : c_or : c_or a1, a5 : IntAlu : D=0x0000000000002f2f
26041000 : system.cpu : T0 : 0x1e7be : @strchr+46 : c_or : c_or a1, a5 : IntAlu : D=0x0000000000002f2f
26291000 : system.cpu : T0 : 0x1e7be : @strchr+46 : c_or : c_or a1, a5 : IntAlu : D=0x0000000000002f2f
26582000 : system.cpu : T0 : 0x1e7be : @strchr+46 : c_or : c_or a1, a5 : IntAlu : D=0x0000000000002f2f
26802000 : system.cpu : T0 : 0x1e7be : @strchr+46 : c_or : c_or a1, a5 : IntAlu : D=0x0000000000002f2f
27016000 : system.cpu : T0 : 0x1e7be : @strchr+46 : c_or : c_or a1, a5 : IntAlu : D=0x0000000000002f2f
27252000 : system.cpu : T0 : 0x1e7be : @strchr+46 : c_or : c_or a1, a5 : IntAlu : D=0x0000000000002f2f
27488000 : system.cpu : T0 : 0x1e7be : @strchr+46 : c_or : c_or a1, a5 : IntAlu : D=0x0000000000002f2f
27732000 : system.cpu : T0 : 0x1e7be : @strchr+46 : c_or : c_or a1, a5 : IntAlu : D=0x0000000000002f2f
28073000 : system.cpu : T0 : 0x1e7be : @strchr+46 : c_or : c_or a1, a5 : IntAlu : D=0x0000000000002f2f
28355000 : system.cpu : T0 : 0x1e7be : @strchr+46 : c_or : c_or a1, a5 : IntAlu : D=0x0000000000002f2f
28619000 : system.cpu : T0 : 0x1e7be : @strchr+46 : c_or : c_or a1, a5 : IntAlu : D=0x0000000000002f2f
28855000 : system.cpu : T0 : 0x1e7be : @strchr+46 : c_or : c_or a1, a5 : IntAlu : D=0x0000000000002f2f
25734000 : system.cpu : T0 : 0x1e7c0 : @strchr+48 : c_addiw : c_addiw a1, 0 : IntAlu : D=0x0000000000002f2f
26043000 : system.cpu : T0 : 0x1e7c0 : @strchr+48 : c_addiw : c_addiw a1, 0 : IntAlu : D=0x0000000000002f2f
26293000 : system.cpu : T0 : 0x1e7c0 : @strchr+48 : c_addiw : c_addiw a1, 0 : IntAlu : D=0x0000000000002f2f
26584000 : system.cpu : T0 : 0x1e7c0 : @strchr+48 : c_addiw : c_addiw a1, 0 : IntAlu : D=0x0000000000002f2f
26804000 : system.cpu : T0 : 0x1e7c0 : @strchr+48 : c_addiw : c_addiw a1, 0 : IntAlu : D=0x0000000000002f2f
27018000 : system.cpu : T0 : 0x1e7c0 : @strchr+48 : c_addiw : c_addiw a1, 0 : IntAlu : D=0x0000000000002f2f
27254000 : system.cpu : T0 : 0x1e7c0 : @strchr+48 : c_addiw : c_addiw a1, 0 : IntAlu : D=0x0000000000002f2f
27490000 : system.cpu : T0 : 0x1e7c0 : @strchr+48 : c_addiw : c_addiw a1, 0 : IntAlu : D=0x0000000000002f2f
27734000 : system.cpu : T0 : 0x1e7c0 : @strchr+48 : c_addiw : c_addiw a1, 0 : IntAlu : D=0x0000000000002f2f
28075000 : system.cpu : T0 : 0x1e7c0 : @strchr+48 : c_addiw : c_addiw a1, 0 : IntAlu : D=0x0000000000002f2f
28357000 : system.cpu : T0 : 0x1e7c0 : @strchr+48 : c_addiw : c_addiw a1, 0 : IntAlu : D=0x0000000000002f2f
28621000 : system.cpu : T0 : 0x1e7c0 : @strchr+48 : c_addiw : c_addiw a1, 0 : IntAlu : D=0x0000000000002f2f
28857000 : system.cpu : T0 : 0x1e7c0 : @strchr+48 : c_addiw : c_addiw a1, 0 : IntAlu : D=0x0000000000002f2f
25742000 : system.cpu : T0 : 0x1e7c2 : @strchr+50 : lui : lui a5, 124 : IntAlu : D=0x000000000007c000
26047000 : system.cpu : T0 : 0x1e7c2 : @strchr+50 : lui : lui a5, 124 : IntAlu : D=0x000000000007c000
26297000 : system.cpu : T0 : 0x1e7c2 : @strchr+50 : lui : lui a5, 124 : IntAlu : D=0x000000000007c000
26588000 : system.cpu : T0 : 0x1e7c2 : @strchr+50 : lui : lui a5, 124 : IntAlu : D=0x000000000007c000
26808000 : system.cpu : T0 : 0x1e7c2 : @strchr+50 : lui : lui a5, 124 : IntAlu : D=0x000000000007c000
27022000 : system.cpu : T0 : 0x1e7c2 : @strchr+50 : lui : lui a5, 124 : IntAlu : D=0x000000000007c000
27258000 : system.cpu : T0 : 0x1e7c2 : @strchr+50 : lui : lui a5, 124 : IntAlu : D=0x000000000007c000
27494000 : system.cpu : T0 : 0x1e7c2 : @strchr+50 : lui : lui a5, 124 : IntAlu : D=0x000000000007c000
27738000 : system.cpu : T0 : 0x1e7c2 : @strchr+50 : lui : lui a5, 124 : IntAlu : D=0x000000000007c000
28079000 : system.cpu : T0 : 0x1e7c2 : @strchr+50 : lui : lui a5, 124 : IntAlu : D=0x000000000007c000
28361000 : system.cpu : T0 : 0x1e7c2 : @strchr+50 : lui : lui a5, 124 : IntAlu : D=0x000000000007c000
28625000 : system.cpu : T0 : 0x1e7c2 : @strchr+50 : lui : lui a5, 124 : IntAlu : D=0x000000000007c000
28861000 : system.cpu : T0 : 0x1e7c2 : @strchr+50 : lui : lui a5, 124 : IntAlu : D=0x000000000007c000
25746000 : system.cpu : T0 : 0x1e7c6 : @strchr+54 : slli : slli t1, a1, 16 : IntAlu : D=0x000000002f2f0000
26051000 : system.cpu : T0 : 0x1e7c6 : @strchr+54 : slli : slli t1, a1, 16 : IntAlu : D=0x000000002f2f0000
26301000 : system.cpu : T0 : 0x1e7c6 : @strchr+54 : slli : slli t1, a1, 16 : IntAlu : D=0x000000002f2f0000
26592000 : system.cpu : T0 : 0x1e7c6 : @strchr+54 : slli : slli t1, a1, 16 : IntAlu : D=0x000000002f2f0000
26812000 : system.cpu : T0 : 0x1e7c6 : @strchr+54 : slli : slli t1, a1, 16 : IntAlu : D=0x000000002f2f0000
27026000 : system.cpu : T0 : 0x1e7c6 : @strchr+54 : slli : slli t1, a1, 16 : IntAlu : D=0x000000002f2f0000
27262000 : system.cpu : T0 : 0x1e7c6 : @strchr+54 : slli : slli t1, a1, 16 : IntAlu : D=0x000000002f2f0000
27498000 : system.cpu : T0 : 0x1e7c6 : @strchr+54 : slli : slli t1, a1, 16 : IntAlu : D=0x000000002f2f0000
27742000 : system.cpu : T0 : 0x1e7c6 : @strchr+54 : slli : slli t1, a1, 16 : IntAlu : D=0x000000002f2f0000
28083000 : system.cpu : T0 : 0x1e7c6 : @strchr+54 : slli : slli t1, a1, 16 : IntAlu : D=0x000000002f2f0000
28365000 : system.cpu : T0 : 0x1e7c6 : @strchr+54 : slli : slli t1, a1, 16 : IntAlu : D=0x000000002f2f0000
28629000 : system.cpu : T0 : 0x1e7c6 : @strchr+54 : slli : slli t1, a1, 16 : IntAlu : D=0x000000002f2f0000
28865000 : system.cpu : T0 : 0x1e7c6 : @strchr+54 : slli : slli t1, a1, 16 : IntAlu : D=0x000000002f2f0000
25750000 : system.cpu : T0 : 0x1e7ca : @strchr+58 : ld : ld a7, -1784(a5) : MemRead : D=0x7efefefefefefeff A=0x7b908
26055000 : system.cpu : T0 : 0x1e7ca : @strchr+58 : ld : ld a7, -1784(a5) : MemRead : D=0x7efefefefefefeff A=0x7b908
26305000 : system.cpu : T0 : 0x1e7ca : @strchr+58 : ld : ld a7, -1784(a5) : MemRead : D=0x7efefefefefefeff A=0x7b908
26596000 : system.cpu : T0 : 0x1e7ca : @strchr+58 : ld : ld a7, -1784(a5) : MemRead : D=0x7efefefefefefeff A=0x7b908
26816000 : system.cpu : T0 : 0x1e7ca : @strchr+58 : ld : ld a7, -1784(a5) : MemRead : D=0x7efefefefefefeff A=0x7b908
27030000 : system.cpu : T0 : 0x1e7ca : @strchr+58 : ld : ld a7, -1784(a5) : MemRead : D=0x7efefefefefefeff A=0x7b908
27266000 : system.cpu : T0 : 0x1e7ca : @strchr+58 : ld : ld a7, -1784(a5) : MemRead : D=0x7efefefefefefeff A=0x7b908
27502000 : system.cpu : T0 : 0x1e7ca : @strchr+58 : ld : ld a7, -1784(a5) : MemRead : D=0x7efefefefefefeff A=0x7b908
27746000 : system.cpu : T0 : 0x1e7ca : @strchr+58 : ld : ld a7, -1784(a5) : MemRead : D=0x7efefefefefefeff A=0x7b908
28087000 : system.cpu : T0 : 0x1e7ca : @strchr+58 : ld : ld a7, -1784(a5) : MemRead : D=0x7efefefefefefeff A=0x7b908
28369000 : system.cpu : T0 : 0x1e7ca : @strchr+58 : ld : ld a7, -1784(a5) : MemRead : D=0x7efefefefefefeff A=0x7b908
28633000 : system.cpu : T0 : 0x1e7ca : @strchr+58 : ld : ld a7, -1784(a5) : MemRead : D=0x7efefefefefefeff A=0x7b908
28869000 : system.cpu : T0 : 0x1e7ca : @strchr+58 : ld : ld a7, -1784(a5) : MemRead : D=0x7efefefefefefeff A=0x7b908
25756000 : system.cpu : T0 : 0x1e7ce : @strchr+62 : lui : lui a5, 124 : IntAlu : D=0x000000000007c000
26061000 : system.cpu : T0 : 0x1e7ce : @strchr+62 : lui : lui a5, 124 : IntAlu : D=0x000000000007c000
26311000 : system.cpu : T0 : 0x1e7ce : @strchr+62 : lui : lui a5, 124 : IntAlu : D=0x000000000007c000
26602000 : system.cpu : T0 : 0x1e7ce : @strchr+62 : lui : lui a5, 124 : IntAlu : D=0x000000000007c000
26822000 : system.cpu : T0 : 0x1e7ce : @strchr+62 : lui : lui a5, 124 : IntAlu : D=0x000000000007c000
27036000 : system.cpu : T0 : 0x1e7ce : @strchr+62 : lui : lui a5, 124 : IntAlu : D=0x000000000007c000
27272000 : system.cpu : T0 : 0x1e7ce : @strchr+62 : lui : lui a5, 124 : IntAlu : D=0x000000000007c000
27508000 : system.cpu : T0 : 0x1e7ce : @strchr+62 : lui : lui a5, 124 : IntAlu : D=0x000000000007c000
27752000 : system.cpu : T0 : 0x1e7ce : @strchr+62 : lui : lui a5, 124 : IntAlu : D=0x000000000007c000
28093000 : system.cpu : T0 : 0x1e7ce : @strchr+62 : lui : lui a5, 124 : IntAlu : D=0x000000000007c000
28375000 : system.cpu : T0 : 0x1e7ce : @strchr+62 : lui : lui a5, 124 : IntAlu : D=0x000000000007c000
28639000 : system.cpu : T0 : 0x1e7ce : @strchr+62 : lui : lui a5, 124 : IntAlu : D=0x000000000007c000
28875000 : system.cpu : T0 : 0x1e7ce : @strchr+62 : lui : lui a5, 124 : IntAlu : D=0x000000000007c000
25760000 : system.cpu : T0 : 0x1e7d2 : @strchr+66 : or : or a1, t1, a1 : IntAlu : D=0x000000002f2f2f2f
26065000 : system.cpu : T0 : 0x1e7d2 : @strchr+66 : or : or a1, t1, a1 : IntAlu : D=0x000000002f2f2f2f
26315000 : system.cpu : T0 : 0x1e7d2 : @strchr+66 : or : or a1, t1, a1 : IntAlu : D=0x000000002f2f2f2f
26606000 : system.cpu : T0 : 0x1e7d2 : @strchr+66 : or : or a1, t1, a1 : IntAlu : D=0x000000002f2f2f2f
26826000 : system.cpu : T0 : 0x1e7d2 : @strchr+66 : or : or a1, t1, a1 : IntAlu : D=0x000000002f2f2f2f
27040000 : system.cpu : T0 : 0x1e7d2 : @strchr+66 : or : or a1, t1, a1 : IntAlu : D=0x000000002f2f2f2f
27276000 : system.cpu : T0 : 0x1e7d2 : @strchr+66 : or : or a1, t1, a1 : IntAlu : D=0x000000002f2f2f2f
27512000 : system.cpu : T0 : 0x1e7d2 : @strchr+66 : or : or a1, t1, a1 : IntAlu : D=0x000000002f2f2f2f
27756000 : system.cpu : T0 : 0x1e7d2 : @strchr+66 : or : or a1, t1, a1 : IntAlu : D=0x000000002f2f2f2f
28097000 : system.cpu : T0 : 0x1e7d2 : @strchr+66 : or : or a1, t1, a1 : IntAlu : D=0x000000002f2f2f2f
28379000 : system.cpu : T0 : 0x1e7d2 : @strchr+66 : or : or a1, t1, a1 : IntAlu : D=0x000000002f2f2f2f
28643000 : system.cpu : T0 : 0x1e7d2 : @strchr+66 : or : or a1, t1, a1 : IntAlu : D=0x000000002f2f2f2f
28879000 : system.cpu : T0 : 0x1e7d2 : @strchr+66 : or : or a1, t1, a1 : IntAlu : D=0x000000002f2f2f2f
25764000 : system.cpu : T0 : 0x1e7d6 : @strchr+70 : ld : ld t3, -1776(a5) : MemRead : D=0x8101010101010100 A=0x7b910
26069000 : system.cpu : T0 : 0x1e7d6 : @strchr+70 : ld : ld t3, -1776(a5) : MemRead : D=0x8101010101010100 A=0x7b910
26319000 : system.cpu : T0 : 0x1e7d6 : @strchr+70 : ld : ld t3, -1776(a5) : MemRead : D=0x8101010101010100 A=0x7b910
26610000 : system.cpu : T0 : 0x1e7d6 : @strchr+70 : ld : ld t3, -1776(a5) : MemRead : D=0x8101010101010100 A=0x7b910
26830000 : system.cpu : T0 : 0x1e7d6 : @strchr+70 : ld : ld t3, -1776(a5) : MemRead : D=0x8101010101010100 A=0x7b910
27044000 : system.cpu : T0 : 0x1e7d6 : @strchr+70 : ld : ld t3, -1776(a5) : MemRead : D=0x8101010101010100 A=0x7b910
27280000 : system.cpu : T0 : 0x1e7d6 : @strchr+70 : ld : ld t3, -1776(a5) : MemRead : D=0x8101010101010100 A=0x7b910
27516000 : system.cpu : T0 : 0x1e7d6 : @strchr+70 : ld : ld t3, -1776(a5) : MemRead : D=0x8101010101010100 A=0x7b910
27760000 : system.cpu : T0 : 0x1e7d6 : @strchr+70 : ld : ld t3, -1776(a5) : MemRead : D=0x8101010101010100 A=0x7b910
28101000 : system.cpu : T0 : 0x1e7d6 : @strchr+70 : ld : ld t3, -1776(a5) : MemRead : D=0x8101010101010100 A=0x7b910
28383000 : system.cpu : T0 : 0x1e7d6 : @strchr+70 : ld : ld t3, -1776(a5) : MemRead : D=0x8101010101010100 A=0x7b910
28647000 : system.cpu : T0 : 0x1e7d6 : @strchr+70 : ld : ld t3, -1776(a5) : MemRead : D=0x8101010101010100 A=0x7b910
28883000 : system.cpu : T0 : 0x1e7d6 : @strchr+70 : ld : ld t3, -1776(a5) : MemRead : D=0x8101010101010100 A=0x7b910
25770000 : system.cpu : T0 : 0x1e7da : @strchr+74 : slli : slli t1, a1, 32 : IntAlu : D=0x2f2f2f2f00000000
26075000 : system.cpu : T0 : 0x1e7da : @strchr+74 : slli : slli t1, a1, 32 : IntAlu : D=0x2f2f2f2f00000000
26325000 : system.cpu : T0 : 0x1e7da : @strchr+74 : slli : slli t1, a1, 32 : IntAlu : D=0x2f2f2f2f00000000
26616000 : system.cpu : T0 : 0x1e7da : @strchr+74 : slli : slli t1, a1, 32 : IntAlu : D=0x2f2f2f2f00000000
26836000 : system.cpu : T0 : 0x1e7da : @strchr+74 : slli : slli t1, a1, 32 : IntAlu : D=0x2f2f2f2f00000000
27050000 : system.cpu : T0 : 0x1e7da : @strchr+74 : slli : slli t1, a1, 32 : IntAlu : D=0x2f2f2f2f00000000
27286000 : system.cpu : T0 : 0x1e7da : @strchr+74 : slli : slli t1, a1, 32 : IntAlu : D=0x2f2f2f2f00000000
27522000 : system.cpu : T0 : 0x1e7da : @strchr+74 : slli : slli t1, a1, 32 : IntAlu : D=0x2f2f2f2f00000000
27766000 : system.cpu : T0 : 0x1e7da : @strchr+74 : slli : slli t1, a1, 32 : IntAlu : D=0x2f2f2f2f00000000
28107000 : system.cpu : T0 : 0x1e7da : @strchr+74 : slli : slli t1, a1, 32 : IntAlu : D=0x2f2f2f2f00000000
28389000 : system.cpu : T0 : 0x1e7da : @strchr+74 : slli : slli t1, a1, 32 : IntAlu : D=0x2f2f2f2f00000000
28653000 : system.cpu : T0 : 0x1e7da : @strchr+74 : slli : slli t1, a1, 32 : IntAlu : D=0x2f2f2f2f00000000
28889000 : system.cpu : T0 : 0x1e7da : @strchr+74 : slli : slli t1, a1, 32 : IntAlu : D=0x2f2f2f2f00000000
25774000 : system.cpu : T0 : 0x1e7de : @strchr+78 : or : or t1, t1, a1 : IntAlu : D=0x2f2f2f2f2f2f2f2f
26079000 : system.cpu : T0 : 0x1e7de : @strchr+78 : or : or t1, t1, a1 : IntAlu : D=0x2f2f2f2f2f2f2f2f
26329000 : system.cpu : T0 : 0x1e7de : @strchr+78 : or : or t1, t1, a1 : IntAlu : D=0x2f2f2f2f2f2f2f2f
26620000 : system.cpu : T0 : 0x1e7de : @strchr+78 : or : or t1, t1, a1 : IntAlu : D=0x2f2f2f2f2f2f2f2f
26840000 : system.cpu : T0 : 0x1e7de : @strchr+78 : or : or t1, t1, a1 : IntAlu : D=0x2f2f2f2f2f2f2f2f
27054000 : system.cpu : T0 : 0x1e7de : @strchr+78 : or : or t1, t1, a1 : IntAlu : D=0x2f2f2f2f2f2f2f2f
27290000 : system.cpu : T0 : 0x1e7de : @strchr+78 : or : or t1, t1, a1 : IntAlu : D=0x2f2f2f2f2f2f2f2f
27526000 : system.cpu : T0 : 0x1e7de : @strchr+78 : or : or t1, t1, a1 : IntAlu : D=0x2f2f2f2f2f2f2f2f
27770000 : system.cpu : T0 : 0x1e7de : @strchr+78 : or : or t1, t1, a1 : IntAlu : D=0x2f2f2f2f2f2f2f2f
28111000 : system.cpu : T0 : 0x1e7de : @strchr+78 : or : or t1, t1, a1 : IntAlu : D=0x2f2f2f2f2f2f2f2f
28393000 : system.cpu : T0 : 0x1e7de : @strchr+78 : or : or t1, t1, a1 : IntAlu : D=0x2f2f2f2f2f2f2f2f
28657000 : system.cpu : T0 : 0x1e7de : @strchr+78 : or : or t1, t1, a1 : IntAlu : D=0x2f2f2f2f2f2f2f2f
28893000 : system.cpu : T0 : 0x1e7de : @strchr+78 : or : or t1, t1, a1 : IntAlu : D=0x2f2f2f2f2f2f2f2f
25778000 : system.cpu : T0 : 0x1e7e2 : @strchr+82 : addi : addi a5, a0, 8 : IntAlu : D=0x7fffffffffffff88
26083000 : system.cpu : T0 : 0x1e7e2 : @strchr+82 : addi : addi a5, a0, 8 : IntAlu : D=0x7fffffffffffff90
26333000 : system.cpu : T0 : 0x1e7e2 : @strchr+82 : addi : addi a5, a0, 8 : IntAlu : D=0x7fffffffffffff98
26624000 : system.cpu : T0 : 0x1e7e2 : @strchr+82 : addi : addi a5, a0, 8 : IntAlu : D=0x7fffffffffffffa0
26844000 : system.cpu : T0 : 0x1e7e2 : @strchr+82 : addi : addi a5, a0, 8 : IntAlu : D=0x7fffffffffffffa8
27058000 : system.cpu : T0 : 0x1e7e2 : @strchr+82 : addi : addi a5, a0, 8 : IntAlu : D=0x7fffffffffffffb0
27294000 : system.cpu : T0 : 0x1e7e2 : @strchr+82 : addi : addi a5, a0, 8 : IntAlu : D=0x7fffffffffffffb8
27530000 : system.cpu : T0 : 0x1e7e2 : @strchr+82 : addi : addi a5, a0, 8 : IntAlu : D=0x7fffffffffffffc0
27774000 : system.cpu : T0 : 0x1e7e2 : @strchr+82 : addi : addi a5, a0, 8 : IntAlu : D=0x7fffffffffffffc8
28115000 : system.cpu : T0 : 0x1e7e2 : @strchr+82 : addi : addi a5, a0, 8 : IntAlu : D=0x7fffffffffffffd0
28161000 : system.cpu : T0 : 0x1e7e2 : @strchr+82 : addi : addi a5, a0, 8 : IntAlu : D=0x7fffffffffffffd8
28397000 : system.cpu : T0 : 0x1e7e2 : @strchr+82 : addi : addi a5, a0, 8 : IntAlu : D=0x7fffffffffffffe0
28661000 : system.cpu : T0 : 0x1e7e2 : @strchr+82 : addi : addi a5, a0, 8 : IntAlu : D=0x7fffffffffffffe8
28897000 : system.cpu : T0 : 0x1e7e2 : @strchr+82 : addi : addi a5, a0, 8 : IntAlu : D=0x7ffffffffffffff0
25782000 : system.cpu : T0 : 0x1e7e6 : @strchr+86 : ld : ld a2, -8(a5) : MemRead : D=0x646e6177616c772f A=0x7fffffffffffff80
26087000 : system.cpu : T0 : 0x1e7e6 : @strchr+86 : ld : ld a2, -8(a5) : MemRead : D=0x6e656d75636f442f A=0x7fffffffffffff88
26337000 : system.cpu : T0 : 0x1e7e6 : @strchr+86 : ld : ld a2, -8(a5) : MemRead : D=0x736b726f772f7374 A=0x7fffffffffffff90
26628000 : system.cpu : T0 : 0x1e7e6 : @strchr+86 : ld : ld a2, -8(a5) : MemRead : D=0x7365522f65636170 A=0x7fffffffffffff98
26848000 : system.cpu : T0 : 0x1e7e6 : @strchr+86 : ld : ld a2, -8(a5) : MemRead : D=0x65672f6863726165 A=0x7fffffffffffffa0
27062000 : system.cpu : T0 : 0x1e7e6 : @strchr+86 : ld : ld a2, -8(a5) : MemRead : D=0x69666e6f632f356d A=0x7fffffffffffffa8
27298000 : system.cpu : T0 : 0x1e7e6 : @strchr+86 : ld : ld a2, -8(a5) : MemRead : D=0x726f7475742f7367 A=0x7fffffffffffffb0
27534000 : system.cpu : T0 : 0x1e7e6 : @strchr+86 : ld : ld a2, -8(a5) : MemRead : D=0x2e2f2e2e2f6c6169 A=0x7fffffffffffffb8
27778000 : system.cpu : T0 : 0x1e7e6 : @strchr+86 : ld : ld a2, -8(a5) : MemRead : D=0x2f73747365742f2e A=0x7fffffffffffffc0
28119000 : system.cpu : T0 : 0x1e7e6 : @strchr+86 : ld : ld a2, -8(a5) : MemRead : D=0x6f72702d74736574 A=0x7fffffffffffffc8
28165000 : system.cpu : T0 : 0x1e7e6 : @strchr+86 : ld : ld a2, -8(a5) : MemRead : D=0x6f6c6c65682f7367 A=0x7fffffffffffffd0
28401000 : system.cpu : T0 : 0x1e7e6 : @strchr+86 : ld : ld a2, -8(a5) : MemRead : D=0x7369722f6e69622f A=0x7fffffffffffffd8
28665000 : system.cpu : T0 : 0x1e7e6 : @strchr+86 : ld : ld a2, -8(a5) : MemRead : D=0x78756e696c2f7663 A=0x7fffffffffffffe0
28901000 : system.cpu : T0 : 0x1e7e6 : @strchr+86 : ld : ld a2, -8(a5) : MemRead : D=0xc9006f6c6c65682f A=0x7fffffffffffffe8
25788000 : system.cpu : T0 : 0x1e7ea : @strchr+90 : xor : xor a1, t1, a2 : IntAlu : D=0x4b414e584e435800
26093000 : system.cpu : T0 : 0x1e7ea : @strchr+90 : xor : xor a1, t1, a2 : IntAlu : D=0x414a425a4c406b00
26343000 : system.cpu : T0 : 0x1e7ea : @strchr+90 : xor : xor a1, t1, a2 : IntAlu : D=0x5c445d4058005c5b
26634000 : system.cpu : T0 : 0x1e7ea : @strchr+90 : xor : xor a1, t1, a2 : IntAlu : D=0x5c4a7d004a4c4e5f
26854000 : system.cpu : T0 : 0x1e7ea : @strchr+90 : xor : xor a1, t1, a2 : IntAlu : D=0x4a4800474c5d4e4a
27068000 : system.cpu : T0 : 0x1e7ea : @strchr+90 : xor : xor a1, t1, a2 : IntAlu : D=0x464941404c001a42
27304000 : system.cpu : T0 : 0x1e7ea : @strchr+90 : xor : xor a1, t1, a2 : IntAlu : D=0x5d405b5a5b005c48
27540000 : system.cpu : T0 : 0x1e7ea : @strchr+90 : xor : xor a1, t1, a2 : IntAlu : D=0x0100010100434e46
27863000 : system.cpu : T0 : 0x1e7ea : @strchr+90 : xor : xor a1, t1, a2 : IntAlu : D=0x005c5b5c4a5b0001
28125000 : system.cpu : T0 : 0x1e7ea : @strchr+90 : xor : xor a1, t1, a2 : IntAlu : D=0x405d5f025b5c4a5b
28171000 : system.cpu : T0 : 0x1e7ea : @strchr+90 : xor : xor a1, t1, a2 : IntAlu : D=0x4043434a47005c48
28407000 : system.cpu : T0 : 0x1e7ea : @strchr+90 : xor : xor a1, t1, a2 : IntAlu : D=0x5c465d0041464d00
28671000 : system.cpu : T0 : 0x1e7ea : @strchr+90 : xor : xor a1, t1, a2 : IntAlu : D=0x575a41464300594c
28907000 : system.cpu : T0 : 0x1e7ea : @strchr+90 : xor : xor a1, t1, a2 : IntAlu : D=0xe62f4043434a4700
25792000 : system.cpu : T0 : 0x1e7ee : @strchr+94 : add : add a3, a2, a7 : IntAlu : D=0xe36d6076606b762e
26097000 : system.cpu : T0 : 0x1e7ee : @strchr+94 : add : add a3, a2, a7 : IntAlu : D=0xed646c74626e432e
26347000 : system.cpu : T0 : 0x1e7ee : @strchr+94 : add : add a3, a2, a7 : IntAlu : D=0xf26a716e762e7273
26638000 : system.cpu : T0 : 0x1e7ee : @strchr+94 : add : add a3, a2, a7 : IntAlu : D=0xf264512e6462606f
26858000 : system.cpu : T0 : 0x1e7ee : @strchr+94 : add : add a3, a2, a7 : IntAlu : D=0xe4662e6762716064
27072000 : system.cpu : T0 : 0x1e7ee : @strchr+94 : add : add a3, a2, a7 : IntAlu : D=0xe8656d6e622e346c
27308000 : system.cpu : T0 : 0x1e7ee : @strchr+94 : add : add a3, a2, a7 : IntAlu : D=0xf16e7374732e7266
27544000 : system.cpu : T0 : 0x1e7ee : @strchr+94 : add : add a3, a2, a7 : IntAlu : D=0xad2e2d2d2e6b6068
27867000 : system.cpu : T0 : 0x1e7ee : @strchr+94 : add : add a3, a2, a7 : IntAlu : D=0xae72737264732e2d
28129000 : system.cpu : T0 : 0x1e7ee : @strchr+94 : add : add a3, a2, a7 : IntAlu : D=0xee716f2c73726473
28175000 : system.cpu : T0 : 0x1e7ee : @strchr+94 : add : add a3, a2, a7 : IntAlu : D=0xee6b6b64672e7266
28411000 : system.cpu : T0 : 0x1e7ee : @strchr+94 : add : add a3, a2, a7 : IntAlu : D=0xf268712e6d68612e
28675000 : system.cpu : T0 : 0x1e7ee : @strchr+94 : add : add a3, a2, a7 : IntAlu : D=0xf7746d686b2e7562
28911000 : system.cpu : T0 : 0x1e7ee : @strchr+94 : add : add a3, a2, a7 : IntAlu : D=0x47ff6e6b6b64672e
25796000 : system.cpu : T0 : 0x1e7f2 : @strchr+98 : add : add a6, a1, a7 : IntAlu : D=0xca404d574d4256ff
26101000 : system.cpu : T0 : 0x1e7f2 : @strchr+98 : add : add a6, a1, a7 : IntAlu : D=0xc04941594b3f69ff
26351000 : system.cpu : T0 : 0x1e7f2 : @strchr+98 : add : add a6, a1, a7 : IntAlu : D=0xdb435c3f56ff5b5a
26642000 : system.cpu : T0 : 0x1e7f2 : @strchr+98 : add : add a6, a1, a7 : IntAlu : D=0xdb497bff494b4d5e
26862000 : system.cpu : T0 : 0x1e7f2 : @strchr+98 : add : add a6, a1, a7 : IntAlu : D=0xc946ff464b5c4d49
27076000 : system.cpu : T0 : 0x1e7f2 : @strchr+98 : add : add a6, a1, a7 : IntAlu : D=0xc548403f4aff1941
27312000 : system.cpu : T0 : 0x1e7f2 : @strchr+98 : add : add a6, a1, a7 : IntAlu : D=0xdc3f5a5959ff5b47
27548000 : system.cpu : T0 : 0x1e7f2 : @strchr+98 : add : add a6, a1, a7 : IntAlu : D=0x7ffeffffff424d45
27871000 : system.cpu : T0 : 0x1e7f2 : @strchr+98 : add : add a6, a1, a7 : IntAlu : D=0x7f5b5a5b4959ff00
28133000 : system.cpu : T0 : 0x1e7f2 : @strchr+98 : add : add a6, a1, a7 : IntAlu : D=0xbf5c5e015a5b495a
28179000 : system.cpu : T0 : 0x1e7f2 : @strchr+98 : add : add a6, a1, a7 : IntAlu : D=0xbf42424945ff5b47
28415000 : system.cpu : T0 : 0x1e7f2 : @strchr+98 : add : add a6, a1, a7 : IntAlu : D=0xdb455bff40454bff
28679000 : system.cpu : T0 : 0x1e7f2 : @strchr+98 : add : add a6, a1, a7 : IntAlu : D=0xd659404541ff584b
28915000 : system.cpu : T0 : 0x1e7f2 : @strchr+98 : add : add a6, a1, a7 : IntAlu : D=0x652e3f42424945ff
25800000 : system.cpu : T0 : 0x1e7f6 : @strchr+102 : xori : xori a2, a2, 18446744073709551615 : IntAlu : D=0x9b919e889e9388d0
26105000 : system.cpu : T0 : 0x1e7f6 : @strchr+102 : xori : xori a2, a2, 18446744073709551615 : IntAlu : D=0x919a928a9c90bbd0
26355000 : system.cpu : T0 : 0x1e7f6 : @strchr+102 : xori : xori a2, a2, 18446744073709551615 : IntAlu : D=0x8c948d9088d08c8b
26646000 : system.cpu : T0 : 0x1e7f6 : @strchr+102 : xori : xori a2, a2, 18446744073709551615 : IntAlu : D=0x8c9aadd09a9c9e8f
26866000 : system.cpu : T0 : 0x1e7f6 : @strchr+102 : xori : xori a2, a2, 18446744073709551615 : IntAlu : D=0x9a98d0979c8d9e9a
27080000 : system.cpu : T0 : 0x1e7f6 : @strchr+102 : xori : xori a2, a2, 18446744073709551615 : IntAlu : D=0x969991909cd0ca92
27316000 : system.cpu : T0 : 0x1e7f6 : @strchr+102 : xori : xori a2, a2, 18446744073709551615 : IntAlu : D=0x8d908b8a8bd08c98
27552000 : system.cpu : T0 : 0x1e7f6 : @strchr+102 : xori : xori a2, a2, 18446744073709551615 : IntAlu : D=0xd1d0d1d1d0939e96
27875000 : system.cpu : T0 : 0x1e7f6 : @strchr+102 : xori : xori a2, a2, 18446744073709551615 : IntAlu : D=0xd08c8b8c9a8bd0d1
28137000 : system.cpu : T0 : 0x1e7f6 : @strchr+102 : xori : xori a2, a2, 18446744073709551615 : IntAlu : D=0x908d8fd28b8c9a8b
28183000 : system.cpu : T0 : 0x1e7f6 : @strchr+102 : xori : xori a2, a2, 18446744073709551615 : IntAlu : D=0x9093939a97d08c98
28419000 : system.cpu : T0 : 0x1e7f6 : @strchr+102 : xori : xori a2, a2, 18446744073709551615 : IntAlu : D=0x8c968dd091969dd0
28683000 : system.cpu : T0 : 0x1e7f6 : @strchr+102 : xori : xori a2, a2, 18446744073709551615 : IntAlu : D=0x878a919693d0899c
28919000 : system.cpu : T0 : 0x1e7f6 : @strchr+102 : xori : xori a2, a2, 18446744073709551615 : IntAlu : D=0x36ff9093939a97d0
25804000 : system.cpu : T0 : 0x1e7fa : @strchr+106 : xori : xori a1, a1, 18446744073709551615 : IntAlu : D=0xb4beb1a7b1bca7ff
26109000 : system.cpu : T0 : 0x1e7fa : @strchr+106 : xori : xori a1, a1, 18446744073709551615 : IntAlu : D=0xbeb5bda5b3bf94ff
26359000 : system.cpu : T0 : 0x1e7fa : @strchr+106 : xori : xori a1, a1, 18446744073709551615 : IntAlu : D=0xa3bba2bfa7ffa3a4
26650000 : system.cpu : T0 : 0x1e7fa : @strchr+106 : xori : xori a1, a1, 18446744073709551615 : IntAlu : D=0xa3b582ffb5b3b1a0
26870000 : system.cpu : T0 : 0x1e7fa : @strchr+106 : xori : xori a1, a1, 18446744073709551615 : IntAlu : D=0xb5b7ffb8b3a2b1b5
27084000 : system.cpu : T0 : 0x1e7fa : @strchr+106 : xori : xori a1, a1, 18446744073709551615 : IntAlu : D=0xb9b6bebfb3ffe5bd
27320000 : system.cpu : T0 : 0x1e7fa : @strchr+106 : xori : xori a1, a1, 18446744073709551615 : IntAlu : D=0xa2bfa4a5a4ffa3b7
27556000 : system.cpu : T0 : 0x1e7fa : @strchr+106 : xori : xori a1, a1, 18446744073709551615 : IntAlu : D=0xfefffefeffbcb1b9
27879000 : system.cpu : T0 : 0x1e7fa : @strchr+106 : xori : xori a1, a1, 18446744073709551615 : IntAlu : D=0xffa3a4a3b5a4fffe
28141000 : system.cpu : T0 : 0x1e7fa : @strchr+106 : xori : xori a1, a1, 18446744073709551615 : IntAlu : D=0xbfa2a0fda4a3b5a4
28187000 : system.cpu : T0 : 0x1e7fa : @strchr+106 : xori : xori a1, a1, 18446744073709551615 : IntAlu : D=0xbfbcbcb5b8ffa3b7
28423000 : system.cpu : T0 : 0x1e7fa : @strchr+106 : xori : xori a1, a1, 18446744073709551615 : IntAlu : D=0xa3b9a2ffbeb9b2ff
28687000 : system.cpu : T0 : 0x1e7fa : @strchr+106 : xori : xori a1, a1, 18446744073709551615 : IntAlu : D=0xa8a5beb9bcffa6b3
28923000 : system.cpu : T0 : 0x1e7fa : @strchr+106 : xori : xori a1, a1, 18446744073709551615 : IntAlu : D=0x19d0bfbcbcb5b8ff
25806000 : system.cpu : T0 : 0x1e7fe : @strchr+110 : c_xor : c_xor a3, a2 : IntAlu : D=0x78fcfefefef8fefe
26111000 : system.cpu : T0 : 0x1e7fe : @strchr+110 : c_xor : c_xor a3, a2 : IntAlu : D=0x7cfefefefefef8fe
26361000 : system.cpu : T0 : 0x1e7fe : @strchr+110 : c_xor : c_xor a3, a2 : IntAlu : D=0x7efefcfefefefef8
26652000 : system.cpu : T0 : 0x1e7fe : @strchr+110 : c_xor : c_xor a3, a2 : IntAlu : D=0x7efefcfefefefee0
26872000 : system.cpu : T0 : 0x1e7fe : @strchr+110 : c_xor : c_xor a3, a2 : IntAlu : D=0x7efefef0fefcfefe
27086000 : system.cpu : T0 : 0x1e7fe : @strchr+110 : c_xor : c_xor a3, a2 : IntAlu : D=0x7efcfcfefefefefe
27322000 : system.cpu : T0 : 0x1e7fe : @strchr+110 : c_xor : c_xor a3, a2 : IntAlu : D=0x7cfef8fef8fefefe
27558000 : system.cpu : T0 : 0x1e7fe : @strchr+110 : c_xor : c_xor a3, a2 : IntAlu : D=0x7cfefcfcfef8fefe
27881000 : system.cpu : T0 : 0x1e7fe : @strchr+110 : c_xor : c_xor a3, a2 : IntAlu : D=0x7efef8fefef8fefc
28143000 : system.cpu : T0 : 0x1e7fe : @strchr+110 : c_xor : c_xor a3, a2 : IntAlu : D=0x7efce0fef8fefef8
28189000 : system.cpu : T0 : 0x1e7fe : @strchr+110 : c_xor : c_xor a3, a2 : IntAlu : D=0x7ef8f8fef0fefefe
28425000 : system.cpu : T0 : 0x1e7fe : @strchr+110 : c_xor : c_xor a3, a2 : IntAlu : D=0x7efefcfefcfefcfe
28689000 : system.cpu : T0 : 0x1e7fe : @strchr+110 : c_xor : c_xor a3, a2 : IntAlu : D=0x70fefcfef8fefcfe
28925000 : system.cpu : T0 : 0x1e7fe : @strchr+110 : c_xor : c_xor a3, a2 : IntAlu : D=0x7100fef8f8fef0fe
25859000 : system.cpu : T0 : 0x1e800 : @strchr+112 : xor : xor a1, a6, a1 : IntAlu : D=0x7efefcf0fcfef100
26113000 : system.cpu : T0 : 0x1e800 : @strchr+112 : xor : xor a1, a6, a1 : IntAlu : D=0x7efcfcfcf880fd00
26363000 : system.cpu : T0 : 0x1e800 : @strchr+112 : xor : xor a1, a6, a1 : IntAlu : D=0x78f8fe80f100f8fe
26654000 : system.cpu : T0 : 0x1e800 : @strchr+112 : xor : xor a1, a6, a1 : IntAlu : D=0x78fcf900fcf8fcfe
26874000 : system.cpu : T0 : 0x1e800 : @strchr+112 : xor : xor a1, a6, a1 : IntAlu : D=0x7cf100fef8fefcfc
27088000 : system.cpu : T0 : 0x1e800 : @strchr+112 : xor : xor a1, a6, a1 : IntAlu : D=0x7cfefe80f900fcfc
27324000 : system.cpu : T0 : 0x1e800 : @strchr+112 : xor : xor a1, a6, a1 : IntAlu : D=0x7e80fefcfd00f8f0
27560000 : system.cpu : T0 : 0x1e800 : @strchr+112 : xor : xor a1, a6, a1 : IntAlu : D=0x8101010100fefcfc
27883000 : system.cpu : T0 : 0x1e800 : @strchr+112 : xor : xor a1, a6, a1 : IntAlu : D=0x80f8fef8fcfd00fe
28145000 : system.cpu : T0 : 0x1e800 : @strchr+112 : xor : xor a1, a6, a1 : IntAlu : D=0x00fefefcfef8fcfe
28191000 : system.cpu : T0 : 0x1e800 : @strchr+112 : xor : xor a1, a6, a1 : IntAlu : D=0x00fefefcfd00f8f0
28427000 : system.cpu : T0 : 0x1e800 : @strchr+112 : xor : xor a1, a6, a1 : IntAlu : D=0x78fcf900fefcf900
28691000 : system.cpu : T0 : 0x1e800 : @strchr+112 : xor : xor a1, a6, a1 : IntAlu : D=0x7efcfefcfd00fef8
28927000 : system.cpu : T0 : 0x1e800 : @strchr+112 : xor : xor a1, a6, a1 : IntAlu : D=0x7cfe80fefefcfd00
25865000 : system.cpu : T0 : 0x1e804 : @strchr+116 : c_or : c_or a3, a1 : IntAlu : D=0x7efefefefefefffe
26115000 : system.cpu : T0 : 0x1e804 : @strchr+116 : c_or : c_or a3, a1 : IntAlu : D=0x7efefefefefefdfe
26365000 : system.cpu : T0 : 0x1e804 : @strchr+116 : c_or : c_or a3, a1 : IntAlu : D=0x7efefefefffefefe
26656000 : system.cpu : T0 : 0x1e804 : @strchr+116 : c_or : c_or a3, a1 : IntAlu : D=0x7efefdfefefefefe
26876000 : system.cpu : T0 : 0x1e804 : @strchr+116 : c_or : c_or a3, a1 : IntAlu : D=0x7efffefefefefefe
27090000 : system.cpu : T0 : 0x1e804 : @strchr+116 : c_or : c_or a3, a1 : IntAlu : D=0x7efefefefffefefe
27326000 : system.cpu : T0 : 0x1e804 : @strchr+116 : c_or : c_or a3, a1 : IntAlu : D=0x7efefefefdfefefe
27562000 : system.cpu : T0 : 0x1e804 : @strchr+116 : c_or : c_or a3, a1 : IntAlu : D=0xfdfffdfdfefefefe
27885000 : system.cpu : T0 : 0x1e804 : @strchr+116 : c_or : c_or a3, a1 : IntAlu : D=0xfefefefefefdfefe
28147000 : system.cpu : T0 : 0x1e804 : @strchr+116 : c_or : c_or a3, a1 : IntAlu : D=0x7efefefefefefefe
28193000 : system.cpu : T0 : 0x1e804 : @strchr+116 : c_or : c_or a3, a1 : IntAlu : D=0x7efefefefdfefefe
28429000 : system.cpu : T0 : 0x1e804 : @strchr+116 : c_or : c_or a3, a1 : IntAlu : D=0x7efefdfefefefdfe
28693000 : system.cpu : T0 : 0x1e804 : @strchr+116 : c_or : c_or a3, a1 : IntAlu : D=0x7efefefefdfefefe
28929000 : system.cpu : T0 : 0x1e804 : @strchr+116 : c_or : c_or a3, a1 : IntAlu : D=0x7dfefefefefefdfe
25869000 : system.cpu : T0 : 0x1e806 : @strchr+118 : and : and a3, a3, t3 : IntAlu : D=0x0000000000000100
26119000 : system.cpu : T0 : 0x1e806 : @strchr+118 : and : and a3, a3, t3 : IntAlu : D=0x0000000000000100
26369000 : system.cpu : T0 : 0x1e806 : @strchr+118 : and : and a3, a3, t3 : IntAlu : D=0x0000000001000000
26660000 : system.cpu : T0 : 0x1e806 : @strchr+118 : and : and a3, a3, t3 : IntAlu : D=0x0000010000000000
26880000 : system.cpu : T0 : 0x1e806 : @strchr+118 : and : and a3, a3, t3 : IntAlu : D=0x0001000000000000
27094000 : system.cpu : T0 : 0x1e806 : @strchr+118 : and : and a3, a3, t3 : IntAlu : D=0x0000000001000000
27330000 : system.cpu : T0 : 0x1e806 : @strchr+118 : and : and a3, a3, t3 : IntAlu : D=0x0000000001000000
27566000 : system.cpu : T0 : 0x1e806 : @strchr+118 : and : and a3, a3, t3 : IntAlu : D=0x8101010100000000
27889000 : system.cpu : T0 : 0x1e806 : @strchr+118 : and : and a3, a3, t3 : IntAlu : D=0x8000000000010000
28151000 : system.cpu : T0 : 0x1e806 : @strchr+118 : and : and a3, a3, t3 : IntAlu : D=0x0000000000000000
28197000 : system.cpu : T0 : 0x1e806 : @strchr+118 : and : and a3, a3, t3 : IntAlu : D=0x0000000001000000
28433000 : system.cpu : T0 : 0x1e806 : @strchr+118 : and : and a3, a3, t3 : IntAlu : D=0x0000010000000100
28697000 : system.cpu : T0 : 0x1e806 : @strchr+118 : and : and a3, a3, t3 : IntAlu : D=0x0000000001000000
28933000 : system.cpu : T0 : 0x1e806 : @strchr+118 : and : and a3, a3, t3 : IntAlu : D=0x0100000000000100
25871000 : system.cpu : T0 : 0x1e80a : @strchr+122 : c_beqz : c_beqz a3, 86 : IntAlu : 
26121000 : system.cpu : T0 : 0x1e80a : @strchr+122 : c_beqz : c_beqz a3, 86 : IntAlu : 
26371000 : system.cpu : T0 : 0x1e80a : @strchr+122 : c_beqz : c_beqz a3, 86 : IntAlu : 
26662000 : system.cpu : T0 : 0x1e80a : @strchr+122 : c_beqz : c_beqz a3, 86 : IntAlu : 
26882000 : system.cpu : T0 : 0x1e80a : @strchr+122 : c_beqz : c_beqz a3, 86 : IntAlu : 
27096000 : system.cpu : T0 : 0x1e80a : @strchr+122 : c_beqz : c_beqz a3, 86 : IntAlu : 
27332000 : system.cpu : T0 : 0x1e80a : @strchr+122 : c_beqz : c_beqz a3, 86 : IntAlu : 
27568000 : system.cpu : T0 : 0x1e80a : @strchr+122 : c_beqz : c_beqz a3, 86 : IntAlu : 
27891000 : system.cpu : T0 : 0x1e80a : @strchr+122 : c_beqz : c_beqz a3, 86 : IntAlu : 
28153000 : system.cpu : T0 : 0x1e80a : @strchr+122 : c_beqz : c_beqz a3, 86 : IntAlu : 
28199000 : system.cpu : T0 : 0x1e80a : @strchr+122 : c_beqz : c_beqz a3, 86 : IntAlu : 
28435000 : system.cpu : T0 : 0x1e80a : @strchr+122 : c_beqz : c_beqz a3, 86 : IntAlu : 
28699000 : system.cpu : T0 : 0x1e80a : @strchr+122 : c_beqz : c_beqz a3, 86 : IntAlu : 
28935000 : system.cpu : T0 : 0x1e80a : @strchr+122 : c_beqz : c_beqz a3, 86 : IntAlu : 
25873000 : system.cpu : T0 : 0x1e80c : @strchr+124 : lbu : lbu a3, -8(a5) : MemRead : D=0x000000000000002f A=0x7fffffffffffff80
26123000 : system.cpu : T0 : 0x1e80c : @strchr+124 : lbu : lbu a3, -8(a5) : MemRead : D=0x000000000000002f A=0x7fffffffffffff88
26373000 : system.cpu : T0 : 0x1e80c : @strchr+124 : lbu : lbu a3, -8(a5) : MemRead : D=0x0000000000000074 A=0x7fffffffffffff90
26664000 : system.cpu : T0 : 0x1e80c : @strchr+124 : lbu : lbu a3, -8(a5) : MemRead : D=0x0000000000000070 A=0x7fffffffffffff98
26884000 : system.cpu : T0 : 0x1e80c : @strchr+124 : lbu : lbu a3, -8(a5) : MemRead : D=0x0000000000000065 A=0x7fffffffffffffa0
27098000 : system.cpu : T0 : 0x1e80c : @strchr+124 : lbu : lbu a3, -8(a5) : MemRead : D=0x000000000000006d A=0x7fffffffffffffa8
27334000 : system.cpu : T0 : 0x1e80c : @strchr+124 : lbu : lbu a3, -8(a5) : MemRead : D=0x0000000000000067 A=0x7fffffffffffffb0
27570000 : system.cpu : T0 : 0x1e80c : @strchr+124 : lbu : lbu a3, -8(a5) : MemRead : D=0x0000000000000069 A=0x7fffffffffffffb8
27893000 : system.cpu : T0 : 0x1e80c : @strchr+124 : lbu : lbu a3, -8(a5) : MemRead : D=0x000000000000002e A=0x7fffffffffffffc0
28201000 : system.cpu : T0 : 0x1e80c : @strchr+124 : lbu : lbu a3, -8(a5) : MemRead : D=0x0000000000000067 A=0x7fffffffffffffd0
28437000 : system.cpu : T0 : 0x1e80c : @strchr+124 : lbu : lbu a3, -8(a5) : MemRead : D=0x000000000000002f A=0x7fffffffffffffd8
28701000 : system.cpu : T0 : 0x1e80c : @strchr+124 : lbu : lbu a3, -8(a5) : MemRead : D=0x0000000000000063 A=0x7fffffffffffffe0
28937000 : system.cpu : T0 : 0x1e80c : @strchr+124 : lbu : lbu a3, -8(a5) : MemRead : D=0x000000000000002f A=0x7fffffffffffffe8
25877000 : system.cpu : T0 : 0x1e810 : @strchr+128 : beq : beq a3, a4, -98 : IntAlu : 
26127000 : system.cpu : T0 : 0x1e810 : @strchr+128 : beq : beq a3, a4, -98 : IntAlu : 
26377000 : system.cpu : T0 : 0x1e810 : @strchr+128 : beq : beq a3, a4, -98 : IntAlu : 
26668000 : system.cpu : T0 : 0x1e810 : @strchr+128 : beq : beq a3, a4, -98 : IntAlu : 
26888000 : system.cpu : T0 : 0x1e810 : @strchr+128 : beq : beq a3, a4, -98 : IntAlu : 
27102000 : system.cpu : T0 : 0x1e810 : @strchr+128 : beq : beq a3, a4, -98 : IntAlu : 
27338000 : system.cpu : T0 : 0x1e810 : @strchr+128 : beq : beq a3, a4, -98 : IntAlu : 
27574000 : system.cpu : T0 : 0x1e810 : @strchr+128 : beq : beq a3, a4, -98 : IntAlu : 
27897000 : system.cpu : T0 : 0x1e810 : @strchr+128 : beq : beq a3, a4, -98 : IntAlu : 
28205000 : system.cpu : T0 : 0x1e810 : @strchr+128 : beq : beq a3, a4, -98 : IntAlu : 
28441000 : system.cpu : T0 : 0x1e810 : @strchr+128 : beq : beq a3, a4, -98 : IntAlu : 
28705000 : system.cpu : T0 : 0x1e810 : @strchr+128 : beq : beq a3, a4, -98 : IntAlu : 
28941000 : system.cpu : T0 : 0x1e810 : @strchr+128 : beq : beq a3, a4, -98 : IntAlu : 
26379000 : system.cpu : T0 : 0x1e814 : @strchr+132 : c_beqz : c_beqz a3, 72 : IntAlu : 
26670000 : system.cpu : T0 : 0x1e814 : @strchr+132 : c_beqz : c_beqz a3, 72 : IntAlu : 
26890000 : system.cpu : T0 : 0x1e814 : @strchr+132 : c_beqz : c_beqz a3, 72 : IntAlu : 
27104000 : system.cpu : T0 : 0x1e814 : @strchr+132 : c_beqz : c_beqz a3, 72 : IntAlu : 
27340000 : system.cpu : T0 : 0x1e814 : @strchr+132 : c_beqz : c_beqz a3, 72 : IntAlu : 
27576000 : system.cpu : T0 : 0x1e814 : @strchr+132 : c_beqz : c_beqz a3, 72 : IntAlu : 
27899000 : system.cpu : T0 : 0x1e814 : @strchr+132 : c_beqz : c_beqz a3, 72 : IntAlu : 
28207000 : system.cpu : T0 : 0x1e814 : @strchr+132 : c_beqz : c_beqz a3, 72 : IntAlu : 
28707000 : system.cpu : T0 : 0x1e814 : @strchr+132 : c_beqz : c_beqz a3, 72 : IntAlu : 
26383000 : system.cpu : T0 : 0x1e816 : @strchr+134 : lbu : lbu a3, -7(a5) : MemRead : D=0x0000000000000073 A=0x7fffffffffffff91
26674000 : system.cpu : T0 : 0x1e816 : @strchr+134 : lbu : lbu a3, -7(a5) : MemRead : D=0x0000000000000061 A=0x7fffffffffffff99
26894000 : system.cpu : T0 : 0x1e816 : @strchr+134 : lbu : lbu a3, -7(a5) : MemRead : D=0x0000000000000061 A=0x7fffffffffffffa1
27108000 : system.cpu : T0 : 0x1e816 : @strchr+134 : lbu : lbu a3, -7(a5) : MemRead : D=0x0000000000000035 A=0x7fffffffffffffa9
27344000 : system.cpu : T0 : 0x1e816 : @strchr+134 : lbu : lbu a3, -7(a5) : MemRead : D=0x0000000000000073 A=0x7fffffffffffffb1
27580000 : system.cpu : T0 : 0x1e816 : @strchr+134 : lbu : lbu a3, -7(a5) : MemRead : D=0x0000000000000061 A=0x7fffffffffffffb9
27903000 : system.cpu : T0 : 0x1e816 : @strchr+134 : lbu : lbu a3, -7(a5) : MemRead : D=0x000000000000002f A=0x7fffffffffffffc1
28211000 : system.cpu : T0 : 0x1e816 : @strchr+134 : lbu : lbu a3, -7(a5) : MemRead : D=0x0000000000000073 A=0x7fffffffffffffd1
28711000 : system.cpu : T0 : 0x1e816 : @strchr+134 : lbu : lbu a3, -7(a5) : MemRead : D=0x0000000000000076 A=0x7fffffffffffffe1
26389000 : system.cpu : T0 : 0x1e81a : @strchr+138 : beq : beq a3, a4, 74 : IntAlu : 
26680000 : system.cpu : T0 : 0x1e81a : @strchr+138 : beq : beq a3, a4, 74 : IntAlu : 
26900000 : system.cpu : T0 : 0x1e81a : @strchr+138 : beq : beq a3, a4, 74 : IntAlu : 
27114000 : system.cpu : T0 : 0x1e81a : @strchr+138 : beq : beq a3, a4, 74 : IntAlu : 
27350000 : system.cpu : T0 : 0x1e81a : @strchr+138 : beq : beq a3, a4, 74 : IntAlu : 
27586000 : system.cpu : T0 : 0x1e81a : @strchr+138 : beq : beq a3, a4, 74 : IntAlu : 
27909000 : system.cpu : T0 : 0x1e81a : @strchr+138 : beq : beq a3, a4, 74 : IntAlu : 
28217000 : system.cpu : T0 : 0x1e81a : @strchr+138 : beq : beq a3, a4, 74 : IntAlu : 
28717000 : system.cpu : T0 : 0x1e81a : @strchr+138 : beq : beq a3, a4, 74 : IntAlu : 
26391000 : system.cpu : T0 : 0x1e81e : @strchr+142 : c_beqz : c_beqz a3, 62 : IntAlu : 
26682000 : system.cpu : T0 : 0x1e81e : @strchr+142 : c_beqz : c_beqz a3, 62 : IntAlu : 
26902000 : system.cpu : T0 : 0x1e81e : @strchr+142 : c_beqz : c_beqz a3, 62 : IntAlu : 
27116000 : system.cpu : T0 : 0x1e81e : @strchr+142 : c_beqz : c_beqz a3, 62 : IntAlu : 
27352000 : system.cpu : T0 : 0x1e81e : @strchr+142 : c_beqz : c_beqz a3, 62 : IntAlu : 
27588000 : system.cpu : T0 : 0x1e81e : @strchr+142 : c_beqz : c_beqz a3, 62 : IntAlu : 
28219000 : system.cpu : T0 : 0x1e81e : @strchr+142 : c_beqz : c_beqz a3, 62 : IntAlu : 
28719000 : system.cpu : T0 : 0x1e81e : @strchr+142 : c_beqz : c_beqz a3, 62 : IntAlu : 
26393000 : system.cpu : T0 : 0x1e820 : @strchr+144 : lbu : lbu a3, -6(a5) : MemRead : D=0x000000000000002f A=0x7fffffffffffff92
26684000 : system.cpu : T0 : 0x1e820 : @strchr+144 : lbu : lbu a3, -6(a5) : MemRead : D=0x0000000000000063 A=0x7fffffffffffff9a
26904000 : system.cpu : T0 : 0x1e820 : @strchr+144 : lbu : lbu a3, -6(a5) : MemRead : D=0x0000000000000072 A=0x7fffffffffffffa2
27118000 : system.cpu : T0 : 0x1e820 : @strchr+144 : lbu : lbu a3, -6(a5) : MemRead : D=0x000000000000002f A=0x7fffffffffffffaa
27354000 : system.cpu : T0 : 0x1e820 : @strchr+144 : lbu : lbu a3, -6(a5) : MemRead : D=0x000000000000002f A=0x7fffffffffffffb2
27590000 : system.cpu : T0 : 0x1e820 : @strchr+144 : lbu : lbu a3, -6(a5) : MemRead : D=0x000000000000006c A=0x7fffffffffffffba
28221000 : system.cpu : T0 : 0x1e820 : @strchr+144 : lbu : lbu a3, -6(a5) : MemRead : D=0x000000000000002f A=0x7fffffffffffffd2
28721000 : system.cpu : T0 : 0x1e820 : @strchr+144 : lbu : lbu a3, -6(a5) : MemRead : D=0x000000000000002f A=0x7fffffffffffffe2
26397000 : system.cpu : T0 : 0x1e824 : @strchr+148 : beq : beq a3, a4, 68 : IntAlu : 
26688000 : system.cpu : T0 : 0x1e824 : @strchr+148 : beq : beq a3, a4, 68 : IntAlu : 
26908000 : system.cpu : T0 : 0x1e824 : @strchr+148 : beq : beq a3, a4, 68 : IntAlu : 
27122000 : system.cpu : T0 : 0x1e824 : @strchr+148 : beq : beq a3, a4, 68 : IntAlu : 
27358000 : system.cpu : T0 : 0x1e824 : @strchr+148 : beq : beq a3, a4, 68 : IntAlu : 
27594000 : system.cpu : T0 : 0x1e824 : @strchr+148 : beq : beq a3, a4, 68 : IntAlu : 
28225000 : system.cpu : T0 : 0x1e824 : @strchr+148 : beq : beq a3, a4, 68 : IntAlu : 
28725000 : system.cpu : T0 : 0x1e824 : @strchr+148 : beq : beq a3, a4, 68 : IntAlu : 
26690000 : system.cpu : T0 : 0x1e828 : @strchr+152 : c_beqz : c_beqz a3, 52 : IntAlu : 
26910000 : system.cpu : T0 : 0x1e828 : @strchr+152 : c_beqz : c_beqz a3, 52 : IntAlu : 
27596000 : system.cpu : T0 : 0x1e828 : @strchr+152 : c_beqz : c_beqz a3, 52 : IntAlu : 
26694000 : system.cpu : T0 : 0x1e82a : @strchr+154 : lbu : lbu a3, -5(a5) : MemRead : D=0x0000000000000065 A=0x7fffffffffffff9b
26914000 : system.cpu : T0 : 0x1e82a : @strchr+154 : lbu : lbu a3, -5(a5) : MemRead : D=0x0000000000000063 A=0x7fffffffffffffa3
27600000 : system.cpu : T0 : 0x1e82a : @strchr+154 : lbu : lbu a3, -5(a5) : MemRead : D=0x000000000000002f A=0x7fffffffffffffbb
26700000 : system.cpu : T0 : 0x1e82e : @strchr+158 : beq : beq a3, a4, 62 : IntAlu : 
26920000 : system.cpu : T0 : 0x1e82e : @strchr+158 : beq : beq a3, a4, 62 : IntAlu : 
27606000 : system.cpu : T0 : 0x1e82e : @strchr+158 : beq : beq a3, a4, 62 : IntAlu : 
26702000 : system.cpu : T0 : 0x1e832 : @strchr+162 : c_beqz : c_beqz a3, 42 : IntAlu : 
26922000 : system.cpu : T0 : 0x1e832 : @strchr+162 : c_beqz : c_beqz a3, 42 : IntAlu : 
26704000 : system.cpu : T0 : 0x1e834 : @strchr+164 : lbu : lbu a3, -4(a5) : MemRead : D=0x000000000000002f A=0x7fffffffffffff9c
26924000 : system.cpu : T0 : 0x1e834 : @strchr+164 : lbu : lbu a3, -4(a5) : MemRead : D=0x0000000000000068 A=0x7fffffffffffffa4
26708000 : system.cpu : T0 : 0x1e838 : @strchr+168 : beq : beq a3, a4, 56 : IntAlu : 
26928000 : system.cpu : T0 : 0x1e838 : @strchr+168 : beq : beq a3, a4, 56 : IntAlu : 
26930000 : system.cpu : T0 : 0x1e83c : @strchr+172 : c_beqz : c_beqz a3, 32 : IntAlu : 
26934000 : system.cpu : T0 : 0x1e83e : @strchr+174 : lbu : lbu a3, -3(a5) : MemRead : D=0x000000000000002f A=0x7fffffffffffffa5
26940000 : system.cpu : T0 : 0x1e842 : @strchr+178 : beq : beq a3, a4, 50 : IntAlu : 
29067000 : system.cpu : T0 : 0x1e85c : @strchr+204 : c_li : c_li a0, 0 : IntAlu : D=0x0000000000000000
29069000 : system.cpu : T0 : 0x1e85e : @strchr+206 : c_jr : c_jr ra : IntAlu : 
28155000 : system.cpu : T0 : 0x1e860 : @strchr+208 : c_mv : c_mv a0, a5 : IntAlu : D=0x7fffffffffffffd0
28157000 : system.cpu : T0 : 0x1e862 : @strchr+210 : c_j : c_j -128 : IntAlu : 
27911000 : system.cpu : T0 : 0x1e864 : @strchr+212 : c_addi : c_addi a0, 1 : IntAlu : D=0x7fffffffffffffc1
27913000 : system.cpu : T0 : 0x1e866 : @strchr+214 : c_jr : c_jr ra : IntAlu : 
26450000 : system.cpu : T0 : 0x1e868 : @strchr+216 : c_addi : c_addi a0, 2 : IntAlu : D=0x7fffffffffffff92
27124000 : system.cpu : T0 : 0x1e868 : @strchr+216 : c_addi : c_addi a0, 2 : IntAlu : D=0x7fffffffffffffaa
27360000 : system.cpu : T0 : 0x1e868 : @strchr+216 : c_addi : c_addi a0, 2 : IntAlu : D=0x7fffffffffffffb2
28227000 : system.cpu : T0 : 0x1e868 : @strchr+216 : c_addi : c_addi a0, 2 : IntAlu : D=0x7fffffffffffffd2
28727000 : system.cpu : T0 : 0x1e868 : @strchr+216 : c_addi : c_addi a0, 2 : IntAlu : D=0x7fffffffffffffe2
26456000 : system.cpu : T0 : 0x1e86a : @strchr+218 : c_jr : c_jr ra : IntAlu : 
27126000 : system.cpu : T0 : 0x1e86a : @strchr+218 : c_jr : c_jr ra : IntAlu : 
27362000 : system.cpu : T0 : 0x1e86a : @strchr+218 : c_jr : c_jr ra : IntAlu : 
28229000 : system.cpu : T0 : 0x1e86a : @strchr+218 : c_jr : c_jr ra : IntAlu : 
28729000 : system.cpu : T0 : 0x1e86a : @strchr+218 : c_jr : c_jr ra : IntAlu : 
27608000 : system.cpu : T0 : 0x1e86c : @strchr+220 : c_addi : c_addi a0, 3 : IntAlu : D=0x7fffffffffffffbb
27610000 : system.cpu : T0 : 0x1e86e : @strchr+222 : c_jr : c_jr ra : IntAlu : 
26710000 : system.cpu : T0 : 0x1e870 : @strchr+224 : c_addi : c_addi a0, 4 : IntAlu : D=0x7fffffffffffff9c
26712000 : system.cpu : T0 : 0x1e872 : @strchr+226 : c_jr : c_jr ra : IntAlu : 
26942000 : system.cpu : T0 : 0x1e874 : @strchr+228 : c_addi : c_addi a0, 5 : IntAlu : D=0x7fffffffffffffa5
26944000 : system.cpu : T0 : 0x1e876 : @strchr+230 : c_jr : c_jr ra : IntAlu : 
17529000 : system.cpu : T0 : 0x1eb5a : @strlen : andi : andi a5, a0, 7 : IntAlu : D=0x0000000000000000
18331000 : system.cpu : T0 : 0x1eb5a : @strlen : andi : andi a5, a0, 7 : IntAlu : D=0x0000000000000000
23188000 : system.cpu : T0 : 0x1eb5a : @strlen : andi : andi a5, a0, 7 : IntAlu : D=0x0000000000000000
23616000 : system.cpu : T0 : 0x1eb5a : @strlen : andi : andi a5, a0, 7 : IntAlu : D=0x0000000000000000
23955000 : system.cpu : T0 : 0x1eb5a : @strlen : andi : andi a5, a0, 7 : IntAlu : D=0x0000000000000000
24241000 : system.cpu : T0 : 0x1eb5a : @strlen : andi : andi a5, a0, 7 : IntAlu : D=0x0000000000000000
24745000 : system.cpu : T0 : 0x1eb5a : @strlen : andi : andi a5, a0, 7 : IntAlu : D=0x0000000000000000
32556000 : system.cpu : T0 : 0x1eb5a : @strlen : andi : andi a5, a0, 7 : IntAlu : D=0x0000000000000000
17531000 : system.cpu : T0 : 0x1eb5e : @strlen+4 : c_mv : c_mv a1, a0 : IntAlu : D=0x000000000005c530
18333000 : system.cpu : T0 : 0x1eb5e : @strlen+4 : c_mv : c_mv a1, a0 : IntAlu : D=0x000000000005c628
23190000 : system.cpu : T0 : 0x1eb5e : @strlen+4 : c_mv : c_mv a1, a0 : IntAlu : D=0x000000000005c638
23618000 : system.cpu : T0 : 0x1eb5e : @strlen+4 : c_mv : c_mv a1, a0 : IntAlu : D=0x000000000005c648
23957000 : system.cpu : T0 : 0x1eb5e : @strlen+4 : c_mv : c_mv a1, a0 : IntAlu : D=0x000000000005c658
24243000 : system.cpu : T0 : 0x1eb5e : @strlen+4 : c_mv : c_mv a1, a0 : IntAlu : D=0x000000000005c668
24747000 : system.cpu : T0 : 0x1eb5e : @strlen+4 : c_mv : c_mv a1, a0 : IntAlu : D=0x000000000005c6a0
32558000 : system.cpu : T0 : 0x1eb5e : @strlen+4 : c_mv : c_mv a1, a0 : IntAlu : D=0x000000000005a320
17533000 : system.cpu : T0 : 0x1eb60 : @strlen+6 : c_bnez : c_bnez a5, 88 : IntAlu : 
18335000 : system.cpu : T0 : 0x1eb60 : @strlen+6 : c_bnez : c_bnez a5, 88 : IntAlu : 
23192000 : system.cpu : T0 : 0x1eb60 : @strlen+6 : c_bnez : c_bnez a5, 88 : IntAlu : 
23620000 : system.cpu : T0 : 0x1eb60 : @strlen+6 : c_bnez : c_bnez a5, 88 : IntAlu : 
23959000 : system.cpu : T0 : 0x1eb60 : @strlen+6 : c_bnez : c_bnez a5, 88 : IntAlu : 
24245000 : system.cpu : T0 : 0x1eb60 : @strlen+6 : c_bnez : c_bnez a5, 88 : IntAlu : 
24749000 : system.cpu : T0 : 0x1eb60 : @strlen+6 : c_bnez : c_bnez a5, 88 : IntAlu : 
32560000 : system.cpu : T0 : 0x1eb60 : @strlen+6 : c_bnez : c_bnez a5, 88 : IntAlu : 
17537000 : system.cpu : T0 : 0x1eb62 : @strlen+8 : lui : lui a5, 124 : IntAlu : D=0x000000000007c000
18339000 : system.cpu : T0 : 0x1eb62 : @strlen+8 : lui : lui a5, 124 : IntAlu : D=0x000000000007c000
23196000 : system.cpu : T0 : 0x1eb62 : @strlen+8 : lui : lui a5, 124 : IntAlu : D=0x000000000007c000
23624000 : system.cpu : T0 : 0x1eb62 : @strlen+8 : lui : lui a5, 124 : IntAlu : D=0x000000000007c000
23963000 : system.cpu : T0 : 0x1eb62 : @strlen+8 : lui : lui a5, 124 : IntAlu : D=0x000000000007c000
24249000 : system.cpu : T0 : 0x1eb62 : @strlen+8 : lui : lui a5, 124 : IntAlu : D=0x000000000007c000
24753000 : system.cpu : T0 : 0x1eb62 : @strlen+8 : lui : lui a5, 124 : IntAlu : D=0x000000000007c000
32564000 : system.cpu : T0 : 0x1eb62 : @strlen+8 : lui : lui a5, 124 : IntAlu : D=0x000000000007c000
17541000 : system.cpu : T0 : 0x1eb66 : @strlen+12 : ld : ld a3, -1768(a5) : MemRead : D=0x7f7f7f7f7f7f7f7f A=0x7b918
18343000 : system.cpu : T0 : 0x1eb66 : @strlen+12 : ld : ld a3, -1768(a5) : MemRead : D=0x7f7f7f7f7f7f7f7f A=0x7b918
23200000 : system.cpu : T0 : 0x1eb66 : @strlen+12 : ld : ld a3, -1768(a5) : MemRead : D=0x7f7f7f7f7f7f7f7f A=0x7b918
23628000 : system.cpu : T0 : 0x1eb66 : @strlen+12 : ld : ld a3, -1768(a5) : MemRead : D=0x7f7f7f7f7f7f7f7f A=0x7b918
23967000 : system.cpu : T0 : 0x1eb66 : @strlen+12 : ld : ld a3, -1768(a5) : MemRead : D=0x7f7f7f7f7f7f7f7f A=0x7b918
24253000 : system.cpu : T0 : 0x1eb66 : @strlen+12 : ld : ld a3, -1768(a5) : MemRead : D=0x7f7f7f7f7f7f7f7f A=0x7b918
24757000 : system.cpu : T0 : 0x1eb66 : @strlen+12 : ld : ld a3, -1768(a5) : MemRead : D=0x7f7f7f7f7f7f7f7f A=0x7b918
32568000 : system.cpu : T0 : 0x1eb66 : @strlen+12 : ld : ld a3, -1768(a5) : MemRead : D=0x7f7f7f7f7f7f7f7f A=0x7b918
17596000 : system.cpu : T0 : 0x1eb6a : @strlen+16 : c_li : c_li a2, -1 : IntAlu : D=0xffffffffffffffff
18347000 : system.cpu : T0 : 0x1eb6a : @strlen+16 : c_li : c_li a2, -1 : IntAlu : D=0xffffffffffffffff
23204000 : system.cpu : T0 : 0x1eb6a : @strlen+16 : c_li : c_li a2, -1 : IntAlu : D=0xffffffffffffffff
23632000 : system.cpu : T0 : 0x1eb6a : @strlen+16 : c_li : c_li a2, -1 : IntAlu : D=0xffffffffffffffff
23971000 : system.cpu : T0 : 0x1eb6a : @strlen+16 : c_li : c_li a2, -1 : IntAlu : D=0xffffffffffffffff
24257000 : system.cpu : T0 : 0x1eb6a : @strlen+16 : c_li : c_li a2, -1 : IntAlu : D=0xffffffffffffffff
24761000 : system.cpu : T0 : 0x1eb6a : @strlen+16 : c_li : c_li a2, -1 : IntAlu : D=0xffffffffffffffff
32572000 : system.cpu : T0 : 0x1eb6a : @strlen+16 : c_li : c_li a2, -1 : IntAlu : D=0xffffffffffffffff
17598000 : system.cpu : T0 : 0x1eb6c : @strlen+18 : c_addi : c_addi a0, 8 : IntAlu : D=0x000000000005c538
18349000 : system.cpu : T0 : 0x1eb6c : @strlen+18 : c_addi : c_addi a0, 8 : IntAlu : D=0x000000000005c630
18420000 : system.cpu : T0 : 0x1eb6c : @strlen+18 : c_addi : c_addi a0, 8 : IntAlu : D=0x000000000005c638
23206000 : system.cpu : T0 : 0x1eb6c : @strlen+18 : c_addi : c_addi a0, 8 : IntAlu : D=0x000000000005c640
23226000 : system.cpu : T0 : 0x1eb6c : @strlen+18 : c_addi : c_addi a0, 8 : IntAlu : D=0x000000000005c648
23634000 : system.cpu : T0 : 0x1eb6c : @strlen+18 : c_addi : c_addi a0, 8 : IntAlu : D=0x000000000005c650
23654000 : system.cpu : T0 : 0x1eb6c : @strlen+18 : c_addi : c_addi a0, 8 : IntAlu : D=0x000000000005c658
23973000 : system.cpu : T0 : 0x1eb6c : @strlen+18 : c_addi : c_addi a0, 8 : IntAlu : D=0x000000000005c660
23993000 : system.cpu : T0 : 0x1eb6c : @strlen+18 : c_addi : c_addi a0, 8 : IntAlu : D=0x000000000005c668
24259000 : system.cpu : T0 : 0x1eb6c : @strlen+18 : c_addi : c_addi a0, 8 : IntAlu : D=0x000000000005c670
24279000 : system.cpu : T0 : 0x1eb6c : @strlen+18 : c_addi : c_addi a0, 8 : IntAlu : D=0x000000000005c678
24299000 : system.cpu : T0 : 0x1eb6c : @strlen+18 : c_addi : c_addi a0, 8 : IntAlu : D=0x000000000005c680
24763000 : system.cpu : T0 : 0x1eb6c : @strlen+18 : c_addi : c_addi a0, 8 : IntAlu : D=0x000000000005c6a8
24862000 : system.cpu : T0 : 0x1eb6c : @strlen+18 : c_addi : c_addi a0, 8 : IntAlu : D=0x000000000005c6b0
24882000 : system.cpu : T0 : 0x1eb6c : @strlen+18 : c_addi : c_addi a0, 8 : IntAlu : D=0x000000000005c6b8
32574000 : system.cpu : T0 : 0x1eb6c : @strlen+18 : c_addi : c_addi a0, 8 : IntAlu : D=0x000000000005a328
32659000 : system.cpu : T0 : 0x1eb6c : @strlen+18 : c_addi : c_addi a0, 8 : IntAlu : D=0x000000000005a330
17602000 : system.cpu : T0 : 0x1eb6e : @strlen+20 : ld : ld a4, -8(a0) : MemRead : D=0x004e5241575f444c A=0x5c530
18353000 : system.cpu : T0 : 0x1eb6e : @strlen+20 : ld : ld a4, -8(a0) : MemRead : D=0x415242494c5f444c A=0x5c628
18424000 : system.cpu : T0 : 0x1eb6e : @strlen+20 : ld : ld a4, -8(a0) : MemRead : D=0x00485441505f5952 A=0x5c630
23210000 : system.cpu : T0 : 0x1eb6e : @strlen+20 : ld : ld a4, -8(a0) : MemRead : D=0x5f444e49425f444c A=0x5c638
23230000 : system.cpu : T0 : 0x1eb6e : @strlen+20 : ld : ld a4, -8(a0) : MemRead : D=0x0000000000574f4e A=0x5c640
23638000 : system.cpu : T0 : 0x1eb6e : @strlen+20 : ld : ld a4, -8(a0) : MemRead : D=0x5f444e49425f444c A=0x5c648
23658000 : system.cpu : T0 : 0x1eb6e : @strlen+20 : ld : ld a4, -8(a0) : MemRead : D=0x0000000000544f4e A=0x5c650
23977000 : system.cpu : T0 : 0x1eb6e : @strlen+20 : ld : ld a4, -8(a0) : MemRead : D=0x4d414e59445f444c A=0x5c658
23997000 : system.cpu : T0 : 0x1eb6e : @strlen+20 : ld : ld a4, -8(a0) : MemRead : D=0x004b4145575f4349 A=0x5c660
24263000 : system.cpu : T0 : 0x1eb6e : @strlen+20 : ld : ld a4, -8(a0) : MemRead : D=0x49464f52505f444c A=0x5c668
24283000 : system.cpu : T0 : 0x1eb6e : @strlen+20 : ld : ld a4, -8(a0) : MemRead : D=0x555054554f5f454c A=0x5c670
24303000 : system.cpu : T0 : 0x1eb6e : @strlen+20 : ld : ld a4, -8(a0) : MemRead : D=0x0000000000000054 A=0x5c678
24767000 : system.cpu : T0 : 0x1eb6e : @strlen+20 : ld : ld a4, -8(a0) : MemRead : D=0x4d555353415f444c A=0x5c6a0
24866000 : system.cpu : T0 : 0x1eb6e : @strlen+20 : ld : ld a4, -8(a0) : MemRead : D=0x4c454e52454b5f45 A=0x5c6a8
24886000 : system.cpu : T0 : 0x1eb6e : @strlen+20 : ld : ld a4, -8(a0) : MemRead : D=0x0000000000000000 A=0x5c6b0
32578000 : system.cpu : T0 : 0x1eb6e : @strlen+20 : ld : ld a4, -8(a0) : MemRead : D=0x6f77206f6c6c6548 A=0x5a320
32663000 : system.cpu : T0 : 0x1eb6e : @strlen+20 : ld : ld a4, -8(a0) : MemRead : D=0x0000000021646c72 A=0x5a328
17687000 : system.cpu : T0 : 0x1eb72 : @strlen+24 : and : and a5, a4, a3 : IntAlu : D=0x004e5241575f444c
18410000 : system.cpu : T0 : 0x1eb72 : @strlen+24 : and : and a5, a4, a3 : IntAlu : D=0x415242494c5f444c
18430000 : system.cpu : T0 : 0x1eb72 : @strlen+24 : and : and a5, a4, a3 : IntAlu : D=0x00485441505f5952
23216000 : system.cpu : T0 : 0x1eb72 : @strlen+24 : and : and a5, a4, a3 : IntAlu : D=0x5f444e49425f444c
23315000 : system.cpu : T0 : 0x1eb72 : @strlen+24 : and : and a5, a4, a3 : IntAlu : D=0x0000000000574f4e
23644000 : system.cpu : T0 : 0x1eb72 : @strlen+24 : and : and a5, a4, a3 : IntAlu : D=0x5f444e49425f444c
23664000 : system.cpu : T0 : 0x1eb72 : @strlen+24 : and : and a5, a4, a3 : IntAlu : D=0x0000000000544f4e
23983000 : system.cpu : T0 : 0x1eb72 : @strlen+24 : and : and a5, a4, a3 : IntAlu : D=0x4d414e59445f444c
24003000 : system.cpu : T0 : 0x1eb72 : @strlen+24 : and : and a5, a4, a3 : IntAlu : D=0x004b4145575f4349
24269000 : system.cpu : T0 : 0x1eb72 : @strlen+24 : and : and a5, a4, a3 : IntAlu : D=0x49464f52505f444c
24289000 : system.cpu : T0 : 0x1eb72 : @strlen+24 : and : and a5, a4, a3 : IntAlu : D=0x555054554f5f454c
24309000 : system.cpu : T0 : 0x1eb72 : @strlen+24 : and : and a5, a4, a3 : IntAlu : D=0x0000000000000054
24852000 : system.cpu : T0 : 0x1eb72 : @strlen+24 : and : and a5, a4, a3 : IntAlu : D=0x4d555353415f444c
24872000 : system.cpu : T0 : 0x1eb72 : @strlen+24 : and : and a5, a4, a3 : IntAlu : D=0x4c454e52454b5f45
24892000 : system.cpu : T0 : 0x1eb72 : @strlen+24 : and : and a5, a4, a3 : IntAlu : D=0x0000000000000000
32649000 : system.cpu : T0 : 0x1eb72 : @strlen+24 : and : and a5, a4, a3 : IntAlu : D=0x6f77206f6c6c6548
32669000 : system.cpu : T0 : 0x1eb72 : @strlen+24 : and : and a5, a4, a3 : IntAlu : D=0x0000000021646c72
17689000 : system.cpu : T0 : 0x1eb76 : @strlen+28 : c_add : c_add a5, a3 : IntAlu : D=0x7fcdd1c0d6dec3cb
18412000 : system.cpu : T0 : 0x1eb76 : @strlen+28 : c_add : c_add a5, a3 : IntAlu : D=0xc0d1c1c8cbdec3cb
18432000 : system.cpu : T0 : 0x1eb76 : @strlen+28 : c_add : c_add a5, a3 : IntAlu : D=0x7fc7d3c0cfded8d1
23218000 : system.cpu : T0 : 0x1eb76 : @strlen+28 : c_add : c_add a5, a3 : IntAlu : D=0xdec3cdc8c1dec3cb
23317000 : system.cpu : T0 : 0x1eb76 : @strlen+28 : c_add : c_add a5, a3 : IntAlu : D=0x7f7f7f7f7fd6cecd
23646000 : system.cpu : T0 : 0x1eb76 : @strlen+28 : c_add : c_add a5, a3 : IntAlu : D=0xdec3cdc8c1dec3cb
23666000 : system.cpu : T0 : 0x1eb76 : @strlen+28 : c_add : c_add a5, a3 : IntAlu : D=0x7f7f7f7f7fd3cecd
23985000 : system.cpu : T0 : 0x1eb76 : @strlen+28 : c_add : c_add a5, a3 : IntAlu : D=0xccc0cdd8c3dec3cb
24005000 : system.cpu : T0 : 0x1eb76 : @strlen+28 : c_add : c_add a5, a3 : IntAlu : D=0x7fcac0c4d6dec2c8
24271000 : system.cpu : T0 : 0x1eb76 : @strlen+28 : c_add : c_add a5, a3 : IntAlu : D=0xc8c5ced1cfdec3cb
24291000 : system.cpu : T0 : 0x1eb76 : @strlen+28 : c_add : c_add a5, a3 : IntAlu : D=0xd4cfd3d4cedec4cb
24311000 : system.cpu : T0 : 0x1eb76 : @strlen+28 : c_add : c_add a5, a3 : IntAlu : D=0x7f7f7f7f7f7f7fd3
24854000 : system.cpu : T0 : 0x1eb76 : @strlen+28 : c_add : c_add a5, a3 : IntAlu : D=0xccd4d2d2c0dec3cb
24874000 : system.cpu : T0 : 0x1eb76 : @strlen+28 : c_add : c_add a5, a3 : IntAlu : D=0xcbc4cdd1c4cadec4
24894000 : system.cpu : T0 : 0x1eb76 : @strlen+28 : c_add : c_add a5, a3 : IntAlu : D=0x7f7f7f7f7f7f7f7f
32651000 : system.cpu : T0 : 0x1eb76 : @strlen+28 : c_add : c_add a5, a3 : IntAlu : D=0xeef69feeebebe4c7
32671000 : system.cpu : T0 : 0x1eb76 : @strlen+28 : c_add : c_add a5, a3 : IntAlu : D=0x7f7f7f7fa0e3ebf1
17691000 : system.cpu : T0 : 0x1eb78 : @strlen+30 : c_or : c_or a4, a3 : IntAlu : D=0x7f7f7f7f7f7f7f7f
18414000 : system.cpu : T0 : 0x1eb78 : @strlen+30 : c_or : c_or a4, a3 : IntAlu : D=0x7f7f7f7f7f7f7f7f
18434000 : system.cpu : T0 : 0x1eb78 : @strlen+30 : c_or : c_or a4, a3 : IntAlu : D=0x7f7f7f7f7f7f7f7f
23220000 : system.cpu : T0 : 0x1eb78 : @strlen+30 : c_or : c_or a4, a3 : IntAlu : D=0x7f7f7f7f7f7f7f7f
23319000 : system.cpu : T0 : 0x1eb78 : @strlen+30 : c_or : c_or a4, a3 : IntAlu : D=0x7f7f7f7f7f7f7f7f
23648000 : system.cpu : T0 : 0x1eb78 : @strlen+30 : c_or : c_or a4, a3 : IntAlu : D=0x7f7f7f7f7f7f7f7f
23668000 : system.cpu : T0 : 0x1eb78 : @strlen+30 : c_or : c_or a4, a3 : IntAlu : D=0x7f7f7f7f7f7f7f7f
23987000 : system.cpu : T0 : 0x1eb78 : @strlen+30 : c_or : c_or a4, a3 : IntAlu : D=0x7f7f7f7f7f7f7f7f
24007000 : system.cpu : T0 : 0x1eb78 : @strlen+30 : c_or : c_or a4, a3 : IntAlu : D=0x7f7f7f7f7f7f7f7f
24273000 : system.cpu : T0 : 0x1eb78 : @strlen+30 : c_or : c_or a4, a3 : IntAlu : D=0x7f7f7f7f7f7f7f7f
24293000 : system.cpu : T0 : 0x1eb78 : @strlen+30 : c_or : c_or a4, a3 : IntAlu : D=0x7f7f7f7f7f7f7f7f
24313000 : system.cpu : T0 : 0x1eb78 : @strlen+30 : c_or : c_or a4, a3 : IntAlu : D=0x7f7f7f7f7f7f7f7f
24856000 : system.cpu : T0 : 0x1eb78 : @strlen+30 : c_or : c_or a4, a3 : IntAlu : D=0x7f7f7f7f7f7f7f7f
24876000 : system.cpu : T0 : 0x1eb78 : @strlen+30 : c_or : c_or a4, a3 : IntAlu : D=0x7f7f7f7f7f7f7f7f
24896000 : system.cpu : T0 : 0x1eb78 : @strlen+30 : c_or : c_or a4, a3 : IntAlu : D=0x7f7f7f7f7f7f7f7f
32653000 : system.cpu : T0 : 0x1eb78 : @strlen+30 : c_or : c_or a4, a3 : IntAlu : D=0x7f7f7f7f7f7f7f7f
32673000 : system.cpu : T0 : 0x1eb78 : @strlen+30 : c_or : c_or a4, a3 : IntAlu : D=0x7f7f7f7f7f7f7f7f
17693000 : system.cpu : T0 : 0x1eb7a : @strlen+32 : c_or : c_or a5, a4 : IntAlu : D=0x7fffffffffffffff
18416000 : system.cpu : T0 : 0x1eb7a : @strlen+32 : c_or : c_or a5, a4 : IntAlu : D=0xffffffffffffffff
18436000 : system.cpu : T0 : 0x1eb7a : @strlen+32 : c_or : c_or a5, a4 : IntAlu : D=0x7fffffffffffffff
23222000 : system.cpu : T0 : 0x1eb7a : @strlen+32 : c_or : c_or a5, a4 : IntAlu : D=0xffffffffffffffff
23321000 : system.cpu : T0 : 0x1eb7a : @strlen+32 : c_or : c_or a5, a4 : IntAlu : D=0x7f7f7f7f7fffffff
23650000 : system.cpu : T0 : 0x1eb7a : @strlen+32 : c_or : c_or a5, a4 : IntAlu : D=0xffffffffffffffff
23670000 : system.cpu : T0 : 0x1eb7a : @strlen+32 : c_or : c_or a5, a4 : IntAlu : D=0x7f7f7f7f7fffffff
23989000 : system.cpu : T0 : 0x1eb7a : @strlen+32 : c_or : c_or a5, a4 : IntAlu : D=0xffffffffffffffff
24009000 : system.cpu : T0 : 0x1eb7a : @strlen+32 : c_or : c_or a5, a4 : IntAlu : D=0x7fffffffffffffff
24275000 : system.cpu : T0 : 0x1eb7a : @strlen+32 : c_or : c_or a5, a4 : IntAlu : D=0xffffffffffffffff
24295000 : system.cpu : T0 : 0x1eb7a : @strlen+32 : c_or : c_or a5, a4 : IntAlu : D=0xffffffffffffffff
24315000 : system.cpu : T0 : 0x1eb7a : @strlen+32 : c_or : c_or a5, a4 : IntAlu : D=0x7f7f7f7f7f7f7fff
24858000 : system.cpu : T0 : 0x1eb7a : @strlen+32 : c_or : c_or a5, a4 : IntAlu : D=0xffffffffffffffff
24878000 : system.cpu : T0 : 0x1eb7a : @strlen+32 : c_or : c_or a5, a4 : IntAlu : D=0xffffffffffffffff
24898000 : system.cpu : T0 : 0x1eb7a : @strlen+32 : c_or : c_or a5, a4 : IntAlu : D=0x7f7f7f7f7f7f7f7f
32655000 : system.cpu : T0 : 0x1eb7a : @strlen+32 : c_or : c_or a5, a4 : IntAlu : D=0xffffffffffffffff
32675000 : system.cpu : T0 : 0x1eb7a : @strlen+32 : c_or : c_or a5, a4 : IntAlu : D=0x7f7f7f7fffffffff
17695000 : system.cpu : T0 : 0x1eb7c : @strlen+34 : beq : beq a5, a2, -16 : IntAlu : 
18418000 : system.cpu : T0 : 0x1eb7c : @strlen+34 : beq : beq a5, a2, -16 : IntAlu : 
18438000 : system.cpu : T0 : 0x1eb7c : @strlen+34 : beq : beq a5, a2, -16 : IntAlu : 
23224000 : system.cpu : T0 : 0x1eb7c : @strlen+34 : beq : beq a5, a2, -16 : IntAlu : 
23323000 : system.cpu : T0 : 0x1eb7c : @strlen+34 : beq : beq a5, a2, -16 : IntAlu : 
23652000 : system.cpu : T0 : 0x1eb7c : @strlen+34 : beq : beq a5, a2, -16 : IntAlu : 
23672000 : system.cpu : T0 : 0x1eb7c : @strlen+34 : beq : beq a5, a2, -16 : IntAlu : 
23991000 : system.cpu : T0 : 0x1eb7c : @strlen+34 : beq : beq a5, a2, -16 : IntAlu : 
24011000 : system.cpu : T0 : 0x1eb7c : @strlen+34 : beq : beq a5, a2, -16 : IntAlu : 
24277000 : system.cpu : T0 : 0x1eb7c : @strlen+34 : beq : beq a5, a2, -16 : IntAlu : 
24297000 : system.cpu : T0 : 0x1eb7c : @strlen+34 : beq : beq a5, a2, -16 : IntAlu : 
24317000 : system.cpu : T0 : 0x1eb7c : @strlen+34 : beq : beq a5, a2, -16 : IntAlu : 
24860000 : system.cpu : T0 : 0x1eb7c : @strlen+34 : beq : beq a5, a2, -16 : IntAlu : 
24880000 : system.cpu : T0 : 0x1eb7c : @strlen+34 : beq : beq a5, a2, -16 : IntAlu : 
24900000 : system.cpu : T0 : 0x1eb7c : @strlen+34 : beq : beq a5, a2, -16 : IntAlu : 
32657000 : system.cpu : T0 : 0x1eb7c : @strlen+34 : beq : beq a5, a2, -16 : IntAlu : 
32677000 : system.cpu : T0 : 0x1eb7c : @strlen+34 : beq : beq a5, a2, -16 : IntAlu : 
17748000 : system.cpu : T0 : 0x1eb80 : @strlen+38 : lbu : lbu a5, -8(a0) : MemRead : D=0x000000000000004c A=0x5c530
18440000 : system.cpu : T0 : 0x1eb80 : @strlen+38 : lbu : lbu a5, -8(a0) : MemRead : D=0x0000000000000052 A=0x5c630
23325000 : system.cpu : T0 : 0x1eb80 : @strlen+38 : lbu : lbu a5, -8(a0) : MemRead : D=0x000000000000004e A=0x5c640
23674000 : system.cpu : T0 : 0x1eb80 : @strlen+38 : lbu : lbu a5, -8(a0) : MemRead : D=0x000000000000004e A=0x5c650
24013000 : system.cpu : T0 : 0x1eb80 : @strlen+38 : lbu : lbu a5, -8(a0) : MemRead : D=0x0000000000000049 A=0x5c660
24319000 : system.cpu : T0 : 0x1eb80 : @strlen+38 : lbu : lbu a5, -8(a0) : MemRead : D=0x0000000000000054 A=0x5c678
24902000 : system.cpu : T0 : 0x1eb80 : @strlen+38 : lbu : lbu a5, -8(a0) : MemRead : D=0x0000000000000000 A=0x5c6b0
32679000 : system.cpu : T0 : 0x1eb80 : @strlen+38 : lbu : lbu a5, -8(a0) : MemRead : D=0x0000000000000072 A=0x5a328
17752000 : system.cpu : T0 : 0x1eb84 : @strlen+42 : sub : sub a1, a0, a1 : IntAlu : D=0x0000000000000008
18444000 : system.cpu : T0 : 0x1eb84 : @strlen+42 : sub : sub a1, a0, a1 : IntAlu : D=0x0000000000000010
23329000 : system.cpu : T0 : 0x1eb84 : @strlen+42 : sub : sub a1, a0, a1 : IntAlu : D=0x0000000000000010
23678000 : system.cpu : T0 : 0x1eb84 : @strlen+42 : sub : sub a1, a0, a1 : IntAlu : D=0x0000000000000010
24017000 : system.cpu : T0 : 0x1eb84 : @strlen+42 : sub : sub a1, a0, a1 : IntAlu : D=0x0000000000000010
24323000 : system.cpu : T0 : 0x1eb84 : @strlen+42 : sub : sub a1, a0, a1 : IntAlu : D=0x0000000000000018
24906000 : system.cpu : T0 : 0x1eb84 : @strlen+42 : sub : sub a1, a0, a1 : IntAlu : D=0x0000000000000018
32683000 : system.cpu : T0 : 0x1eb84 : @strlen+42 : sub : sub a1, a0, a1 : IntAlu : D=0x0000000000000010
17754000 : system.cpu : T0 : 0x1eb88 : @strlen+46 : c_beqz : c_beqz a5, 72 : IntAlu : 
18446000 : system.cpu : T0 : 0x1eb88 : @strlen+46 : c_beqz : c_beqz a5, 72 : IntAlu : 
23331000 : system.cpu : T0 : 0x1eb88 : @strlen+46 : c_beqz : c_beqz a5, 72 : IntAlu : 
23680000 : system.cpu : T0 : 0x1eb88 : @strlen+46 : c_beqz : c_beqz a5, 72 : IntAlu : 
24019000 : system.cpu : T0 : 0x1eb88 : @strlen+46 : c_beqz : c_beqz a5, 72 : IntAlu : 
24325000 : system.cpu : T0 : 0x1eb88 : @strlen+46 : c_beqz : c_beqz a5, 72 : IntAlu : 
24908000 : system.cpu : T0 : 0x1eb88 : @strlen+46 : c_beqz : c_beqz a5, 72 : IntAlu : 
32685000 : system.cpu : T0 : 0x1eb88 : @strlen+46 : c_beqz : c_beqz a5, 72 : IntAlu : 
17758000 : system.cpu : T0 : 0x1eb8a : @strlen+48 : lbu : lbu a5, -7(a0) : MemRead : D=0x0000000000000044 A=0x5c531
18450000 : system.cpu : T0 : 0x1eb8a : @strlen+48 : lbu : lbu a5, -7(a0) : MemRead : D=0x0000000000000059 A=0x5c631
23335000 : system.cpu : T0 : 0x1eb8a : @strlen+48 : lbu : lbu a5, -7(a0) : MemRead : D=0x000000000000004f A=0x5c641
23684000 : system.cpu : T0 : 0x1eb8a : @strlen+48 : lbu : lbu a5, -7(a0) : MemRead : D=0x000000000000004f A=0x5c651
24023000 : system.cpu : T0 : 0x1eb8a : @strlen+48 : lbu : lbu a5, -7(a0) : MemRead : D=0x0000000000000043 A=0x5c661
24329000 : system.cpu : T0 : 0x1eb8a : @strlen+48 : lbu : lbu a5, -7(a0) : MemRead : D=0x0000000000000000 A=0x5c679
32689000 : system.cpu : T0 : 0x1eb8a : @strlen+48 : lbu : lbu a5, -7(a0) : MemRead : D=0x000000000000006c A=0x5a329
17762000 : system.cpu : T0 : 0x1eb8e : @strlen+52 : c_beqz : c_beqz a5, 60 : IntAlu : 
18454000 : system.cpu : T0 : 0x1eb8e : @strlen+52 : c_beqz : c_beqz a5, 60 : IntAlu : 
23339000 : system.cpu : T0 : 0x1eb8e : @strlen+52 : c_beqz : c_beqz a5, 60 : IntAlu : 
23688000 : system.cpu : T0 : 0x1eb8e : @strlen+52 : c_beqz : c_beqz a5, 60 : IntAlu : 
24027000 : system.cpu : T0 : 0x1eb8e : @strlen+52 : c_beqz : c_beqz a5, 60 : IntAlu : 
24333000 : system.cpu : T0 : 0x1eb8e : @strlen+52 : c_beqz : c_beqz a5, 60 : IntAlu : 
32693000 : system.cpu : T0 : 0x1eb8e : @strlen+52 : c_beqz : c_beqz a5, 60 : IntAlu : 
17764000 : system.cpu : T0 : 0x1eb90 : @strlen+54 : lbu : lbu a5, -6(a0) : MemRead : D=0x000000000000005f A=0x5c532
18456000 : system.cpu : T0 : 0x1eb90 : @strlen+54 : lbu : lbu a5, -6(a0) : MemRead : D=0x000000000000005f A=0x5c632
23341000 : system.cpu : T0 : 0x1eb90 : @strlen+54 : lbu : lbu a5, -6(a0) : MemRead : D=0x0000000000000057 A=0x5c642
23690000 : system.cpu : T0 : 0x1eb90 : @strlen+54 : lbu : lbu a5, -6(a0) : MemRead : D=0x0000000000000054 A=0x5c652
24029000 : system.cpu : T0 : 0x1eb90 : @strlen+54 : lbu : lbu a5, -6(a0) : MemRead : D=0x000000000000005f A=0x5c662
32695000 : system.cpu : T0 : 0x1eb90 : @strlen+54 : lbu : lbu a5, -6(a0) : MemRead : D=0x0000000000000064 A=0x5a32a
17768000 : system.cpu : T0 : 0x1eb94 : @strlen+58 : c_beqz : c_beqz a5, 66 : IntAlu : 
18460000 : system.cpu : T0 : 0x1eb94 : @strlen+58 : c_beqz : c_beqz a5, 66 : IntAlu : 
23345000 : system.cpu : T0 : 0x1eb94 : @strlen+58 : c_beqz : c_beqz a5, 66 : IntAlu : 
23694000 : system.cpu : T0 : 0x1eb94 : @strlen+58 : c_beqz : c_beqz a5, 66 : IntAlu : 
24033000 : system.cpu : T0 : 0x1eb94 : @strlen+58 : c_beqz : c_beqz a5, 66 : IntAlu : 
32699000 : system.cpu : T0 : 0x1eb94 : @strlen+58 : c_beqz : c_beqz a5, 66 : IntAlu : 
17772000 : system.cpu : T0 : 0x1eb96 : @strlen+60 : lbu : lbu a5, -5(a0) : MemRead : D=0x0000000000000057 A=0x5c533
18464000 : system.cpu : T0 : 0x1eb96 : @strlen+60 : lbu : lbu a5, -5(a0) : MemRead : D=0x0000000000000050 A=0x5c633
23349000 : system.cpu : T0 : 0x1eb96 : @strlen+60 : lbu : lbu a5, -5(a0) : MemRead : D=0x0000000000000000 A=0x5c643
23698000 : system.cpu : T0 : 0x1eb96 : @strlen+60 : lbu : lbu a5, -5(a0) : MemRead : D=0x0000000000000000 A=0x5c653
24037000 : system.cpu : T0 : 0x1eb96 : @strlen+60 : lbu : lbu a5, -5(a0) : MemRead : D=0x0000000000000057 A=0x5c663
32703000 : system.cpu : T0 : 0x1eb96 : @strlen+60 : lbu : lbu a5, -5(a0) : MemRead : D=0x0000000000000021 A=0x5a32b
17776000 : system.cpu : T0 : 0x1eb9a : @strlen+64 : c_beqz : c_beqz a5, 66 : IntAlu : 
18468000 : system.cpu : T0 : 0x1eb9a : @strlen+64 : c_beqz : c_beqz a5, 66 : IntAlu : 
23353000 : system.cpu : T0 : 0x1eb9a : @strlen+64 : c_beqz : c_beqz a5, 66 : IntAlu : 
23702000 : system.cpu : T0 : 0x1eb9a : @strlen+64 : c_beqz : c_beqz a5, 66 : IntAlu : 
24041000 : system.cpu : T0 : 0x1eb9a : @strlen+64 : c_beqz : c_beqz a5, 66 : IntAlu : 
32707000 : system.cpu : T0 : 0x1eb9a : @strlen+64 : c_beqz : c_beqz a5, 66 : IntAlu : 
17778000 : system.cpu : T0 : 0x1eb9c : @strlen+66 : lbu : lbu a4, -4(a0) : MemRead : D=0x0000000000000041 A=0x5c534
18470000 : system.cpu : T0 : 0x1eb9c : @strlen+66 : lbu : lbu a4, -4(a0) : MemRead : D=0x0000000000000041 A=0x5c634
24043000 : system.cpu : T0 : 0x1eb9c : @strlen+66 : lbu : lbu a4, -4(a0) : MemRead : D=0x0000000000000045 A=0x5c664
32709000 : system.cpu : T0 : 0x1eb9c : @strlen+66 : lbu : lbu a4, -4(a0) : MemRead : D=0x0000000000000000 A=0x5a32c
17782000 : system.cpu : T0 : 0x1eba0 : @strlen+70 : lbu : lbu a3, -3(a0) : MemRead : D=0x0000000000000052 A=0x5c535
18474000 : system.cpu : T0 : 0x1eba0 : @strlen+70 : lbu : lbu a3, -3(a0) : MemRead : D=0x0000000000000054 A=0x5c635
24047000 : system.cpu : T0 : 0x1eba0 : @strlen+70 : lbu : lbu a3, -3(a0) : MemRead : D=0x0000000000000041 A=0x5c665
32713000 : system.cpu : T0 : 0x1eba0 : @strlen+70 : lbu : lbu a3, -3(a0) : MemRead : D=0x0000000000000000 A=0x5a32d
17786000 : system.cpu : T0 : 0x1eba4 : @strlen+74 : lbu : lbu a5, -2(a0) : MemRead : D=0x000000000000004e A=0x5c536
18478000 : system.cpu : T0 : 0x1eba4 : @strlen+74 : lbu : lbu a5, -2(a0) : MemRead : D=0x0000000000000048 A=0x5c636
24051000 : system.cpu : T0 : 0x1eba4 : @strlen+74 : lbu : lbu a5, -2(a0) : MemRead : D=0x000000000000004b A=0x5c666
32717000 : system.cpu : T0 : 0x1eba4 : @strlen+74 : lbu : lbu a5, -2(a0) : MemRead : D=0x0000000000000000 A=0x5a32e
17790000 : system.cpu : T0 : 0x1eba8 : @strlen+78 : c_beqz : c_beqz a4, 58 : IntAlu : 
18482000 : system.cpu : T0 : 0x1eba8 : @strlen+78 : c_beqz : c_beqz a4, 58 : IntAlu : 
24055000 : system.cpu : T0 : 0x1eba8 : @strlen+78 : c_beqz : c_beqz a4, 58 : IntAlu : 
32721000 : system.cpu : T0 : 0x1eba8 : @strlen+78 : c_beqz : c_beqz a4, 58 : IntAlu : 
17792000 : system.cpu : T0 : 0x1ebaa : @strlen+80 : c_beqz : c_beqz a3, 62 : IntAlu : 
18484000 : system.cpu : T0 : 0x1ebaa : @strlen+80 : c_beqz : c_beqz a3, 62 : IntAlu : 
24057000 : system.cpu : T0 : 0x1ebaa : @strlen+80 : c_beqz : c_beqz a3, 62 : IntAlu : 
17794000 : system.cpu : T0 : 0x1ebac : @strlen+82 : sltu : sltu a0, zero, a5 : IntAlu : D=0x0000000000000001
18486000 : system.cpu : T0 : 0x1ebac : @strlen+82 : sltu : sltu a0, zero, a5 : IntAlu : D=0x0000000000000001
24059000 : system.cpu : T0 : 0x1ebac : @strlen+82 : sltu : sltu a0, zero, a5 : IntAlu : D=0x0000000000000001
17796000 : system.cpu : T0 : 0x1ebb0 : @strlen+86 : c_add : c_add a0, a1 : IntAlu : D=0x0000000000000009
18488000 : system.cpu : T0 : 0x1ebb0 : @strlen+86 : c_add : c_add a0, a1 : IntAlu : D=0x0000000000000011
24061000 : system.cpu : T0 : 0x1ebb0 : @strlen+86 : c_add : c_add a0, a1 : IntAlu : D=0x0000000000000011
17798000 : system.cpu : T0 : 0x1ebb2 : @strlen+88 : c_addi : c_addi a0, -2 : IntAlu : D=0x0000000000000007
18490000 : system.cpu : T0 : 0x1ebb2 : @strlen+88 : c_addi : c_addi a0, -2 : IntAlu : D=0x000000000000000f
24063000 : system.cpu : T0 : 0x1ebb2 : @strlen+88 : c_addi : c_addi a0, -2 : IntAlu : D=0x000000000000000f
17800000 : system.cpu : T0 : 0x1ebb4 : @strlen+90 : c_jr : c_jr ra : IntAlu : 
18492000 : system.cpu : T0 : 0x1ebb4 : @strlen+90 : c_jr : c_jr ra : IntAlu : 
24065000 : system.cpu : T0 : 0x1ebb4 : @strlen+90 : c_jr : c_jr ra : IntAlu : 
24337000 : system.cpu : T0 : 0x1ebca : @strlen+112 : addi : addi a0, a1, -7 : IntAlu : D=0x0000000000000011
24339000 : system.cpu : T0 : 0x1ebce : @strlen+116 : c_jr : c_jr ra : IntAlu : 
24910000 : system.cpu : T0 : 0x1ebd0 : @strlen+118 : addi : addi a0, a1, -8 : IntAlu : D=0x0000000000000010
24912000 : system.cpu : T0 : 0x1ebd4 : @strlen+122 : c_jr : c_jr ra : IntAlu : 
23434000 : system.cpu : T0 : 0x1ebdc : @strlen+130 : addi : addi a0, a1, -5 : IntAlu : D=0x000000000000000b
23704000 : system.cpu : T0 : 0x1ebdc : @strlen+130 : addi : addi a0, a1, -5 : IntAlu : D=0x000000000000000b
23440000 : system.cpu : T0 : 0x1ebe0 : @strlen+134 : c_jr : c_jr ra : IntAlu : 
23706000 : system.cpu : T0 : 0x1ebe0 : @strlen+134 : c_jr : c_jr ra : IntAlu : 
32725000 : system.cpu : T0 : 0x1ebe2 : @strlen+136 : addi : addi a0, a1, -4 : IntAlu : D=0x000000000000000c
32727000 : system.cpu : T0 : 0x1ebe6 : @strlen+140 : c_jr : c_jr ra : IntAlu : 
4857000 : system.cpu : T0 : 0x1f98a : @__memcpy : xor : xor a5, a1, a0 : IntAlu : D=0x0000000000007850
16449000 : system.cpu : T0 : 0x1f98a : @__memcpy : xor : xor a5, a1, a0 : IntAlu : D=0x7ffffffffff80380
20632000 : system.cpu : T0 : 0x1f98a : @__memcpy : xor : xor a5, a1, a0 : IntAlu : D=0x0000000000012cd0
4859000 : system.cpu : T0 : 0x1f98e : @__memcpy+4 : c_andi : c_andi a5, 7 : IntAlu : D=0x0000000000000000
16451000 : system.cpu : T0 : 0x1f98e : @__memcpy+4 : c_andi : c_andi a5, 7 : IntAlu : D=0x0000000000000000
20634000 : system.cpu : T0 : 0x1f98e : @__memcpy+4 : c_andi : c_andi a5, 7 : IntAlu : D=0x0000000000000000
4861000 : system.cpu : T0 : 0x1f990 : @__memcpy+6 : add : add a7, a0, a2 : IntAlu : D=0x000000000007e720
16453000 : system.cpu : T0 : 0x1f990 : @__memcpy+6 : add : add a7, a0, a2 : IntAlu : D=0x000000000007efc6
20636000 : system.cpu : T0 : 0x1f990 : @__memcpy+6 : add : add a7, a0, a2 : IntAlu : D=0x000000000007eff3
4863000 : system.cpu : T0 : 0x1f994 : @__memcpy+10 : c_bnez : c_bnez a5, 72 : IntAlu : 
16455000 : system.cpu : T0 : 0x1f994 : @__memcpy+10 : c_bnez : c_bnez a5, 72 : IntAlu : 
20638000 : system.cpu : T0 : 0x1f994 : @__memcpy+10 : c_bnez : c_bnez a5, 72 : IntAlu : 
4865000 : system.cpu : T0 : 0x1f996 : @__memcpy+12 : c_li : c_li a5, 7 : IntAlu : D=0x0000000000000007
16457000 : system.cpu : T0 : 0x1f996 : @__memcpy+12 : c_li : c_li a5, 7 : IntAlu : D=0x0000000000000007
20640000 : system.cpu : T0 : 0x1f996 : @__memcpy+12 : c_li : c_li a5, 7 : IntAlu : D=0x0000000000000007
4867000 : system.cpu : T0 : 0x1f998 : @__memcpy+14 : bgeu : bgeu a5, a2, 68 : IntAlu : 
16459000 : system.cpu : T0 : 0x1f998 : @__memcpy+14 : bgeu : bgeu a5, a2, 68 : IntAlu : 
20642000 : system.cpu : T0 : 0x1f998 : @__memcpy+14 : bgeu : bgeu a5, a2, 68 : IntAlu : 
4869000 : system.cpu : T0 : 0x1f99c : @__memcpy+18 : andi : andi a4, a0, 7 : IntAlu : D=0x0000000000000000
16461000 : system.cpu : T0 : 0x1f99c : @__memcpy+18 : andi : andi a4, a0, 7 : IntAlu : D=0x0000000000000000
4871000 : system.cpu : T0 : 0x1f9a0 : @__memcpy+22 : c_mv : c_mv a5, a0 : IntAlu : D=0x000000000007e700
16463000 : system.cpu : T0 : 0x1f9a0 : @__memcpy+22 : c_mv : c_mv a5, a0 : IntAlu : D=0x000000000007ef70
4873000 : system.cpu : T0 : 0x1f9a2 : @__memcpy+24 : c_bnez : c_bnez a4, 82 : IntAlu : 
16465000 : system.cpu : T0 : 0x1f9a2 : @__memcpy+24 : c_bnez : c_bnez a4, 82 : IntAlu : 
4875000 : system.cpu : T0 : 0x1f9a4 : @__memcpy+26 : andi : andi a6, a7, 18446744073709551608 : IntAlu : D=0x000000000007e720
16467000 : system.cpu : T0 : 0x1f9a4 : @__memcpy+26 : andi : andi a6, a7, 18446744073709551608 : IntAlu : D=0x000000000007efc0
4877000 : system.cpu : T0 : 0x1f9a8 : @__memcpy+30 : addi : addi a4, a6, -64 : IntAlu : D=0x000000000007e6e0
16469000 : system.cpu : T0 : 0x1f9a8 : @__memcpy+30 : addi : addi a4, a6, -64 : IntAlu : D=0x000000000007ef80
4879000 : system.cpu : T0 : 0x1f9ac : @__memcpy+34 : bltu : bltu a5, a4, 110 : IntAlu : 
16471000 : system.cpu : T0 : 0x1f9ac : @__memcpy+34 : bltu : bltu a5, a4, 110 : IntAlu : 
4881000 : system.cpu : T0 : 0x1f9b0 : @__memcpy+38 : c_mv : c_mv a3, a1 : IntAlu : D=0x0000000000079f50
16845000 : system.cpu : T0 : 0x1f9b0 : @__memcpy+38 : c_mv : c_mv a3, a1 : IntAlu : D=0x7fffffffffffed38
4883000 : system.cpu : T0 : 0x1f9b2 : @__memcpy+40 : c_mv : c_mv a4, a5 : IntAlu : D=0x000000000007e700
16847000 : system.cpu : T0 : 0x1f9b2 : @__memcpy+40 : c_mv : c_mv a4, a5 : IntAlu : D=0x000000000007efb8
4885000 : system.cpu : T0 : 0x1f9b4 : @__memcpy+42 : bgeu : bgeu a5, a6, 34 : IntAlu : 
16849000 : system.cpu : T0 : 0x1f9b4 : @__memcpy+42 : bgeu : bgeu a5, a6, 34 : IntAlu : 
4887000 : system.cpu : T0 : 0x1f9b8 : @__memcpy+46 : c_ld : c_ld a2, 0(a3) : MemRead : D=0x000000000007b730 A=0x79f50
5090000 : system.cpu : T0 : 0x1f9b8 : @__memcpy+46 : c_ld : c_ld a2, 0(a3) : MemRead : D=0x000000000007b730 A=0x79f58
5108000 : system.cpu : T0 : 0x1f9b8 : @__memcpy+46 : c_ld : c_ld a2, 0(a3) : MemRead : D=0x000000000007b750 A=0x79f60
5126000 : system.cpu : T0 : 0x1f9b8 : @__memcpy+46 : c_ld : c_ld a2, 0(a3) : MemRead : D=0x000000000007b738 A=0x79f68
16851000 : system.cpu : T0 : 0x1f9b8 : @__memcpy+46 : c_ld : c_ld a2, 0(a3) : MemRead : D=0x76637369722f6e69 A=0x7fffffffffffed38
4942000 : system.cpu : T0 : 0x1f9ba : @__memcpy+48 : c_addi : c_addi a4, 8 : IntAlu : D=0x000000000007e708
5094000 : system.cpu : T0 : 0x1f9ba : @__memcpy+48 : c_addi : c_addi a4, 8 : IntAlu : D=0x000000000007e710
5112000 : system.cpu : T0 : 0x1f9ba : @__memcpy+48 : c_addi : c_addi a4, 8 : IntAlu : D=0x000000000007e718
5130000 : system.cpu : T0 : 0x1f9ba : @__memcpy+48 : c_addi : c_addi a4, 8 : IntAlu : D=0x000000000007e720
16855000 : system.cpu : T0 : 0x1f9ba : @__memcpy+48 : c_addi : c_addi a4, 8 : IntAlu : D=0x000000000007efc0
4944000 : system.cpu : T0 : 0x1f9bc : @__memcpy+50 : c_addi : c_addi a3, 8 : IntAlu : D=0x0000000000079f58
5096000 : system.cpu : T0 : 0x1f9bc : @__memcpy+50 : c_addi : c_addi a3, 8 : IntAlu : D=0x0000000000079f60
5114000 : system.cpu : T0 : 0x1f9bc : @__memcpy+50 : c_addi : c_addi a3, 8 : IntAlu : D=0x0000000000079f68
5132000 : system.cpu : T0 : 0x1f9bc : @__memcpy+50 : c_addi : c_addi a3, 8 : IntAlu : D=0x0000000000079f70
16857000 : system.cpu : T0 : 0x1f9bc : @__memcpy+50 : c_addi : c_addi a3, 8 : IntAlu : D=0x7fffffffffffed40
4999000 : system.cpu : T0 : 0x1f9be : @__memcpy+52 : sd : sd a2, -8(a4) : MemWrite : D=0x000000000007b730 A=0x7e700
5003000 : system.cpu : T0 : 0x1f9be : @__memcpy+52 : sd : sd a2, -8(a4) : MemWrite : D=0x000000000007b730 A=0x7e700
5100000 : system.cpu : T0 : 0x1f9be : @__memcpy+52 : sd : sd a2, -8(a4) : MemWrite : D=0x000000000007b730 A=0x7e708
5118000 : system.cpu : T0 : 0x1f9be : @__memcpy+52 : sd : sd a2, -8(a4) : MemWrite : D=0x000000000007b750 A=0x7e710
5136000 : system.cpu : T0 : 0x1f9be : @__memcpy+52 : sd : sd a2, -8(a4) : MemWrite : D=0x000000000007b738 A=0x7e718
16861000 : system.cpu : T0 : 0x1f9be : @__memcpy+52 : sd : sd a2, -8(a4) : MemWrite : D=0x76637369722f6e69 A=0x7efb8
5088000 : system.cpu : T0 : 0x1f9c2 : @__memcpy+56 : bltu : bltu a4, a6, -10 : IntAlu : 
5106000 : system.cpu : T0 : 0x1f9c2 : @__memcpy+56 : bltu : bltu a4, a6, -10 : IntAlu : 
5124000 : system.cpu : T0 : 0x1f9c2 : @__memcpy+56 : bltu : bltu a4, a6, -10 : IntAlu : 
5142000 : system.cpu : T0 : 0x1f9c2 : @__memcpy+56 : bltu : bltu a4, a6, -10 : IntAlu : 
16867000 : system.cpu : T0 : 0x1f9c2 : @__memcpy+56 : bltu : bltu a4, a6, -10 : IntAlu : 
5146000 : system.cpu : T0 : 0x1f9c6 : @__memcpy+60 : xori : xori a4, a5, 18446744073709551615 : IntAlu : D=0xfffffffffff818ff
16871000 : system.cpu : T0 : 0x1f9c6 : @__memcpy+60 : xori : xori a4, a5, 18446744073709551615 : IntAlu : D=0xfffffffffff81047
5148000 : system.cpu : T0 : 0x1f9ca : @__memcpy+64 : c_add : c_add a6, a4 : IntAlu : D=0x000000000000001f
16873000 : system.cpu : T0 : 0x1f9ca : @__memcpy+64 : c_add : c_add a6, a4 : IntAlu : D=0x0000000000000007
5150000 : system.cpu : T0 : 0x1f9cc : @__memcpy+66 : andi : andi a6, a6, 18446744073709551608 : IntAlu : D=0x0000000000000018
16875000 : system.cpu : T0 : 0x1f9cc : @__memcpy+66 : andi : andi a6, a6, 18446744073709551608 : IntAlu : D=0x0000000000000000
5152000 : system.cpu : T0 : 0x1f9d0 : @__memcpy+70 : c_addi : c_addi a6, 8 : IntAlu : D=0x0000000000000020
16877000 : system.cpu : T0 : 0x1f9d0 : @__memcpy+70 : c_addi : c_addi a6, 8 : IntAlu : D=0x0000000000000008
5154000 : system.cpu : T0 : 0x1f9d2 : @__memcpy+72 : c_add : c_add a5, a6 : IntAlu : D=0x000000000007e720
16879000 : system.cpu : T0 : 0x1f9d2 : @__memcpy+72 : c_add : c_add a5, a6 : IntAlu : D=0x000000000007efc0
5156000 : system.cpu : T0 : 0x1f9d4 : @__memcpy+74 : c_add : c_add a1, a6 : IntAlu : D=0x0000000000079f70
16881000 : system.cpu : T0 : 0x1f9d4 : @__memcpy+74 : c_add : c_add a1, a6 : IntAlu : D=0x7fffffffffffed40
5160000 : system.cpu : T0 : 0x1f9d6 : @__memcpy+76 : bltu : bltu a5, a7, 12 : IntAlu : 
16885000 : system.cpu : T0 : 0x1f9d6 : @__memcpy+76 : bltu : bltu a5, a7, 12 : IntAlu : 
5162000 : system.cpu : T0 : 0x1f9da : @__memcpy+80 : c_jr : c_jr ra : IntAlu : 
20644000 : system.cpu : T0 : 0x1f9dc : @__memcpy+82 : c_mv : c_mv a5, a0 : IntAlu : D=0x000000000007eff0
20648000 : system.cpu : T0 : 0x1f9de : @__memcpy+84 : bgeu : bgeu a0, a7, -4 : IntAlu : 
16889000 : system.cpu : T0 : 0x1f9e2 : @__memcpy+88 : lbu : lbu a4, 0(a1) : MemRead : D=0x000000000000002f A=0x7fffffffffffed40
16909000 : system.cpu : T0 : 0x1f9e2 : @__memcpy+88 : lbu : lbu a4, 0(a1) : MemRead : D=0x000000000000006c A=0x7fffffffffffed41
16929000 : system.cpu : T0 : 0x1f9e2 : @__memcpy+88 : lbu : lbu a4, 0(a1) : MemRead : D=0x0000000000000069 A=0x7fffffffffffed42
16949000 : system.cpu : T0 : 0x1f9e2 : @__memcpy+88 : lbu : lbu a4, 0(a1) : MemRead : D=0x000000000000006e A=0x7fffffffffffed43
16969000 : system.cpu : T0 : 0x1f9e2 : @__memcpy+88 : lbu : lbu a4, 0(a1) : MemRead : D=0x0000000000000075 A=0x7fffffffffffed44
16989000 : system.cpu : T0 : 0x1f9e2 : @__memcpy+88 : lbu : lbu a4, 0(a1) : MemRead : D=0x0000000000000078 A=0x7fffffffffffed45
20652000 : system.cpu : T0 : 0x1f9e2 : @__memcpy+88 : lbu : lbu a4, 0(a1) : MemRead : D=0x0000000000000074 A=0x6c320
20737000 : system.cpu : T0 : 0x1f9e2 : @__memcpy+88 : lbu : lbu a4, 0(a1) : MemRead : D=0x000000000000006c A=0x6c321
20757000 : system.cpu : T0 : 0x1f9e2 : @__memcpy+88 : lbu : lbu a4, 0(a1) : MemRead : D=0x0000000000000073 A=0x6c322
16893000 : system.cpu : T0 : 0x1f9e6 : @__memcpy+92 : c_addi : c_addi a5, 1 : IntAlu : D=0x000000000007efc1
16913000 : system.cpu : T0 : 0x1f9e6 : @__memcpy+92 : c_addi : c_addi a5, 1 : IntAlu : D=0x000000000007efc2
16933000 : system.cpu : T0 : 0x1f9e6 : @__memcpy+92 : c_addi : c_addi a5, 1 : IntAlu : D=0x000000000007efc3
16953000 : system.cpu : T0 : 0x1f9e6 : @__memcpy+92 : c_addi : c_addi a5, 1 : IntAlu : D=0x000000000007efc4
16973000 : system.cpu : T0 : 0x1f9e6 : @__memcpy+92 : c_addi : c_addi a5, 1 : IntAlu : D=0x000000000007efc5
16993000 : system.cpu : T0 : 0x1f9e6 : @__memcpy+92 : c_addi : c_addi a5, 1 : IntAlu : D=0x000000000007efc6
20721000 : system.cpu : T0 : 0x1f9e6 : @__memcpy+92 : c_addi : c_addi a5, 1 : IntAlu : D=0x000000000007eff1
20741000 : system.cpu : T0 : 0x1f9e6 : @__memcpy+92 : c_addi : c_addi a5, 1 : IntAlu : D=0x000000000007eff2
20761000 : system.cpu : T0 : 0x1f9e6 : @__memcpy+92 : c_addi : c_addi a5, 1 : IntAlu : D=0x000000000007eff3
16895000 : system.cpu : T0 : 0x1f9e8 : @__memcpy+94 : c_addi : c_addi a1, 1 : IntAlu : D=0x7fffffffffffed41
16915000 : system.cpu : T0 : 0x1f9e8 : @__memcpy+94 : c_addi : c_addi a1, 1 : IntAlu : D=0x7fffffffffffed42
16935000 : system.cpu : T0 : 0x1f9e8 : @__memcpy+94 : c_addi : c_addi a1, 1 : IntAlu : D=0x7fffffffffffed43
16955000 : system.cpu : T0 : 0x1f9e8 : @__memcpy+94 : c_addi : c_addi a1, 1 : IntAlu : D=0x7fffffffffffed44
16975000 : system.cpu : T0 : 0x1f9e8 : @__memcpy+94 : c_addi : c_addi a1, 1 : IntAlu : D=0x7fffffffffffed45
16995000 : system.cpu : T0 : 0x1f9e8 : @__memcpy+94 : c_addi : c_addi a1, 1 : IntAlu : D=0x7fffffffffffed46
20723000 : system.cpu : T0 : 0x1f9e8 : @__memcpy+94 : c_addi : c_addi a1, 1 : IntAlu : D=0x000000000006c321
20743000 : system.cpu : T0 : 0x1f9e8 : @__memcpy+94 : c_addi : c_addi a1, 1 : IntAlu : D=0x000000000006c322
20763000 : system.cpu : T0 : 0x1f9e8 : @__memcpy+94 : c_addi : c_addi a1, 1 : IntAlu : D=0x000000000006c323
16899000 : system.cpu : T0 : 0x1f9ea : @__memcpy+96 : sb : sb a4, -1(a5) : MemWrite : D=0x000000000000002f A=0x7efc0
16919000 : system.cpu : T0 : 0x1f9ea : @__memcpy+96 : sb : sb a4, -1(a5) : MemWrite : D=0x000000000000006c A=0x7efc1
16939000 : system.cpu : T0 : 0x1f9ea : @__memcpy+96 : sb : sb a4, -1(a5) : MemWrite : D=0x0000000000000069 A=0x7efc2
16959000 : system.cpu : T0 : 0x1f9ea : @__memcpy+96 : sb : sb a4, -1(a5) : MemWrite : D=0x000000000000006e A=0x7efc3
16979000 : system.cpu : T0 : 0x1f9ea : @__memcpy+96 : sb : sb a4, -1(a5) : MemWrite : D=0x0000000000000075 A=0x7efc4
16999000 : system.cpu : T0 : 0x1f9ea : @__memcpy+96 : sb : sb a4, -1(a5) : MemWrite : D=0x0000000000000078 A=0x7efc5
20727000 : system.cpu : T0 : 0x1f9ea : @__memcpy+96 : sb : sb a4, -1(a5) : MemWrite : D=0x0000000000000074 A=0x7eff0
20747000 : system.cpu : T0 : 0x1f9ea : @__memcpy+96 : sb : sb a4, -1(a5) : MemWrite : D=0x000000000000006c A=0x7eff1
20767000 : system.cpu : T0 : 0x1f9ea : @__memcpy+96 : sb : sb a4, -1(a5) : MemWrite : D=0x0000000000000073 A=0x7eff2
16905000 : system.cpu : T0 : 0x1f9ee : @__memcpy+100 : bne : bne a7, a5, -12 : IntAlu : 
16925000 : system.cpu : T0 : 0x1f9ee : @__memcpy+100 : bne : bne a7, a5, -12 : IntAlu : 
16945000 : system.cpu : T0 : 0x1f9ee : @__memcpy+100 : bne : bne a7, a5, -12 : IntAlu : 
16965000 : system.cpu : T0 : 0x1f9ee : @__memcpy+100 : bne : bne a7, a5, -12 : IntAlu : 
16985000 : system.cpu : T0 : 0x1f9ee : @__memcpy+100 : bne : bne a7, a5, -12 : IntAlu : 
17005000 : system.cpu : T0 : 0x1f9ee : @__memcpy+100 : bne : bne a7, a5, -12 : IntAlu : 
20733000 : system.cpu : T0 : 0x1f9ee : @__memcpy+100 : bne : bne a7, a5, -12 : IntAlu : 
20753000 : system.cpu : T0 : 0x1f9ee : @__memcpy+100 : bne : bne a7, a5, -12 : IntAlu : 
20773000 : system.cpu : T0 : 0x1f9ee : @__memcpy+100 : bne : bne a7, a5, -12 : IntAlu : 
17007000 : system.cpu : T0 : 0x1f9f2 : @__memcpy+104 : c_jr : c_jr ra : IntAlu : 
20775000 : system.cpu : T0 : 0x1f9f2 : @__memcpy+104 : c_jr : c_jr ra : IntAlu : 
16558000 : system.cpu : T0 : 0x1fa1a : @__memcpy+144 : ld : ld t2, 0(a1) : MemRead : D=0x6c772f656d6f682f A=0x7fffffffffffecf0
16564000 : system.cpu : T0 : 0x1fa1e : @__memcpy+148 : ld : ld t0, 8(a1) : MemRead : D=0x6f442f646e617761 A=0x7fffffffffffecf8
16570000 : system.cpu : T0 : 0x1fa22 : @__memcpy+152 : ld : ld t6, 16(a1) : MemRead : D=0x2f73746e656d7563 A=0x7fffffffffffed00
16641000 : system.cpu : T0 : 0x1fa26 : @__memcpy+156 : ld : ld t5, 24(a1) : MemRead : D=0x636170736b726f77 A=0x7fffffffffffed08
16647000 : system.cpu : T0 : 0x1fa2a : @__memcpy+160 : ld : ld t4, 32(a1) : MemRead : D=0x7261657365522f65 A=0x7fffffffffffed10
16653000 : system.cpu : T0 : 0x1fa2e : @__memcpy+164 : ld : ld t3, 40(a1) : MemRead : D=0x2f356d65672f6863 A=0x7fffffffffffed18
16659000 : system.cpu : T0 : 0x1fa32 : @__memcpy+168 : ld : ld t1, 48(a1) : MemRead : D=0x65742f7374736574 A=0x7fffffffffffed20
16663000 : system.cpu : T0 : 0x1fa36 : @__memcpy+172 : c_ld : c_ld a2, 56(a1) : MemRead : D=0x73676f72702d7473 A=0x7fffffffffffed28
16667000 : system.cpu : T0 : 0x1fa38 : @__memcpy+174 : addi : addi a1, a1, 72 : IntAlu : D=0x7fffffffffffed38
16669000 : system.cpu : T0 : 0x1fa3c : @__memcpy+178 : addi : addi a5, a5, 72 : IntAlu : D=0x000000000007efb8
16722000 : system.cpu : T0 : 0x1fa40 : @__memcpy+182 : ld : ld a3, -8(a1) : MemRead : D=0x622f6f6c6c65682f A=0x7fffffffffffed30
16726000 : system.cpu : T0 : 0x1fa44 : @__memcpy+186 : sd : sd t2, -72(a5) : MemWrite : D=0x6c772f656d6f682f A=0x7ef70
16730000 : system.cpu : T0 : 0x1fa48 : @__memcpy+190 : sd : sd t0, -64(a5) : MemWrite : D=0x6f442f646e617761 A=0x7ef78
16734000 : system.cpu : T0 : 0x1fa4c : @__memcpy+194 : sd : sd t6, -56(a5) : MemWrite : D=0x2f73746e656d7563 A=0x7ef80
16817000 : system.cpu : T0 : 0x1fa50 : @__memcpy+198 : sd : sd t5, -48(a5) : MemWrite : D=0x636170736b726f77 A=0x7ef88
16821000 : system.cpu : T0 : 0x1fa54 : @__memcpy+202 : sd : sd t4, -40(a5) : MemWrite : D=0x7261657365522f65 A=0x7ef90
16825000 : system.cpu : T0 : 0x1fa58 : @__memcpy+206 : sd : sd t3, -32(a5) : MemWrite : D=0x2f356d65672f6863 A=0x7ef98
16829000 : system.cpu : T0 : 0x1fa5c : @__memcpy+210 : sd : sd t1, -24(a5) : MemWrite : D=0x65742f7374736574 A=0x7efa0
16833000 : system.cpu : T0 : 0x1fa60 : @__memcpy+214 : sd : sd a2, -16(a5) : MemWrite : D=0x73676f72702d7473 A=0x7efa8
16837000 : system.cpu : T0 : 0x1fa64 : @__memcpy+218 : sd : sd a3, -8(a5) : MemWrite : D=0x622f6f6c6c65682f A=0x7efb0
16841000 : system.cpu : T0 : 0x1fa68 : @__memcpy+222 : bltu : bltu a5, a4, -78 : IntAlu : 
16843000 : system.cpu : T0 : 0x1fa6c : @__memcpy+226 : c_j : c_j -188 : IntAlu : 
44307000 : system.cpu : T0 : 0x2027c : @_exit : c_mv : c_mv a5, a0 : IntAlu : D=0x0000000000000000
44366000 : system.cpu : T0 : 0x2027e : @_exit+2 : addi : addi a7, zero, 94 : IntAlu : D=0x000000000000005e
44374000 : system.cpu : T0 : 0x20282 : @_exit+6 : ecall : ecall : No_OpClass : 
34356000 : system.cpu : T0 : 0x20520 : @__fxstat : c_bnez : c_bnez a0, 38 : IntAlu : 
34362000 : system.cpu : T0 : 0x20522 : @__fxstat+2 : c_mv : c_mv a0, a1 : IntAlu : D=0x0000000000000001
34364000 : system.cpu : T0 : 0x20524 : @__fxstat+4 : addi : addi a7, zero, 80 : IntAlu : D=0x0000000000000050
34366000 : system.cpu : T0 : 0x20528 : @__fxstat+8 : c_mv : c_mv a1, a2 : IntAlu : D=0x7ffffffffffffc30
34370000 : system.cpu : T0 : 0x2052a : @__fxstat+10 : ecall : ecall : No_OpClass : 
34372000 : system.cpu : T0 : 0x2052e : @__fxstat+14 : c_mv : c_mv a5, a0 : IntAlu : D=0x0000000000000000
34374000 : system.cpu : T0 : 0x20530 : @__fxstat+16 : blt : blt a0, zero, 10 : IntAlu : 
34376000 : system.cpu : T0 : 0x20534 : @__fxstat+20 : addiw : addiw a0, a5, 0 : IntAlu : D=0x0000000000000000
34378000 : system.cpu : T0 : 0x20538 : @__fxstat+24 : c_jr : c_jr ra : IntAlu : 
39786000 : system.cpu : T0 : 0x20694 : @__libc_write : lw : lw t0, -1792(tp) : MemRead : D=0x0000000000000000 A=0x7e000
39855000 : system.cpu : T0 : 0x20698 : @__libc_write+4 : bne : bne t0, zero, 18 : IntAlu : 
39857000 : system.cpu : T0 : 0x2069c : @__write_nocancel : addi : addi a7, zero, 64 : IntAlu : D=0x0000000000000040
39859000 : system.cpu : T0 : 0x206a0 : @__write_nocancel+4 : ecall : ecall : No_OpClass : 
39861000 : system.cpu : T0 : 0x206a4 : @__write_nocancel+8 : blt : blt a0, zero, -20 : IntAlu : 
39863000 : system.cpu : T0 : 0x206a8 : @__write_nocancel+12 : c_jr : c_jr ra : IntAlu : 
4124000 : system.cpu : T0 : 0x20bd0 : @__sbrk : c_addi : c_addi sp, -32 : IntAlu : D=0x7ffffffffffffd10
14514000 : system.cpu : T0 : 0x20bd0 : @__sbrk : c_addi : c_addi sp, -32 : IntAlu : D=0x7fffffffffffeb20
15154000 : system.cpu : T0 : 0x20bd0 : @__sbrk : c_addi : c_addi sp, -32 : IntAlu : D=0x7fffffffffffeb20
4130000 : system.cpu : T0 : 0x20bd2 : @__sbrk+2 : c_sdsp : c_sdsp s2, 0(sp) : MemWrite : D=0x0000000000000020 A=0x7ffffffffffffd10
14516000 : system.cpu : T0 : 0x20bd2 : @__sbrk+2 : c_sdsp : c_sdsp s2, 0(sp) : MemWrite : D=0x0000000000000060 A=0x7fffffffffffeb20
15156000 : system.cpu : T0 : 0x20bd2 : @__sbrk+2 : c_sdsp : c_sdsp s2, 0(sp) : MemWrite : D=0x0000000000000060 A=0x7fffffffffffeb20
4134000 : system.cpu : T0 : 0x20bd4 : @__sbrk+4 : c_sdsp : c_sdsp s0, 16(sp) : MemWrite : D=0x0000000000000000 A=0x7ffffffffffffd20
14571000 : system.cpu : T0 : 0x20bd4 : @__sbrk+4 : c_sdsp : c_sdsp s0, 16(sp) : MemWrite : D=0x000000000007a698 A=0x7fffffffffffeb30
15160000 : system.cpu : T0 : 0x20bd4 : @__sbrk+4 : c_sdsp : c_sdsp s0, 16(sp) : MemWrite : D=0x000000000007a698 A=0x7fffffffffffeb30
4140000 : system.cpu : T0 : 0x20bd6 : @__sbrk+6 : ld : ld s0, -832(gp) : MemRead : D=0x0000000000000000 A=0x7bdb0
14577000 : system.cpu : T0 : 0x20bd6 : @__sbrk+6 : ld : ld s0, -832(gp) : MemRead : D=0x000000000007ef60 A=0x7bdb0
15166000 : system.cpu : T0 : 0x20bd6 : @__sbrk+6 : ld : ld s0, -832(gp) : MemRead : D=0x000000000009ff60 A=0x7bdb0
4195000 : system.cpu : T0 : 0x20bda : @__sbrk+10 : c_sdsp : c_sdsp s1, 8(sp) : MemWrite : D=0x000000000001092a A=0x7ffffffffffffd18
14581000 : system.cpu : T0 : 0x20bda : @__sbrk+10 : c_sdsp : c_sdsp s1, 8(sp) : MemWrite : D=0x000000000007a698 A=0x7fffffffffffeb28
15170000 : system.cpu : T0 : 0x20bda : @__sbrk+10 : c_sdsp : c_sdsp s1, 8(sp) : MemWrite : D=0x000000000007a698 A=0x7fffffffffffeb28
4199000 : system.cpu : T0 : 0x20bdc : @__sbrk+12 : c_sdsp : c_sdsp ra, 24(sp) : MemWrite : D=0x000000000001073a A=0x7ffffffffffffd28
14585000 : system.cpu : T0 : 0x20bdc : @__sbrk+12 : c_sdsp : c_sdsp ra, 24(sp) : MemWrite : D=0x000000000001e780 A=0x7fffffffffffeb38
15174000 : system.cpu : T0 : 0x20bdc : @__sbrk+12 : c_sdsp : c_sdsp ra, 24(sp) : MemWrite : D=0x000000000001e780 A=0x7fffffffffffeb38
4203000 : system.cpu : T0 : 0x20bde : @__sbrk+14 : c_mv : c_mv s1, a0 : IntAlu : D=0x0000000000000f60
14589000 : system.cpu : T0 : 0x20bde : @__sbrk+14 : c_mv : c_mv s1, a0 : IntAlu : D=0x0000000000021000
15178000 : system.cpu : T0 : 0x20bde : @__sbrk+14 : c_mv : c_mv s1, a0 : IntAlu : D=0x00000000000000a0
4205000 : system.cpu : T0 : 0x20be0 : @__sbrk+16 : c_beqz : c_beqz s0, 8 : IntAlu : 
14591000 : system.cpu : T0 : 0x20be0 : @__sbrk+16 : c_beqz : c_beqz s0, 8 : IntAlu : 
15180000 : system.cpu : T0 : 0x20be0 : @__sbrk+16 : c_beqz : c_beqz s0, 8 : IntAlu : 
14595000 : system.cpu : T0 : 0x20be2 : @__sbrk+18 : lw : lw a5, -1576(gp) : MemRead : D=0x0000000000000000 A=0x7bac8
15184000 : system.cpu : T0 : 0x20be2 : @__sbrk+18 : lw : lw a5, -1576(gp) : MemRead : D=0x0000000000000000 A=0x7bac8
14599000 : system.cpu : T0 : 0x20be6 : @__sbrk+22 : c_beqz : c_beqz a5, 16 : IntAlu : 
15188000 : system.cpu : T0 : 0x20be6 : @__sbrk+22 : c_beqz : c_beqz a5, 16 : IntAlu : 
4207000 : system.cpu : T0 : 0x20be8 : @__sbrk+24 : c_li : c_li a0, 0 : IntAlu : D=0x0000000000000000
4211000 : system.cpu : T0 : 0x20bea : @__sbrk+26 : jal : jal ra, 114790 : IntAlu : D=0x0000000000020bee
4294000 : system.cpu : T0 : 0x20bee : @__sbrk+30 : blt : blt a0, zero, 30 : IntAlu : 
4298000 : system.cpu : T0 : 0x20bf2 : @__sbrk+34 : ld : ld s0, -832(gp) : MemRead : D=0x000000000007e000 A=0x7bdb0
4302000 : system.cpu : T0 : 0x20bf6 : @__sbrk+38 : c_beqz : c_beqz s1, 24 : IntAlu : 
14601000 : system.cpu : T0 : 0x20bf6 : @__sbrk+38 : c_beqz : c_beqz s1, 24 : IntAlu : 
15190000 : system.cpu : T0 : 0x20bf6 : @__sbrk+38 : c_beqz : c_beqz s1, 24 : IntAlu : 
4304000 : system.cpu : T0 : 0x20bf8 : @__sbrk+40 : bge : bge zero, s1, 62 : IntAlu : 
14603000 : system.cpu : T0 : 0x20bf8 : @__sbrk+40 : bge : bge zero, s1, 62 : IntAlu : 
15192000 : system.cpu : T0 : 0x20bf8 : @__sbrk+40 : bge : bge zero, s1, 62 : IntAlu : 
4306000 : system.cpu : T0 : 0x20bfc : @__sbrk+44 : add : add a5, s1, s0 : IntAlu : D=0x000000000007ef60
14605000 : system.cpu : T0 : 0x20bfc : @__sbrk+44 : add : add a5, s1, s0 : IntAlu : D=0x000000000009ff60
15194000 : system.cpu : T0 : 0x20bfc : @__sbrk+44 : add : add a5, s1, s0 : IntAlu : D=0x00000000000a0000
4359000 : system.cpu : T0 : 0x20c00 : @__sbrk+48 : sltu : sltu a5, a5, s0 : IntAlu : D=0x0000000000000000
14607000 : system.cpu : T0 : 0x20c00 : @__sbrk+48 : sltu : sltu a5, a5, s0 : IntAlu : D=0x0000000000000000
15196000 : system.cpu : T0 : 0x20c00 : @__sbrk+48 : sltu : sltu a5, a5, s0 : IntAlu : D=0x0000000000000000
4365000 : system.cpu : T0 : 0x20c04 : @__sbrk+52 : c_beqz : c_beqz a5, 24 : IntAlu : 
14609000 : system.cpu : T0 : 0x20c04 : @__sbrk+52 : c_beqz : c_beqz a5, 24 : IntAlu : 
15198000 : system.cpu : T0 : 0x20c04 : @__sbrk+52 : c_beqz : c_beqz a5, 24 : IntAlu : 
4367000 : system.cpu : T0 : 0x20c1c : @__sbrk+76 : add : add a0, s0, s1 : IntAlu : D=0x000000000007ef60
14611000 : system.cpu : T0 : 0x20c1c : @__sbrk+76 : add : add a0, s0, s1 : IntAlu : D=0x000000000009ff60
15200000 : system.cpu : T0 : 0x20c1c : @__sbrk+76 : add : add a0, s0, s1 : IntAlu : D=0x00000000000a0000
4369000 : system.cpu : T0 : 0x20c20 : @__sbrk+80 : jal : jal ra, 114736 : IntAlu : D=0x0000000000020c24
14613000 : system.cpu : T0 : 0x20c20 : @__sbrk+80 : jal : jal ra, 114736 : IntAlu : D=0x0000000000020c24
15202000 : system.cpu : T0 : 0x20c20 : @__sbrk+80 : jal : jal ra, 114736 : IntAlu : D=0x0000000000020c24
4395000 : system.cpu : T0 : 0x20c24 : @__sbrk+84 : blt : blt a0, zero, -24 : IntAlu : 
14639000 : system.cpu : T0 : 0x20c24 : @__sbrk+84 : blt : blt a0, zero, -24 : IntAlu : 
15228000 : system.cpu : T0 : 0x20c24 : @__sbrk+84 : blt : blt a0, zero, -24 : IntAlu : 
4397000 : system.cpu : T0 : 0x20c28 : @__sbrk+88 : c_mv : c_mv a0, s0 : IntAlu : D=0x000000000007e000
14641000 : system.cpu : T0 : 0x20c28 : @__sbrk+88 : c_mv : c_mv a0, s0 : IntAlu : D=0x000000000007ef60
15230000 : system.cpu : T0 : 0x20c28 : @__sbrk+88 : c_mv : c_mv a0, s0 : IntAlu : D=0x000000000009ff60
4399000 : system.cpu : T0 : 0x20c2a : @__sbrk+90 : c_ldsp : c_ldsp ra, 24(sp) : MemRead : D=0x000000000001073a A=0x7ffffffffffffd28
14643000 : system.cpu : T0 : 0x20c2a : @__sbrk+90 : c_ldsp : c_ldsp ra, 24(sp) : MemRead : D=0x000000000001e780 A=0x7fffffffffffeb38
15232000 : system.cpu : T0 : 0x20c2a : @__sbrk+90 : c_ldsp : c_ldsp ra, 24(sp) : MemRead : D=0x000000000001e780 A=0x7fffffffffffeb38
4403000 : system.cpu : T0 : 0x20c2c : @__sbrk+92 : c_ldsp : c_ldsp s0, 16(sp) : MemRead : D=0x0000000000000000 A=0x7ffffffffffffd20
14647000 : system.cpu : T0 : 0x20c2c : @__sbrk+92 : c_ldsp : c_ldsp s0, 16(sp) : MemRead : D=0x000000000007a698 A=0x7fffffffffffeb30
15236000 : system.cpu : T0 : 0x20c2c : @__sbrk+92 : c_ldsp : c_ldsp s0, 16(sp) : MemRead : D=0x000000000007a698 A=0x7fffffffffffeb30
4407000 : system.cpu : T0 : 0x20c2e : @__sbrk+94 : c_ldsp : c_ldsp s1, 8(sp) : MemRead : D=0x000000000001092a A=0x7ffffffffffffd18
14651000 : system.cpu : T0 : 0x20c2e : @__sbrk+94 : c_ldsp : c_ldsp s1, 8(sp) : MemRead : D=0x000000000007a698 A=0x7fffffffffffeb28
15240000 : system.cpu : T0 : 0x20c2e : @__sbrk+94 : c_ldsp : c_ldsp s1, 8(sp) : MemRead : D=0x000000000007a698 A=0x7fffffffffffeb28
4411000 : system.cpu : T0 : 0x20c30 : @__sbrk+96 : c_ldsp : c_ldsp s2, 0(sp) : MemRead : D=0x0000000000000020 A=0x7ffffffffffffd10
14655000 : system.cpu : T0 : 0x20c30 : @__sbrk+96 : c_ldsp : c_ldsp s2, 0(sp) : MemRead : D=0x0000000000000060 A=0x7fffffffffffeb20
15244000 : system.cpu : T0 : 0x20c30 : @__sbrk+96 : c_ldsp : c_ldsp s2, 0(sp) : MemRead : D=0x0000000000000060 A=0x7fffffffffffeb20
4415000 : system.cpu : T0 : 0x20c32 : @__sbrk+98 : c_addi16sp : c_addi16sp sp, 32 : IntAlu : D=0x7ffffffffffffd30
14659000 : system.cpu : T0 : 0x20c32 : @__sbrk+98 : c_addi16sp : c_addi16sp sp, 32 : IntAlu : D=0x7fffffffffffeb40
15248000 : system.cpu : T0 : 0x20c32 : @__sbrk+98 : c_addi16sp : c_addi16sp sp, 32 : IntAlu : D=0x7fffffffffffeb40
4417000 : system.cpu : T0 : 0x20c34 : @__sbrk+100 : c_jr : c_jr ra : IntAlu : 
14661000 : system.cpu : T0 : 0x20c34 : @__sbrk+100 : c_jr : c_jr ra : IntAlu : 
15250000 : system.cpu : T0 : 0x20c34 : @__sbrk+100 : c_jr : c_jr ra : IntAlu : 
25349000 : system.cpu : T0 : 0x218c8 : @__init_misc : c_beqz : c_beqz a1, 50 : IntAlu : 
25355000 : system.cpu : T0 : 0x218ca : @__init_misc+2 : c_addi : c_addi sp, -32 : IntAlu : D=0x7ffffffffffffd50
25357000 : system.cpu : T0 : 0x218cc : @__init_misc+4 : c_sdsp : c_sdsp s1, 8(sp) : MemWrite : D=0x7ffffffffffffed8 A=0x7ffffffffffffd58
25361000 : system.cpu : T0 : 0x218ce : @__init_misc+6 : c_ld : c_ld s1, 0(a1) : MemRead : D=0x7fffffffffffff7b A=0x7ffffffffffffed8
25365000 : system.cpu : T0 : 0x218d0 : @__init_misc+8 : c_sdsp : c_sdsp ra, 24(sp) : MemWrite : D=0x000000000002288a A=0x7ffffffffffffd68
25369000 : system.cpu : T0 : 0x218d2 : @__init_misc+10 : c_sdsp : c_sdsp s0, 16(sp) : MemWrite : D=0x0000000000000001 A=0x7ffffffffffffd60
25373000 : system.cpu : T0 : 0x218d4 : @__init_misc+12 : c_beqz : c_beqz s1, 28 : IntAlu : 
25375000 : system.cpu : T0 : 0x218d6 : @__init_misc+14 : c_mv : c_mv s0, a1 : IntAlu : D=0x7ffffffffffffed8
25377000 : system.cpu : T0 : 0x218d8 : @__init_misc+16 : c_mv : c_mv a0, s1 : IntAlu : D=0x7fffffffffffff7b
25381000 : system.cpu : T0 : 0x218da : @__init_misc+18 : addi : addi a1, zero, 47 : IntAlu : D=0x000000000000002f
25385000 : system.cpu : T0 : 0x218de : @__init_misc+22 : jal : jal ra, 99288 : IntAlu : D=0x00000000000218e2
29091000 : system.cpu : T0 : 0x218e2 : @__init_misc+26 : c_beqz : c_beqz a0, 26 : IntAlu : 
29093000 : system.cpu : T0 : 0x218e4 : @__init_misc+28 : c_addi : c_addi a0, 1 : IntAlu : D=0x7fffffffffffffe9
29097000 : system.cpu : T0 : 0x218e6 : @__init_misc+30 : sd : sd a0, -1672(gp) : MemWrite : D=0x7fffffffffffffe9 A=0x7ba68
29101000 : system.cpu : T0 : 0x218ea : @__init_misc+34 : c_ld : c_ld a4, 0(s0) : MemRead : D=0x7fffffffffffff7b A=0x7ffffffffffffed8
29105000 : system.cpu : T0 : 0x218ec : @__init_misc+36 : sd : sd a4, -1664(gp) : MemWrite : D=0x7fffffffffffff7b A=0x7ba70
29109000 : system.cpu : T0 : 0x218f0 : @__init_misc+40 : c_ldsp : c_ldsp ra, 24(sp) : MemRead : D=0x000000000002288a A=0x7ffffffffffffd68
29113000 : system.cpu : T0 : 0x218f2 : @__init_misc+42 : c_ldsp : c_ldsp s0, 16(sp) : MemRead : D=0x0000000000000001 A=0x7ffffffffffffd60
29117000 : system.cpu : T0 : 0x218f4 : @__init_misc+44 : c_ldsp : c_ldsp s1, 8(sp) : MemRead : D=0x7ffffffffffffed8 A=0x7ffffffffffffd58
29121000 : system.cpu : T0 : 0x218f6 : @__init_misc+46 : c_addi16sp : c_addi16sp sp, 32 : IntAlu : D=0x7ffffffffffffd70
29123000 : system.cpu : T0 : 0x218f8 : @__init_misc+48 : c_jr : c_jr ra : IntAlu : 
31629000 : system.cpu : T0 : 0x21c86 : @_dl_debug_initialize : c_beqz : c_beqz a1, 72 : IntAlu : 
31716000 : system.cpu : T0 : 0x21ca8 : @_dl_debug_initialize+34 : slli : slli a4, a1, 3 : IntAlu : D=0x0000000000000000
31718000 : system.cpu : T0 : 0x21cac : @_dl_debug_initialize+38 : c_add : c_add a1, a4 : IntAlu : D=0x0000000000000000
31722000 : system.cpu : T0 : 0x21cae : @_dl_debug_initialize+40 : lui : lui a4, 123 : IntAlu : D=0x000000000007b000
31726000 : system.cpu : T0 : 0x21cb2 : @_dl_debug_initialize+44 : addi : addi a4, a4, 1000 : IntAlu : D=0x000000000007b3e8
31728000 : system.cpu : T0 : 0x21cb6 : @_dl_debug_initialize+48 : c_slli : c_slli a1, 4 : IntAlu : D=0x0000000000000000
31730000 : system.cpu : T0 : 0x21cb8 : @_dl_debug_initialize+50 : c_add : c_add a1, a4 : IntAlu : D=0x000000000007b3e8
31732000 : system.cpu : T0 : 0x21cba : @_dl_debug_initialize+52 : c_ld : c_ld a4, 0(a1) : MemRead : D=0x000000000007af28 A=0x7b3e8
31736000 : system.cpu : T0 : 0x21cbc : @_dl_debug_initialize+54 : c_sd : c_sd a0, 32(a5) : MemWrite : D=0x0000000000000000 A=0x7d070
31740000 : system.cpu : T0 : 0x21cbe : @_dl_debug_initialize+56 : c_sd : c_sd a4, 8(a5) : MemWrite : D=0x000000000007af28 A=0x7d058
31744000 : system.cpu : T0 : 0x21cc0 : @_dl_debug_initialize+58 : lui : lui a4, 34 : IntAlu : D=0x0000000000022000
31746000 : system.cpu : T0 : 0x21cc4 : @_dl_debug_initialize+62 : addi : addi a4, a4, -892 : IntAlu : D=0x0000000000021c84
31748000 : system.cpu : T0 : 0x21cc8 : @_dl_debug_initialize+66 : c_sd : c_sd a4, 16(a5) : MemWrite : D=0x0000000000021c84 A=0x7d060
31752000 : system.cpu : T0 : 0x21cca : @_dl_debug_initialize+68 : c_mv : c_mv a0, a5 : IntAlu : D=0x000000000007d050
31754000 : system.cpu : T0 : 0x21ccc : @_dl_debug_initialize+70 : c_jr : c_jr ra : IntAlu : 
31688000 : system.cpu : T0 : 0x21cce : @_dl_debug_initialize+72 : lui : lui a5, 125 : IntAlu : D=0x000000000007d000
31692000 : system.cpu : T0 : 0x21cd2 : @_dl_debug_initialize+76 : addi : addi a5, a5, 80 : IntAlu : D=0x000000000007d050
31694000 : system.cpu : T0 : 0x21cd6 : @_dl_debug_initialize+80 : c_ld : c_ld a4, 8(a5) : MemRead : D=0x0000000000000000 A=0x7d058
31698000 : system.cpu : T0 : 0x21cd8 : @_dl_debug_initialize+82 : c_bnez : c_bnez a4, -54 : IntAlu : 
31700000 : system.cpu : T0 : 0x21cda : @_dl_debug_initialize+84 : c_li : c_li a4, 1 : IntAlu : D=0x0000000000000001
31702000 : system.cpu : T0 : 0x21cdc : @_dl_debug_initialize+86 : c_sw : c_sw a4, 0(a5) : MemWrite : D=0x0000000000000001 A=0x7d050
31706000 : system.cpu : T0 : 0x21cde : @_dl_debug_initialize+88 : c_bnez : c_bnez a0, -54 : IntAlu : 
31708000 : system.cpu : T0 : 0x21ce0 : @_dl_debug_initialize+90 : lui : lui a4, 125 : IntAlu : D=0x000000000007d000
31710000 : system.cpu : T0 : 0x21ce4 : @_dl_debug_initialize+94 : ld : ld a0, 112(a4) : MemRead : D=0x0000000000000000 A=0x7d070
31714000 : system.cpu : T0 : 0x21ce8 : @_dl_debug_initialize+98 : c_j : c_j -64 : IntAlu : 
854000 : system.cpu : T0 : 0x21cf8 : @_dl_aux_init : c_ld : c_ld a5, 0(a0) : MemRead : D=0x0000000000000009 A=0x7ffffffffffffef0
860000 : system.cpu : T0 : 0x21cfa : @_dl_aux_init+2 : lui : lui a4, 125 : IntAlu : D=0x000000000007d000
915000 : system.cpu : T0 : 0x21cfe : @_dl_aux_init+6 : sd : sd a0, 168(a4) : MemWrite : D=0x7ffffffffffffef0 A=0x7d0a8
986000 : system.cpu : T0 : 0x21d02 : @_dl_aux_init+10 : beq : beq a5, zero, 594 : IntAlu : 
990000 : system.cpu : T0 : 0x21d06 : @_dl_aux_init+14 : lui : lui t5, 125 : IntAlu : D=0x000000000007d000
994000 : system.cpu : T0 : 0x21d0a : @_dl_aux_init+18 : ld : ld a4, 240(t5) : MemRead : D=0x0000000000000000 A=0x7d0f0
1049000 : system.cpu : T0 : 0x21d0e : @_dl_aux_init+22 : c_addi16sp : c_addi16sp sp, -224 : IntAlu : D=0x7ffffffffffffcb0
1051000 : system.cpu : T0 : 0x21d10 : @_dl_aux_init+24 : c_sdsp : c_sdsp a4, 56(sp) : MemWrite : D=0x0000000000000000 A=0x7ffffffffffffce8
1108000 : system.cpu : T0 : 0x21d12 : @_dl_aux_init+26 : ld : ld a4, -1160(gp) : MemRead : D=0x0000000000000000 A=0x7bc68
1114000 : system.cpu : T0 : 0x21d16 : @_dl_aux_init+30 : lui : lui a1, 122 : IntAlu : D=0x000000000007a000
1118000 : system.cpu : T0 : 0x21d1a : @_dl_aux_init+34 : addi : addi a1, a1, -96 : IntAlu : D=0x0000000000079fa0
1120000 : system.cpu : T0 : 0x21d1e : @_dl_aux_init+38 : c_sdsp : c_sdsp a4, 24(sp) : MemWrite : D=0x0000000000000000 A=0x7ffffffffffffcc8
1124000 : system.cpu : T0 : 0x21d20 : @_dl_aux_init+40 : c_ld : c_ld a4, 0(a1) : MemRead : D=0x0000000000000000 A=0x79fa0
1130000 : system.cpu : T0 : 0x21d22 : @_dl_aux_init+42 : lui : lui t3, 122 : IntAlu : D=0x000000000007a000
1134000 : system.cpu : T0 : 0x21d26 : @_dl_aux_init+46 : lui : lui t1, 125 : IntAlu : D=0x000000000007d000
1136000 : system.cpu : T0 : 0x21d2a : @_dl_aux_init+50 : c_sdsp : c_sdsp a4, 104(sp) : MemWrite : D=0x0000000000000000 A=0x7ffffffffffffd18
1191000 : system.cpu : T0 : 0x21d2c : @_dl_aux_init+52 : lw : lw a4, -72(t3) : MemRead : D=0x0000000000000001 A=0x79fb8
1195000 : system.cpu : T0 : 0x21d30 : @_dl_aux_init+56 : c_sdsp : c_sdsp a4, 72(sp) : MemWrite : D=0x0000000000000001 A=0x7ffffffffffffcf8
1201000 : system.cpu : T0 : 0x21d32 : @_dl_aux_init+58 : lw : lw a4, 312(t1) : MemRead : D=0x0000000000000000 A=0x7d138
1256000 : system.cpu : T0 : 0x21d36 : @_dl_aux_init+62 : c_sdsp : c_sdsp s0, 216(sp) : MemWrite : D=0x000000000001089a A=0x7ffffffffffffd88
1260000 : system.cpu : T0 : 0x21d38 : @_dl_aux_init+64 : lui : lui s0, 125 : IntAlu : D=0x000000000007d000
1262000 : system.cpu : T0 : 0x21d3c : @_dl_aux_init+68 : c_sdsp : c_sdsp a4, 88(sp) : MemWrite : D=0x0000000000000000 A=0x7ffffffffffffd08
1319000 : system.cpu : T0 : 0x21d3e : @_dl_aux_init+70 : lw : lw a4, -1168(gp) : MemRead : D=0x0000000000000000 A=0x7bc60
1323000 : system.cpu : T0 : 0x21d42 : @_dl_aux_init+74 : c_sdsp : c_sdsp s4, 184(sp) : MemWrite : D=0x0000000000000000 A=0x7ffffffffffffd68
1378000 : system.cpu : T0 : 0x21d44 : @_dl_aux_init+76 : c_sdsp : c_sdsp a4, 40(sp) : MemWrite : D=0x0000000000000000 A=0x7ffffffffffffcd8
1384000 : system.cpu : T0 : 0x21d46 : @_dl_aux_init+78 : ld : ld a4, -1152(gp) : MemRead : D=0x0000000000000000 A=0x7bc70
1388000 : system.cpu : T0 : 0x21d4a : @_dl_aux_init+82 : c_sdsp : c_sdsp s1, 208(sp) : MemWrite : D=0x000000000001092a A=0x7ffffffffffffd80
1392000 : system.cpu : T0 : 0x21d4c : @_dl_aux_init+84 : c_sdsp : c_sdsp s2, 200(sp) : MemWrite : D=0x0000000000000000 A=0x7ffffffffffffd78
1396000 : system.cpu : T0 : 0x21d4e : @_dl_aux_init+86 : c_sdsp : c_sdsp a4, 8(sp) : MemWrite : D=0x0000000000000000 A=0x7ffffffffffffcb8
1451000 : system.cpu : T0 : 0x21d50 : @_dl_aux_init+88 : ld : ld a4, 176(s0) : MemRead : D=0x0000000000000000 A=0x7d0b0
1455000 : system.cpu : T0 : 0x21d54 : @_dl_aux_init+92 : c_sdsp : c_sdsp s3, 192(sp) : MemWrite : D=0x0000000000000000 A=0x7ffffffffffffd70
1461000 : system.cpu : T0 : 0x21d56 : @_dl_aux_init+94 : lui : lui s1, 125 : IntAlu : D=0x000000000007d000
1463000 : system.cpu : T0 : 0x21d5a : @_dl_aux_init+98 : c_sdsp : c_sdsp a4, 0(sp) : MemWrite : D=0x0000000000000000 A=0x7ffffffffffffcb0
1467000 : system.cpu : T0 : 0x21d5c : @_dl_aux_init+100 : ld : ld a4, -1632(gp) : MemRead : D=0x0000000000001000 A=0x7ba90
1522000 : system.cpu : T0 : 0x21d60 : @_dl_aux_init+104 : lui : lui s3, 125 : IntAlu : D=0x000000000007d000
1524000 : system.cpu : T0 : 0x21d64 : @_dl_aux_init+108 : lui : lui s2, 125 : IntAlu : D=0x000000000007d000
1526000 : system.cpu : T0 : 0x21d68 : @_dl_aux_init+112 : c_sdsp : c_sdsp a4, 120(sp) : MemWrite : D=0x0000000000001000 A=0x7ffffffffffffd28
1532000 : system.cpu : T0 : 0x21d6a : @_dl_aux_init+114 : lui : lui a4, 92 : IntAlu : D=0x000000000005c000
1534000 : system.cpu : T0 : 0x21d6e : @_dl_aux_init+118 : c_sdsp : c_sdsp s5, 176(sp) : MemWrite : D=0x0000000000000000 A=0x7ffffffffffffd60
1538000 : system.cpu : T0 : 0x21d70 : @_dl_aux_init+120 : c_sdsp : c_sdsp s6, 168(sp) : MemWrite : D=0x0000000000000000 A=0x7ffffffffffffd58
1542000 : system.cpu : T0 : 0x21d72 : @_dl_aux_init+122 : c_sdsp : c_sdsp s7, 160(sp) : MemWrite : D=0x0000000000000000 A=0x7ffffffffffffd50
1546000 : system.cpu : T0 : 0x21d74 : @_dl_aux_init+124 : c_sdsp : c_sdsp s9, 144(sp) : MemWrite : D=0x0000000000000000 A=0x7ffffffffffffd40
1550000 : system.cpu : T0 : 0x21d76 : @_dl_aux_init+126 : c_sdsp : c_sdsp s10, 136(sp) : MemWrite : D=0x0000000000000000 A=0x7ffffffffffffd38
1554000 : system.cpu : T0 : 0x21d78 : @_dl_aux_init+128 : c_sdsp : c_sdsp s11, 128(sp) : MemWrite : D=0x0000000000000000 A=0x7ffffffffffffd30
1558000 : system.cpu : T0 : 0x21d7a : @_dl_aux_init+130 : c_sdsp : c_sdsp s8, 152(sp) : MemWrite : D=0x0000000000000000 A=0x7ffffffffffffd48
1562000 : system.cpu : T0 : 0x21d7c : @_dl_aux_init+132 : lw : lw s10, 232(s3) : MemRead : D=0x0000000000000000 A=0x7d0e8
1617000 : system.cpu : T0 : 0x21d80 : @_dl_aux_init+136 : ld : ld s6, 264(s1) : MemRead : D=0x0000000000000000 A=0x7d108
1621000 : system.cpu : T0 : 0x21d84 : @_dl_aux_init+140 : c_li : c_li s5, 0 : IntAlu : D=0x0000000000000000
1625000 : system.cpu : T0 : 0x21d86 : @_dl_aux_init+142 : ld : ld s8, 208(s2) : MemRead : D=0x0000000000000000 A=0x7d0d0
1629000 : system.cpu : T0 : 0x21d8a : @_dl_aux_init+146 : c_li : c_li s7, 0 : IntAlu : D=0x0000000000000000
1631000 : system.cpu : T0 : 0x21d8c : @_dl_aux_init+148 : c_sdsp : c_sdsp zero, 112(sp) : MemWrite : D=0x0000000000000000 A=0x7ffffffffffffd20
1635000 : system.cpu : T0 : 0x21d8e : @_dl_aux_init+150 : c_sdsp : c_sdsp zero, 96(sp) : MemWrite : D=0x0000000000000000 A=0x7ffffffffffffd10
1639000 : system.cpu : T0 : 0x21d90 : @_dl_aux_init+152 : c_sdsp : c_sdsp zero, 80(sp) : MemWrite : D=0x0000000000000000 A=0x7ffffffffffffd00
1643000 : system.cpu : T0 : 0x21d92 : @_dl_aux_init+154 : c_sdsp : c_sdsp zero, 64(sp) : MemWrite : D=0x0000000000000000 A=0x7ffffffffffffcf0
1647000 : system.cpu : T0 : 0x21d94 : @_dl_aux_init+156 : c_sdsp : c_sdsp zero, 48(sp) : MemWrite : D=0x0000000000000000 A=0x7ffffffffffffce0
1651000 : system.cpu : T0 : 0x21d96 : @_dl_aux_init+158 : c_sdsp : c_sdsp zero, 32(sp) : MemWrite : D=0x0000000000000000 A=0x7ffffffffffffcd0
1655000 : system.cpu : T0 : 0x21d98 : @_dl_aux_init+160 : c_sdsp : c_sdsp zero, 16(sp) : MemWrite : D=0x0000000000000000 A=0x7ffffffffffffcc0
1659000 : system.cpu : T0 : 0x21d9a : @_dl_aux_init+162 : c_li : c_li s9, 0 : IntAlu : D=0x0000000000000000
1661000 : system.cpu : T0 : 0x21d9c : @_dl_aux_init+164 : c_li : c_li s11, 0 : IntAlu : D=0x0000000000000000
1663000 : system.cpu : T0 : 0x21d9e : @_dl_aux_init+166 : c_li : c_li t4, 0 : IntAlu : D=0x0000000000000000
1665000 : system.cpu : T0 : 0x21da0 : @_dl_aux_init+168 : c_li : c_li a7, 0 : IntAlu : D=0x0000000000000000
1667000 : system.cpu : T0 : 0x21da2 : @_dl_aux_init+170 : c_li : c_li a6, 0 : IntAlu : D=0x0000000000000000
1669000 : system.cpu : T0 : 0x21da4 : @_dl_aux_init+172 : c_li : c_li a2, 0 : IntAlu : D=0x0000000000000000
1671000 : system.cpu : T0 : 0x21da6 : @_dl_aux_init+174 : c_li : c_li a3, 30 : IntAlu : D=0x000000000000001e
1673000 : system.cpu : T0 : 0x21da8 : @_dl_aux_init+176 : addi : addi a4, a4, 912 : IntAlu : D=0x000000000005c390
1675000 : system.cpu : T0 : 0x21dac : @_dl_aux_init+180 : c_addi : c_addi a5, -3 : IntAlu : D=0x0000000000000006
1884000 : system.cpu : T0 : 0x21dac : @_dl_aux_init+180 : c_addi : c_addi a5, -3 : IntAlu : D=0x0000000000000002
2018000 : system.cpu : T0 : 0x21dac : @_dl_aux_init+180 : c_addi : c_addi a5, -3 : IntAlu : D=0x0000000000000001
2042000 : system.cpu : T0 : 0x21dac : @_dl_aux_init+180 : c_addi : c_addi a5, -3 : IntAlu : D=0x0000000000000000
2074000 : system.cpu : T0 : 0x21dac : @_dl_aux_init+180 : c_addi : c_addi a5, -3 : IntAlu : D=0x0000000000000003
2161000 : system.cpu : T0 : 0x21dac : @_dl_aux_init+180 : c_addi : c_addi a5, -3 : IntAlu : D=0x0000000000000014
2311000 : system.cpu : T0 : 0x21dac : @_dl_aux_init+180 : c_addi : c_addi a5, -3 : IntAlu : D=0x0000000000000016
1679000 : system.cpu : T0 : 0x21dae : @_dl_aux_init+182 : bltu : bltu a3, a5, 20 : IntAlu : 
1888000 : system.cpu : T0 : 0x21dae : @_dl_aux_init+182 : bltu : bltu a3, a5, 20 : IntAlu : 
2022000 : system.cpu : T0 : 0x21dae : @_dl_aux_init+182 : bltu : bltu a3, a5, 20 : IntAlu : 
2046000 : system.cpu : T0 : 0x21dae : @_dl_aux_init+182 : bltu : bltu a3, a5, 20 : IntAlu : 
2078000 : system.cpu : T0 : 0x21dae : @_dl_aux_init+182 : bltu : bltu a3, a5, 20 : IntAlu : 
2165000 : system.cpu : T0 : 0x21dae : @_dl_aux_init+182 : bltu : bltu a3, a5, 20 : IntAlu : 
2315000 : system.cpu : T0 : 0x21dae : @_dl_aux_init+182 : bltu : bltu a3, a5, 20 : IntAlu : 
1681000 : system.cpu : T0 : 0x21db2 : @_dl_aux_init+186 : c_slli : c_slli a5, 2 : IntAlu : D=0x0000000000000018
1890000 : system.cpu : T0 : 0x21db2 : @_dl_aux_init+186 : c_slli : c_slli a5, 2 : IntAlu : D=0x0000000000000008
2024000 : system.cpu : T0 : 0x21db2 : @_dl_aux_init+186 : c_slli : c_slli a5, 2 : IntAlu : D=0x0000000000000004
2048000 : system.cpu : T0 : 0x21db2 : @_dl_aux_init+186 : c_slli : c_slli a5, 2 : IntAlu : D=0x0000000000000000
2080000 : system.cpu : T0 : 0x21db2 : @_dl_aux_init+186 : c_slli : c_slli a5, 2 : IntAlu : D=0x000000000000000c
2167000 : system.cpu : T0 : 0x21db2 : @_dl_aux_init+186 : c_slli : c_slli a5, 2 : IntAlu : D=0x0000000000000050
2317000 : system.cpu : T0 : 0x21db2 : @_dl_aux_init+186 : c_slli : c_slli a5, 2 : IntAlu : D=0x0000000000000058
1683000 : system.cpu : T0 : 0x21db4 : @_dl_aux_init+188 : c_add : c_add a5, a4 : IntAlu : D=0x000000000005c3a8
1892000 : system.cpu : T0 : 0x21db4 : @_dl_aux_init+188 : c_add : c_add a5, a4 : IntAlu : D=0x000000000005c398
2026000 : system.cpu : T0 : 0x21db4 : @_dl_aux_init+188 : c_add : c_add a5, a4 : IntAlu : D=0x000000000005c394
2050000 : system.cpu : T0 : 0x21db4 : @_dl_aux_init+188 : c_add : c_add a5, a4 : IntAlu : D=0x000000000005c390
2082000 : system.cpu : T0 : 0x21db4 : @_dl_aux_init+188 : c_add : c_add a5, a4 : IntAlu : D=0x000000000005c39c
2169000 : system.cpu : T0 : 0x21db4 : @_dl_aux_init+188 : c_add : c_add a5, a4 : IntAlu : D=0x000000000005c3e0
2319000 : system.cpu : T0 : 0x21db4 : @_dl_aux_init+188 : c_add : c_add a5, a4 : IntAlu : D=0x000000000005c3e8
1685000 : system.cpu : T0 : 0x21db6 : @_dl_aux_init+190 : c_lw : c_lw a5, 0(a5) : MemRead : D=0x0000000000021dc2 A=0x5c3a8
1894000 : system.cpu : T0 : 0x21db6 : @_dl_aux_init+190 : c_lw : c_lw a5, 0(a5) : MemRead : D=0x0000000000021f34 A=0x5c398
2028000 : system.cpu : T0 : 0x21db6 : @_dl_aux_init+190 : c_lw : c_lw a5, 0(a5) : MemRead : D=0x0000000000021dc2 A=0x5c394
2052000 : system.cpu : T0 : 0x21db6 : @_dl_aux_init+190 : c_lw : c_lw a5, 0(a5) : MemRead : D=0x0000000000021f44 A=0x5c390
2084000 : system.cpu : T0 : 0x21db6 : @_dl_aux_init+190 : c_lw : c_lw a5, 0(a5) : MemRead : D=0x0000000000021dba A=0x5c39c
2171000 : system.cpu : T0 : 0x21db6 : @_dl_aux_init+190 : c_lw : c_lw a5, 0(a5) : MemRead : D=0x0000000000021e84 A=0x5c3e0
2321000 : system.cpu : T0 : 0x21db6 : @_dl_aux_init+190 : c_lw : c_lw a5, 0(a5) : MemRead : D=0x0000000000021e74 A=0x5c3e8
1768000 : system.cpu : T0 : 0x21db8 : @_dl_aux_init+192 : c_jr : c_jr a5 : IntAlu : 
1898000 : system.cpu : T0 : 0x21db8 : @_dl_aux_init+192 : c_jr : c_jr a5 : IntAlu : 
2032000 : system.cpu : T0 : 0x21db8 : @_dl_aux_init+192 : c_jr : c_jr a5 : IntAlu : 
2056000 : system.cpu : T0 : 0x21db8 : @_dl_aux_init+192 : c_jr : c_jr a5 : IntAlu : 
2088000 : system.cpu : T0 : 0x21db8 : @_dl_aux_init+192 : c_jr : c_jr a5 : IntAlu : 
2226000 : system.cpu : T0 : 0x21db8 : @_dl_aux_init+192 : c_jr : c_jr a5 : IntAlu : 
2325000 : system.cpu : T0 : 0x21db8 : @_dl_aux_init+192 : c_jr : c_jr a5 : IntAlu : 
2090000 : system.cpu : T0 : 0x21dba : @_dl_aux_init+194 : c_ld : c_ld a5, 8(a0) : MemRead : D=0x0000000000001000 A=0x7fffffffffffff38
2094000 : system.cpu : T0 : 0x21dbc : @_dl_aux_init+196 : c_beqz : c_beqz a5, 6 : IntAlu : 
2096000 : system.cpu : T0 : 0x21dbe : @_dl_aux_init+198 : c_sdsp : c_sdsp a5, 120(sp) : MemWrite : D=0x0000000000001000 A=0x7ffffffffffffd28
2100000 : system.cpu : T0 : 0x21dc0 : @_dl_aux_init+200 : c_li : c_li t4, 1 : IntAlu : D=0x0000000000000001
1821000 : system.cpu : T0 : 0x21dc2 : @_dl_aux_init+202 : c_addi : c_addi a0, 16 : IntAlu : D=0x7fffffffffffff00
2034000 : system.cpu : T0 : 0x21dc2 : @_dl_aux_init+202 : c_addi : c_addi a0, 16 : IntAlu : D=0x7fffffffffffff20
2102000 : system.cpu : T0 : 0x21dc2 : @_dl_aux_init+202 : c_addi : c_addi a0, 16 : IntAlu : D=0x7fffffffffffff40
1827000 : system.cpu : T0 : 0x21dc4 : @_dl_aux_init+204 : c_ld : c_ld a5, 0(a0) : MemRead : D=0x0000000000000005 A=0x7fffffffffffff00
2036000 : system.cpu : T0 : 0x21dc4 : @_dl_aux_init+204 : c_ld : c_ld a5, 0(a0) : MemRead : D=0x0000000000000003 A=0x7fffffffffffff20
2104000 : system.cpu : T0 : 0x21dc4 : @_dl_aux_init+204 : c_ld : c_ld a5, 0(a0) : MemRead : D=0x0000000000000017 A=0x7fffffffffffff40
1882000 : system.cpu : T0 : 0x21dc6 : @_dl_aux_init+206 : c_bnez : c_bnez a5, -26 : IntAlu : 
2040000 : system.cpu : T0 : 0x21dc6 : @_dl_aux_init+206 : c_bnez : c_bnez a5, -26 : IntAlu : 
2159000 : system.cpu : T0 : 0x21dc6 : @_dl_aux_init+206 : c_bnez : c_bnez a5, -26 : IntAlu : 
2402000 : system.cpu : T0 : 0x21dc8 : @_dl_aux_init+208 : bne : bne t4, zero, 420 : IntAlu : 
2416000 : system.cpu : T0 : 0x21dcc : @_dl_aux_init+212 : beq : beq s11, zero, 8 : IntAlu : 
2418000 : system.cpu : T0 : 0x21dd4 : @_dl_aux_init+220 : beq : beq s9, zero, 8 : IntAlu : 
2420000 : system.cpu : T0 : 0x21dd8 : @_dl_aux_init+224 : sd : sd s8, 208(s2) : MemWrite : D=0x0000000000010040 A=0x7d0d0
2424000 : system.cpu : T0 : 0x21ddc : @_dl_aux_init+228 : beq : beq s7, zero, 8 : IntAlu : 
2426000 : system.cpu : T0 : 0x21de0 : @_dl_aux_init+232 : sd : sd s6, 264(s1) : MemWrite : D=0x0000000000000005 A=0x7d108
2430000 : system.cpu : T0 : 0x21de4 : @_dl_aux_init+236 : beq : beq s5, zero, 10 : IntAlu : 
2432000 : system.cpu : T0 : 0x21dee : @_dl_aux_init+246 : c_ldsp : c_ldsp a5, 16(sp) : MemRead : D=0x0000000000000000 A=0x7ffffffffffffcc0
2436000 : system.cpu : T0 : 0x21df0 : @_dl_aux_init+248 : c_beqz : c_beqz a5, 8 : IntAlu : 
2438000 : system.cpu : T0 : 0x21df8 : @_dl_aux_init+256 : c_ldsp : c_ldsp a5, 32(sp) : MemRead : D=0x0000000000000000 A=0x7ffffffffffffcd0
2442000 : system.cpu : T0 : 0x21dfa : @_dl_aux_init+258 : c_beqz : c_beqz a5, 8 : IntAlu : 
2495000 : system.cpu : T0 : 0x21e02 : @_dl_aux_init+266 : c_ldsp : c_ldsp a5, 48(sp) : MemRead : D=0x0000000000000000 A=0x7ffffffffffffce0
2499000 : system.cpu : T0 : 0x21e04 : @_dl_aux_init+268 : c_beqz : c_beqz a5, 8 : IntAlu : 
2501000 : system.cpu : T0 : 0x21e0c : @_dl_aux_init+276 : c_ldsp : c_ldsp a5, 64(sp) : MemRead : D=0x0000000000000000 A=0x7ffffffffffffcf0
2505000 : system.cpu : T0 : 0x21e0e : @_dl_aux_init+278 : c_beqz : c_beqz a5, 8 : IntAlu : 
2507000 : system.cpu : T0 : 0x21e16 : @_dl_aux_init+286 : c_ldsp : c_ldsp a5, 80(sp) : MemRead : D=0x0000000000000001 A=0x7ffffffffffffd00
2511000 : system.cpu : T0 : 0x21e18 : @_dl_aux_init+288 : c_beqz : c_beqz a5, 8 : IntAlu : 
2513000 : system.cpu : T0 : 0x21e1a : @_dl_aux_init+290 : c_lwsp : c_lwsp a5, 72(sp) : MemRead : D=0x0000000000000000 A=0x7ffffffffffffcf8
2517000 : system.cpu : T0 : 0x21e1c : @_dl_aux_init+292 : sw : sw a5, -72(t3) : MemWrite : D=0x0000000000000000 A=0x79fb8
2521000 : system.cpu : T0 : 0x21e20 : @_dl_aux_init+296 : c_ldsp : c_ldsp a5, 96(sp) : MemRead : D=0x0000000000000001 A=0x7ffffffffffffd10
2525000 : system.cpu : T0 : 0x21e22 : @_dl_aux_init+298 : c_beqz : c_beqz a5, 8 : IntAlu : 
2527000 : system.cpu : T0 : 0x21e24 : @_dl_aux_init+300 : c_lwsp : c_lwsp a5, 88(sp) : MemRead : D=0x0000000000000001 A=0x7ffffffffffffd08
2533000 : system.cpu : T0 : 0x21e26 : @_dl_aux_init+302 : sw : sw a5, 312(t1) : MemWrite : D=0x0000000000000001 A=0x7d138
2537000 : system.cpu : T0 : 0x21e2a : @_dl_aux_init+306 : c_ldsp : c_ldsp a5, 112(sp) : MemRead : D=0x0000000000000001 A=0x7ffffffffffffd20
2541000 : system.cpu : T0 : 0x21e2c : @_dl_aux_init+308 : c_beqz : c_beqz a5, 6 : IntAlu : 
2543000 : system.cpu : T0 : 0x21e2e : @_dl_aux_init+310 : c_ldsp : c_ldsp a5, 104(sp) : MemRead : D=0x7fffffffffffff78 A=0x7ffffffffffffd18
2547000 : system.cpu : T0 : 0x21e30 : @_dl_aux_init+312 : c_sd : c_sd a5, 0(a1) : MemWrite : D=0x7fffffffffffff78 A=0x79fa0
2551000 : system.cpu : T0 : 0x21e32 : @_dl_aux_init+314 : c_li : c_li a5, 15 : IntAlu : D=0x000000000000000f
2553000 : system.cpu : T0 : 0x21e34 : @_dl_aux_init+316 : beq : beq a2, a5, 290 : IntAlu : 
2555000 : system.cpu : T0 : 0x21e38 : @_dl_aux_init+320 : c_ldsp : c_ldsp s0, 216(sp) : MemRead : D=0x000000000001089a A=0x7ffffffffffffd88
2559000 : system.cpu : T0 : 0x21e3a : @_dl_aux_init+322 : c_ldsp : c_ldsp s1, 208(sp) : MemRead : D=0x000000000001092a A=0x7ffffffffffffd80
2563000 : system.cpu : T0 : 0x21e3c : @_dl_aux_init+324 : c_ldsp : c_ldsp s2, 200(sp) : MemRead : D=0x0000000000000000 A=0x7ffffffffffffd78
2567000 : system.cpu : T0 : 0x21e3e : @_dl_aux_init+326 : c_ldsp : c_ldsp s3, 192(sp) : MemRead : D=0x0000000000000000 A=0x7ffffffffffffd70
2571000 : system.cpu : T0 : 0x21e40 : @_dl_aux_init+328 : c_ldsp : c_ldsp s4, 184(sp) : MemRead : D=0x0000000000000000 A=0x7ffffffffffffd68
2575000 : system.cpu : T0 : 0x21e42 : @_dl_aux_init+330 : c_ldsp : c_ldsp s5, 176(sp) : MemRead : D=0x0000000000000000 A=0x7ffffffffffffd60
2579000 : system.cpu : T0 : 0x21e44 : @_dl_aux_init+332 : c_ldsp : c_ldsp s6, 168(sp) : MemRead : D=0x0000000000000000 A=0x7ffffffffffffd58
2583000 : system.cpu : T0 : 0x21e46 : @_dl_aux_init+334 : c_ldsp : c_ldsp s7, 160(sp) : MemRead : D=0x0000000000000000 A=0x7ffffffffffffd50
2587000 : system.cpu : T0 : 0x21e48 : @_dl_aux_init+336 : c_ldsp : c_ldsp s8, 152(sp) : MemRead : D=0x0000000000000000 A=0x7ffffffffffffd48
2591000 : system.cpu : T0 : 0x21e4a : @_dl_aux_init+338 : c_ldsp : c_ldsp s9, 144(sp) : MemRead : D=0x0000000000000000 A=0x7ffffffffffffd40
2595000 : system.cpu : T0 : 0x21e4c : @_dl_aux_init+340 : c_ldsp : c_ldsp s10, 136(sp) : MemRead : D=0x0000000000000000 A=0x7ffffffffffffd38
2599000 : system.cpu : T0 : 0x21e4e : @_dl_aux_init+342 : c_ldsp : c_ldsp s11, 128(sp) : MemRead : D=0x0000000000000000 A=0x7ffffffffffffd30
2603000 : system.cpu : T0 : 0x21e50 : @_dl_aux_init+344 : c_addi16sp : c_addi16sp sp, 224 : IntAlu : D=0x7ffffffffffffd90
2605000 : system.cpu : T0 : 0x21e52 : @_dl_aux_init+346 : c_jr : c_jr ra : IntAlu : 
2378000 : system.cpu : T0 : 0x21e74 : @_dl_aux_init+380 : c_ld : c_ld a5, 8(a0) : MemRead : D=0x7fffffffffffff78 A=0x7fffffffffffff58
2382000 : system.cpu : T0 : 0x21e76 : @_dl_aux_init+382 : c_addi : c_addi a0, 16 : IntAlu : D=0x7fffffffffffff60
2384000 : system.cpu : T0 : 0x21e78 : @_dl_aux_init+384 : c_sdsp : c_sdsp a5, 104(sp) : MemWrite : D=0x7fffffffffffff78 A=0x7ffffffffffffd18
2388000 : system.cpu : T0 : 0x21e7a : @_dl_aux_init+386 : c_li : c_li a5, 1 : IntAlu : D=0x0000000000000001
2390000 : system.cpu : T0 : 0x21e7c : @_dl_aux_init+388 : c_sdsp : c_sdsp a5, 112(sp) : MemWrite : D=0x0000000000000001 A=0x7ffffffffffffd20
2394000 : system.cpu : T0 : 0x21e7e : @_dl_aux_init+390 : c_ld : c_ld a5, 0(a0) : MemRead : D=0x0000000000000000 A=0x7fffffffffffff60
2398000 : system.cpu : T0 : 0x21e80 : @_dl_aux_init+392 : c_bnez : c_bnez a5, -212 : IntAlu : 
2400000 : system.cpu : T0 : 0x21e82 : @_dl_aux_init+394 : c_j : c_j -186 : IntAlu : 
2279000 : system.cpu : T0 : 0x21e84 : @_dl_aux_init+396 : c_lw : c_lw a5, 8(a0) : MemRead : D=0x0000000000000000 A=0x7fffffffffffff48
2283000 : system.cpu : T0 : 0x21e86 : @_dl_aux_init+398 : c_addi : c_addi a0, 16 : IntAlu : D=0x7fffffffffffff50
2285000 : system.cpu : T0 : 0x21e88 : @_dl_aux_init+400 : c_li : c_li a2, -1 : IntAlu : D=0xffffffffffffffff
2287000 : system.cpu : T0 : 0x21e8a : @_dl_aux_init+402 : c_sdsp : c_sdsp a5, 72(sp) : MemWrite : D=0x0000000000000000 A=0x7ffffffffffffcf8
2291000 : system.cpu : T0 : 0x21e8c : @_dl_aux_init+404 : c_li : c_li a5, 1 : IntAlu : D=0x0000000000000001
2293000 : system.cpu : T0 : 0x21e8e : @_dl_aux_init+406 : c_sdsp : c_sdsp a5, 96(sp) : MemWrite : D=0x0000000000000001 A=0x7ffffffffffffd10
2297000 : system.cpu : T0 : 0x21e90 : @_dl_aux_init+408 : c_sdsp : c_sdsp a5, 88(sp) : MemWrite : D=0x0000000000000001 A=0x7ffffffffffffd08
2301000 : system.cpu : T0 : 0x21e92 : @_dl_aux_init+410 : c_sdsp : c_sdsp a5, 80(sp) : MemWrite : D=0x0000000000000001 A=0x7ffffffffffffd00
2305000 : system.cpu : T0 : 0x21e94 : @_dl_aux_init+412 : c_ld : c_ld a5, 0(a0) : MemRead : D=0x0000000000000019 A=0x7fffffffffffff50
2309000 : system.cpu : T0 : 0x21e96 : @_dl_aux_init+414 : c_bnez : c_bnez a5, -234 : IntAlu : 
1951000 : system.cpu : T0 : 0x21f34 : @_dl_aux_init+572 : ld : ld s6, 8(a0) : MemRead : D=0x0000000000000005 A=0x7fffffffffffff08
1955000 : system.cpu : T0 : 0x21f38 : @_dl_aux_init+576 : c_addi : c_addi a0, 16 : IntAlu : D=0x7fffffffffffff10
1957000 : system.cpu : T0 : 0x21f3a : @_dl_aux_init+578 : c_li : c_li s7, 1 : IntAlu : D=0x0000000000000001
1959000 : system.cpu : T0 : 0x21f3c : @_dl_aux_init+580 : c_ld : c_ld a5, 0(a0) : MemRead : D=0x0000000000000004 A=0x7fffffffffffff10
2016000 : system.cpu : T0 : 0x21f3e : @_dl_aux_init+582 : bne : bne a5, zero, -402 : IntAlu : 
2058000 : system.cpu : T0 : 0x21f44 : @_dl_aux_init+588 : ld : ld s8, 8(a0) : MemRead : D=0x0000000000010040 A=0x7fffffffffffff28
2062000 : system.cpu : T0 : 0x21f48 : @_dl_aux_init+592 : c_addi : c_addi a0, 16 : IntAlu : D=0x7fffffffffffff30
2064000 : system.cpu : T0 : 0x21f4a : @_dl_aux_init+594 : c_li : c_li s9, 1 : IntAlu : D=0x0000000000000001
2066000 : system.cpu : T0 : 0x21f4c : @_dl_aux_init+596 : c_ld : c_ld a5, 0(a0) : MemRead : D=0x0000000000000006 A=0x7fffffffffffff30
2072000 : system.cpu : T0 : 0x21f4e : @_dl_aux_init+598 : bne : bne a5, zero, -418 : IntAlu : 
2404000 : system.cpu : T0 : 0x21f6c : @_dl_aux_init+628 : c_ldsp : c_ldsp a5, 120(sp) : MemRead : D=0x0000000000001000 A=0x7ffffffffffffd28
2410000 : system.cpu : T0 : 0x21f6e : @_dl_aux_init+630 : sd : sd a5, -1632(gp) : MemWrite : D=0x0000000000001000 A=0x7ba90
2414000 : system.cpu : T0 : 0x21f72 : @_dl_aux_init+634 : c_j : c_j -422 : IntAlu : 
6566000 : system.cpu : T0 : 0x21f74 : @_dl_non_dynamic_init : c_addi16sp : c_addi16sp sp, -96 : IntAlu : D=0x7ffffffffffffd10
6568000 : system.cpu : T0 : 0x21f76 : @_dl_non_dynamic_init+2 : c_sdsp : c_sdsp s1, 72(sp) : MemWrite : D=0x7ffffffffffffed8 A=0x7ffffffffffffd58
6572000 : system.cpu : T0 : 0x21f78 : @_dl_non_dynamic_init+4 : c_sdsp : c_sdsp s2, 64(sp) : MemWrite : D=0x7ffffffffffffee8 A=0x7ffffffffffffd50
6576000 : system.cpu : T0 : 0x21f7a : @_dl_non_dynamic_init+6 : c_sdsp : c_sdsp ra, 88(sp) : MemWrite : D=0x0000000000022880 A=0x7ffffffffffffd68
6580000 : system.cpu : T0 : 0x21f7c : @_dl_non_dynamic_init+8 : c_sdsp : c_sdsp s0, 80(sp) : MemWrite : D=0x0000000000000001 A=0x7ffffffffffffd60
6584000 : system.cpu : T0 : 0x21f7e : @_dl_non_dynamic_init+10 : c_sdsp : c_sdsp s3, 56(sp) : MemWrite : D=0x0000000000000000 A=0x7ffffffffffffd48
6639000 : system.cpu : T0 : 0x21f80 : @_dl_non_dynamic_init+12 : c_sdsp : c_sdsp s4, 48(sp) : MemWrite : D=0x0000000000000000 A=0x7ffffffffffffd40
6643000 : system.cpu : T0 : 0x21f82 : @_dl_non_dynamic_init+14 : c_sdsp : c_sdsp s5, 40(sp) : MemWrite : D=0x0000000000000000 A=0x7ffffffffffffd38
6647000 : system.cpu : T0 : 0x21f84 : @_dl_non_dynamic_init+16 : c_sdsp : c_sdsp s6, 32(sp) : MemWrite : D=0x0000000000000000 A=0x7ffffffffffffd30
6651000 : system.cpu : T0 : 0x21f86 : @_dl_non_dynamic_init+18 : c_sdsp : c_sdsp s7, 24(sp) : MemWrite : D=0x0000000000000000 A=0x7ffffffffffffd28
6655000 : system.cpu : T0 : 0x21f88 : @_dl_non_dynamic_init+20 : c_sdsp : c_sdsp s8, 16(sp) : MemWrite : D=0x0000000000000000 A=0x7ffffffffffffd20
6661000 : system.cpu : T0 : 0x21f8a : @_dl_non_dynamic_init+22 : jal : jal ra, 132300 : IntAlu : D=0x0000000000021f8e
17102000 : system.cpu : T0 : 0x21f8e : @_dl_non_dynamic_init+26 : lui : lui s1, 125 : IntAlu : D=0x000000000007d000
17106000 : system.cpu : T0 : 0x21f92 : @_dl_non_dynamic_init+30 : lui : lui s2, 125 : IntAlu : D=0x000000000007d000
17110000 : system.cpu : T0 : 0x21f96 : @_dl_non_dynamic_init+34 : lui : lui a5, 123 : IntAlu : D=0x000000000007b000
17114000 : system.cpu : T0 : 0x21f9a : @_dl_non_dynamic_init+38 : addi : addi a5, a5, -216 : IntAlu : D=0x000000000007af28
17118000 : system.cpu : T0 : 0x21f9e : @_dl_non_dynamic_init+42 : ld : ld a3, 208(s1) : MemRead : D=0x0000000000010040 A=0x7d0d0
17124000 : system.cpu : T0 : 0x21fa2 : @_dl_non_dynamic_init+46 : ld : ld a4, 264(s2) : MemRead : D=0x0000000000000005 A=0x7d108
17130000 : system.cpu : T0 : 0x21fa6 : @_dl_non_dynamic_init+50 : sd : sd a0, 824(a5) : MemWrite : D=0x000000000007ef70 A=0x7b260
17215000 : system.cpu : T0 : 0x21faa : @_dl_non_dynamic_init+54 : lui : lui a0, 92 : IntAlu : D=0x000000000005c000
17219000 : system.cpu : T0 : 0x21fae : @_dl_non_dynamic_init+58 : addi : addi a0, a0, 1328 : IntAlu : D=0x000000000005c530
17223000 : system.cpu : T0 : 0x21fb2 : @_dl_non_dynamic_init+62 : sd : sd a3, 672(a5) : MemWrite : D=0x0000000000010040 A=0x7b1c8
17280000 : system.cpu : T0 : 0x21fb6 : @_dl_non_dynamic_init+66 : sh : sh a4, 688(a5) : MemWrite : D=0x0000000000000005 A=0x7b1d8
17286000 : system.cpu : T0 : 0x21fba : @_dl_non_dynamic_init+70 : jal : jal ra, -54908 : IntAlu : D=0x0000000000021fbe
18028000 : system.cpu : T0 : 0x21fbe : @_dl_non_dynamic_init+74 : beq : beq a0, zero, 1040 : IntAlu : 
18125000 : system.cpu : T0 : 0x21fc2 : @_dl_non_dynamic_init+78 : lbu : lbu a5, 0(a0) : MemRead : D=0x0000000000000000 A=0x6a448
18196000 : system.cpu : T0 : 0x21fc6 : @_dl_non_dynamic_init+82 : lui : lui s3, 125 : IntAlu : D=0x000000000007d000
18200000 : system.cpu : T0 : 0x21fca : @_dl_non_dynamic_init+86 : ld : ld a4, 240(s3) : MemRead : D=0x0000000000000000 A=0x7d0f0
18206000 : system.cpu : T0 : 0x21fce : @_dl_non_dynamic_init+90 : sltu : sltu a5, zero, a5 : IntAlu : D=0x0000000000000000
18210000 : system.cpu : T0 : 0x21fd2 : @_dl_non_dynamic_init+94 : lui : lui a3, 125 : IntAlu : D=0x000000000007d000
18214000 : system.cpu : T0 : 0x21fd6 : @_dl_non_dynamic_init+98 : sw : sw a5, 256(a3) : MemWrite : D=0x0000000000000000 A=0x7d100
18220000 : system.cpu : T0 : 0x21fda : @_dl_non_dynamic_init+102 : beq : beq a4, zero, 452 : IntAlu : 
18279000 : system.cpu : T0 : 0x2219e : @_dl_non_dynamic_init+554 : lui : lui a0, 92 : IntAlu : D=0x000000000005c000
18283000 : system.cpu : T0 : 0x221a2 : @_dl_non_dynamic_init+558 : addi : addi a0, a0, 1576 : IntAlu : D=0x000000000005c628
18287000 : system.cpu : T0 : 0x221a6 : @_dl_non_dynamic_init+562 : jal : jal ra, -55400 : IntAlu : D=0x00000000000221aa
18586000 : system.cpu : T0 : 0x221aa : @_dl_non_dynamic_init+566 : jal : jal ra, 117442 : IntAlu : D=0x00000000000221ae
23061000 : system.cpu : T0 : 0x221ae : @_dl_non_dynamic_init+570 : lui : lui a5, 125 : IntAlu : D=0x000000000007d000
23065000 : system.cpu : T0 : 0x221b2 : @_dl_non_dynamic_init+574 : ld : ld a4, 288(a5) : MemRead : D=0x000000000007f020 A=0x7d120
23071000 : system.cpu : T0 : 0x221b6 : @_dl_non_dynamic_init+578 : lui : lui a0, 92 : IntAlu : D=0x000000000005c000
23075000 : system.cpu : T0 : 0x221ba : @_dl_non_dynamic_init+582 : lui : lui a5, 125 : IntAlu : D=0x000000000007d000
23130000 : system.cpu : T0 : 0x221be : @_dl_non_dynamic_init+586 : addi : addi a0, a0, 1592 : IntAlu : D=0x000000000005c638
23138000 : system.cpu : T0 : 0x221c2 : @_dl_non_dynamic_init+590 : sd : sd a4, 248(a5) : MemWrite : D=0x000000000007f020 A=0x7d0f8
23144000 : system.cpu : T0 : 0x221c6 : @_dl_non_dynamic_init+594 : jal : jal ra, -55432 : IntAlu : D=0x00000000000221ca
23534000 : system.cpu : T0 : 0x221ca : @_dl_non_dynamic_init+598 : beq : beq a0, zero, 546 : IntAlu : 
23544000 : system.cpu : T0 : 0x221ce : @_dl_non_dynamic_init+602 : lbu : lbu a5, 0(a0) : MemRead : D=0x0000000000000000 A=0x6a448
23550000 : system.cpu : T0 : 0x221d2 : @_dl_non_dynamic_init+606 : lui : lui a0, 92 : IntAlu : D=0x000000000005c000
23554000 : system.cpu : T0 : 0x221d6 : @_dl_non_dynamic_init+610 : lui : lui a4, 125 : IntAlu : D=0x000000000007d000
23558000 : system.cpu : T0 : 0x221da : @_dl_non_dynamic_init+614 : sltiu : sltiu a5, a5, 1 : IntAlu : D=0x0000000000000001
23562000 : system.cpu : T0 : 0x221de : @_dl_non_dynamic_init+618 : addi : addi a0, a0, 1608 : IntAlu : D=0x000000000005c648
23566000 : system.cpu : T0 : 0x221e2 : @_dl_non_dynamic_init+622 : sw : sw a5, 184(a4) : MemWrite : D=0x0000000000000001 A=0x7d0b8
23572000 : system.cpu : T0 : 0x221e6 : @_dl_non_dynamic_init+626 : jal : jal ra, -55464 : IntAlu : D=0x00000000000221ea
23800000 : system.cpu : T0 : 0x221ea : @_dl_non_dynamic_init+630 : beq : beq a0, zero, 504 : IntAlu : 
23814000 : system.cpu : T0 : 0x221ee : @_dl_non_dynamic_init+634 : lbu : lbu a5, 0(a0) : MemRead : D=0x0000000000000000 A=0x6a448
23820000 : system.cpu : T0 : 0x221f2 : @_dl_non_dynamic_init+638 : lui : lui a0, 92 : IntAlu : D=0x000000000005c000
23824000 : system.cpu : T0 : 0x221f6 : @_dl_non_dynamic_init+642 : lui : lui a4, 125 : IntAlu : D=0x000000000007d000
23828000 : system.cpu : T0 : 0x221fa : @_dl_non_dynamic_init+646 : sltu : sltu a5, zero, a5 : IntAlu : D=0x0000000000000000
23897000 : system.cpu : T0 : 0x221fe : @_dl_non_dynamic_init+650 : addi : addi a0, a0, 1624 : IntAlu : D=0x000000000005c658
23905000 : system.cpu : T0 : 0x22202 : @_dl_non_dynamic_init+654 : sw : sw a5, 160(a4) : MemWrite : D=0x0000000000000000 A=0x7d0a0
23911000 : system.cpu : T0 : 0x22206 : @_dl_non_dynamic_init+658 : jal : jal ra, -55496 : IntAlu : D=0x000000000002220a
24159000 : system.cpu : T0 : 0x2220a : @_dl_non_dynamic_init+662 : beq : beq a0, zero, 462 : IntAlu : 
24169000 : system.cpu : T0 : 0x2220e : @_dl_non_dynamic_init+666 : lbu : lbu a5, 0(a0) : MemRead : D=0x0000000000000000 A=0x6a448
24175000 : system.cpu : T0 : 0x22212 : @_dl_non_dynamic_init+670 : lui : lui a0, 92 : IntAlu : D=0x000000000005c000
24179000 : system.cpu : T0 : 0x22216 : @_dl_non_dynamic_init+674 : lui : lui a4, 125 : IntAlu : D=0x000000000007d000
24183000 : system.cpu : T0 : 0x2221a : @_dl_non_dynamic_init+678 : sltiu : sltiu a5, a5, 1 : IntAlu : D=0x0000000000000001
24187000 : system.cpu : T0 : 0x2221e : @_dl_non_dynamic_init+682 : addi : addi a0, a0, 1640 : IntAlu : D=0x000000000005c668
24191000 : system.cpu : T0 : 0x22222 : @_dl_non_dynamic_init+686 : sw : sw a5, 236(a4) : MemWrite : D=0x0000000000000001 A=0x7d0ec
24197000 : system.cpu : T0 : 0x22226 : @_dl_non_dynamic_init+690 : jal : jal ra, -55528 : IntAlu : D=0x000000000002222a
24433000 : system.cpu : T0 : 0x2222a : @_dl_non_dynamic_init+694 : lui : lui a5, 125 : IntAlu : D=0x000000000007d000
24437000 : system.cpu : T0 : 0x2222e : @_dl_non_dynamic_init+698 : sd : sd a0, 120(a5) : MemWrite : D=0x0000000000000000 A=0x7d078
24506000 : system.cpu : T0 : 0x22232 : @_dl_non_dynamic_init+702 : c_beqz : c_beqz a0, 208 : IntAlu : 
24636000 : system.cpu : T0 : 0x22242 : @_dl_non_dynamic_init+718 : c_beqz : c_beqz a4, 58 : IntAlu : 
24642000 : system.cpu : T0 : 0x2227c : @_dl_non_dynamic_init+776 : lui : lui a0, 92 : IntAlu : D=0x000000000005c000
24695000 : system.cpu : T0 : 0x22280 : @_dl_non_dynamic_init+780 : addi : addi a0, a0, 1696 : IntAlu : D=0x000000000005c6a0
24701000 : system.cpu : T0 : 0x22284 : @_dl_non_dynamic_init+784 : jal : jal ra, -55622 : IntAlu : D=0x0000000000022288
25004000 : system.cpu : T0 : 0x22288 : @_dl_non_dynamic_init+788 : c_mv : c_mv s3, a0 : IntAlu : D=0x0000000000000000
25006000 : system.cpu : T0 : 0x2228a : @_dl_non_dynamic_init+790 : c_beqz : c_beqz a0, 172 : IntAlu : 
24565000 : system.cpu : T0 : 0x22302 : @_dl_non_dynamic_init+910 : lui : lui a4, 122 : IntAlu : D=0x000000000007a000
24569000 : system.cpu : T0 : 0x22306 : @_dl_non_dynamic_init+914 : lw : lw a4, -72(a4) : MemRead : D=0x0000000000000000 A=0x79fb8
24573000 : system.cpu : T0 : 0x2230a : @_dl_non_dynamic_init+918 : c_bnez : c_bnez a4, 152 : IntAlu : 
24575000 : system.cpu : T0 : 0x2230c : @_dl_non_dynamic_init+920 : lui : lui a3, 92 : IntAlu : D=0x000000000005c000
24577000 : system.cpu : T0 : 0x22310 : @_dl_non_dynamic_init+924 : addi : addi a3, a3, 1040 : IntAlu : D=0x000000000005c410
24579000 : system.cpu : T0 : 0x22314 : @_dl_non_dynamic_init+928 : sd : sd a3, 120(a5) : MemWrite : D=0x000000000005c410 A=0x7d078
24583000 : system.cpu : T0 : 0x22318 : @_dl_non_dynamic_init+932 : c_j : c_j -214 : IntAlu : 
25010000 : system.cpu : T0 : 0x22336 : @_dl_non_dynamic_init+962 : lui : lui a5, 125 : IntAlu : D=0x000000000007d000
25014000 : system.cpu : T0 : 0x2233a : @_dl_non_dynamic_init+966 : ld : ld a0, 176(a5) : MemRead : D=0x0000000000000000 A=0x7d0b0
25018000 : system.cpu : T0 : 0x2233e : @_dl_non_dynamic_init+970 : c_beqz : c_beqz a0, 14 : IntAlu : 
25071000 : system.cpu : T0 : 0x2234c : @_dl_non_dynamic_init+984 : ld : ld a1, 208(s1) : MemRead : D=0x0000000000010040 A=0x7d0d0
25075000 : system.cpu : T0 : 0x22350 : @_dl_non_dynamic_init+988 : c_beqz : c_beqz a1, 50 : IntAlu : 
25079000 : system.cpu : T0 : 0x22352 : @_dl_non_dynamic_init+990 : ld : ld a0, 264(s2) : MemRead : D=0x0000000000000005 A=0x7d108
25083000 : system.cpu : T0 : 0x22356 : @_dl_non_dynamic_init+994 : c_beqz : c_beqz a0, 44 : IntAlu : 
25085000 : system.cpu : T0 : 0x22358 : @_dl_non_dynamic_init+996 : c_lw : c_lw a5, 0(a1) : MemRead : D=0x0000000000000001 A=0x10040
25091000 : system.cpu : T0 : 0x2235a : @_dl_non_dynamic_init+998 : lui : lui a2, 411470 : IntAlu : D=0x000000006474e000
25095000 : system.cpu : T0 : 0x2235e : @_dl_non_dynamic_init+1002 : addi : addi a2, a2, 1361 : IntAlu : D=0x000000006474e551
25099000 : system.cpu : T0 : 0x22362 : @_dl_non_dynamic_init+1006 : beq : beq a5, a2, 100 : IntAlu : 
25103000 : system.cpu : T0 : 0x22366 : @_dl_non_dynamic_init+1010 : addi : addi a5, a1, 56 : IntAlu : D=0x0000000000010078
25105000 : system.cpu : T0 : 0x2236a : @_dl_non_dynamic_init+1014 : c_li : c_li a4, 0 : IntAlu : D=0x0000000000000000
25107000 : system.cpu : T0 : 0x2236c : @_dl_non_dynamic_init+1016 : c_j : c_j 16 : IntAlu : 
25166000 : system.cpu : T0 : 0x2236e : @_dl_non_dynamic_init+1018 : c_mv : c_mv a1, a5 : IntAlu : D=0x0000000000010078
25182000 : system.cpu : T0 : 0x2236e : @_dl_non_dynamic_init+1018 : c_mv : c_mv a1, a5 : IntAlu : D=0x00000000000100b0
25198000 : system.cpu : T0 : 0x2236e : @_dl_non_dynamic_init+1018 : c_mv : c_mv a1, a5 : IntAlu : D=0x00000000000100e8
25214000 : system.cpu : T0 : 0x2236e : @_dl_non_dynamic_init+1018 : c_mv : c_mv a1, a5 : IntAlu : D=0x0000000000010120
25168000 : system.cpu : T0 : 0x22370 : @_dl_non_dynamic_init+1020 : addi : addi a5, a5, 56 : IntAlu : D=0x00000000000100b0
25184000 : system.cpu : T0 : 0x22370 : @_dl_non_dynamic_init+1020 : addi : addi a5, a5, 56 : IntAlu : D=0x00000000000100e8
25200000 : system.cpu : T0 : 0x22370 : @_dl_non_dynamic_init+1020 : addi : addi a5, a5, 56 : IntAlu : D=0x0000000000010120
25216000 : system.cpu : T0 : 0x22370 : @_dl_non_dynamic_init+1020 : addi : addi a5, a5, 56 : IntAlu : D=0x0000000000010158
25170000 : system.cpu : T0 : 0x22374 : @_dl_non_dynamic_init+1024 : lw : lw a3, -56(a5) : MemRead : D=0x0000000000000001 A=0x10078
25186000 : system.cpu : T0 : 0x22374 : @_dl_non_dynamic_init+1024 : lw : lw a3, -56(a5) : MemRead : D=0x0000000000000004 A=0x100b0
25202000 : system.cpu : T0 : 0x22374 : @_dl_non_dynamic_init+1024 : lw : lw a3, -56(a5) : MemRead : D=0x0000000000000007 A=0x100e8
25218000 : system.cpu : T0 : 0x22374 : @_dl_non_dynamic_init+1024 : lw : lw a3, -56(a5) : MemRead : D=0x000000006474e552 A=0x10120
25174000 : system.cpu : T0 : 0x22378 : @_dl_non_dynamic_init+1028 : beq : beq a3, a2, 78 : IntAlu : 
25190000 : system.cpu : T0 : 0x22378 : @_dl_non_dynamic_init+1028 : beq : beq a3, a2, 78 : IntAlu : 
25206000 : system.cpu : T0 : 0x22378 : @_dl_non_dynamic_init+1028 : beq : beq a3, a2, 78 : IntAlu : 
25222000 : system.cpu : T0 : 0x22378 : @_dl_non_dynamic_init+1028 : beq : beq a3, a2, 78 : IntAlu : 
25109000 : system.cpu : T0 : 0x2237c : @_dl_non_dynamic_init+1032 : c_addi : c_addi a4, 1 : IntAlu : D=0x0000000000000001
25176000 : system.cpu : T0 : 0x2237c : @_dl_non_dynamic_init+1032 : c_addi : c_addi a4, 1 : IntAlu : D=0x0000000000000002
25192000 : system.cpu : T0 : 0x2237c : @_dl_non_dynamic_init+1032 : c_addi : c_addi a4, 1 : IntAlu : D=0x0000000000000003
25208000 : system.cpu : T0 : 0x2237c : @_dl_non_dynamic_init+1032 : c_addi : c_addi a4, 1 : IntAlu : D=0x0000000000000004
25224000 : system.cpu : T0 : 0x2237c : @_dl_non_dynamic_init+1032 : c_addi : c_addi a4, 1 : IntAlu : D=0x0000000000000005
25164000 : system.cpu : T0 : 0x2237e : @_dl_non_dynamic_init+1034 : bne : bne a4, a0, -16 : IntAlu : 
25180000 : system.cpu : T0 : 0x2237e : @_dl_non_dynamic_init+1034 : bne : bne a4, a0, -16 : IntAlu : 
25196000 : system.cpu : T0 : 0x2237e : @_dl_non_dynamic_init+1034 : bne : bne a4, a0, -16 : IntAlu : 
25212000 : system.cpu : T0 : 0x2237e : @_dl_non_dynamic_init+1034 : bne : bne a4, a0, -16 : IntAlu : 
25228000 : system.cpu : T0 : 0x2237e : @_dl_non_dynamic_init+1034 : bne : bne a4, a0, -16 : IntAlu : 
25230000 : system.cpu : T0 : 0x22382 : @_dl_non_dynamic_init+1038 : c_ldsp : c_ldsp ra, 88(sp) : MemRead : D=0x0000000000022880 A=0x7ffffffffffffd68
25234000 : system.cpu : T0 : 0x22384 : @_dl_non_dynamic_init+1040 : c_ldsp : c_ldsp s0, 80(sp) : MemRead : D=0x0000000000000001 A=0x7ffffffffffffd60
25238000 : system.cpu : T0 : 0x22386 : @_dl_non_dynamic_init+1042 : c_ldsp : c_ldsp s1, 72(sp) : MemRead : D=0x7ffffffffffffed8 A=0x7ffffffffffffd58
25242000 : system.cpu : T0 : 0x22388 : @_dl_non_dynamic_init+1044 : c_ldsp : c_ldsp s2, 64(sp) : MemRead : D=0x7ffffffffffffee8 A=0x7ffffffffffffd50
25246000 : system.cpu : T0 : 0x2238a : @_dl_non_dynamic_init+1046 : c_ldsp : c_ldsp s3, 56(sp) : MemRead : D=0x0000000000000000 A=0x7ffffffffffffd48
25250000 : system.cpu : T0 : 0x2238c : @_dl_non_dynamic_init+1048 : c_ldsp : c_ldsp s4, 48(sp) : MemRead : D=0x0000000000000000 A=0x7ffffffffffffd40
25254000 : system.cpu : T0 : 0x2238e : @_dl_non_dynamic_init+1050 : c_ldsp : c_ldsp s5, 40(sp) : MemRead : D=0x0000000000000000 A=0x7ffffffffffffd38
25258000 : system.cpu : T0 : 0x22390 : @_dl_non_dynamic_init+1052 : c_ldsp : c_ldsp s6, 32(sp) : MemRead : D=0x0000000000000000 A=0x7ffffffffffffd30
25262000 : system.cpu : T0 : 0x22392 : @_dl_non_dynamic_init+1054 : c_ldsp : c_ldsp s7, 24(sp) : MemRead : D=0x0000000000000000 A=0x7ffffffffffffd28
25266000 : system.cpu : T0 : 0x22394 : @_dl_non_dynamic_init+1056 : c_ldsp : c_ldsp s8, 16(sp) : MemRead : D=0x0000000000000000 A=0x7ffffffffffffd20
25270000 : system.cpu : T0 : 0x22396 : @_dl_non_dynamic_init+1058 : c_addi16sp : c_addi16sp sp, 96 : IntAlu : D=0x7ffffffffffffd70
25272000 : system.cpu : T0 : 0x22398 : @_dl_non_dynamic_init+1060 : c_jr : c_jr ra : IntAlu : 
18115000 : system.cpu : T0 : 0x223ce : @_dl_non_dynamic_init+1114 : lui : lui a0, 106 : IntAlu : D=0x000000000006a000
18119000 : system.cpu : T0 : 0x223d2 : @_dl_non_dynamic_init+1118 : addi : addi a0, a0, 1096 : IntAlu : D=0x000000000006a448
18121000 : system.cpu : T0 : 0x223d6 : @_dl_non_dynamic_init+1122 : c_j : c_j -1044 : IntAlu : 
24161000 : system.cpu : T0 : 0x223d8 : @_dl_non_dynamic_init+1124 : lui : lui a0, 106 : IntAlu : D=0x000000000006a000
24163000 : system.cpu : T0 : 0x223dc : @_dl_non_dynamic_init+1128 : addi : addi a0, a0, 1096 : IntAlu : D=0x000000000006a448
24165000 : system.cpu : T0 : 0x223e0 : @_dl_non_dynamic_init+1132 : c_j : c_j -466 : IntAlu : 
23804000 : system.cpu : T0 : 0x223e2 : @_dl_non_dynamic_init+1134 : lui : lui a0, 106 : IntAlu : D=0x000000000006a000
23808000 : system.cpu : T0 : 0x223e6 : @_dl_non_dynamic_init+1138 : addi : addi a0, a0, 1096 : IntAlu : D=0x000000000006a448
23810000 : system.cpu : T0 : 0x223ea : @_dl_non_dynamic_init+1142 : c_j : c_j -508 : IntAlu : 
23536000 : system.cpu : T0 : 0x223ec : @_dl_non_dynamic_init+1144 : lui : lui a0, 106 : IntAlu : D=0x000000000006a000
23538000 : system.cpu : T0 : 0x223f0 : @_dl_non_dynamic_init+1148 : addi : addi a0, a0, 1096 : IntAlu : D=0x000000000006a448
23540000 : system.cpu : T0 : 0x223f4 : @_dl_non_dynamic_init+1152 : c_j : c_j -550 : IntAlu : 
6548000 : system.cpu : T0 : 0x226fe : @__libc_init_secure : lui : lui a5, 125 : IntAlu : D=0x000000000007d000
6556000 : system.cpu : T0 : 0x22702 : @__libc_init_secure+4 : lw : lw a5, 312(a5) : MemRead : D=0x0000000000000001 A=0x7d138
6560000 : system.cpu : T0 : 0x22706 : @__libc_init_secure+8 : c_beqz : c_beqz a5, 4 : IntAlu : 
6562000 : system.cpu : T0 : 0x22708 : @__libc_init_secure+10 : c_jr : c_jr ra : IntAlu : 
2749000 : system.cpu : T0 : 0x2274e : @_dl_discover_osversion : c_addi16sp : c_addi16sp sp, -496 : IntAlu : D=0x7ffffffffffffba0
2755000 : system.cpu : T0 : 0x22750 : @_dl_discover_osversion+2 : c_addi4spn : c_addi4spn a0, sp, 72 : IntAlu : D=0x7ffffffffffffbe8
2757000 : system.cpu : T0 : 0x22752 : @_dl_discover_osversion+4 : c_sdsp : c_sdsp ra, 488(sp) : MemWrite : D=0x0000000000010540 A=0x7ffffffffffffd88
2761000 : system.cpu : T0 : 0x22754 : @_dl_discover_osversion+6 : c_sdsp : c_sdsp s0, 480(sp) : MemWrite : D=0x000000000001089a A=0x7ffffffffffffd80
2765000 : system.cpu : T0 : 0x22756 : @_dl_discover_osversion+8 : c_sdsp : c_sdsp s1, 472(sp) : MemWrite : D=0x000000000001092a A=0x7ffffffffffffd78
2769000 : system.cpu : T0 : 0x22758 : @_dl_discover_osversion+10 : jal : jal ra, 107256 : IntAlu : D=0x000000000002275c
2862000 : system.cpu : T0 : 0x2275c : @_dl_discover_osversion+14 : addi : addi a3, sp, 202 : IntAlu : D=0x7ffffffffffffc6a
2864000 : system.cpu : T0 : 0x22760 : @_dl_discover_osversion+18 : c_bnez : c_bnez a0, 140 : IntAlu : 
2866000 : system.cpu : T0 : 0x22762 : @_dl_discover_osversion+20 : c_li : c_li t1, 0 : IntAlu : D=0x0000000000000000
2868000 : system.cpu : T0 : 0x22764 : @_dl_discover_osversion+22 : c_li : c_li a0, 0 : IntAlu : D=0x0000000000000000
2870000 : system.cpu : T0 : 0x22766 : @_dl_discover_osversion+24 : c_li : c_li a7, 9 : IntAlu : D=0x0000000000000009
2872000 : system.cpu : T0 : 0x22768 : @_dl_discover_osversion+26 : addi : addi t3, zero, 46 : IntAlu : D=0x000000000000002e
2874000 : system.cpu : T0 : 0x2276c : @_dl_discover_osversion+30 : c_li : c_li t4, 3 : IntAlu : D=0x0000000000000003
2878000 : system.cpu : T0 : 0x2276e : @_dl_discover_osversion+32 : lbu : lbu a5, 0(a3) : MemRead : D=0x0000000000000035 A=0x7ffffffffffffc6a
3089000 : system.cpu : T0 : 0x2276e : @_dl_discover_osversion+32 : lbu : lbu a5, 0(a3) : MemRead : D=0x0000000000000031 A=0x7ffffffffffffc6c
3143000 : system.cpu : T0 : 0x2276e : @_dl_discover_osversion+32 : lbu : lbu a5, 0(a3) : MemRead : D=0x0000000000000030 A=0x7ffffffffffffc6e
2935000 : system.cpu : T0 : 0x22772 : @_dl_discover_osversion+36 : addiw : addiw a5, a5, -48 : IntAlu : D=0x0000000000000005
3095000 : system.cpu : T0 : 0x22772 : @_dl_discover_osversion+36 : addiw : addiw a5, a5, -48 : IntAlu : D=0x0000000000000001
3149000 : system.cpu : T0 : 0x22772 : @_dl_discover_osversion+36 : addiw : addiw a5, a5, -48 : IntAlu : D=0x0000000000000000
2939000 : system.cpu : T0 : 0x22776 : @_dl_discover_osversion+40 : andi : andi a4, a5, 255 : IntAlu : D=0x0000000000000005
3099000 : system.cpu : T0 : 0x22776 : @_dl_discover_osversion+40 : andi : andi a4, a5, 255 : IntAlu : D=0x0000000000000001
3153000 : system.cpu : T0 : 0x22776 : @_dl_discover_osversion+40 : andi : andi a4, a5, 255 : IntAlu : D=0x0000000000000000
2943000 : system.cpu : T0 : 0x2277a : @_dl_discover_osversion+44 : bltu : bltu a7, a4, 98 : IntAlu : 
3103000 : system.cpu : T0 : 0x2277a : @_dl_discover_osversion+44 : bltu : bltu a7, a4, 98 : IntAlu : 
3157000 : system.cpu : T0 : 0x2277a : @_dl_discover_osversion+44 : bltu : bltu a7, a4, 98 : IntAlu : 
2998000 : system.cpu : T0 : 0x2277e : @_dl_discover_osversion+48 : lbu : lbu a1, 1(a3) : MemRead : D=0x000000000000002e A=0x7ffffffffffffc6b
3107000 : system.cpu : T0 : 0x2277e : @_dl_discover_osversion+48 : lbu : lbu a1, 1(a3) : MemRead : D=0x000000000000002e A=0x7ffffffffffffc6d
3161000 : system.cpu : T0 : 0x2277e : @_dl_discover_osversion+48 : lbu : lbu a1, 1(a3) : MemRead : D=0x0000000000000000 A=0x7ffffffffffffc6f
3004000 : system.cpu : T0 : 0x22782 : @_dl_discover_osversion+52 : addiw : addiw a4, a5, 0 : IntAlu : D=0x0000000000000005
3113000 : system.cpu : T0 : 0x22782 : @_dl_discover_osversion+52 : addiw : addiw a4, a5, 0 : IntAlu : D=0x0000000000000001
3167000 : system.cpu : T0 : 0x22782 : @_dl_discover_osversion+52 : addiw : addiw a4, a5, 0 : IntAlu : D=0x0000000000000000
3006000 : system.cpu : T0 : 0x22786 : @_dl_discover_osversion+56 : c_addi : c_addi a3, 1 : IntAlu : D=0x7ffffffffffffc6b
3115000 : system.cpu : T0 : 0x22786 : @_dl_discover_osversion+56 : c_addi : c_addi a3, 1 : IntAlu : D=0x7ffffffffffffc6d
3169000 : system.cpu : T0 : 0x22786 : @_dl_discover_osversion+56 : c_addi : c_addi a3, 1 : IntAlu : D=0x7ffffffffffffc6f
3008000 : system.cpu : T0 : 0x22788 : @_dl_discover_osversion+58 : addiw : addiw a2, a1, -48 : IntAlu : D=0xfffffffffffffffe
3117000 : system.cpu : T0 : 0x22788 : @_dl_discover_osversion+58 : addiw : addiw a2, a1, -48 : IntAlu : D=0xfffffffffffffffe
3171000 : system.cpu : T0 : 0x22788 : @_dl_discover_osversion+58 : addiw : addiw a2, a1, -48 : IntAlu : D=0xffffffffffffffd0
3010000 : system.cpu : T0 : 0x2278c : @_dl_discover_osversion+62 : andi : andi a5, a2, 255 : IntAlu : D=0x00000000000000fe
3119000 : system.cpu : T0 : 0x2278c : @_dl_discover_osversion+62 : andi : andi a5, a2, 255 : IntAlu : D=0x00000000000000fe
3173000 : system.cpu : T0 : 0x2278c : @_dl_discover_osversion+62 : andi : andi a5, a2, 255 : IntAlu : D=0x00000000000000d0
3012000 : system.cpu : T0 : 0x22790 : @_dl_discover_osversion+66 : bltu : bltu a7, a5, 36 : IntAlu : 
3121000 : system.cpu : T0 : 0x22790 : @_dl_discover_osversion+66 : bltu : bltu a7, a5, 36 : IntAlu : 
3175000 : system.cpu : T0 : 0x22790 : @_dl_discover_osversion+66 : bltu : bltu a7, a5, 36 : IntAlu : 
3014000 : system.cpu : T0 : 0x227b4 : @_dl_discover_osversion+102 : slliw : slliw a5, a0, 8 : IntAlu : D=0x0000000000000000
3123000 : system.cpu : T0 : 0x227b4 : @_dl_discover_osversion+102 : slliw : slliw a5, a0, 8 : IntAlu : D=0x0000000000000500
3177000 : system.cpu : T0 : 0x227b4 : @_dl_discover_osversion+102 : slliw : slliw a5, a0, 8 : IntAlu : D=0x0000000000050100
3016000 : system.cpu : T0 : 0x227b8 : @_dl_discover_osversion+106 : c_or : c_or a5, a4 : IntAlu : D=0x0000000000000005
3125000 : system.cpu : T0 : 0x227b8 : @_dl_discover_osversion+106 : c_or : c_or a5, a4 : IntAlu : D=0x0000000000000501
3179000 : system.cpu : T0 : 0x227b8 : @_dl_discover_osversion+106 : c_or : c_or a5, a4 : IntAlu : D=0x0000000000050100
3018000 : system.cpu : T0 : 0x227ba : @_dl_discover_osversion+108 : c_addiw : c_addiw t1, 1 : IntAlu : D=0x0000000000000001
3127000 : system.cpu : T0 : 0x227ba : @_dl_discover_osversion+108 : c_addiw : c_addiw t1, 1 : IntAlu : D=0x0000000000000002
3181000 : system.cpu : T0 : 0x227ba : @_dl_discover_osversion+108 : c_addiw : c_addiw t1, 1 : IntAlu : D=0x0000000000000003
3020000 : system.cpu : T0 : 0x227bc : @_dl_discover_osversion+110 : addiw : addiw a0, a5, 0 : IntAlu : D=0x0000000000000005
3129000 : system.cpu : T0 : 0x227bc : @_dl_discover_osversion+110 : addiw : addiw a0, a5, 0 : IntAlu : D=0x0000000000000501
3183000 : system.cpu : T0 : 0x227bc : @_dl_discover_osversion+110 : addiw : addiw a0, a5, 0 : IntAlu : D=0x0000000000050100
3073000 : system.cpu : T0 : 0x227c0 : @_dl_discover_osversion+114 : c_addi : c_addi a3, 1 : IntAlu : D=0x7ffffffffffffc6c
3131000 : system.cpu : T0 : 0x227c0 : @_dl_discover_osversion+114 : c_addi : c_addi a3, 1 : IntAlu : D=0x7ffffffffffffc6e
3185000 : system.cpu : T0 : 0x227c0 : @_dl_discover_osversion+114 : c_addi : c_addi a3, 1 : IntAlu : D=0x7ffffffffffffc70
3081000 : system.cpu : T0 : 0x227c2 : @_dl_discover_osversion+116 : bne : bne a1, t3, 20 : IntAlu : 
3135000 : system.cpu : T0 : 0x227c2 : @_dl_discover_osversion+116 : bne : bne a1, t3, 20 : IntAlu : 
3189000 : system.cpu : T0 : 0x227c2 : @_dl_discover_osversion+116 : bne : bne a1, t3, 20 : IntAlu : 
3085000 : system.cpu : T0 : 0x227c6 : @_dl_discover_osversion+120 : bne : bne t1, t4, -88 : IntAlu : 
3139000 : system.cpu : T0 : 0x227c6 : @_dl_discover_osversion+120 : bne : bne t1, t4, -88 : IntAlu : 
3195000 : system.cpu : T0 : 0x227ca : @_dl_discover_osversion+124 : c_addiw : c_addiw a0, 0 : IntAlu : D=0x0000000000050100
3197000 : system.cpu : T0 : 0x227cc : @_dl_discover_osversion+126 : c_ldsp : c_ldsp ra, 488(sp) : MemRead : D=0x0000000000010540 A=0x7ffffffffffffd88
3201000 : system.cpu : T0 : 0x227ce : @_dl_discover_osversion+128 : c_ldsp : c_ldsp s0, 480(sp) : MemRead : D=0x000000000001089a A=0x7ffffffffffffd80
3205000 : system.cpu : T0 : 0x227d0 : @_dl_discover_osversion+130 : c_ldsp : c_ldsp s1, 472(sp) : MemRead : D=0x000000000001092a A=0x7ffffffffffffd78
3209000 : system.cpu : T0 : 0x227d2 : @_dl_discover_osversion+132 : c_addi16sp : c_addi16sp sp, 496 : IntAlu : D=0x7ffffffffffffd90
3211000 : system.cpu : T0 : 0x227d4 : @_dl_discover_osversion+134 : c_jr : c_jr ra : IntAlu : 
3191000 : system.cpu : T0 : 0x227d6 : @_dl_discover_osversion+136 : c_li : c_li a5, 3 : IntAlu : D=0x0000000000000003
3193000 : system.cpu : T0 : 0x227d8 : @_dl_discover_osversion+138 : beq : beq t1, a5, -14 : IntAlu : 
6174000 : system.cpu : T0 : 0x2283e : @__libc_init_first : c_addi : c_addi sp, -32 : IntAlu : D=0x7ffffffffffffd70
6227000 : system.cpu : T0 : 0x22840 : @__libc_init_first+2 : lui : lui a5, 0 : IntAlu : D=0x0000000000000000
6233000 : system.cpu : T0 : 0x22844 : @__libc_init_first+6 : c_sdsp : c_sdsp s0, 16(sp) : MemWrite : D=0x000000000001089a A=0x7ffffffffffffd80
6237000 : system.cpu : T0 : 0x22846 : @__libc_init_first+8 : c_sdsp : c_sdsp s1, 8(sp) : MemWrite : D=0x000000000001092a A=0x7ffffffffffffd78
6241000 : system.cpu : T0 : 0x22848 : @__libc_init_first+10 : c_sdsp : c_sdsp s2, 0(sp) : MemWrite : D=0x0000000000000000 A=0x7ffffffffffffd70
6245000 : system.cpu : T0 : 0x2284a : @__libc_init_first+12 : c_sdsp : c_sdsp ra, 24(sp) : MemWrite : D=0x00000000000104e6 A=0x7ffffffffffffd88
6249000 : system.cpu : T0 : 0x2284c : @__libc_init_first+14 : addi : addi a4, a5, 0 : IntAlu : D=0x0000000000000000
6251000 : system.cpu : T0 : 0x22850 : @__libc_init_first+18 : c_mv : c_mv s0, a0 : IntAlu : D=0x0000000000000001
6253000 : system.cpu : T0 : 0x22852 : @__libc_init_first+20 : c_mv : c_mv s1, a1 : IntAlu : D=0x7ffffffffffffed8
6255000 : system.cpu : T0 : 0x22854 : @__libc_init_first+22 : c_mv : c_mv s2, a2 : IntAlu : D=0x7ffffffffffffee8
6257000 : system.cpu : T0 : 0x22856 : @__libc_init_first+24 : c_beqz : c_beqz a4, 66 : IntAlu : 
6375000 : system.cpu : T0 : 0x22864 : @__libc_init_first+38 : lui : lui a5, 125 : IntAlu : D=0x000000000007d000
6377000 : system.cpu : T0 : 0x22868 : @__libc_init_first+42 : sw : sw s0, 320(a5) : MemWrite : D=0x0000000000000001 A=0x7d140
6432000 : system.cpu : T0 : 0x2286c : @__libc_init_first+46 : lui : lui a5, 125 : IntAlu : D=0x000000000007d000
6434000 : system.cpu : T0 : 0x22870 : @__libc_init_first+50 : sd : sd s1, 328(a5) : MemWrite : D=0x7ffffffffffffed8 A=0x7d148
6438000 : system.cpu : T0 : 0x22874 : @__libc_init_first+54 : sd : sd s2, -1192(gp) : MemWrite : D=0x7ffffffffffffee8 A=0x7bc48
6442000 : system.cpu : T0 : 0x22878 : @__libc_init_first+58 : jal : jal ra, -378 : IntAlu : D=0x000000000002287c
6564000 : system.cpu : T0 : 0x2287c : @__libc_init_first+62 : jal : jal ra, -2312 : IntAlu : D=0x0000000000022880
25274000 : system.cpu : T0 : 0x22880 : @__libc_init_first+66 : c_mv : c_mv a2, s2 : IntAlu : D=0x7ffffffffffffee8
25276000 : system.cpu : T0 : 0x22882 : @__libc_init_first+68 : c_mv : c_mv a1, s1 : IntAlu : D=0x7ffffffffffffed8
25278000 : system.cpu : T0 : 0x22884 : @__libc_init_first+70 : c_mv : c_mv a0, s0 : IntAlu : D=0x0000000000000001
25282000 : system.cpu : T0 : 0x22886 : @__libc_init_first+72 : jal : jal ra, -4030 : IntAlu : D=0x000000000002288a
29125000 : system.cpu : T0 : 0x2288a : @__libc_init_first+76 : c_ldsp : c_ldsp s0, 16(sp) : MemRead : D=0x000000000001089a A=0x7ffffffffffffd80
29129000 : system.cpu : T0 : 0x2288c : @__libc_init_first+78 : c_ldsp : c_ldsp ra, 24(sp) : MemRead : D=0x00000000000104e6 A=0x7ffffffffffffd88
29133000 : system.cpu : T0 : 0x2288e : @__libc_init_first+80 : c_ldsp : c_ldsp s1, 8(sp) : MemRead : D=0x000000000001092a A=0x7ffffffffffffd78
29137000 : system.cpu : T0 : 0x22890 : @__libc_init_first+82 : c_ldsp : c_ldsp s2, 0(sp) : MemRead : D=0x0000000000000000 A=0x7ffffffffffffd70
29141000 : system.cpu : T0 : 0x22892 : @__libc_init_first+84 : c_addi16sp : c_addi16sp sp, 32 : IntAlu : D=0x7ffffffffffffd90
29143000 : system.cpu : T0 : 0x22894 : @__libc_init_first+86 : jal : jal zero, 30174 : IntAlu : D=0x0000000000022898
6310000 : system.cpu : T0 : 0x22898 : @__libc_init_first+90 : lw : lw a0, -1056(gp) : MemRead : D=0x0000000000000000 A=0x7bcd0
6365000 : system.cpu : T0 : 0x2289c : @__libc_init_first+94 : lw : lw a5, -1168(gp) : MemRead : D=0x0000000000000000 A=0x7bc60
6369000 : system.cpu : T0 : 0x228a0 : @__libc_init_first+98 : sw : sw zero, -1576(gp) : MemWrite : D=0x0000000000000000 A=0x7bac8
6373000 : system.cpu : T0 : 0x228a4 : @__libc_init_first+102 : beq : beq a5, a0, -64 : IntAlu : 
29216000 : system.cpu : T0 : 0x29e72 : @__ctype_init : ld : ld a5, 0(tp) : MemRead : D=0x000000000007b730 A=0x7e700
29220000 : system.cpu : T0 : 0x29e76 : @__ctype_init+4 : c_ld : c_ld a5, 0(a5) : MemRead : D=0x000000000005de80 A=0x7b730
29289000 : system.cpu : T0 : 0x29e78 : @__ctype_init+6 : c_ld : c_ld a0, 64(a5) : MemRead : D=0x000000000005f6b0 A=0x5dec0
29344000 : system.cpu : T0 : 0x29e7a : @__ctype_init+8 : c_ld : c_ld a2, 72(a5) : MemRead : D=0x000000000005ecb0 A=0x5dec8
29348000 : system.cpu : T0 : 0x29e7c : @__ctype_init+10 : c_ld : c_ld a4, 88(a5) : MemRead : D=0x000000000005e6b0 A=0x5ded8
29405000 : system.cpu : T0 : 0x29e7e : @__ctype_init+12 : addi : addi a0, a0, 256 : IntAlu : D=0x000000000005f7b0
29413000 : system.cpu : T0 : 0x29e82 : @__ctype_init+16 : addi : addi a2, a2, 512 : IntAlu : D=0x000000000005eeb0
29417000 : system.cpu : T0 : 0x29e86 : @__ctype_init+20 : addi : addi a4, a4, 512 : IntAlu : D=0x000000000005e8b0
29421000 : system.cpu : T0 : 0x29e8a : @__ctype_init+24 : sd : sd a0, 64(tp) : MemWrite : D=0x000000000005f7b0 A=0x7e740
29478000 : system.cpu : T0 : 0x29e8e : @__ctype_init+28 : sd : sd a2, 56(tp) : MemWrite : D=0x000000000005eeb0 A=0x7e738
29484000 : system.cpu : T0 : 0x29e92 : @__ctype_init+32 : sd : sd a4, 48(tp) : MemWrite : D=0x000000000005e8b0 A=0x7e730
29488000 : system.cpu : T0 : 0x29e96 : @__ctype_init+36 : c_jr : c_jr ra : IntAlu : 
34125000 : system.cpu : T0 : 0x38310 : @_IO_file_doallocate : c_lw : c_lw a5, 112(a0) : MemRead : D=0x0000000000000001 A=0x7a288
34129000 : system.cpu : T0 : 0x38312 : @_IO_file_doallocate+2 : c_addi16sp : c_addi16sp sp, -160 : IntAlu : D=0x7ffffffffffffc30
34131000 : system.cpu : T0 : 0x38314 : @_IO_file_doallocate+4 : c_sdsp : c_sdsp s0, 144(sp) : MemWrite : D=0x000000000007a218 A=0x7ffffffffffffcc0
34135000 : system.cpu : T0 : 0x38316 : @_IO_file_doallocate+6 : c_sdsp : c_sdsp ra, 152(sp) : MemWrite : D=0x0000000000018d2e A=0x7ffffffffffffcc8
34139000 : system.cpu : T0 : 0x38318 : @_IO_file_doallocate+8 : c_sdsp : c_sdsp s1, 136(sp) : MemWrite : D=0x00000000000749d8 A=0x7ffffffffffffcb8
34143000 : system.cpu : T0 : 0x3831a : @_IO_file_doallocate+10 : c_sdsp : c_sdsp s2, 128(sp) : MemWrite : D=0x000000000000000c A=0x7ffffffffffffcb0
34147000 : system.cpu : T0 : 0x3831c : @_IO_file_doallocate+12 : c_mv : c_mv s0, a0 : IntAlu : D=0x000000000007a218
34151000 : system.cpu : T0 : 0x3831e : @_IO_file_doallocate+14 : blt : blt a5, zero, 106 : IntAlu : 
34153000 : system.cpu : T0 : 0x38322 : @_IO_file_doallocate+18 : c_ld : c_ld s1, 216(a0) : MemRead : D=0x00000000000749d8 A=0x7a2f0
34157000 : system.cpu : T0 : 0x38324 : @_IO_file_doallocate+20 : lui : lui a5, 116 : IntAlu : D=0x0000000000074000
34159000 : system.cpu : T0 : 0x38328 : @_IO_file_doallocate+24 : lui : lui a4, 117 : IntAlu : D=0x0000000000075000
34161000 : system.cpu : T0 : 0x3832c : @_IO_file_doallocate+28 : addi : addi a5, a5, 2016 : IntAlu : D=0x00000000000747e0
34163000 : system.cpu : T0 : 0x38330 : @_IO_file_doallocate+32 : addi : addi a4, a4, -568 : IntAlu : D=0x0000000000074dc8
34165000 : system.cpu : T0 : 0x38334 : @_IO_file_doallocate+36 : c_sub : c_sub a4, a5 : IntAlu : D=0x00000000000005e8
34169000 : system.cpu : T0 : 0x38336 : @_IO_file_doallocate+38 : sub : sub a5, s1, a5 : IntAlu : D=0x00000000000001f8
34173000 : system.cpu : T0 : 0x3833a : @_IO_file_doallocate+42 : bgeu : bgeu a5, a4, 170 : IntAlu : 
34175000 : system.cpu : T0 : 0x3833e : @_IO_file_doallocate+46 : c_ld : c_ld a5, 144(s1) : MemRead : D=0x0000000000017642 A=0x74a68
34230000 : system.cpu : T0 : 0x38340 : @_IO_file_doallocate+48 : c_mv : c_mv a1, sp : IntAlu : D=0x7ffffffffffffc30
34236000 : system.cpu : T0 : 0x38342 : @_IO_file_doallocate+50 : c_mv : c_mv a0, s0 : IntAlu : D=0x000000000007a218
34238000 : system.cpu : T0 : 0x38344 : @_IO_file_doallocate+52 : c_jalr : c_jalr a5 : IntAlu : D=0x0000000000038346
34382000 : system.cpu : T0 : 0x38346 : @_IO_file_doallocate+54 : blt : blt a0, zero, 66 : IntAlu : 
34384000 : system.cpu : T0 : 0x3834a : @_IO_file_doallocate+58 : c_lwsp : c_lwsp a5, 16(sp) : MemRead : D=0x00000000000021b4 A=0x7ffffffffffffc40
34388000 : system.cpu : T0 : 0x3834c : @_IO_file_doallocate+60 : c_lui : c_lui a3, 15 : IntAlu : D=0x000000000000f000
34390000 : system.cpu : T0 : 0x3834e : @_IO_file_doallocate+62 : c_lui : c_lui a4, 2 : IntAlu : D=0x0000000000002000
34392000 : system.cpu : T0 : 0x38350 : @_IO_file_doallocate+64 : c_and : c_and a5, a3 : IntAlu : D=0x0000000000002000
34396000 : system.cpu : T0 : 0x38352 : @_IO_file_doallocate+66 : beq : beq a5, a4, 78 : IntAlu : 
35705000 : system.cpu : T0 : 0x3836c : @_IO_file_doallocate+92 : add : add a2, a0, s1 : IntAlu : D=0x0000000000081530
35707000 : system.cpu : T0 : 0x38370 : @_IO_file_doallocate+96 : c_mv : c_mv a1, a0 : IntAlu : D=0x000000000007f530
35709000 : system.cpu : T0 : 0x38372 : @_IO_file_doallocate+98 : c_li : c_li a3, 1 : IntAlu : D=0x0000000000000001
35711000 : system.cpu : T0 : 0x38374 : @_IO_file_doallocate+100 : c_mv : c_mv a0, s0 : IntAlu : D=0x000000000007a218
35715000 : system.cpu : T0 : 0x38376 : @_IO_file_doallocate+102 : jal : jal ra, -128760 : IntAlu : D=0x000000000003837a
35897000 : system.cpu : T0 : 0x3837a : @_IO_file_doallocate+106 : c_ldsp : c_ldsp ra, 152(sp) : MemRead : D=0x0000000000018d2e A=0x7ffffffffffffcc8
35901000 : system.cpu : T0 : 0x3837c : @_IO_file_doallocate+108 : c_ldsp : c_ldsp s0, 144(sp) : MemRead : D=0x000000000007a218 A=0x7ffffffffffffcc0
35905000 : system.cpu : T0 : 0x3837e : @_IO_file_doallocate+110 : c_ldsp : c_ldsp s1, 136(sp) : MemRead : D=0x00000000000749d8 A=0x7ffffffffffffcb8
35909000 : system.cpu : T0 : 0x38380 : @_IO_file_doallocate+112 : c_ldsp : c_ldsp s2, 128(sp) : MemRead : D=0x000000000000000c A=0x7ffffffffffffcb0
35913000 : system.cpu : T0 : 0x38382 : @_IO_file_doallocate+114 : c_li : c_li a0, 1 : IntAlu : D=0x0000000000000001
35915000 : system.cpu : T0 : 0x38384 : @_IO_file_doallocate+116 : c_addi16sp : c_addi16sp sp, 160 : IntAlu : D=0x7ffffffffffffcd0
35917000 : system.cpu : T0 : 0x38386 : @_IO_file_doallocate+118 : c_jr : c_jr ra : IntAlu : 
34556000 : system.cpu : T0 : 0x38388 : @_IO_file_doallocate+120 : c_lui : c_lui s1, 2 : IntAlu : D=0x0000000000002000
34558000 : system.cpu : T0 : 0x3838a : @_IO_file_doallocate+122 : c_mv : c_mv a0, s1 : IntAlu : D=0x0000000000002000
34560000 : system.cpu : T0 : 0x3838c : @_IO_file_doallocate+124 : jal : jal ra, -110066 : IntAlu : D=0x0000000000038390
35703000 : system.cpu : T0 : 0x38390 : @_IO_file_doallocate+128 : c_bnez : c_bnez a0, -36 : IntAlu : 
34449000 : system.cpu : T0 : 0x383a0 : @_IO_file_doallocate+144 : c_ldsp : c_ldsp a5, 32(sp) : MemRead : D=0x000000000000880d A=0x7ffffffffffffc50
34453000 : system.cpu : T0 : 0x383a2 : @_IO_file_doallocate+146 : c_lui : c_lui a2, 1048575 : IntAlu : D=0xfffffffffffff000
34455000 : system.cpu : T0 : 0x383a4 : @_IO_file_doallocate+148 : c_li : c_li a3, 7 : IntAlu : D=0x0000000000000007
34459000 : system.cpu : T0 : 0x383a6 : @_IO_file_doallocate+150 : slli : slli a4, a5, 44 : IntAlu : D=0x0880d00000000000
34461000 : system.cpu : T0 : 0x383aa : @_IO_file_doallocate+154 : c_srli : c_srli a5, 32 : IntAlu : D=0x0000000000000000
34463000 : system.cpu : T0 : 0x383ac : @_IO_file_doallocate+156 : c_srli : c_srli a4, 52 : IntAlu : D=0x0000000000000088
34465000 : system.cpu : T0 : 0x383ae : @_IO_file_doallocate+158 : c_and : c_and a5, a2 : IntAlu : D=0x0000000000000000
34467000 : system.cpu : T0 : 0x383b0 : @_IO_file_doallocate+160 : c_or : c_or a5, a4 : IntAlu : D=0x0000000000000088
34471000 : system.cpu : T0 : 0x383b2 : @_IO_file_doallocate+162 : addiw : addiw a5, a5, -136 : IntAlu : D=0x0000000000000000
34475000 : system.cpu : T0 : 0x383b6 : @_IO_file_doallocate+166 : bltu : bltu a3, a5, 28 : IntAlu : 
34477000 : system.cpu : T0 : 0x383ba : @_IO_file_doallocate+170 : c_lw : c_lw a5, 0(s0) : MemRead : D=0xfffffffffbad2084 A=0x7a218
34481000 : system.cpu : T0 : 0x383bc : @_IO_file_doallocate+172 : c_lwsp : c_lwsp s1, 56(sp) : MemRead : D=0x0000000000002000 A=0x7ffffffffffffc68
34538000 : system.cpu : T0 : 0x383be : @_IO_file_doallocate+174 : ori : ori a5, a5, 512 : IntAlu : D=0xfffffffffbad2284
34544000 : system.cpu : T0 : 0x383c2 : @_IO_file_doallocate+178 : c_sw : c_sw a5, 0(s0) : MemWrite : D=0x00000000fbad2284 A=0x7a218
34548000 : system.cpu : T0 : 0x383c4 : @_IO_file_doallocate+180 : c_lui : c_lui a5, 2 : IntAlu : D=0x0000000000002000
34550000 : system.cpu : T0 : 0x383c6 : @_IO_file_doallocate+182 : c_addi : c_addi a5, -2 : IntAlu : D=0x0000000000001ffe
34552000 : system.cpu : T0 : 0x383c8 : @_IO_file_doallocate+184 : addiw : addiw a4, s1, -1 : IntAlu : D=0x0000000000001fff
34554000 : system.cpu : T0 : 0x383cc : @_IO_file_doallocate+188 : bltu : bltu a5, a4, -68 : IntAlu : 
25452000 : system.cpu : T0 : 0x39cb6 : @rindex : c_addi : c_addi sp, -32 : IntAlu : D=0x7ffffffffffffd30
25458000 : system.cpu : T0 : 0x39cb8 : @rindex+2 : c_sdsp : c_sdsp s0, 16(sp) : MemWrite : D=0x7ffffffffffffed8 A=0x7ffffffffffffd40
25462000 : system.cpu : T0 : 0x39cba : @rindex+4 : c_sdsp : c_sdsp ra, 24(sp) : MemWrite : D=0x00000000000218e2 A=0x7ffffffffffffd48
25466000 : system.cpu : T0 : 0x39cbc : @rindex+6 : c_sdsp : c_sdsp s1, 8(sp) : MemWrite : D=0x7fffffffffffff7b A=0x7ffffffffffffd38
25523000 : system.cpu : T0 : 0x39cbe : @rindex+8 : andi : andi s0, a1, 255 : IntAlu : D=0x000000000000002f
25529000 : system.cpu : T0 : 0x39cc2 : @rindex+12 : c_beqz : c_beqz s0, 36 : IntAlu : 
25531000 : system.cpu : T0 : 0x39cc4 : @rindex+14 : c_mv : c_mv a5, a0 : IntAlu : D=0x7fffffffffffff7b
25533000 : system.cpu : T0 : 0x39cc6 : @rindex+16 : c_li : c_li s1, 0 : IntAlu : D=0x0000000000000000
25535000 : system.cpu : T0 : 0x39cc8 : @rindex+18 : c_j : c_j 8 : IntAlu : 
25565000 : system.cpu : T0 : 0x39cca : @rindex+20 : addi : addi a5, a0, 1 : IntAlu : D=0x7fffffffffffff7c
25885000 : system.cpu : T0 : 0x39cca : @rindex+20 : addi : addi a5, a0, 1 : IntAlu : D=0x7fffffffffffff81
26135000 : system.cpu : T0 : 0x39cca : @rindex+20 : addi : addi a5, a0, 1 : IntAlu : D=0x7fffffffffffff89
26462000 : system.cpu : T0 : 0x39cca : @rindex+20 : addi : addi a5, a0, 1 : IntAlu : D=0x7fffffffffffff93
26718000 : system.cpu : T0 : 0x39cca : @rindex+20 : addi : addi a5, a0, 1 : IntAlu : D=0x7fffffffffffff9d
26950000 : system.cpu : T0 : 0x39cca : @rindex+20 : addi : addi a5, a0, 1 : IntAlu : D=0x7fffffffffffffa6
27132000 : system.cpu : T0 : 0x39cca : @rindex+20 : addi : addi a5, a0, 1 : IntAlu : D=0x7fffffffffffffab
27368000 : system.cpu : T0 : 0x39cca : @rindex+20 : addi : addi a5, a0, 1 : IntAlu : D=0x7fffffffffffffb3
27616000 : system.cpu : T0 : 0x39cca : @rindex+20 : addi : addi a5, a0, 1 : IntAlu : D=0x7fffffffffffffbc
27684000 : system.cpu : T0 : 0x39cca : @rindex+20 : addi : addi a5, a0, 1 : IntAlu : D=0x7fffffffffffffbf
27919000 : system.cpu : T0 : 0x39cca : @rindex+20 : addi : addi a5, a0, 1 : IntAlu : D=0x7fffffffffffffc2
28041000 : system.cpu : T0 : 0x39cca : @rindex+20 : addi : addi a5, a0, 1 : IntAlu : D=0x7fffffffffffffc8
28235000 : system.cpu : T0 : 0x39cca : @rindex+20 : addi : addi a5, a0, 1 : IntAlu : D=0x7fffffffffffffd3
28449000 : system.cpu : T0 : 0x39cca : @rindex+20 : addi : addi a5, a0, 1 : IntAlu : D=0x7fffffffffffffd9
28535000 : system.cpu : T0 : 0x39cca : @rindex+20 : addi : addi a5, a0, 1 : IntAlu : D=0x7fffffffffffffdd
28735000 : system.cpu : T0 : 0x39cca : @rindex+20 : addi : addi a5, a0, 1 : IntAlu : D=0x7fffffffffffffe3
28949000 : system.cpu : T0 : 0x39cca : @rindex+20 : addi : addi a5, a0, 1 : IntAlu : D=0x7fffffffffffffe9
25567000 : system.cpu : T0 : 0x39cce : @rindex+24 : c_mv : c_mv s1, a0 : IntAlu : D=0x7fffffffffffff7b
25887000 : system.cpu : T0 : 0x39cce : @rindex+24 : c_mv : c_mv s1, a0 : IntAlu : D=0x7fffffffffffff80
26137000 : system.cpu : T0 : 0x39cce : @rindex+24 : c_mv : c_mv s1, a0 : IntAlu : D=0x7fffffffffffff88
26464000 : system.cpu : T0 : 0x39cce : @rindex+24 : c_mv : c_mv s1, a0 : IntAlu : D=0x7fffffffffffff92
26720000 : system.cpu : T0 : 0x39cce : @rindex+24 : c_mv : c_mv s1, a0 : IntAlu : D=0x7fffffffffffff9c
26952000 : system.cpu : T0 : 0x39cce : @rindex+24 : c_mv : c_mv s1, a0 : IntAlu : D=0x7fffffffffffffa5
27134000 : system.cpu : T0 : 0x39cce : @rindex+24 : c_mv : c_mv s1, a0 : IntAlu : D=0x7fffffffffffffaa
27370000 : system.cpu : T0 : 0x39cce : @rindex+24 : c_mv : c_mv s1, a0 : IntAlu : D=0x7fffffffffffffb2
27618000 : system.cpu : T0 : 0x39cce : @rindex+24 : c_mv : c_mv s1, a0 : IntAlu : D=0x7fffffffffffffbb
27686000 : system.cpu : T0 : 0x39cce : @rindex+24 : c_mv : c_mv s1, a0 : IntAlu : D=0x7fffffffffffffbe
27921000 : system.cpu : T0 : 0x39cce : @rindex+24 : c_mv : c_mv s1, a0 : IntAlu : D=0x7fffffffffffffc1
28043000 : system.cpu : T0 : 0x39cce : @rindex+24 : c_mv : c_mv s1, a0 : IntAlu : D=0x7fffffffffffffc7
28237000 : system.cpu : T0 : 0x39cce : @rindex+24 : c_mv : c_mv s1, a0 : IntAlu : D=0x7fffffffffffffd2
28451000 : system.cpu : T0 : 0x39cce : @rindex+24 : c_mv : c_mv s1, a0 : IntAlu : D=0x7fffffffffffffd8
28537000 : system.cpu : T0 : 0x39cce : @rindex+24 : c_mv : c_mv s1, a0 : IntAlu : D=0x7fffffffffffffdc
28737000 : system.cpu : T0 : 0x39cce : @rindex+24 : c_mv : c_mv s1, a0 : IntAlu : D=0x7fffffffffffffe2
28951000 : system.cpu : T0 : 0x39cce : @rindex+24 : c_mv : c_mv s1, a0 : IntAlu : D=0x7fffffffffffffe8
25537000 : system.cpu : T0 : 0x39cd0 : @rindex+26 : c_mv : c_mv a0, a5 : IntAlu : D=0x7fffffffffffff7b
25569000 : system.cpu : T0 : 0x39cd0 : @rindex+26 : c_mv : c_mv a0, a5 : IntAlu : D=0x7fffffffffffff7c
25889000 : system.cpu : T0 : 0x39cd0 : @rindex+26 : c_mv : c_mv a0, a5 : IntAlu : D=0x7fffffffffffff81
26139000 : system.cpu : T0 : 0x39cd0 : @rindex+26 : c_mv : c_mv a0, a5 : IntAlu : D=0x7fffffffffffff89
26466000 : system.cpu : T0 : 0x39cd0 : @rindex+26 : c_mv : c_mv a0, a5 : IntAlu : D=0x7fffffffffffff93
26722000 : system.cpu : T0 : 0x39cd0 : @rindex+26 : c_mv : c_mv a0, a5 : IntAlu : D=0x7fffffffffffff9d
26954000 : system.cpu : T0 : 0x39cd0 : @rindex+26 : c_mv : c_mv a0, a5 : IntAlu : D=0x7fffffffffffffa6
27136000 : system.cpu : T0 : 0x39cd0 : @rindex+26 : c_mv : c_mv a0, a5 : IntAlu : D=0x7fffffffffffffab
27372000 : system.cpu : T0 : 0x39cd0 : @rindex+26 : c_mv : c_mv a0, a5 : IntAlu : D=0x7fffffffffffffb3
27620000 : system.cpu : T0 : 0x39cd0 : @rindex+26 : c_mv : c_mv a0, a5 : IntAlu : D=0x7fffffffffffffbc
27688000 : system.cpu : T0 : 0x39cd0 : @rindex+26 : c_mv : c_mv a0, a5 : IntAlu : D=0x7fffffffffffffbf
27923000 : system.cpu : T0 : 0x39cd0 : @rindex+26 : c_mv : c_mv a0, a5 : IntAlu : D=0x7fffffffffffffc2
28045000 : system.cpu : T0 : 0x39cd0 : @rindex+26 : c_mv : c_mv a0, a5 : IntAlu : D=0x7fffffffffffffc8
28239000 : system.cpu : T0 : 0x39cd0 : @rindex+26 : c_mv : c_mv a0, a5 : IntAlu : D=0x7fffffffffffffd3
28453000 : system.cpu : T0 : 0x39cd0 : @rindex+26 : c_mv : c_mv a0, a5 : IntAlu : D=0x7fffffffffffffd9
28539000 : system.cpu : T0 : 0x39cd0 : @rindex+26 : c_mv : c_mv a0, a5 : IntAlu : D=0x7fffffffffffffdd
28739000 : system.cpu : T0 : 0x39cd0 : @rindex+26 : c_mv : c_mv a0, a5 : IntAlu : D=0x7fffffffffffffe3
28953000 : system.cpu : T0 : 0x39cd0 : @rindex+26 : c_mv : c_mv a0, a5 : IntAlu : D=0x7fffffffffffffe9
25539000 : system.cpu : T0 : 0x39cd2 : @rindex+28 : c_mv : c_mv a1, s0 : IntAlu : D=0x000000000000002f
25571000 : system.cpu : T0 : 0x39cd2 : @rindex+28 : c_mv : c_mv a1, s0 : IntAlu : D=0x000000000000002f
25891000 : system.cpu : T0 : 0x39cd2 : @rindex+28 : c_mv : c_mv a1, s0 : IntAlu : D=0x000000000000002f
26141000 : system.cpu : T0 : 0x39cd2 : @rindex+28 : c_mv : c_mv a1, s0 : IntAlu : D=0x000000000000002f
26468000 : system.cpu : T0 : 0x39cd2 : @rindex+28 : c_mv : c_mv a1, s0 : IntAlu : D=0x000000000000002f
26724000 : system.cpu : T0 : 0x39cd2 : @rindex+28 : c_mv : c_mv a1, s0 : IntAlu : D=0x000000000000002f
26956000 : system.cpu : T0 : 0x39cd2 : @rindex+28 : c_mv : c_mv a1, s0 : IntAlu : D=0x000000000000002f
27138000 : system.cpu : T0 : 0x39cd2 : @rindex+28 : c_mv : c_mv a1, s0 : IntAlu : D=0x000000000000002f
27374000 : system.cpu : T0 : 0x39cd2 : @rindex+28 : c_mv : c_mv a1, s0 : IntAlu : D=0x000000000000002f
27622000 : system.cpu : T0 : 0x39cd2 : @rindex+28 : c_mv : c_mv a1, s0 : IntAlu : D=0x000000000000002f
27690000 : system.cpu : T0 : 0x39cd2 : @rindex+28 : c_mv : c_mv a1, s0 : IntAlu : D=0x000000000000002f
27925000 : system.cpu : T0 : 0x39cd2 : @rindex+28 : c_mv : c_mv a1, s0 : IntAlu : D=0x000000000000002f
28047000 : system.cpu : T0 : 0x39cd2 : @rindex+28 : c_mv : c_mv a1, s0 : IntAlu : D=0x000000000000002f
28241000 : system.cpu : T0 : 0x39cd2 : @rindex+28 : c_mv : c_mv a1, s0 : IntAlu : D=0x000000000000002f
28455000 : system.cpu : T0 : 0x39cd2 : @rindex+28 : c_mv : c_mv a1, s0 : IntAlu : D=0x000000000000002f
28541000 : system.cpu : T0 : 0x39cd2 : @rindex+28 : c_mv : c_mv a1, s0 : IntAlu : D=0x000000000000002f
28741000 : system.cpu : T0 : 0x39cd2 : @rindex+28 : c_mv : c_mv a1, s0 : IntAlu : D=0x000000000000002f
28955000 : system.cpu : T0 : 0x39cd2 : @rindex+28 : c_mv : c_mv a1, s0 : IntAlu : D=0x000000000000002f
25541000 : system.cpu : T0 : 0x39cd4 : @rindex+30 : jal : jal ra, -111940 : IntAlu : D=0x0000000000039cd8
25573000 : system.cpu : T0 : 0x39cd4 : @rindex+30 : jal : jal ra, -111940 : IntAlu : D=0x0000000000039cd8
25893000 : system.cpu : T0 : 0x39cd4 : @rindex+30 : jal : jal ra, -111940 : IntAlu : D=0x0000000000039cd8
26143000 : system.cpu : T0 : 0x39cd4 : @rindex+30 : jal : jal ra, -111940 : IntAlu : D=0x0000000000039cd8
26470000 : system.cpu : T0 : 0x39cd4 : @rindex+30 : jal : jal ra, -111940 : IntAlu : D=0x0000000000039cd8
26726000 : system.cpu : T0 : 0x39cd4 : @rindex+30 : jal : jal ra, -111940 : IntAlu : D=0x0000000000039cd8
26958000 : system.cpu : T0 : 0x39cd4 : @rindex+30 : jal : jal ra, -111940 : IntAlu : D=0x0000000000039cd8
27140000 : system.cpu : T0 : 0x39cd4 : @rindex+30 : jal : jal ra, -111940 : IntAlu : D=0x0000000000039cd8
27376000 : system.cpu : T0 : 0x39cd4 : @rindex+30 : jal : jal ra, -111940 : IntAlu : D=0x0000000000039cd8
27624000 : system.cpu : T0 : 0x39cd4 : @rindex+30 : jal : jal ra, -111940 : IntAlu : D=0x0000000000039cd8
27692000 : system.cpu : T0 : 0x39cd4 : @rindex+30 : jal : jal ra, -111940 : IntAlu : D=0x0000000000039cd8
27927000 : system.cpu : T0 : 0x39cd4 : @rindex+30 : jal : jal ra, -111940 : IntAlu : D=0x0000000000039cd8
28049000 : system.cpu : T0 : 0x39cd4 : @rindex+30 : jal : jal ra, -111940 : IntAlu : D=0x0000000000039cd8
28243000 : system.cpu : T0 : 0x39cd4 : @rindex+30 : jal : jal ra, -111940 : IntAlu : D=0x0000000000039cd8
28457000 : system.cpu : T0 : 0x39cd4 : @rindex+30 : jal : jal ra, -111940 : IntAlu : D=0x0000000000039cd8
28543000 : system.cpu : T0 : 0x39cd4 : @rindex+30 : jal : jal ra, -111940 : IntAlu : D=0x0000000000039cd8
28743000 : system.cpu : T0 : 0x39cd4 : @rindex+30 : jal : jal ra, -111940 : IntAlu : D=0x0000000000039cd8
28957000 : system.cpu : T0 : 0x39cd4 : @rindex+30 : jal : jal ra, -111940 : IntAlu : D=0x0000000000039cd8
25561000 : system.cpu : T0 : 0x39cd8 : @rindex+34 : c_bnez : c_bnez a0, -14 : IntAlu : 
25881000 : system.cpu : T0 : 0x39cd8 : @rindex+34 : c_bnez : c_bnez a0, -14 : IntAlu : 
26131000 : system.cpu : T0 : 0x39cd8 : @rindex+34 : c_bnez : c_bnez a0, -14 : IntAlu : 
26458000 : system.cpu : T0 : 0x39cd8 : @rindex+34 : c_bnez : c_bnez a0, -14 : IntAlu : 
26714000 : system.cpu : T0 : 0x39cd8 : @rindex+34 : c_bnez : c_bnez a0, -14 : IntAlu : 
26946000 : system.cpu : T0 : 0x39cd8 : @rindex+34 : c_bnez : c_bnez a0, -14 : IntAlu : 
27128000 : system.cpu : T0 : 0x39cd8 : @rindex+34 : c_bnez : c_bnez a0, -14 : IntAlu : 
27364000 : system.cpu : T0 : 0x39cd8 : @rindex+34 : c_bnez : c_bnez a0, -14 : IntAlu : 
27612000 : system.cpu : T0 : 0x39cd8 : @rindex+34 : c_bnez : c_bnez a0, -14 : IntAlu : 
27680000 : system.cpu : T0 : 0x39cd8 : @rindex+34 : c_bnez : c_bnez a0, -14 : IntAlu : 
27915000 : system.cpu : T0 : 0x39cd8 : @rindex+34 : c_bnez : c_bnez a0, -14 : IntAlu : 
28037000 : system.cpu : T0 : 0x39cd8 : @rindex+34 : c_bnez : c_bnez a0, -14 : IntAlu : 
28231000 : system.cpu : T0 : 0x39cd8 : @rindex+34 : c_bnez : c_bnez a0, -14 : IntAlu : 
28445000 : system.cpu : T0 : 0x39cd8 : @rindex+34 : c_bnez : c_bnez a0, -14 : IntAlu : 
28531000 : system.cpu : T0 : 0x39cd8 : @rindex+34 : c_bnez : c_bnez a0, -14 : IntAlu : 
28731000 : system.cpu : T0 : 0x39cd8 : @rindex+34 : c_bnez : c_bnez a0, -14 : IntAlu : 
28945000 : system.cpu : T0 : 0x39cd8 : @rindex+34 : c_bnez : c_bnez a0, -14 : IntAlu : 
29071000 : system.cpu : T0 : 0x39cd8 : @rindex+34 : c_bnez : c_bnez a0, -14 : IntAlu : 
29073000 : system.cpu : T0 : 0x39cda : @rindex+36 : c_ldsp : c_ldsp ra, 24(sp) : MemRead : D=0x00000000000218e2 A=0x7ffffffffffffd48
29077000 : system.cpu : T0 : 0x39cdc : @rindex+38 : c_ldsp : c_ldsp s0, 16(sp) : MemRead : D=0x7ffffffffffffed8 A=0x7ffffffffffffd40
29081000 : system.cpu : T0 : 0x39cde : @rindex+40 : c_mv : c_mv a0, s1 : IntAlu : D=0x7fffffffffffffe8
29083000 : system.cpu : T0 : 0x39ce0 : @rindex+42 : c_ldsp : c_ldsp s1, 8(sp) : MemRead : D=0x7fffffffffffff7b A=0x7ffffffffffffd38
29087000 : system.cpu : T0 : 0x39ce2 : @rindex+44 : c_addi16sp : c_addi16sp sp, 32 : IntAlu : D=0x7ffffffffffffd50
29089000 : system.cpu : T0 : 0x39ce4 : @rindex+46 : c_jr : c_jr ra : IntAlu : 
2850000 : system.cpu : T0 : 0x3ca50 : @__uname : addi : addi a7, zero, 160 : IntAlu : D=0x00000000000000a0
2856000 : system.cpu : T0 : 0x3ca54 : @__uname+4 : ecall : ecall : No_OpClass : 
2858000 : system.cpu : T0 : 0x3ca58 : @__uname+8 : blt : blt a0, zero, -12 : IntAlu : 
2860000 : system.cpu : T0 : 0x3ca5c : @__uname+12 : c_jr : c_jr ra : IntAlu : 
4264000 : system.cpu : T0 : 0x3cc50 : @brk : c_mv : c_mv a5, a0 : IntAlu : D=0x0000000000000000
4371000 : system.cpu : T0 : 0x3cc50 : @brk : c_mv : c_mv a5, a0 : IntAlu : D=0x000000000007ef60
14615000 : system.cpu : T0 : 0x3cc50 : @brk : c_mv : c_mv a5, a0 : IntAlu : D=0x000000000009ff60
15204000 : system.cpu : T0 : 0x3cc50 : @brk : c_mv : c_mv a5, a0 : IntAlu : D=0x00000000000a0000
4272000 : system.cpu : T0 : 0x3cc52 : @brk+2 : addi : addi a7, zero, 214 : IntAlu : D=0x00000000000000d6
4375000 : system.cpu : T0 : 0x3cc52 : @brk+2 : addi : addi a7, zero, 214 : IntAlu : D=0x00000000000000d6
14619000 : system.cpu : T0 : 0x3cc52 : @brk+2 : addi : addi a7, zero, 214 : IntAlu : D=0x00000000000000d6
15208000 : system.cpu : T0 : 0x3cc52 : @brk+2 : addi : addi a7, zero, 214 : IntAlu : D=0x00000000000000d6
4276000 : system.cpu : T0 : 0x3cc56 : @brk+6 : ecall : ecall : No_OpClass : 
4379000 : system.cpu : T0 : 0x3cc56 : @brk+6 : ecall : ecall : No_OpClass : 
14623000 : system.cpu : T0 : 0x3cc56 : @brk+6 : ecall : ecall : No_OpClass : 
15212000 : system.cpu : T0 : 0x3cc56 : @brk+6 : ecall : ecall : No_OpClass : 
4280000 : system.cpu : T0 : 0x3cc5a : @brk+10 : sd : sd a0, -832(gp) : MemWrite : D=0x000000000007e000 A=0x7bdb0
4383000 : system.cpu : T0 : 0x3cc5a : @brk+10 : sd : sd a0, -832(gp) : MemWrite : D=0x000000000007ef60 A=0x7bdb0
14627000 : system.cpu : T0 : 0x3cc5a : @brk+10 : sd : sd a0, -832(gp) : MemWrite : D=0x000000000009ff60 A=0x7bdb0
15216000 : system.cpu : T0 : 0x3cc5a : @brk+10 : sd : sd a0, -832(gp) : MemWrite : D=0x00000000000a0000 A=0x7bdb0
4286000 : system.cpu : T0 : 0x3cc5e : @brk+14 : bltu : bltu a0, a5, 8 : IntAlu : 
4389000 : system.cpu : T0 : 0x3cc5e : @brk+14 : bltu : bltu a0, a5, 8 : IntAlu : 
14633000 : system.cpu : T0 : 0x3cc5e : @brk+14 : bltu : bltu a0, a5, 8 : IntAlu : 
15222000 : system.cpu : T0 : 0x3cc5e : @brk+14 : bltu : bltu a0, a5, 8 : IntAlu : 
4288000 : system.cpu : T0 : 0x3cc62 : @brk+18 : c_li : c_li a0, 0 : IntAlu : D=0x0000000000000000
4391000 : system.cpu : T0 : 0x3cc62 : @brk+18 : c_li : c_li a0, 0 : IntAlu : D=0x0000000000000000
14635000 : system.cpu : T0 : 0x3cc62 : @brk+18 : c_li : c_li a0, 0 : IntAlu : D=0x0000000000000000
15224000 : system.cpu : T0 : 0x3cc62 : @brk+18 : c_li : c_li a0, 0 : IntAlu : D=0x0000000000000000
4290000 : system.cpu : T0 : 0x3cc64 : @brk+20 : c_jr : c_jr ra : IntAlu : 
4393000 : system.cpu : T0 : 0x3cc64 : @brk+20 : c_jr : c_jr ra : IntAlu : 
14637000 : system.cpu : T0 : 0x3cc64 : @brk+20 : c_jr : c_jr ra : IntAlu : 
15226000 : system.cpu : T0 : 0x3cc64 : @brk+20 : c_jr : c_jr ra : IntAlu : 
18667000 : system.cpu : T0 : 0x3ec6c : @_dl_init_paths : c_addi16sp : c_addi16sp sp, -64 : IntAlu : D=0x7ffffffffffffcd0
18673000 : system.cpu : T0 : 0x3ec6e : @_dl_init_paths+2 : c_sdsp : c_sdsp ra, 56(sp) : MemWrite : D=0x00000000000221ae A=0x7ffffffffffffd08
18677000 : system.cpu : T0 : 0x3ec70 : @_dl_init_paths+4 : c_sdsp : c_sdsp s0, 48(sp) : MemWrite : D=0x0000000000000001 A=0x7ffffffffffffd00
18681000 : system.cpu : T0 : 0x3ec72 : @_dl_init_paths+6 : c_sdsp : c_sdsp s3, 24(sp) : MemWrite : D=0x000000000007d000 A=0x7ffffffffffffce8
18685000 : system.cpu : T0 : 0x3ec74 : @_dl_init_paths+8 : c_sdsp : c_sdsp s4, 16(sp) : MemWrite : D=0x0000000000000000 A=0x7ffffffffffffce0
18689000 : system.cpu : T0 : 0x3ec76 : @_dl_init_paths+10 : c_addi4spn : c_addi4spn s0, sp, 64 : IntAlu : D=0x7ffffffffffffd10
18691000 : system.cpu : T0 : 0x3ec78 : @_dl_init_paths+12 : c_sdsp : c_sdsp s1, 40(sp) : MemWrite : D=0x000000000007d000 A=0x7ffffffffffffcf8
18695000 : system.cpu : T0 : 0x3ec7a : @_dl_init_paths+14 : c_sdsp : c_sdsp s2, 32(sp) : MemWrite : D=0x000000000007d000 A=0x7ffffffffffffcf0
18699000 : system.cpu : T0 : 0x3ec7c : @_dl_init_paths+16 : c_sdsp : c_sdsp s5, 8(sp) : MemWrite : D=0x0000000000000000 A=0x7ffffffffffffcd8
18756000 : system.cpu : T0 : 0x3ec7e : @_dl_init_paths+18 : lui : lui a5, 125 : IntAlu : D=0x000000000007d000
18764000 : system.cpu : T0 : 0x3ec82 : @_dl_init_paths+22 : ld : ld a1, 128(a5) : MemRead : D=0x0000000000000000 A=0x7d080
18770000 : system.cpu : T0 : 0x3ec86 : @_dl_init_paths+26 : lui : lui a5, 125 : IntAlu : D=0x000000000007d000
18772000 : system.cpu : T0 : 0x3ec8a : @_dl_init_paths+30 : c_mv : c_mv s4, a0 : IntAlu : D=0x0000000000000000
18774000 : system.cpu : T0 : 0x3ec8c : @_dl_init_paths+32 : lui : lui s3, 122 : IntAlu : D=0x000000000007a000
18776000 : system.cpu : T0 : 0x3ec90 : @_dl_init_paths+36 : ld : ld a0, 176(a5) : MemRead : D=0x0000000000000000 A=0x7d0b0
18780000 : system.cpu : T0 : 0x3ec94 : @_dl_init_paths+40 : addi : addi s3, s3, -64 : IntAlu : D=0x0000000000079fc0
18782000 : system.cpu : T0 : 0x3ec98 : @_dl_init_paths+44 : addi : addi a3, s3, 8 : IntAlu : D=0x0000000000079fc8
18784000 : system.cpu : T0 : 0x3ec9c : @_dl_init_paths+48 : addi : addi a2, s3, 16 : IntAlu : D=0x0000000000079fd0
18786000 : system.cpu : T0 : 0x3eca0 : @_dl_init_paths+52 : jal : jal ra, 10214 : IntAlu : D=0x000000000003eca4
20918000 : system.cpu : T0 : 0x3eca4 : @_dl_init_paths+56 : sd : sd a0, 24(s3) : MemWrite : D=0x000000000007efd0 A=0x79fd8
20922000 : system.cpu : T0 : 0x3eca8 : @_dl_init_paths+60 : c_li : c_li a0, 24 : IntAlu : D=0x0000000000000018
20926000 : system.cpu : T0 : 0x3ecaa : @_dl_init_paths+62 : jal : jal ra, -136976 : IntAlu : D=0x000000000003ecae
21709000 : system.cpu : T0 : 0x3ecae : @_dl_init_paths+66 : sd : sd a0, 32(s3) : MemWrite : D=0x000000000007f000 A=0x79fe0
21715000 : system.cpu : T0 : 0x3ecb2 : @_dl_init_paths+70 : beq : beq a0, zero, 400 : IntAlu : 
21719000 : system.cpu : T0 : 0x3ecb6 : @_dl_init_paths+74 : ld : ld s2, 16(s3) : MemRead : D=0x0000000000000002 A=0x79fd0
21725000 : system.cpu : T0 : 0x3ecba : @_dl_init_paths+78 : addi : addi a3, zero, 40 : IntAlu : D=0x0000000000000028
21727000 : system.cpu : T0 : 0x3ecbe : @_dl_init_paths+82 : c_mv : c_mv s5, a0 : IntAlu : D=0x000000000007f000
21808000 : system.cpu : T0 : 0x3ecc0 : @_dl_init_paths+84 : slli : slli s1, s2, 2 : IntAlu : D=0x0000000000000008
21814000 : system.cpu : T0 : 0x3ecc4 : @_dl_init_paths+88 : addi : addi s1, s1, 79 : IntAlu : D=0x0000000000000057
21816000 : system.cpu : T0 : 0x3ecc8 : @_dl_init_paths+92 : divu : divu a3, s1, a3 : IntDiv : D=0x0000000000000002
21818000 : system.cpu : T0 : 0x3eccc : @_dl_init_paths+96 : slli : slli s1, a3, 2 : IntAlu : D=0x0000000000000008
21820000 : system.cpu : T0 : 0x3ecd0 : @_dl_init_paths+100 : c_add : c_add s1, a3 : IntAlu : D=0x000000000000000a
21824000 : system.cpu : T0 : 0x3ecd2 : @_dl_init_paths+102 : slli : slli a0, s1, 7 : IntAlu : D=0x0000000000000500
21828000 : system.cpu : T0 : 0x3ecd6 : @_dl_init_paths+106 : jal : jal ra, -137020 : IntAlu : D=0x000000000003ecda
22574000 : system.cpu : T0 : 0x3ecda : @_dl_init_paths+110 : sd : sd a0, 0(s5) : MemWrite : D=0x000000000007f020 A=0x7f000
22580000 : system.cpu : T0 : 0x3ecde : @_dl_init_paths+114 : beq : beq a0, zero, 338 : IntAlu : 
22584000 : system.cpu : T0 : 0x3ece2 : @_dl_init_paths+118 : lui : lui a5, 125 : IntAlu : D=0x000000000007d000
22588000 : system.cpu : T0 : 0x3ece6 : @_dl_init_paths+122 : lui : lui a1, 108 : IntAlu : D=0x000000000006c000
22592000 : system.cpu : T0 : 0x3ecea : @_dl_init_paths+126 : lui : lui a2, 107 : IntAlu : D=0x000000000006b000
22596000 : system.cpu : T0 : 0x3ecee : @_dl_init_paths+130 : addi : addi a1, a1, -928 : IntAlu : D=0x000000000006bc60
22600000 : system.cpu : T0 : 0x3ecf2 : @_dl_init_paths+134 : addi : addi a2, a2, 1464 : IntAlu : D=0x000000000006b5b8
22604000 : system.cpu : T0 : 0x3ecf6 : @_dl_init_paths+138 : sd : sd a0, 288(a5) : MemWrite : D=0x000000000007f020 A=0x7d120
22608000 : system.cpu : T0 : 0x3ecfa : @_dl_init_paths+142 : c_li : c_li a5, 5 : IntAlu : D=0x0000000000000005
22610000 : system.cpu : T0 : 0x3ecfc : @_dl_init_paths+144 : sw : sw zero, 40(s3) : MemWrite : D=0x0000000000000000 A=0x79fe8
22665000 : system.cpu : T0 : 0x3ed00 : @_dl_init_paths+148 : c_sd : c_sd a1, 8(a0) : MemWrite : D=0x000000000006bc60 A=0x7f028
22671000 : system.cpu : T0 : 0x3ed02 : @_dl_init_paths+150 : sd : sd zero, 16(a0) : MemWrite : D=0x0000000000000000 A=0x7f030
22675000 : system.cpu : T0 : 0x3ed06 : @_dl_init_paths+154 : c_sd : c_sd a2, 24(a0) : MemWrite : D=0x000000000006b5b8 A=0x7f038
22679000 : system.cpu : T0 : 0x3ed08 : @_dl_init_paths+156 : c_sd : c_sd a5, 32(a0) : MemWrite : D=0x0000000000000005 A=0x7f040
22736000 : system.cpu : T0 : 0x3ed0a : @_dl_init_paths+158 : slli : slli a3, s1, 3 : IntAlu : D=0x0000000000000050
22740000 : system.cpu : T0 : 0x3ed0e : @_dl_init_paths+162 : beq : beq s2, zero, 246 : IntAlu : 
22744000 : system.cpu : T0 : 0x3ed12 : @_dl_init_paths+166 : addi : addi a4, a0, 40 : IntAlu : D=0x000000000007f048
22746000 : system.cpu : T0 : 0x3ed16 : @_dl_init_paths+170 : c_li : c_li a5, 0 : IntAlu : D=0x0000000000000000
22748000 : system.cpu : T0 : 0x3ed18 : @_dl_init_paths+172 : sw : sw zero, 0(a4) : MemWrite : D=0x0000000000000000 A=0x7f048
22758000 : system.cpu : T0 : 0x3ed18 : @_dl_init_paths+172 : sw : sw zero, 0(a4) : MemWrite : D=0x0000000000000000 A=0x7f04c
22752000 : system.cpu : T0 : 0x3ed1c : @_dl_init_paths+176 : c_addi : c_addi a5, 1 : IntAlu : D=0x0000000000000001
22762000 : system.cpu : T0 : 0x3ed1c : @_dl_init_paths+176 : c_addi : c_addi a5, 1 : IntAlu : D=0x0000000000000002
22754000 : system.cpu : T0 : 0x3ed1e : @_dl_init_paths+178 : c_addi : c_addi a4, 4 : IntAlu : D=0x000000000007f04c
22764000 : system.cpu : T0 : 0x3ed1e : @_dl_init_paths+178 : c_addi : c_addi a4, 4 : IntAlu : D=0x000000000007f050
22756000 : system.cpu : T0 : 0x3ed20 : @_dl_init_paths+180 : bne : bne s2, a5, -8 : IntAlu : 
22766000 : system.cpu : T0 : 0x3ed20 : @_dl_init_paths+180 : bne : bne s2, a5, -8 : IntAlu : 
22768000 : system.cpu : T0 : 0x3ed24 : @_dl_init_paths+184 : c_add : c_add a3, a0 : IntAlu : D=0x000000000007f070
22770000 : system.cpu : T0 : 0x3ed26 : @_dl_init_paths+186 : c_sd : c_sd a3, 0(a0) : MemWrite : D=0x000000000007f070 A=0x7f020
22774000 : system.cpu : T0 : 0x3ed28 : @_dl_init_paths+188 : c_li : c_li a5, 9 : IntAlu : D=0x0000000000000009
22776000 : system.cpu : T0 : 0x3ed2a : @_dl_init_paths+190 : c_addi : c_addi a2, 6 : IntAlu : D=0x000000000006b5be
22778000 : system.cpu : T0 : 0x3ed2c : @_dl_init_paths+192 : c_sd : c_sd a5, 32(a3) : MemWrite : D=0x0000000000000009 A=0x7f090
22835000 : system.cpu : T0 : 0x3ed2e : @_dl_init_paths+194 : addi : addi a0, s5, 16 : IntAlu : D=0x000000000007f010
22839000 : system.cpu : T0 : 0x3ed32 : @_dl_init_paths+198 : sd : sd a3, 8(s5) : MemWrite : D=0x000000000007f070 A=0x7f008
22843000 : system.cpu : T0 : 0x3ed36 : @_dl_init_paths+202 : c_sd : c_sd a1, 8(a3) : MemWrite : D=0x000000000006bc60 A=0x7f078
22847000 : system.cpu : T0 : 0x3ed38 : @_dl_init_paths+204 : sd : sd zero, 16(a3) : MemWrite : D=0x0000000000000000 A=0x7f080
22851000 : system.cpu : T0 : 0x3ed3c : @_dl_init_paths+208 : c_sd : c_sd a2, 24(a3) : MemWrite : D=0x000000000006b5be A=0x7f088
22908000 : system.cpu : T0 : 0x3ed3e : @_dl_init_paths+210 : addi : addi a4, a3, 40 : IntAlu : D=0x000000000007f098
22914000 : system.cpu : T0 : 0x3ed42 : @_dl_init_paths+214 : c_li : c_li a5, 0 : IntAlu : D=0x0000000000000000
22916000 : system.cpu : T0 : 0x3ed44 : @_dl_init_paths+216 : sw : sw zero, 0(a4) : MemWrite : D=0x0000000000000000 A=0x7f098
22926000 : system.cpu : T0 : 0x3ed44 : @_dl_init_paths+216 : sw : sw zero, 0(a4) : MemWrite : D=0x0000000000000000 A=0x7f09c
22920000 : system.cpu : T0 : 0x3ed48 : @_dl_init_paths+220 : c_addi : c_addi a5, 1 : IntAlu : D=0x0000000000000001
22930000 : system.cpu : T0 : 0x3ed48 : @_dl_init_paths+220 : c_addi : c_addi a5, 1 : IntAlu : D=0x0000000000000002
22922000 : system.cpu : T0 : 0x3ed4a : @_dl_init_paths+222 : c_addi : c_addi a4, 4 : IntAlu : D=0x000000000007f09c
22932000 : system.cpu : T0 : 0x3ed4a : @_dl_init_paths+222 : c_addi : c_addi a4, 4 : IntAlu : D=0x000000000007f0a0
22924000 : system.cpu : T0 : 0x3ed4c : @_dl_init_paths+224 : bne : bne s2, a5, -8 : IntAlu : 
22934000 : system.cpu : T0 : 0x3ed4c : @_dl_init_paths+224 : bne : bne s2, a5, -8 : IntAlu : 
22936000 : system.cpu : T0 : 0x3ed50 : @_dl_init_paths+228 : c_li : c_li a4, 9 : IntAlu : D=0x0000000000000009
22940000 : system.cpu : T0 : 0x3ed52 : @_dl_init_paths+230 : sd : sd zero, 0(a3) : MemWrite : D=0x0000000000000000 A=0x7f070
22946000 : system.cpu : T0 : 0x3ed56 : @_dl_init_paths+234 : sd : sd a4, -824(gp) : MemWrite : D=0x0000000000000009 A=0x7bdb8
22952000 : system.cpu : T0 : 0x3ed5a : @_dl_init_paths+238 : sd : sd zero, 0(a0) : MemWrite : D=0x0000000000000000 A=0x7f010
22958000 : system.cpu : T0 : 0x3ed5e : @_dl_init_paths+242 : beq : beq s4, zero, 10 : IntAlu : 
22960000 : system.cpu : T0 : 0x3ed68 : @_dl_init_paths+252 : c_li : c_li a5, -1 : IntAlu : D=0xffffffffffffffff
22964000 : system.cpu : T0 : 0x3ed6a : @_dl_init_paths+254 : sd : sd a5, 48(s3) : MemWrite : D=0xffffffffffffffff A=0x79ff0
22970000 : system.cpu : T0 : 0x3ed6e : @_dl_init_paths+258 : addi : addi sp, s0, -64 : IntAlu : D=0x7ffffffffffffcd0
22972000 : system.cpu : T0 : 0x3ed72 : @_dl_init_paths+262 : c_ldsp : c_ldsp ra, 56(sp) : MemRead : D=0x00000000000221ae A=0x7ffffffffffffd08
22976000 : system.cpu : T0 : 0x3ed74 : @_dl_init_paths+264 : c_ldsp : c_ldsp s0, 48(sp) : MemRead : D=0x0000000000000001 A=0x7ffffffffffffd00
22980000 : system.cpu : T0 : 0x3ed76 : @_dl_init_paths+266 : c_ldsp : c_ldsp s1, 40(sp) : MemRead : D=0x000000000007d000 A=0x7ffffffffffffcf8
22984000 : system.cpu : T0 : 0x3ed78 : @_dl_init_paths+268 : c_ldsp : c_ldsp s2, 32(sp) : MemRead : D=0x000000000007d000 A=0x7ffffffffffffcf0
22988000 : system.cpu : T0 : 0x3ed7a : @_dl_init_paths+270 : c_ldsp : c_ldsp s3, 24(sp) : MemRead : D=0x000000000007d000 A=0x7ffffffffffffce8
22992000 : system.cpu : T0 : 0x3ed7c : @_dl_init_paths+272 : c_ldsp : c_ldsp s4, 16(sp) : MemRead : D=0x0000000000000000 A=0x7ffffffffffffce0
22996000 : system.cpu : T0 : 0x3ed7e : @_dl_init_paths+274 : c_ldsp : c_ldsp s5, 8(sp) : MemRead : D=0x0000000000000000 A=0x7ffffffffffffcd8
23051000 : system.cpu : T0 : 0x3ed80 : @_dl_init_paths+276 : c_addi16sp : c_addi16sp sp, 64 : IntAlu : D=0x7ffffffffffffd10
23057000 : system.cpu : T0 : 0x3ed82 : @_dl_init_paths+278 : c_jr : c_jr ra : IntAlu : 
18867000 : system.cpu : T0 : 0x41486 : @_dl_important_hwcaps : c_addi16sp : c_addi16sp sp, -176 : IntAlu : D=0x7ffffffffffffc20
18873000 : system.cpu : T0 : 0x41488 : @_dl_important_hwcaps+2 : c_sdsp : c_sdsp s0, 160(sp) : MemWrite : D=0x7ffffffffffffd10 A=0x7ffffffffffffcc0
18877000 : system.cpu : T0 : 0x4148a : @_dl_important_hwcaps+4 : c_sdsp : c_sdsp s2, 144(sp) : MemWrite : D=0x000000000007d000 A=0x7ffffffffffffcb0
18881000 : system.cpu : T0 : 0x4148c : @_dl_important_hwcaps+6 : c_addi4spn : c_addi4spn s0, sp, 176 : IntAlu : D=0x7ffffffffffffcd0
18883000 : system.cpu : T0 : 0x4148e : @_dl_important_hwcaps+8 : c_sdsp : c_sdsp s3, 136(sp) : MemWrite : D=0x0000000000079fc0 A=0x7ffffffffffffca8
18887000 : system.cpu : T0 : 0x41490 : @_dl_important_hwcaps+10 : c_sdsp : c_sdsp s4, 128(sp) : MemWrite : D=0x0000000000000000 A=0x7ffffffffffffca0
18891000 : system.cpu : T0 : 0x41492 : @_dl_important_hwcaps+12 : c_sdsp : c_sdsp s7, 104(sp) : MemWrite : D=0x0000000000000000 A=0x7ffffffffffffc88
18895000 : system.cpu : T0 : 0x41494 : @_dl_important_hwcaps+14 : c_sdsp : c_sdsp ra, 168(sp) : MemWrite : D=0x000000000003eca4 A=0x7ffffffffffffcc8
18899000 : system.cpu : T0 : 0x41496 : @_dl_important_hwcaps+16 : c_sdsp : c_sdsp s1, 152(sp) : MemWrite : D=0x000000000007d000 A=0x7ffffffffffffcb8
18903000 : system.cpu : T0 : 0x41498 : @_dl_important_hwcaps+18 : c_sdsp : c_sdsp s5, 120(sp) : MemWrite : D=0x0000000000000000 A=0x7ffffffffffffc98
18907000 : system.cpu : T0 : 0x4149a : @_dl_important_hwcaps+20 : c_sdsp : c_sdsp s6, 112(sp) : MemWrite : D=0x0000000000000000 A=0x7ffffffffffffc90
18911000 : system.cpu : T0 : 0x4149c : @_dl_important_hwcaps+22 : c_sdsp : c_sdsp s8, 96(sp) : MemWrite : D=0x0000000000000000 A=0x7ffffffffffffc80
18915000 : system.cpu : T0 : 0x4149e : @_dl_important_hwcaps+24 : c_sdsp : c_sdsp s9, 88(sp) : MemWrite : D=0x0000000000000000 A=0x7ffffffffffffc78
18919000 : system.cpu : T0 : 0x414a0 : @_dl_important_hwcaps+26 : c_sdsp : c_sdsp s10, 80(sp) : MemWrite : D=0x0000000000000000 A=0x7ffffffffffffc70
18923000 : system.cpu : T0 : 0x414a2 : @_dl_important_hwcaps+28 : c_sdsp : c_sdsp s11, 72(sp) : MemWrite : D=0x0000000000000000 A=0x7ffffffffffffc68
18927000 : system.cpu : T0 : 0x414a4 : @_dl_important_hwcaps+30 : ld : ld t0, -1152(gp) : MemRead : D=0x0000000000000000 A=0x7bc70
18931000 : system.cpu : T0 : 0x414a8 : @_dl_important_hwcaps+34 : ld : ld t6, -1176(gp) : MemRead : D=0x0000000000000000 A=0x7bc58
18935000 : system.cpu : T0 : 0x414ac : @_dl_important_hwcaps+38 : sd : sd a3, -160(s0) : MemWrite : D=0x0000000000079fc8 A=0x7ffffffffffffc30
19018000 : system.cpu : T0 : 0x414b0 : @_dl_important_hwcaps+42 : sd : sd a1, -120(s0) : MemWrite : D=0x0000000000000000 A=0x7ffffffffffffc58
19022000 : system.cpu : T0 : 0x414b4 : @_dl_important_hwcaps+46 : and : and s2, t0, t6 : IntAlu : D=0x0000000000000000
19024000 : system.cpu : T0 : 0x414b8 : @_dl_important_hwcaps+50 : c_mv : c_mv s4, a0 : IntAlu : D=0x0000000000000000
19026000 : system.cpu : T0 : 0x414ba : @_dl_important_hwcaps+52 : c_mv : c_mv s3, a2 : IntAlu : D=0x0000000000079fd0
19028000 : system.cpu : T0 : 0x414bc : @_dl_important_hwcaps+54 : sltu : sltu a3, zero, a0 : IntAlu : D=0x0000000000000000
19081000 : system.cpu : T0 : 0x414c0 : @_dl_important_hwcaps+58 : beq : beq s2, zero, 1220 : IntAlu : 
19142000 : system.cpu : T0 : 0x414ec : @_dl_important_hwcaps+102 : lui : lui a5, 125 : IntAlu : D=0x000000000007d000
19144000 : system.cpu : T0 : 0x414f0 : @_dl_important_hwcaps+106 : ld : ld s6, 192(a5) : MemRead : D=0x0000000000000000 A=0x7d0c0
19148000 : system.cpu : T0 : 0x414f4 : @_dl_important_hwcaps+110 : beq : beq s6, zero, 298 : IntAlu : 
19207000 : system.cpu : T0 : 0x4161e : @_dl_important_hwcaps+408 : slli : slli a5, s1, 4 : IntAlu : D=0x0000000000000010
19209000 : system.cpu : T0 : 0x41622 : @_dl_important_hwcaps+412 : c_addi : c_addi a5, 16 : IntAlu : D=0x0000000000000020
19211000 : system.cpu : T0 : 0x41624 : @_dl_important_hwcaps+414 : sub : sub sp, sp, a5 : IntAlu : D=0x7ffffffffffffc00
19213000 : system.cpu : T0 : 0x41628 : @_dl_important_hwcaps+418 : c_mv : c_mv s11, sp : IntAlu : D=0x7ffffffffffffc00
19215000 : system.cpu : T0 : 0x4162a : @_dl_important_hwcaps+420 : c_li : c_li a1, 1 : IntAlu : D=0x0000000000000001
19217000 : system.cpu : T0 : 0x4162c : @_dl_important_hwcaps+422 : c_li : c_li s9, 0 : IntAlu : D=0x0000000000000000
19219000 : system.cpu : T0 : 0x4162e : @_dl_important_hwcaps+424 : c_mv : c_mv a0, s9 : IntAlu : D=0x0000000000000000
19221000 : system.cpu : T0 : 0x41630 : @_dl_important_hwcaps+426 : beq : beq s2, zero, 90 : IntAlu : 
19280000 : system.cpu : T0 : 0x4168a : @_dl_important_hwcaps+516 : beq : beq s4, zero, 694 : IntAlu : 
19343000 : system.cpu : T0 : 0x416a0 : @_dl_important_hwcaps+538 : c_slli : c_slli a1, 4 : IntAlu : D=0x0000000000000000
19347000 : system.cpu : T0 : 0x416a2 : @_dl_important_hwcaps+540 : lui : lui a5, 108 : IntAlu : D=0x000000000006c000
19349000 : system.cpu : T0 : 0x416a6 : @_dl_important_hwcaps+544 : c_add : c_add a1, s11 : IntAlu : D=0x7ffffffffffffc00
19351000 : system.cpu : T0 : 0x416a8 : @_dl_important_hwcaps+546 : addi : addi a5, a5, 800 : IntAlu : D=0x000000000006c320
19353000 : system.cpu : T0 : 0x416ac : @_dl_important_hwcaps+550 : c_sd : c_sd a5, 0(a1) : MemWrite : D=0x000000000006c320 A=0x7ffffffffffffc00
19357000 : system.cpu : T0 : 0x416ae : @_dl_important_hwcaps+552 : c_li : c_li a5, 3 : IntAlu : D=0x0000000000000003
19359000 : system.cpu : T0 : 0x416b0 : @_dl_important_hwcaps+554 : c_sd : c_sd a5, 8(a1) : MemWrite : D=0x0000000000000003 A=0x7ffffffffffffc08
19365000 : system.cpu : T0 : 0x416b2 : @_dl_important_hwcaps+556 : bne : bne s1, a4, 728 : IntAlu : 
19367000 : system.cpu : T0 : 0x416b6 : @_dl_important_hwcaps+560 : c_li : c_li a5, 1 : IntAlu : D=0x0000000000000001
19369000 : system.cpu : T0 : 0x416b8 : @_dl_important_hwcaps+562 : ld : ld s8, 8(s11) : MemRead : D=0x0000000000000003 A=0x7ffffffffffffc08
19373000 : system.cpu : T0 : 0x416bc : @_dl_important_hwcaps+566 : beq : beq s1, a5, 570 : IntAlu : 
20858000 : system.cpu : T0 : 0x41882 : @_dl_important_hwcaps+1020 : addi : addi sp, s0, -176 : IntAlu : D=0x7ffffffffffffc20
20860000 : system.cpu : T0 : 0x41886 : @_dl_important_hwcaps+1024 : c_ldsp : c_ldsp ra, 168(sp) : MemRead : D=0x000000000003eca4 A=0x7ffffffffffffcc8
20864000 : system.cpu : T0 : 0x41888 : @_dl_important_hwcaps+1026 : c_mv : c_mv a0, s6 : IntAlu : D=0x000000000007efd0
20866000 : system.cpu : T0 : 0x4188a : @_dl_important_hwcaps+1028 : c_ldsp : c_ldsp s0, 160(sp) : MemRead : D=0x7ffffffffffffd10 A=0x7ffffffffffffcc0
20870000 : system.cpu : T0 : 0x4188c : @_dl_important_hwcaps+1030 : c_ldsp : c_ldsp s1, 152(sp) : MemRead : D=0x000000000007d000 A=0x7ffffffffffffcb8
20874000 : system.cpu : T0 : 0x4188e : @_dl_important_hwcaps+1032 : c_ldsp : c_ldsp s2, 144(sp) : MemRead : D=0x000000000007d000 A=0x7ffffffffffffcb0
20878000 : system.cpu : T0 : 0x41890 : @_dl_important_hwcaps+1034 : c_ldsp : c_ldsp s3, 136(sp) : MemRead : D=0x0000000000079fc0 A=0x7ffffffffffffca8
20882000 : system.cpu : T0 : 0x41892 : @_dl_important_hwcaps+1036 : c_ldsp : c_ldsp s4, 128(sp) : MemRead : D=0x0000000000000000 A=0x7ffffffffffffca0
20886000 : system.cpu : T0 : 0x41894 : @_dl_important_hwcaps+1038 : c_ldsp : c_ldsp s5, 120(sp) : MemRead : D=0x0000000000000000 A=0x7ffffffffffffc98
20890000 : system.cpu : T0 : 0x41896 : @_dl_important_hwcaps+1040 : c_ldsp : c_ldsp s6, 112(sp) : MemRead : D=0x0000000000000000 A=0x7ffffffffffffc90
20894000 : system.cpu : T0 : 0x41898 : @_dl_important_hwcaps+1042 : c_ldsp : c_ldsp s7, 104(sp) : MemRead : D=0x0000000000000000 A=0x7ffffffffffffc88
20898000 : system.cpu : T0 : 0x4189a : @_dl_important_hwcaps+1044 : c_ldsp : c_ldsp s8, 96(sp) : MemRead : D=0x0000000000000000 A=0x7ffffffffffffc80
20902000 : system.cpu : T0 : 0x4189c : @_dl_important_hwcaps+1046 : c_ldsp : c_ldsp s9, 88(sp) : MemRead : D=0x0000000000000000 A=0x7ffffffffffffc78
20906000 : system.cpu : T0 : 0x4189e : @_dl_important_hwcaps+1048 : c_ldsp : c_ldsp s10, 80(sp) : MemRead : D=0x0000000000000000 A=0x7ffffffffffffc70
20910000 : system.cpu : T0 : 0x418a0 : @_dl_important_hwcaps+1050 : c_ldsp : c_ldsp s11, 72(sp) : MemRead : D=0x0000000000000000 A=0x7ffffffffffffc68
20914000 : system.cpu : T0 : 0x418a2 : @_dl_important_hwcaps+1052 : c_addi16sp : c_addi16sp sp, 176 : IntAlu : D=0x7ffffffffffffcd0
20916000 : system.cpu : T0 : 0x418a4 : @_dl_important_hwcaps+1054 : c_jr : c_jr ra : IntAlu : 
19426000 : system.cpu : T0 : 0x418f6 : @_dl_important_hwcaps+1136 : c_li : c_li a5, 2 : IntAlu : D=0x0000000000000002
19432000 : system.cpu : T0 : 0x418f8 : @_dl_important_hwcaps+1138 : sd : sd a5, 0(s3) : MemWrite : D=0x0000000000000002 A=0x79fd0
19501000 : system.cpu : T0 : 0x418fc : @_dl_important_hwcaps+1142 : addi : addi a0, s8, 33 : IntAlu : D=0x0000000000000024
19554000 : system.cpu : T0 : 0x41900 : @_dl_important_hwcaps+1146 : jal : jal ra, -148326 : IntAlu : D=0x0000000000041904
20596000 : system.cpu : T0 : 0x41904 : @_dl_important_hwcaps+1150 : c_mv : c_mv s6, a0 : IntAlu : D=0x000000000007efd0
20598000 : system.cpu : T0 : 0x41906 : @_dl_important_hwcaps+1152 : c_beqz : c_beqz a0, -34 : IntAlu : 
20600000 : system.cpu : T0 : 0x41908 : @_dl_important_hwcaps+1154 : ld : ld a1, 0(s11) : MemRead : D=0x000000000006c320 A=0x7ffffffffffffc00
20604000 : system.cpu : T0 : 0x4190c : @_dl_important_hwcaps+1158 : addi : addi a0, a0, 32 : IntAlu : D=0x000000000007eff0
20606000 : system.cpu : T0 : 0x41910 : @_dl_important_hwcaps+1162 : addi : addi a5, s8, 1 : IntAlu : D=0x0000000000000004
20608000 : system.cpu : T0 : 0x41914 : @_dl_important_hwcaps+1166 : sd : sd a5, 8(s6) : MemWrite : D=0x0000000000000004 A=0x7efd8
20612000 : system.cpu : T0 : 0x41918 : @_dl_important_hwcaps+1170 : sd : sd a0, 0(s6) : MemWrite : D=0x000000000007eff0 A=0x7efd0
20616000 : system.cpu : T0 : 0x4191c : @_dl_important_hwcaps+1174 : sd : sd a0, 16(s6) : MemWrite : D=0x000000000007eff0 A=0x7efe0
20620000 : system.cpu : T0 : 0x41920 : @_dl_important_hwcaps+1178 : sd : sd zero, 24(s6) : MemWrite : D=0x0000000000000000 A=0x7efe8
20624000 : system.cpu : T0 : 0x41924 : @_dl_important_hwcaps+1182 : c_mv : c_mv a2, s8 : IntAlu : D=0x0000000000000003
20628000 : system.cpu : T0 : 0x41926 : @_dl_important_hwcaps+1184 : jal : jal ra, -139164 : IntAlu : D=0x000000000004192a
20779000 : system.cpu : T0 : 0x4192a : @_dl_important_hwcaps+1188 : addi : addi a5, zero, 47 : IntAlu : D=0x000000000000002f
20781000 : system.cpu : T0 : 0x4192e : @_dl_important_hwcaps+1192 : c_add : c_add a0, s8 : IntAlu : D=0x000000000007eff3
20783000 : system.cpu : T0 : 0x41930 : @_dl_important_hwcaps+1194 : sb : sb a5, 0(a0) : MemWrite : D=0x000000000000002f A=0x7eff3
20787000 : system.cpu : T0 : 0x41934 : @_dl_important_hwcaps+1198 : ld : ld a5, 8(s6) : MemRead : D=0x0000000000000004 A=0x7efd8
20791000 : system.cpu : T0 : 0x41938 : @_dl_important_hwcaps+1202 : ld : ld a4, -160(s0) : MemRead : D=0x0000000000079fc8 A=0x7ffffffffffffc30
20795000 : system.cpu : T0 : 0x4193c : @_dl_important_hwcaps+1206 : c_sd : c_sd a5, 0(a4) : MemWrite : D=0x0000000000000004 A=0x79fc8
20799000 : system.cpu : T0 : 0x4193e : @_dl_important_hwcaps+1208 : c_j : c_j -188 : IntAlu : 
19333000 : system.cpu : T0 : 0x41940 : @_dl_important_hwcaps+1210 : c_mv : c_mv a4, a1 : IntAlu : D=0x0000000000000001
19339000 : system.cpu : T0 : 0x41942 : @_dl_important_hwcaps+1212 : c_mv : c_mv a1, a0 : IntAlu : D=0x0000000000000000
19341000 : system.cpu : T0 : 0x41944 : @_dl_important_hwcaps+1214 : c_j : c_j -676 : IntAlu : 
19134000 : system.cpu : T0 : 0x41984 : @_dl_important_hwcaps+1278 : addi : addi s1, a3, 1 : IntAlu : D=0x0000000000000001
19140000 : system.cpu : T0 : 0x41988 : @_dl_important_hwcaps+1282 : c_j : c_j -1180 : IntAlu : 
6742000 : system.cpu : T0 : 0x42456 : @_dl_get_origin : c_lui : c_lui t1, 1048575 : IntAlu : D=0xfffffffffffff000
6748000 : system.cpu : T0 : 0x42458 : @_dl_get_origin+2 : addi : addi sp, sp, -2032 : IntAlu : D=0x7ffffffffffff520
6750000 : system.cpu : T0 : 0x4245c : @_dl_get_origin+6 : addi : addi t1, t1, 2000 : IntAlu : D=0xfffffffffffff7d0
6752000 : system.cpu : T0 : 0x42460 : @_dl_get_origin+10 : sd : sd ra, 2024(sp) : MemWrite : D=0x0000000000021f8e A=0x7ffffffffffffd08
6756000 : system.cpu : T0 : 0x42464 : @_dl_get_origin+14 : sd : sd s0, 2016(sp) : MemWrite : D=0x0000000000000001 A=0x7ffffffffffffd00
6760000 : system.cpu : T0 : 0x42468 : @_dl_get_origin+18 : sd : sd s1, 2008(sp) : MemWrite : D=0x7ffffffffffffed8 A=0x7ffffffffffffcf8
6764000 : system.cpu : T0 : 0x4246c : @_dl_get_origin+22 : sd : sd s2, 2000(sp) : MemWrite : D=0x7ffffffffffffee8 A=0x7ffffffffffffcf0
6768000 : system.cpu : T0 : 0x42470 : @_dl_get_origin+26 : c_lui : c_lui a4, 1 : IntAlu : D=0x0000000000001000
6770000 : system.cpu : T0 : 0x42472 : @_dl_get_origin+28 : c_add : c_add sp, t1 : IntAlu : D=0x7fffffffffffecf0
6772000 : system.cpu : T0 : 0x42474 : @_dl_get_origin+30 : c_lui : c_lui a5, 1048575 : IntAlu : D=0xfffffffffffff000
6774000 : system.cpu : T0 : 0x42476 : @_dl_get_origin+32 : c_add : c_add a4, sp : IntAlu : D=0x7ffffffffffffcf0
6776000 : system.cpu : T0 : 0x42478 : @_dl_get_origin+34 : lui : lui a1, 108 : IntAlu : D=0x000000000006c000
6778000 : system.cpu : T0 : 0x4247c : @_dl_get_origin+38 : addi : addi a7, zero, 78 : IntAlu : D=0x000000000000004e
6831000 : system.cpu : T0 : 0x42480 : @_dl_get_origin+42 : addi : addi a0, zero, -100 : IntAlu : D=0xffffffffffffff9c
6837000 : system.cpu : T0 : 0x42484 : @_dl_get_origin+46 : addi : addi a1, a1, 1584 : IntAlu : D=0x000000000006c630
6839000 : system.cpu : T0 : 0x42488 : @_dl_get_origin+50 : add : add a2, a4, a5 : IntAlu : D=0x7fffffffffffecf0
6841000 : system.cpu : T0 : 0x4248c : @_dl_get_origin+54 : c_lui : c_lui a3, 1 : IntAlu : D=0x0000000000001000
6845000 : system.cpu : T0 : 0x4248e : @_dl_get_origin+56 : ecall : ecall : No_OpClass : 
6847000 : system.cpu : T0 : 0x42492 : @_dl_get_origin+60 : c_addiw : c_addiw a0, 0 : IntAlu : D=0x000000000000005c
6849000 : system.cpu : T0 : 0x42494 : @_dl_get_origin+62 : bltu : bltu a5, a0, 82 : IntAlu : 
6851000 : system.cpu : T0 : 0x42498 : @_dl_get_origin+66 : bge : bge zero, a0, 78 : IntAlu : 
6853000 : system.cpu : T0 : 0x4249c : @_dl_get_origin+70 : lbu : lbu a5, 0(a2) : MemRead : D=0x000000000000002f A=0x7fffffffffffecf0
6936000 : system.cpu : T0 : 0x424a0 : @_dl_get_origin+74 : addi : addi a4, zero, 91 : IntAlu : D=0x000000000000005b
6938000 : system.cpu : T0 : 0x424a4 : @_dl_get_origin+78 : beq : beq a5, a4, 66 : IntAlu : 
6940000 : system.cpu : T0 : 0x424a8 : @_dl_get_origin+82 : addi : addi a4, zero, 47 : IntAlu : D=0x000000000000002f
6942000 : system.cpu : T0 : 0x424ac : @_dl_get_origin+86 : bne : bne a5, a4, 236 : IntAlu : 
6944000 : system.cpu : T0 : 0x424b0 : @_dl_get_origin+90 : c_li : c_li a4, 1 : IntAlu : D=0x0000000000000001
6948000 : system.cpu : T0 : 0x424b2 : @_dl_get_origin+92 : beq : beq a0, a4, 172 : IntAlu : 
6952000 : system.cpu : T0 : 0x424b6 : @_dl_get_origin+96 : addiw : addiw s0, a0, -1 : IntAlu : D=0x000000000000005b
6956000 : system.cpu : T0 : 0x424ba : @_dl_get_origin+100 : add : add a4, a2, s0 : IntAlu : D=0x7fffffffffffed4b
7011000 : system.cpu : T0 : 0x424be : @_dl_get_origin+104 : lbu : lbu a4, 0(a4) : MemRead : D=0x000000000000006f A=0x7fffffffffffed4b
7068000 : system.cpu : T0 : 0x424c2 : @_dl_get_origin+108 : beq : beq a4, a5, 176 : IntAlu : 
7070000 : system.cpu : T0 : 0x424c6 : @_dl_get_origin+112 : c_addiw : c_addiw a0, -2 : IntAlu : D=0x000000000000005a
7072000 : system.cpu : T0 : 0x424c8 : @_dl_get_origin+114 : c_add : c_add a2, a0 : IntAlu : D=0x7fffffffffffed4a
7074000 : system.cpu : T0 : 0x424ca : @_dl_get_origin+116 : c_li : c_li a3, 1 : IntAlu : D=0x0000000000000001
7076000 : system.cpu : T0 : 0x424cc : @_dl_get_origin+118 : addi : addi a1, zero, 47 : IntAlu : D=0x000000000000002f
7078000 : system.cpu : T0 : 0x424d0 : @_dl_get_origin+122 : beq : beq s0, a3, 142 : IntAlu : 
7100000 : system.cpu : T0 : 0x424d0 : @_dl_get_origin+122 : beq : beq s0, a3, 142 : IntAlu : 
7122000 : system.cpu : T0 : 0x424d0 : @_dl_get_origin+122 : beq : beq s0, a3, 142 : IntAlu : 
7144000 : system.cpu : T0 : 0x424d0 : @_dl_get_origin+122 : beq : beq s0, a3, 142 : IntAlu : 
7166000 : system.cpu : T0 : 0x424d0 : @_dl_get_origin+122 : beq : beq s0, a3, 142 : IntAlu : 
7080000 : system.cpu : T0 : 0x424d4 : @_dl_get_origin+126 : c_addi : c_addi a2, -1 : IntAlu : D=0x7fffffffffffed49
7102000 : system.cpu : T0 : 0x424d4 : @_dl_get_origin+126 : c_addi : c_addi a2, -1 : IntAlu : D=0x7fffffffffffed48
7124000 : system.cpu : T0 : 0x424d4 : @_dl_get_origin+126 : c_addi : c_addi a2, -1 : IntAlu : D=0x7fffffffffffed47
7146000 : system.cpu : T0 : 0x424d4 : @_dl_get_origin+126 : c_addi : c_addi a2, -1 : IntAlu : D=0x7fffffffffffed46
7168000 : system.cpu : T0 : 0x424d4 : @_dl_get_origin+126 : c_addi : c_addi a2, -1 : IntAlu : D=0x7fffffffffffed45
7084000 : system.cpu : T0 : 0x424d6 : @_dl_get_origin+128 : lbu : lbu a5, 1(a2) : MemRead : D=0x000000000000006c A=0x7fffffffffffed4a
7106000 : system.cpu : T0 : 0x424d6 : @_dl_get_origin+128 : lbu : lbu a5, 1(a2) : MemRead : D=0x000000000000006c A=0x7fffffffffffed49
7128000 : system.cpu : T0 : 0x424d6 : @_dl_get_origin+128 : lbu : lbu a5, 1(a2) : MemRead : D=0x0000000000000065 A=0x7fffffffffffed48
7150000 : system.cpu : T0 : 0x424d6 : @_dl_get_origin+128 : lbu : lbu a5, 1(a2) : MemRead : D=0x0000000000000068 A=0x7fffffffffffed47
7172000 : system.cpu : T0 : 0x424d6 : @_dl_get_origin+128 : lbu : lbu a5, 1(a2) : MemRead : D=0x000000000000002f A=0x7fffffffffffed46
7090000 : system.cpu : T0 : 0x424da : @_dl_get_origin+132 : addiw : addiw a4, s0, -1 : IntAlu : D=0x000000000000005a
7112000 : system.cpu : T0 : 0x424da : @_dl_get_origin+132 : addiw : addiw a4, s0, -1 : IntAlu : D=0x0000000000000059
7134000 : system.cpu : T0 : 0x424da : @_dl_get_origin+132 : addiw : addiw a4, s0, -1 : IntAlu : D=0x0000000000000058
7156000 : system.cpu : T0 : 0x424da : @_dl_get_origin+132 : addiw : addiw a4, s0, -1 : IntAlu : D=0x0000000000000057
7178000 : system.cpu : T0 : 0x424da : @_dl_get_origin+132 : addiw : addiw a4, s0, -1 : IntAlu : D=0x0000000000000056
7094000 : system.cpu : T0 : 0x424de : @_dl_get_origin+136 : beq : beq a5, a1, 150 : IntAlu : 
7116000 : system.cpu : T0 : 0x424de : @_dl_get_origin+136 : beq : beq a5, a1, 150 : IntAlu : 
7138000 : system.cpu : T0 : 0x424de : @_dl_get_origin+136 : beq : beq a5, a1, 150 : IntAlu : 
7160000 : system.cpu : T0 : 0x424de : @_dl_get_origin+136 : beq : beq a5, a1, 150 : IntAlu : 
7182000 : system.cpu : T0 : 0x424de : @_dl_get_origin+136 : beq : beq a5, a1, 150 : IntAlu : 
7096000 : system.cpu : T0 : 0x424e2 : @_dl_get_origin+140 : c_mv : c_mv s0, a4 : IntAlu : D=0x000000000000005a
7118000 : system.cpu : T0 : 0x424e2 : @_dl_get_origin+140 : c_mv : c_mv s0, a4 : IntAlu : D=0x0000000000000059
7140000 : system.cpu : T0 : 0x424e2 : @_dl_get_origin+140 : c_mv : c_mv s0, a4 : IntAlu : D=0x0000000000000058
7162000 : system.cpu : T0 : 0x424e2 : @_dl_get_origin+140 : c_mv : c_mv s0, a4 : IntAlu : D=0x0000000000000057
7098000 : system.cpu : T0 : 0x424e4 : @_dl_get_origin+142 : c_j : c_j -20 : IntAlu : 
7120000 : system.cpu : T0 : 0x424e4 : @_dl_get_origin+142 : c_j : c_j -20 : IntAlu : 
7142000 : system.cpu : T0 : 0x424e4 : @_dl_get_origin+142 : c_j : c_j -20 : IntAlu : 
7164000 : system.cpu : T0 : 0x424e4 : @_dl_get_origin+142 : c_j : c_j -20 : IntAlu : 
17070000 : system.cpu : T0 : 0x4253e : @_dl_get_origin+232 : c_lui : c_lui t1, 1 : IntAlu : D=0x0000000000001000
17072000 : system.cpu : T0 : 0x42540 : @_dl_get_origin+234 : addi : addi t1, t1, -2000 : IntAlu : D=0x0000000000000830
17074000 : system.cpu : T0 : 0x42544 : @_dl_get_origin+238 : c_add : c_add sp, t1 : IntAlu : D=0x7ffffffffffff520
17078000 : system.cpu : T0 : 0x42546 : @_dl_get_origin+240 : ld : ld ra, 2024(sp) : MemRead : D=0x0000000000021f8e A=0x7ffffffffffffd08
17082000 : system.cpu : T0 : 0x4254a : @_dl_get_origin+244 : c_mv : c_mv a0, s1 : IntAlu : D=0x000000000007ef70
17084000 : system.cpu : T0 : 0x4254c : @_dl_get_origin+246 : ld : ld s0, 2016(sp) : MemRead : D=0x0000000000000001 A=0x7ffffffffffffd00
17088000 : system.cpu : T0 : 0x42550 : @_dl_get_origin+250 : ld : ld s1, 2008(sp) : MemRead : D=0x7ffffffffffffed8 A=0x7ffffffffffffcf8
17092000 : system.cpu : T0 : 0x42554 : @_dl_get_origin+254 : ld : ld s2, 2000(sp) : MemRead : D=0x7ffffffffffffee8 A=0x7ffffffffffffcf0
17096000 : system.cpu : T0 : 0x42558 : @_dl_get_origin+258 : addi : addi sp, sp, 2032 : IntAlu : D=0x7ffffffffffffd10
17098000 : system.cpu : T0 : 0x4255c : @_dl_get_origin+262 : c_jr : c_jr ra : IntAlu : 
7235000 : system.cpu : T0 : 0x42574 : @_dl_get_origin+286 : addiw : addiw a0, s0, 1 : IntAlu : D=0x0000000000000058
7241000 : system.cpu : T0 : 0x42578 : @_dl_get_origin+290 : jal : jal ra, -151518 : IntAlu : D=0x000000000004257c
16360000 : system.cpu : T0 : 0x4257c : @_dl_get_origin+294 : c_mv : c_mv s1, a0 : IntAlu : D=0x000000000007ef70
16362000 : system.cpu : T0 : 0x4257e : @_dl_get_origin+296 : c_beqz : c_beqz a0, -66 : IntAlu : 
16429000 : system.cpu : T0 : 0x42580 : @_dl_get_origin+298 : c_lui : c_lui a5, 1 : IntAlu : D=0x0000000000001000
16435000 : system.cpu : T0 : 0x42582 : @_dl_get_origin+300 : c_addiw : c_addiw s0, -1 : IntAlu : D=0x0000000000000056
16437000 : system.cpu : T0 : 0x42584 : @_dl_get_origin+302 : c_add : c_add a5, sp : IntAlu : D=0x7ffffffffffffcf0
16439000 : system.cpu : T0 : 0x42586 : @_dl_get_origin+304 : c_lui : c_lui a1, 1048575 : IntAlu : D=0xfffffffffffff000
16441000 : system.cpu : T0 : 0x42588 : @_dl_get_origin+306 : c_mv : c_mv a2, s0 : IntAlu : D=0x0000000000000056
16443000 : system.cpu : T0 : 0x4258a : @_dl_get_origin+308 : c_add : c_add a1, a5 : IntAlu : D=0x7fffffffffffecf0
16445000 : system.cpu : T0 : 0x4258c : @_dl_get_origin+310 : jal : jal ra, -142338 : IntAlu : D=0x0000000000042590
17009000 : system.cpu : T0 : 0x42590 : @_dl_get_origin+314 : c_add : c_add s0, a0 : IntAlu : D=0x000000000007efc6
17013000 : system.cpu : T0 : 0x42592 : @_dl_get_origin+316 : sb : sb zero, 0(s0) : MemWrite : D=0x0000000000000000 A=0x7efc6
17017000 : system.cpu : T0 : 0x42596 : @_dl_get_origin+320 : c_j : c_j -88 : IntAlu : 
40953000 : system.cpu : T0 : 0x46056 : @check_free.isra.0 : c_beqz : c_beqz a0, 44 : IntAlu : 
41006000 : system.cpu : T0 : 0x46082 : @check_free.isra.0+44 : c_jr : c_jr ra : IntAlu : 
30872000 : system.cpu : T0 : 0x5917c : @__register_frame_info_bases.part.8 : c_li : c_li a5, -1 : IntAlu : D=0xffffffffffffffff
30878000 : system.cpu : T0 : 0x5917e : @__register_frame_info_bases.part.8+2 : c_sd : c_sd a5, 0(a1) : MemWrite : D=0xffffffffffffffff A=0x7be78
30984000 : system.cpu : T0 : 0x59180 : @__register_frame_info_bases.part.8+4 : addi : addi a5, zero, 2040 : IntAlu : D=0x00000000000007f8
30990000 : system.cpu : T0 : 0x59184 : @__register_frame_info_bases.part.8+8 : c_sd : c_sd a5, 32(a1) : MemWrite : D=0x00000000000007f8 A=0x7be98
30994000 : system.cpu : T0 : 0x59186 : @__register_frame_info_bases.part.8+10 : c_sd : c_sd a2, 8(a1) : MemWrite : D=0x0000000000000000 A=0x7be80
30998000 : system.cpu : T0 : 0x59188 : @__register_frame_info_bases.part.8+12 : c_sd : c_sd a3, 16(a1) : MemWrite : D=0x0000000000000000 A=0x7be88
31002000 : system.cpu : T0 : 0x5918a : @__register_frame_info_bases.part.8+14 : c_sd : c_sd a0, 24(a1) : MemWrite : D=0x0000000000074e08 A=0x7be90
31006000 : system.cpu : T0 : 0x5918c : @__register_frame_info_bases.part.8+16 : auipc : auipc a5, 34 : IntAlu : D=0x000000000007b18c
31008000 : system.cpu : T0 : 0x59190 : @__register_frame_info_bases.part.8+20 : ld : ld a5, 1852(a5) : MemRead : D=0x0000000000000000 A=0x7b8c8
31063000 : system.cpu : T0 : 0x59194 : @__register_frame_info_bases.part.8+24 : c_beqz : c_beqz a5, 94 : IntAlu : 
31122000 : system.cpu : T0 : 0x591f2 : @__register_frame_info_bases.part.8+118 : auipc : auipc a5, 36 : IntAlu : D=0x000000000007d1f2
31126000 : system.cpu : T0 : 0x591f6 : @__register_frame_info_bases.part.8+122 : addi : addi a5, a5, -2002 : IntAlu : D=0x000000000007ca20
31130000 : system.cpu : T0 : 0x591fa : @__register_frame_info_bases.part.8+126 : ld : ld a3, 456(a5) : MemRead : D=0x0000000000000000 A=0x7cbe8
31187000 : system.cpu : T0 : 0x591fe : @__register_frame_info_bases.part.8+130 : lw : lw a4, 464(a5) : MemRead : D=0x0000000000000000 A=0x7cbf0
31193000 : system.cpu : T0 : 0x59202 : @__register_frame_info_bases.part.8+134 : auipc : auipc a2, 36 : IntAlu : D=0x000000000007d202
31197000 : system.cpu : T0 : 0x59206 : @__register_frame_info_bases.part.8+138 : sd : sd a1, -1562(a2) : MemWrite : D=0x000000000007be78 A=0x7cbe8
31201000 : system.cpu : T0 : 0x5920a : @__register_frame_info_bases.part.8+142 : c_sd : c_sd a3, 40(a1) : MemWrite : D=0x0000000000000000 A=0x7bea0
31205000 : system.cpu : T0 : 0x5920c : @__register_frame_info_bases.part.8+144 : c_beqz : c_beqz a4, 4 : IntAlu : 
31207000 : system.cpu : T0 : 0x59210 : @__register_frame_info_bases.part.8+148 : c_li : c_li a4, 1 : IntAlu : D=0x0000000000000001
31211000 : system.cpu : T0 : 0x59212 : @__register_frame_info_bases.part.8+150 : addi : addi a5, a5, 464 : IntAlu : D=0x000000000007cbf0
31215000 : system.cpu : T0 : 0x59216 : @__register_frame_info_bases.part.8+154. : amoswap_w[l] : amoswap_w[l] zero, a4, (a5) : MemRead : D=0x0000000000000000 A=0x7cbf0
31219000 : system.cpu : T0 : 0x5921a : @__register_frame_info_bases.part.8+158 : c_jr : c_jr ra : IntAlu : 
30724000 : system.cpu : T0 : 0x59228 : @__register_frame_info : c_beqz : c_beqz a0, 6 : IntAlu : 
30730000 : system.cpu : T0 : 0x5922a : @__register_frame_info+2 : c_lw : c_lw a5, 0(a0) : MemRead : D=0x0000000000000014 A=0x74e08
30813000 : system.cpu : T0 : 0x5922c : @__register_frame_info+4 : c_bnez : c_bnez a5, 4 : IntAlu : 
30815000 : system.cpu : T0 : 0x59230 : @__register_frame_info+8 : c_li : c_li a3, 0 : IntAlu : D=0x0000000000000000
30817000 : system.cpu : T0 : 0x59232 : @__register_frame_info+10 : c_li : c_li a2, 0 : IntAlu : D=0x0000000000000000
30819000 : system.cpu : T0 : 0x59234 : @__register_frame_info+12 : jal : jal zero, -184 : IntAlu : D=0x0000000000059238
41379000 : system.cpu : T0 : 0x5932a : @__deregister_frame_info_bases : c_addi : c_addi sp, -32 : IntAlu : D=0x7ffffffffffffcf0
41385000 : system.cpu : T0 : 0x5932c : @__deregister_frame_info_bases+2 : c_sdsp : c_sdsp ra, 24(sp) : MemWrite : D=0x000000000001035a A=0x7ffffffffffffd08
41389000 : system.cpu : T0 : 0x5932e : @__deregister_frame_info_bases+4 : c_sdsp : c_sdsp s0, 16(sp) : MemWrite : D=0x0000000000079f78 A=0x7ffffffffffffd00
41393000 : system.cpu : T0 : 0x59330 : @__deregister_frame_info_bases+6 : c_sdsp : c_sdsp s1, 8(sp) : MemWrite : D=0xffffffffffffffff A=0x7ffffffffffffcf8
41397000 : system.cpu : T0 : 0x59332 : @__deregister_frame_info_bases+8 : c_sdsp : c_sdsp s2, 0(sp) : MemWrite : D=0xffffffffffffffff A=0x7ffffffffffffcf0
41401000 : system.cpu : T0 : 0x59334 : @__deregister_frame_info_bases+10 : c_beqz : c_beqz a0, 192 : IntAlu : 
41403000 : system.cpu : T0 : 0x59336 : @__deregister_frame_info_bases+12 : c_lw : c_lw a5, 0(a0) : MemRead : D=0x0000000000000014 A=0x74e08
41407000 : system.cpu : T0 : 0x59338 : @__deregister_frame_info_bases+14 : c_beqz : c_beqz a5, 188 : IntAlu : 
41411000 : system.cpu : T0 : 0x5933a : @__deregister_frame_info_bases+16 : auipc : auipc s2, 34 : IntAlu : D=0x000000000007b33a
41466000 : system.cpu : T0 : 0x5933e : @__deregister_frame_info_bases+20 : ld : ld s2, 1422(s2) : MemRead : D=0x0000000000000000 A=0x7b8c8
41470000 : system.cpu : T0 : 0x59342 : @__deregister_frame_info_bases+24 : c_mv : c_mv s1, a0 : IntAlu : D=0x0000000000074e08
41472000 : system.cpu : T0 : 0x59344 : @__deregister_frame_info_bases+26 : beq : beq s2, zero, 22 : IntAlu : 
41476000 : system.cpu : T0 : 0x5935a : @__deregister_frame_info_bases+48 : auipc : auipc a3, 35 : IntAlu : D=0x000000000007c35a
41480000 : system.cpu : T0 : 0x5935e : @__deregister_frame_info_bases+52 : addi : addi a3, a3, 1734 : IntAlu : D=0x000000000007ca20
41484000 : system.cpu : T0 : 0x59362 : @__deregister_frame_info_bases+56 : ld : ld a5, 456(a3) : MemRead : D=0x000000000007be78 A=0x7cbe8
41488000 : system.cpu : T0 : 0x59366 : @__deregister_frame_info_bases+60 : c_beqz : c_beqz a5, 22 : IntAlu : 
41490000 : system.cpu : T0 : 0x59368 : @__deregister_frame_info_bases+62 : c_ld : c_ld a4, 24(a5) : MemRead : D=0x0000000000074e08 A=0x7be90
41496000 : system.cpu : T0 : 0x5936a : @__deregister_frame_info_bases+64 : bne : bne s1, a4, 14 : IntAlu : 
41498000 : system.cpu : T0 : 0x5936e : @__deregister_frame_info_bases+68 : c_j : c_j 160 : IntAlu : 
41620000 : system.cpu : T0 : 0x593ac : @__deregister_frame_info_bases+130 : beq : beq s2, zero, 22 : IntAlu : 
41622000 : system.cpu : T0 : 0x593c2 : @__deregister_frame_info_bases+152 : c_mv : c_mv a0, s0 : IntAlu : D=0x000000000007be78
41624000 : system.cpu : T0 : 0x593c4 : @__deregister_frame_info_bases+154 : c_ldsp : c_ldsp ra, 24(sp) : MemRead : D=0x000000000001035a A=0x7ffffffffffffd08
41628000 : system.cpu : T0 : 0x593c6 : @__deregister_frame_info_bases+156 : c_ldsp : c_ldsp s0, 16(sp) : MemRead : D=0x0000000000079f78 A=0x7ffffffffffffd00
41632000 : system.cpu : T0 : 0x593c8 : @__deregister_frame_info_bases+158 : c_ldsp : c_ldsp s1, 8(sp) : MemRead : D=0xffffffffffffffff A=0x7ffffffffffffcf8
41636000 : system.cpu : T0 : 0x593ca : @__deregister_frame_info_bases+160 : c_ldsp : c_ldsp s2, 0(sp) : MemRead : D=0xffffffffffffffff A=0x7ffffffffffffcf0
41640000 : system.cpu : T0 : 0x593cc : @__deregister_frame_info_bases+162 : c_addi16sp : c_addi16sp sp, 32 : IntAlu : D=0x7ffffffffffffd10
41642000 : system.cpu : T0 : 0x593ce : @__deregister_frame_info_bases+164 : c_jr : c_jr ra : IntAlu : 
41559000 : system.cpu : T0 : 0x593d4 : @__deregister_frame_info_bases+170 : c_ld : c_ld a4, 40(s0) : MemRead : D=0x0000000000000000 A=0x7bea0
41563000 : system.cpu : T0 : 0x593d6 : @__deregister_frame_info_bases+172 : c_sd : c_sd a4, 0(a5) : MemWrite : D=0x0000000000000000 A=0x7cbe8
41567000 : system.cpu : T0 : 0x593d8 : @__deregister_frame_info_bases+174 : c_j : c_j -44 : IntAlu : 
41500000 : system.cpu : T0 : 0x5940e : @__deregister_frame_info_bases+228 : c_mv : c_mv s0, a5 : IntAlu : D=0x000000000007be78
41502000 : system.cpu : T0 : 0x59410 : @__deregister_frame_info_bases+230 : auipc : auipc a5, 35 : IntAlu : D=0x000000000007c410
41504000 : system.cpu : T0 : 0x59414 : @__deregister_frame_info_bases+234 : addi : addi a5, a5, 2008 : IntAlu : D=0x000000000007cbe8
41506000 : system.cpu : T0 : 0x59418 : @__deregister_frame_info_bases+238 : c_j : c_j -68 : IntAlu : 
41326000 : system.cpu : T0 : 0x5941a : @__deregister_frame_info : jal : jal zero, -240 : IntAlu : D=0x000000000005941e
